2022-02-16 13:09:50 INFO  Logger:145 - Initializing JSON file and adding to framework
2022-02-16 13:09:50 INFO  Logger:145 - Setting up run configuration
2022-02-16 13:09:50 INFO  Printflow:145 - Starting before test method ::Printflow
2022-02-16 13:09:50 INFO  Printflow:145 - **** Initializing drivers ****chrome 
2022-02-16 13:09:50 INFO  Printflow:145 - Initializing driver session for local execution
2022-02-16 13:09:52 INFO  Printflow:145 - Driver is initizialied
2022-02-16 13:09:52 INFO  Printflow:145 - **** driver instance in Initializing drivers ****
2022-02-16 13:09:52 INFO  Printflow:145 - Starting before test method ::Printflow
2022-02-16 13:10:00 INFO  Printflow:145 - Navigate to url https://stage.boschtoolservice.com/in/en/boschprof/spareparts/search
2022-02-16 13:10:00 INFO  Printflow:145 - CloseConsent Element is displayed
2022-02-16 13:10:00 INFO  Printflow:145 - click on element CloseConsent
2022-02-16 13:10:00 INFO  Printflow:145 - Consent Closed
2022-02-16 13:10:01 INFO  Printflow:145 - Input element is displayed
2022-02-16 13:10:01 INFO  Printflow:145 - input Element is displayed
2022-02-16 13:10:01 INFO  Printflow:145 - 0600845B50 is entered in element input
2022-02-16 13:10:01 INFO  Printflow:145 - search Element is displayed
2022-02-16 13:10:03 INFO  Printflow:145 - click on element search
2022-02-16 13:10:03 INFO  Printflow:145 - Input Field found
2022-02-16 13:10:03 INFO  Printflow:145 - Application Opened Successfully and Baretool number foundhttps://stage.boschtoolservice.com/in/en/boschprof/spareparts/search
2022-02-16 13:10:03 INFO  Printflow:145 - SingleFilter Element is displayed
2022-02-16 13:10:04 INFO  Printflow:145 - click on element SingleFilter
2022-02-16 13:10:04 INFO  Printflow:145 - Result Selected
2022-02-16 13:10:10 INFO  Printflow:145 - ProductInformation element is displayed
2022-02-16 13:10:10 INFO  Printflow:145 - ProductInformation Available
2022-02-16 13:10:11 INFO  Printflow:145 - dremeladdtocart Element is displayed
2022-02-16 13:10:11 INFO  Printflow:145 - click on element dremeladdtocart
2022-02-16 13:10:12 INFO  Printflow:145 - dremeladdtocart Element is displayed
2022-02-16 13:10:12 INFO  Printflow:145 - click on element dremeladdtocart
2022-02-16 13:10:13 INFO  Printflow:145 - dremeladdtocart Element is displayed
2022-02-16 13:10:14 INFO  Printflow:145 - click on element dremeladdtocart
2022-02-16 13:10:15 INFO  Printflow:145 - dremeladdtocart Element is displayed
2022-02-16 13:10:15 INFO  Printflow:145 - click on element dremeladdtocart
2022-02-16 13:10:16 INFO  Printflow:145 - dremeladdtocart Element is displayed
2022-02-16 13:10:16 INFO  Printflow:145 - click on element dremeladdtocart
2022-02-16 13:10:22 INFO  Printflow:145 - Add to cart Successful
2022-02-16 13:10:22 INFO  Printflow:145 - minishoppingcart Element is displayed
2022-02-16 13:10:30 INFO  Printflow:145 - click on element minishoppingcart
2022-02-16 13:10:30 INFO  Printflow:145 - Clicked on Minishopping cart
2022-02-16 13:10:34 INFO  Printflow:145 - PrintPdf element is displayed
2022-02-16 13:10:34 INFO  Printflow:145 - PrintPdf option Available
2022-02-16 13:10:34 INFO  Printflow:145 - In after test method ::Printflow
2022-02-16 13:10:34 DEBUG cache:45 - Couldn't find template in cache for "Extent.ftl"("en_US", UTF-8, parsed); will try to load it.
2022-02-16 13:10:34 DEBUG cache:45 - TemplateLoader.findTemplateSource("Extent_en_US.ftl"): Not found
2022-02-16 13:10:34 DEBUG cache:45 - TemplateLoader.findTemplateSource("Extent_en.ftl"): Not found
2022-02-16 13:10:34 DEBUG cache:45 - TemplateLoader.findTemplateSource("Extent.ftl"): Found
2022-02-16 13:10:34 DEBUG cache:45 - Loading template for "Extent.ftl"("en_US", UTF-8, parsed) from "jar:file:/C:/Users/UXS1KOR/.m2/repository/com/relevantcodes/extentreports/2.41.2/extentreports-2.41.2.jar!/com/relevantcodes/extentreports/view/Extent.ftl"
2022-02-16 13:10:35 INFO  Printflow:145 - No child test to execute, flushing report
2022-02-16 13:10:35 INFO  Printflow:145 - Terminate driver session in after test method
2022-02-16 13:10:35 INFO  Printflow:145 - Starting before test method ::Printflow
2022-02-16 13:10:35 INFO  Printflow:145 - **** Initializing drivers ****chrome 
2022-02-16 13:10:35 INFO  Printflow:145 - Initializing driver session for local execution
2022-02-16 13:10:37 INFO  Printflow:145 - Driver is initizialied
2022-02-16 13:10:37 INFO  Printflow:145 - **** driver instance in Initializing drivers ****
2022-02-16 13:10:37 INFO  Printflow:145 - Starting before test method ::Printflow
2022-02-16 13:10:43 INFO  Printflow:145 - Navigate to url https://stage.boschtoolservice.com/in/en/bosch-pt/spareparts/search
2022-02-16 13:10:43 INFO  Printflow:145 - CloseConsent Element is displayed
2022-02-16 13:10:43 INFO  Printflow:145 - click on element CloseConsent
2022-02-16 13:10:43 INFO  Printflow:145 - Consent Closed
2022-02-16 13:10:45 INFO  Printflow:145 - Input element is displayed
2022-02-16 13:10:45 INFO  Printflow:145 - input Element is displayed
2022-02-16 13:10:45 INFO  Printflow:145 - 0600845B50 is entered in element input
2022-02-16 13:10:45 INFO  Printflow:145 - search Element is displayed
2022-02-16 13:10:46 INFO  Printflow:145 - click on element search
2022-02-16 13:10:46 INFO  Printflow:145 - Input Field found
2022-02-16 13:10:46 INFO  Printflow:145 - Application Opened Successfully and Baretool number foundhttps://stage.boschtoolservice.com/in/en/bosch-pt/spareparts/search
2022-02-16 13:10:47 INFO  Printflow:145 - SingleFilter Element is displayed
2022-02-16 13:10:48 INFO  Printflow:145 - click on element SingleFilter
2022-02-16 13:10:48 INFO  Printflow:145 - Result Selected
2022-02-16 13:10:54 INFO  Printflow:145 - ProductInformation element is displayed
2022-02-16 13:10:54 INFO  Printflow:145 - ProductInformation Available
2022-02-16 13:10:55 INFO  Printflow:145 - dremeladdtocart Element is displayed
2022-02-16 13:10:56 INFO  Printflow:145 - click on element dremeladdtocart
2022-02-16 13:10:57 INFO  Printflow:145 - dremeladdtocart Element is displayed
2022-02-16 13:10:57 INFO  Printflow:145 - click on element dremeladdtocart
2022-02-16 13:10:58 INFO  Printflow:145 - dremeladdtocart Element is displayed
2022-02-16 13:10:58 INFO  Printflow:145 - click on element dremeladdtocart
2022-02-16 13:10:59 INFO  Printflow:145 - dremeladdtocart Element is displayed
2022-02-16 13:10:59 INFO  Printflow:145 - click on element dremeladdtocart
2022-02-16 13:11:00 INFO  Printflow:145 - dremeladdtocart Element is displayed
2022-02-16 13:11:00 INFO  Printflow:145 - click on element dremeladdtocart
2022-02-16 13:11:06 INFO  Printflow:145 - Add to cart Successful
2022-02-16 13:11:07 INFO  Printflow:145 - minishoppingcart Element is displayed
2022-02-16 13:11:14 INFO  Printflow:145 - click on element minishoppingcart
2022-02-16 13:11:14 INFO  Printflow:145 - Clicked on Minishopping cart
2022-02-16 13:11:18 INFO  Printflow:145 - PrintPdf element is displayed
2022-02-16 13:11:18 INFO  Printflow:145 - PrintPdf option Available
2022-02-16 13:11:18 INFO  Printflow:145 - In after test method ::Printflow
2022-02-16 13:11:18 DEBUG cache:45 - Couldn't find template in cache for "Extent.ftl"("en_US", UTF-8, parsed); will try to load it.
2022-02-16 13:11:18 DEBUG cache:45 - TemplateLoader.findTemplateSource("Extent_en_US.ftl"): Not found
2022-02-16 13:11:18 DEBUG cache:45 - TemplateLoader.findTemplateSource("Extent_en.ftl"): Not found
2022-02-16 13:11:18 DEBUG cache:45 - TemplateLoader.findTemplateSource("Extent.ftl"): Found
2022-02-16 13:11:18 DEBUG cache:45 - Loading template for "Extent.ftl"("en_US", UTF-8, parsed) from "jar:file:/C:/Users/UXS1KOR/.m2/repository/com/relevantcodes/extentreports/2.41.2/extentreports-2.41.2.jar!/com/relevantcodes/extentreports/view/Extent.ftl"
2022-02-16 13:11:18 INFO  Printflow:145 - No child test to execute, flushing report
2022-02-16 13:11:19 INFO  Printflow:145 - Terminate driver session in after test method
2022-02-16 13:11:19 INFO  PrintSkill:145 - Starting before test method ::PrintSkill
2022-02-16 13:11:19 INFO  PrintSkill:145 - **** Initializing drivers ****chrome 
2022-02-16 13:11:19 INFO  PrintSkill:145 - Initializing driver session for local execution
2022-02-16 13:11:21 INFO  PrintSkill:145 - Driver is initizialied
2022-02-16 13:11:21 INFO  PrintSkill:145 - **** driver instance in Initializing drivers ****
2022-02-16 13:11:21 INFO  PrintSkill:145 - Starting before test method ::PrintSkill
2022-02-16 13:11:27 INFO  PrintSkill:145 - Navigate to url https://stage.boschtoolservice.com/in/en/skil/spareparts/search
2022-02-16 13:11:27 INFO  PrintSkill:145 - CloseConsent Element is displayed
2022-02-16 13:11:27 INFO  PrintSkill:145 - click on element CloseConsent
2022-02-16 13:11:27 INFO  PrintSkill:145 - Consent Closed
2022-02-16 13:11:29 INFO  PrintSkill:145 - Input element is displayed
2022-02-16 13:11:29 INFO  PrintSkill:145 - input Element is displayed
2022-02-16 13:11:29 INFO  PrintSkill:145 - 0603270756 is entered in element input
2022-02-16 13:11:29 INFO  PrintSkill:145 - search Element is displayed
2022-02-16 13:11:30 INFO  PrintSkill:145 - click on element search
2022-02-16 13:11:30 INFO  PrintSkill:145 - Input Field found
2022-02-16 13:11:30 INFO  PrintSkill:145 - Application Opened Successfully and Baretool number foundhttps://stage.boschtoolservice.com/in/en/skil/spareparts/search
2022-02-16 13:11:30 INFO  PrintSkill:145 - SingleFilter Element is displayed
2022-02-16 13:11:32 INFO  PrintSkill:145 - click on element SingleFilter
2022-02-16 13:11:32 INFO  PrintSkill:145 - Result Selected
2022-02-16 13:11:38 INFO  PrintSkill:145 - ProductInformation element is displayed
2022-02-16 13:11:38 INFO  PrintSkill:145 - ProductInformation Available
2022-02-16 13:11:39 INFO  PrintSkill:145 - dremeladdtocart Element is displayed
2022-02-16 13:11:39 INFO  PrintSkill:145 - click on element dremeladdtocart
2022-02-16 13:11:40 INFO  PrintSkill:145 - dremeladdtocart Element is displayed
2022-02-16 13:11:40 INFO  PrintSkill:145 - click on element dremeladdtocart
2022-02-16 13:11:41 INFO  PrintSkill:145 - dremeladdtocart Element is displayed
2022-02-16 13:11:41 INFO  PrintSkill:145 - click on element dremeladdtocart
2022-02-16 13:11:42 INFO  PrintSkill:145 - dremeladdtocart Element is displayed
2022-02-16 13:11:43 INFO  PrintSkill:145 - click on element dremeladdtocart
2022-02-16 13:11:44 INFO  PrintSkill:145 - dremeladdtocart Element is displayed
2022-02-16 13:11:44 INFO  PrintSkill:145 - click on element dremeladdtocart
2022-02-16 13:11:50 INFO  PrintSkill:145 - Add to cart Successful
2022-02-16 13:11:50 INFO  PrintSkill:145 - minishoppingcart Element is displayed
2022-02-16 13:11:58 INFO  PrintSkill:145 - click on element minishoppingcart
2022-02-16 13:11:58 INFO  PrintSkill:145 - Clicked on Minishopping cart
2022-02-16 13:12:02 INFO  PrintSkill:145 - PrintPdf element is displayed
2022-02-16 13:12:02 INFO  PrintSkill:145 - PrintPdf option Available
2022-02-16 13:12:02 INFO  PrintSkill:145 - In after test method ::PrintSkill
2022-02-16 13:12:02 DEBUG cache:45 - Couldn't find template in cache for "Extent.ftl"("en_US", UTF-8, parsed); will try to load it.
2022-02-16 13:12:02 DEBUG cache:45 - TemplateLoader.findTemplateSource("Extent_en_US.ftl"): Not found
2022-02-16 13:12:02 DEBUG cache:45 - TemplateLoader.findTemplateSource("Extent_en.ftl"): Not found
2022-02-16 13:12:02 DEBUG cache:45 - TemplateLoader.findTemplateSource("Extent.ftl"): Found
2022-02-16 13:12:02 DEBUG cache:45 - Loading template for "Extent.ftl"("en_US", UTF-8, parsed) from "jar:file:/C:/Users/UXS1KOR/.m2/repository/com/relevantcodes/extentreports/2.41.2/extentreports-2.41.2.jar!/com/relevantcodes/extentreports/view/Extent.ftl"
2022-02-16 13:12:02 INFO  PrintSkill:145 - No child test to execute, flushing report
2022-02-16 13:12:03 INFO  PrintSkill:145 - Terminate driver session in after test method
2022-02-16 13:12:03 INFO  PrintDremel:145 - Starting before test method ::PrintDremel
2022-02-16 13:12:03 INFO  PrintDremel:145 - **** Initializing drivers ****chrome 
2022-02-16 13:12:03 INFO  PrintDremel:145 - Initializing driver session for local execution
2022-02-16 13:12:05 INFO  PrintDremel:145 - Driver is initizialied
2022-02-16 13:12:05 INFO  PrintDremel:145 - **** driver instance in Initializing drivers ****
2022-02-16 13:12:05 INFO  PrintDremel:145 - Starting before test method ::PrintDremel
2022-02-16 13:12:11 INFO  PrintDremel:145 - Navigate to url https://stage.boschtoolservice.com/in/en/dremel/spareparts/search
2022-02-16 13:12:11 INFO  PrintDremel:145 - CloseConsent Element is displayed
2022-02-16 13:12:11 INFO  PrintDremel:145 - click on element CloseConsent
2022-02-16 13:12:11 INFO  PrintDremel:145 - Consent Closed
2022-02-16 13:12:12 INFO  PrintDremel:145 - Input element is displayed
2022-02-16 13:12:12 INFO  PrintDremel:145 - input Element is displayed
2022-02-16 13:12:12 INFO  PrintDremel:145 - F013027500 is entered in element input
2022-02-16 13:12:13 INFO  PrintDremel:145 - search Element is displayed
2022-02-16 13:12:14 INFO  PrintDremel:145 - click on element search
2022-02-16 13:12:14 INFO  PrintDremel:145 - Input Field found
2022-02-16 13:12:14 INFO  PrintDremel:145 - Application Opened Successfully and Baretool number foundhttps://stage.boschtoolservice.com/in/en/dremel/spareparts/search
2022-02-16 13:12:14 INFO  PrintDremel:145 - SingleFilter Element is displayed
2022-02-16 13:12:15 INFO  PrintDremel:145 - click on element SingleFilter
2022-02-16 13:12:15 INFO  PrintDremel:145 - Result Selected
2022-02-16 13:12:21 INFO  PrintDremel:145 - ProductInformation element is displayed
2022-02-16 13:12:21 INFO  PrintDremel:145 - ProductInformation Available
2022-02-16 13:12:22 INFO  PrintDremel:145 - dremeladdtocart Element is displayed
2022-02-16 13:12:22 INFO  PrintDremel:145 - click on element dremeladdtocart
2022-02-16 13:12:23 INFO  PrintDremel:145 - dremeladdtocart Element is displayed
2022-02-16 13:12:23 INFO  PrintDremel:145 - click on element dremeladdtocart
2022-02-16 13:12:24 INFO  PrintDremel:145 - dremeladdtocart Element is displayed
2022-02-16 13:12:24 INFO  PrintDremel:145 - click on element dremeladdtocart
2022-02-16 13:12:25 INFO  PrintDremel:145 - dremeladdtocart Element is displayed
2022-02-16 13:12:25 INFO  PrintDremel:145 - click on element dremeladdtocart
2022-02-16 13:12:26 INFO  PrintDremel:145 - dremeladdtocart Element is displayed
2022-02-16 13:12:26 INFO  PrintDremel:145 - click on element dremeladdtocart
2022-02-16 13:12:32 INFO  PrintDremel:145 - Add to cart Successful
2022-02-16 13:12:32 INFO  PrintDremel:145 - minishoppingcart Element is displayed
2022-02-16 13:12:41 INFO  PrintDremel:145 - click on element minishoppingcart
2022-02-16 13:12:41 INFO  PrintDremel:145 - Clicked on Minishopping cart
2022-02-16 13:12:45 INFO  PrintDremel:145 - PrintPdf element is displayed
2022-02-16 13:12:45 INFO  PrintDremel:145 - PrintPdf option Available
2022-02-16 13:12:45 INFO  PrintDremel:145 - In after test method ::PrintDremel
2022-02-16 13:12:45 DEBUG cache:45 - Couldn't find template in cache for "Extent.ftl"("en_US", UTF-8, parsed); will try to load it.
2022-02-16 13:12:45 DEBUG cache:45 - TemplateLoader.findTemplateSource("Extent_en_US.ftl"): Not found
2022-02-16 13:12:45 DEBUG cache:45 - TemplateLoader.findTemplateSource("Extent_en.ftl"): Not found
2022-02-16 13:12:45 DEBUG cache:45 - TemplateLoader.findTemplateSource("Extent.ftl"): Found
2022-02-16 13:12:45 DEBUG cache:45 - Loading template for "Extent.ftl"("en_US", UTF-8, parsed) from "jar:file:/C:/Users/UXS1KOR/.m2/repository/com/relevantcodes/extentreports/2.41.2/extentreports-2.41.2.jar!/com/relevantcodes/extentreports/view/Extent.ftl"
2022-02-16 13:12:45 INFO  PrintDremel:145 - No child test to execute, flushing report
2022-02-16 13:12:46 INFO  PrintDremel:145 - Terminate driver session in after test method
2022-02-16 13:12:46 INFO  Printflow:145 - Starting before test method ::Printflow
2022-02-16 13:12:46 INFO  Printflow:145 - **** Initializing drivers ****chrome 
2022-02-16 13:12:46 INFO  Printflow:145 - Initializing driver session for local execution
2022-02-16 13:12:48 INFO  Printflow:145 - Driver is initizialied
2022-02-16 13:12:48 INFO  Printflow:145 - **** driver instance in Initializing drivers ****
2022-02-16 13:12:48 INFO  Printflow:145 - Starting before test method ::Printflow
2022-02-16 13:12:58 INFO  Printflow:145 - Navigate to url https://stage.boschtoolservice.com/hk/zh/boschprof/spareparts/search
2022-02-16 13:12:58 INFO  Printflow:145 - CloseConsent Element is displayed
2022-02-16 13:12:58 INFO  Printflow:145 - click on element CloseConsent
2022-02-16 13:12:58 INFO  Printflow:145 - Consent Closed
2022-02-16 13:12:59 INFO  Printflow:145 - Input element is displayed
2022-02-16 13:12:59 INFO  Printflow:145 - input Element is displayed
2022-02-16 13:12:59 INFO  Printflow:145 - 0600845B50 is entered in element input
2022-02-16 13:12:59 INFO  Printflow:145 - search Element is displayed
2022-02-16 13:13:01 INFO  Printflow:145 - click on element search
2022-02-16 13:13:01 INFO  Printflow:145 - Input Field found
2022-02-16 13:13:01 INFO  Printflow:145 - Application Opened Successfully and Baretool number foundhttps://stage.boschtoolservice.com/hk/zh/boschprof/spareparts/search
2022-02-16 13:13:01 INFO  Printflow:145 - SingleFilter Element is displayed
2022-02-16 13:13:02 INFO  Printflow:145 - click on element SingleFilter
2022-02-16 13:13:02 INFO  Printflow:145 - Result Selected
2022-02-16 13:13:09 INFO  Printflow:145 - ProductInformation element is displayed
2022-02-16 13:13:09 INFO  Printflow:145 - ProductInformation Available
2022-02-16 13:13:10 INFO  Printflow:145 - dremeladdtocart Element is displayed
2022-02-16 13:13:10 INFO  Printflow:145 - click on element dremeladdtocart
2022-02-16 13:13:11 INFO  Printflow:145 - dremeladdtocart Element is displayed
2022-02-16 13:13:11 INFO  Printflow:145 - click on element dremeladdtocart
2022-02-16 13:13:12 INFO  Printflow:145 - dremeladdtocart Element is displayed
2022-02-16 13:13:12 INFO  Printflow:145 - click on element dremeladdtocart
2022-02-16 13:13:13 INFO  Printflow:145 - dremeladdtocart Element is displayed
2022-02-16 13:13:14 INFO  Printflow:145 - click on element dremeladdtocart
2022-02-16 13:13:15 INFO  Printflow:145 - dremeladdtocart Element is displayed
2022-02-16 13:13:15 INFO  Printflow:145 - click on element dremeladdtocart
2022-02-16 13:13:21 INFO  Printflow:145 - Add to cart Successful
2022-02-16 13:13:21 INFO  Printflow:145 - minishoppingcart Element is displayed
2022-02-16 13:13:33 INFO  Printflow:145 - click on element minishoppingcart
2022-02-16 13:13:33 INFO  Printflow:145 - Clicked on Minishopping cart
2022-02-16 13:13:37 INFO  Printflow:145 - PrintPdf element is displayed
2022-02-16 13:13:37 INFO  Printflow:145 - PrintPdf option Available
2022-02-16 13:13:37 INFO  Printflow:145 - In after test method ::Printflow
2022-02-16 13:13:37 DEBUG cache:45 - Couldn't find template in cache for "Extent.ftl"("en_US", UTF-8, parsed); will try to load it.
2022-02-16 13:13:37 DEBUG cache:45 - TemplateLoader.findTemplateSource("Extent_en_US.ftl"): Not found
2022-02-16 13:13:37 DEBUG cache:45 - TemplateLoader.findTemplateSource("Extent_en.ftl"): Not found
2022-02-16 13:13:37 DEBUG cache:45 - TemplateLoader.findTemplateSource("Extent.ftl"): Found
2022-02-16 13:13:37 DEBUG cache:45 - Loading template for "Extent.ftl"("en_US", UTF-8, parsed) from "jar:file:/C:/Users/UXS1KOR/.m2/repository/com/relevantcodes/extentreports/2.41.2/extentreports-2.41.2.jar!/com/relevantcodes/extentreports/view/Extent.ftl"
2022-02-16 13:13:37 INFO  Printflow:145 - No child test to execute, flushing report
2022-02-16 13:13:37 INFO  Printflow:145 - Terminate driver session in after test method
2022-02-16 13:13:37 INFO  Printflow:145 - Starting before test method ::Printflow
2022-02-16 13:13:37 INFO  Printflow:145 - **** Initializing drivers ****chrome 
2022-02-16 13:13:37 INFO  Printflow:145 - Initializing driver session for local execution
2022-02-16 13:13:39 INFO  Printflow:145 - Driver is initizialied
2022-02-16 13:13:39 INFO  Printflow:145 - **** driver instance in Initializing drivers ****
2022-02-16 13:13:39 INFO  Printflow:145 - Starting before test method ::Printflow
2022-02-16 13:13:46 INFO  Printflow:145 - Navigate to url https://stage.boschtoolservice.com/hk/zh/bosch-pt/spareparts/search
2022-02-16 13:13:46 INFO  Printflow:145 - CloseConsent Element is displayed
2022-02-16 13:13:46 INFO  Printflow:145 - click on element CloseConsent
2022-02-16 13:13:46 INFO  Printflow:145 - Consent Closed
2022-02-16 13:13:47 INFO  Printflow:145 - Input element is displayed
2022-02-16 13:13:47 INFO  Printflow:145 - input Element is displayed
2022-02-16 13:13:47 INFO  Printflow:145 - 0600845B50 is entered in element input
2022-02-16 13:13:47 INFO  Printflow:145 - search Element is displayed
2022-02-16 13:13:48 INFO  Printflow:145 - click on element search
2022-02-16 13:13:48 INFO  Printflow:145 - Input Field found
2022-02-16 13:13:48 INFO  Printflow:145 - Application Opened Successfully and Baretool number foundhttps://stage.boschtoolservice.com/hk/zh/bosch-pt/spareparts/search
2022-02-16 13:13:48 INFO  Printflow:145 - SingleFilter Element is displayed
2022-02-16 13:13:50 INFO  Printflow:145 - click on element SingleFilter
2022-02-16 13:13:50 INFO  Printflow:145 - Result Selected
2022-02-16 13:13:56 INFO  Printflow:145 - ProductInformation element is displayed
2022-02-16 13:13:56 INFO  Printflow:145 - ProductInformation Available
2022-02-16 13:13:57 INFO  Printflow:145 - dremeladdtocart Element is displayed
2022-02-16 13:13:57 INFO  Printflow:145 - click on element dremeladdtocart
2022-02-16 13:13:58 INFO  Printflow:145 - dremeladdtocart Element is displayed
2022-02-16 13:13:59 INFO  Printflow:145 - click on element dremeladdtocart
2022-02-16 13:14:00 INFO  Printflow:145 - dremeladdtocart Element is displayed
2022-02-16 13:14:00 INFO  Printflow:145 - click on element dremeladdtocart
2022-02-16 13:14:01 INFO  Printflow:145 - dremeladdtocart Element is displayed
2022-02-16 13:14:01 INFO  Printflow:145 - click on element dremeladdtocart
2022-02-16 13:14:02 INFO  Printflow:145 - dremeladdtocart Element is displayed
2022-02-16 13:14:02 INFO  Printflow:145 - click on element dremeladdtocart
2022-02-16 13:14:08 INFO  Printflow:145 - Add to cart Successful
2022-02-16 13:14:08 INFO  Printflow:145 - minishoppingcart Element is displayed
2022-02-16 13:14:17 INFO  Printflow:145 - click on element minishoppingcart
2022-02-16 13:14:17 INFO  Printflow:145 - Clicked on Minishopping cart
2022-02-16 13:14:22 INFO  Printflow:145 - PrintPdf element is displayed
2022-02-16 13:14:22 INFO  Printflow:145 - PrintPdf option Available
2022-02-16 13:14:22 INFO  Printflow:145 - In after test method ::Printflow
2022-02-16 13:14:22 DEBUG cache:45 - Couldn't find template in cache for "Extent.ftl"("en_US", UTF-8, parsed); will try to load it.
2022-02-16 13:14:22 DEBUG cache:45 - TemplateLoader.findTemplateSource("Extent_en_US.ftl"): Not found
2022-02-16 13:14:22 DEBUG cache:45 - TemplateLoader.findTemplateSource("Extent_en.ftl"): Not found
2022-02-16 13:14:22 DEBUG cache:45 - TemplateLoader.findTemplateSource("Extent.ftl"): Found
2022-02-16 13:14:22 DEBUG cache:45 - Loading template for "Extent.ftl"("en_US", UTF-8, parsed) from "jar:file:/C:/Users/UXS1KOR/.m2/repository/com/relevantcodes/extentreports/2.41.2/extentreports-2.41.2.jar!/com/relevantcodes/extentreports/view/Extent.ftl"
2022-02-16 13:14:22 INFO  Printflow:145 - No child test to execute, flushing report
2022-02-16 13:14:22 INFO  Printflow:145 - Terminate driver session in after test method
2022-02-16 13:14:22 INFO  Printflow:145 - Starting before test method ::Printflow
2022-02-16 13:14:22 INFO  Printflow:145 - **** Initializing drivers ****chrome 
2022-02-16 13:14:22 INFO  Printflow:145 - Initializing driver session for local execution
2022-02-16 13:14:24 INFO  Printflow:145 - Driver is initizialied
2022-02-16 13:14:24 INFO  Printflow:145 - **** driver instance in Initializing drivers ****
2022-02-16 13:14:24 INFO  Printflow:145 - Starting before test method ::Printflow
2022-02-16 13:14:31 INFO  Printflow:145 - Navigate to url https://stage.boschtoolservice.com/hk/zh/boschdiy/spareparts/search
2022-02-16 13:14:31 INFO  Printflow:145 - CloseConsent Element is displayed
2022-02-16 13:14:31 INFO  Printflow:145 - click on element CloseConsent
2022-02-16 13:14:31 INFO  Printflow:145 - Consent Closed
2022-02-16 13:14:32 INFO  Printflow:145 - Input element is displayed
2022-02-16 13:14:32 INFO  Printflow:145 - input Element is displayed
2022-02-16 13:14:33 INFO  Printflow:145 - 0600845B50 is entered in element input
2022-02-16 13:14:33 INFO  Printflow:145 - search Element is displayed
2022-02-16 13:14:34 INFO  Printflow:145 - click on element search
2022-02-16 13:14:34 INFO  Printflow:145 - Input Field found
2022-02-16 13:14:34 INFO  Printflow:145 - Application Opened Successfully and Baretool number foundhttps://stage.boschtoolservice.com/hk/zh/boschdiy/spareparts/search
2022-02-16 13:14:34 INFO  Printflow:145 - SingleFilter Element is displayed
2022-02-16 13:14:35 INFO  Printflow:145 - click on element SingleFilter
2022-02-16 13:14:35 INFO  Printflow:145 - Result Selected
2022-02-16 13:14:41 INFO  Printflow:145 - ProductInformation element is displayed
2022-02-16 13:14:41 INFO  Printflow:145 - ProductInformation Available
2022-02-16 13:14:42 INFO  Printflow:145 - dremeladdtocart Element is displayed
2022-02-16 13:14:42 INFO  Printflow:145 - click on element dremeladdtocart
2022-02-16 13:14:43 INFO  Printflow:145 - dremeladdtocart Element is displayed
2022-02-16 13:14:44 INFO  Printflow:145 - click on element dremeladdtocart
2022-02-16 13:14:45 INFO  Printflow:145 - dremeladdtocart Element is displayed
2022-02-16 13:14:45 INFO  Printflow:145 - click on element dremeladdtocart
2022-02-16 13:14:46 INFO  Printflow:145 - dremeladdtocart Element is displayed
2022-02-16 13:14:46 INFO  Printflow:145 - click on element dremeladdtocart
2022-02-16 13:14:47 INFO  Printflow:145 - dremeladdtocart Element is displayed
2022-02-16 13:14:47 INFO  Printflow:145 - click on element dremeladdtocart
2022-02-16 13:14:53 INFO  Printflow:145 - Add to cart Successful
2022-02-16 13:14:53 INFO  Printflow:145 - minishoppingcart Element is displayed
2022-02-16 13:15:02 INFO  Printflow:145 - click on element minishoppingcart
2022-02-16 13:15:02 INFO  Printflow:145 - Clicked on Minishopping cart
2022-02-16 13:15:06 INFO  Printflow:145 - PrintPdf element is displayed
2022-02-16 13:15:06 INFO  Printflow:145 - PrintPdf option Available
2022-02-16 13:15:06 INFO  Printflow:145 - In after test method ::Printflow
2022-02-16 13:15:06 DEBUG cache:45 - Couldn't find template in cache for "Extent.ftl"("en_US", UTF-8, parsed); will try to load it.
2022-02-16 13:15:06 DEBUG cache:45 - TemplateLoader.findTemplateSource("Extent_en_US.ftl"): Not found
2022-02-16 13:15:06 DEBUG cache:45 - TemplateLoader.findTemplateSource("Extent_en.ftl"): Not found
2022-02-16 13:15:06 DEBUG cache:45 - TemplateLoader.findTemplateSource("Extent.ftl"): Found
2022-02-16 13:15:06 DEBUG cache:45 - Loading template for "Extent.ftl"("en_US", UTF-8, parsed) from "jar:file:/C:/Users/UXS1KOR/.m2/repository/com/relevantcodes/extentreports/2.41.2/extentreports-2.41.2.jar!/com/relevantcodes/extentreports/view/Extent.ftl"
2022-02-16 13:15:06 INFO  Printflow:145 - No child test to execute, flushing report
2022-02-16 13:15:07 INFO  Printflow:145 - Terminate driver session in after test method
2022-02-16 13:15:07 INFO  Printflow:145 - Starting before test method ::Printflow
2022-02-16 13:15:07 INFO  Printflow:145 - **** Initializing drivers ****chrome 
2022-02-16 13:15:07 INFO  Printflow:145 - Initializing driver session for local execution
2022-02-16 13:15:09 INFO  Printflow:145 - Driver is initizialied
2022-02-16 13:15:09 INFO  Printflow:145 - **** driver instance in Initializing drivers ****
2022-02-16 13:15:09 INFO  Printflow:145 - Starting before test method ::Printflow
2022-02-16 13:15:16 INFO  Printflow:145 - Navigate to url https://stage.boschtoolservice.com/cn/zh/boschprof/spareparts/search
2022-02-16 13:15:16 INFO  Printflow:145 - CloseConsent Element is displayed
2022-02-16 13:15:16 INFO  Printflow:145 - click on element CloseConsent
2022-02-16 13:15:16 INFO  Printflow:145 - Consent Closed
2022-02-16 13:15:17 INFO  Printflow:145 - Input element is displayed
2022-02-16 13:15:17 INFO  Printflow:145 - input Element is displayed
2022-02-16 13:15:18 INFO  Printflow:145 - 0600845B50 is entered in element input
2022-02-16 13:15:18 INFO  Printflow:145 - search Element is displayed
2022-02-16 13:15:19 INFO  Printflow:145 - click on element search
2022-02-16 13:15:19 INFO  Printflow:145 - Input Field found
2022-02-16 13:15:19 INFO  Printflow:145 - Application Opened Successfully and Baretool number foundhttps://stage.boschtoolservice.com/cn/zh/boschprof/spareparts/search
2022-02-16 13:15:19 INFO  Printflow:145 - SingleFilter Element is displayed
2022-02-16 13:15:20 INFO  Printflow:145 - click on element SingleFilter
2022-02-16 13:15:20 INFO  Printflow:145 - Result Selected
2022-02-16 13:15:26 INFO  Printflow:145 - ProductInformation element is displayed
2022-02-16 13:15:26 INFO  Printflow:145 - ProductInformation Available
2022-02-16 13:15:27 INFO  Printflow:145 - dremeladdtocart Element is displayed
2022-02-16 13:15:28 INFO  Printflow:145 - click on element dremeladdtocart
2022-02-16 13:15:29 INFO  Printflow:145 - dremeladdtocart Element is displayed
2022-02-16 13:15:29 INFO  Printflow:145 - click on element dremeladdtocart
2022-02-16 13:15:30 INFO  Printflow:145 - dremeladdtocart Element is displayed
2022-02-16 13:15:30 INFO  Printflow:145 - click on element dremeladdtocart
2022-02-16 13:15:31 INFO  Printflow:145 - dremeladdtocart Element is displayed
2022-02-16 13:15:31 INFO  Printflow:145 - click on element dremeladdtocart
2022-02-16 13:15:32 INFO  Printflow:145 - dremeladdtocart Element is displayed
2022-02-16 13:15:32 INFO  Printflow:145 - click on element dremeladdtocart
2022-02-16 13:15:38 INFO  Printflow:145 - Add to cart Successful
2022-02-16 13:15:39 INFO  Printflow:145 - minishoppingcart Element is displayed
2022-02-16 13:15:47 INFO  Printflow:145 - click on element minishoppingcart
2022-02-16 13:15:47 INFO  Printflow:145 - Clicked on Minishopping cart
2022-02-16 13:15:52 INFO  Printflow:145 - PrintPdf element is displayed
2022-02-16 13:15:52 INFO  Printflow:145 - PrintPdf option Available
2022-02-16 13:15:52 INFO  Printflow:145 - In after test method ::Printflow
2022-02-16 13:15:52 DEBUG cache:45 - Couldn't find template in cache for "Extent.ftl"("en_US", UTF-8, parsed); will try to load it.
2022-02-16 13:15:52 DEBUG cache:45 - TemplateLoader.findTemplateSource("Extent_en_US.ftl"): Not found
2022-02-16 13:15:52 DEBUG cache:45 - TemplateLoader.findTemplateSource("Extent_en.ftl"): Not found
2022-02-16 13:15:52 DEBUG cache:45 - TemplateLoader.findTemplateSource("Extent.ftl"): Found
2022-02-16 13:15:52 DEBUG cache:45 - Loading template for "Extent.ftl"("en_US", UTF-8, parsed) from "jar:file:/C:/Users/UXS1KOR/.m2/repository/com/relevantcodes/extentreports/2.41.2/extentreports-2.41.2.jar!/com/relevantcodes/extentreports/view/Extent.ftl"
2022-02-16 13:15:52 INFO  Printflow:145 - No child test to execute, flushing report
2022-02-16 13:15:52 INFO  Printflow:145 - Terminate driver session in after test method
2022-02-16 13:15:52 INFO  Printflow:145 - Starting before test method ::Printflow
2022-02-16 13:15:52 INFO  Printflow:145 - **** Initializing drivers ****chrome 
2022-02-16 13:15:52 INFO  Printflow:145 - Initializing driver session for local execution
2022-02-16 13:15:54 INFO  Printflow:145 - Driver is initizialied
2022-02-16 13:15:54 INFO  Printflow:145 - **** driver instance in Initializing drivers ****
2022-02-16 13:15:54 INFO  Printflow:145 - Starting before test method ::Printflow
2022-02-16 13:16:03 INFO  Printflow:145 - Navigate to url https://stage.boschtoolservice.com/cn/zh/bosch-pt/spareparts/search
2022-02-16 13:16:03 INFO  Printflow:145 - CloseConsent Element is displayed
2022-02-16 13:16:03 INFO  Printflow:145 - click on element CloseConsent
2022-02-16 13:16:03 INFO  Printflow:145 - Consent Closed
2022-02-16 13:16:04 INFO  Printflow:145 - Input element is displayed
2022-02-16 13:16:04 INFO  Printflow:145 - input Element is displayed
2022-02-16 13:16:04 INFO  Printflow:145 - 0600845B50 is entered in element input
2022-02-16 13:16:04 INFO  Printflow:145 - search Element is displayed
2022-02-16 13:16:06 INFO  Printflow:145 - click on element search
2022-02-16 13:16:06 INFO  Printflow:145 - Input Field found
2022-02-16 13:16:06 INFO  Printflow:145 - Application Opened Successfully and Baretool number foundhttps://stage.boschtoolservice.com/cn/zh/bosch-pt/spareparts/search
2022-02-16 13:16:06 WARN  Printflow:150 - Unable to locate webelement. Object Name: SingleFilter
2022-02-16 13:16:11 INFO  Printflow:145 - wait for Object SingleFilter. Time:5 seconds
2022-02-16 13:16:11 INFO  Printflow:145 - SingleFilter Element is displayed
2022-02-16 13:16:13 INFO  Printflow:145 - click on element SingleFilter
2022-02-16 13:16:13 INFO  Printflow:145 - Result Selected
2022-02-16 13:16:19 INFO  Printflow:145 - ProductInformation element is displayed
2022-02-16 13:16:19 INFO  Printflow:145 - ProductInformation Available
2022-02-16 13:16:21 INFO  Printflow:145 - dremeladdtocart Element is displayed
2022-02-16 13:16:21 INFO  Printflow:145 - click on element dremeladdtocart
2022-02-16 13:16:22 INFO  Printflow:145 - dremeladdtocart Element is displayed
2022-02-16 13:16:22 INFO  Printflow:145 - click on element dremeladdtocart
2022-02-16 13:16:23 INFO  Printflow:145 - dremeladdtocart Element is displayed
2022-02-16 13:16:23 INFO  Printflow:145 - click on element dremeladdtocart
2022-02-16 13:16:24 INFO  Printflow:145 - dremeladdtocart Element is displayed
2022-02-16 13:16:24 INFO  Printflow:145 - click on element dremeladdtocart
2022-02-16 13:16:26 INFO  Printflow:145 - dremeladdtocart Element is displayed
2022-02-16 13:16:26 INFO  Printflow:145 - click on element dremeladdtocart
2022-02-16 13:16:32 INFO  Printflow:145 - Add to cart Successful
2022-02-16 13:16:32 INFO  Printflow:145 - minishoppingcart Element is displayed
2022-02-16 13:16:41 INFO  Printflow:145 - click on element minishoppingcart
2022-02-16 13:16:41 INFO  Printflow:145 - Clicked on Minishopping cart
2022-02-16 13:16:45 INFO  Printflow:145 - PrintPdf element is displayed
2022-02-16 13:16:45 INFO  Printflow:145 - PrintPdf option Available
2022-02-16 13:16:45 INFO  Printflow:145 - In after test method ::Printflow
2022-02-16 13:16:45 DEBUG cache:45 - Couldn't find template in cache for "Extent.ftl"("en_US", UTF-8, parsed); will try to load it.
2022-02-16 13:16:45 DEBUG cache:45 - TemplateLoader.findTemplateSource("Extent_en_US.ftl"): Not found
2022-02-16 13:16:45 DEBUG cache:45 - TemplateLoader.findTemplateSource("Extent_en.ftl"): Not found
2022-02-16 13:16:45 DEBUG cache:45 - TemplateLoader.findTemplateSource("Extent.ftl"): Found
2022-02-16 13:16:45 DEBUG cache:45 - Loading template for "Extent.ftl"("en_US", UTF-8, parsed) from "jar:file:/C:/Users/UXS1KOR/.m2/repository/com/relevantcodes/extentreports/2.41.2/extentreports-2.41.2.jar!/com/relevantcodes/extentreports/view/Extent.ftl"
2022-02-16 13:16:45 INFO  Printflow:145 - No child test to execute, flushing report
2022-02-16 13:16:46 INFO  Printflow:145 - Terminate driver session in after test method
2022-02-16 13:16:46 INFO  PrintSkill:145 - Starting before test method ::PrintSkill
2022-02-16 13:16:46 INFO  PrintSkill:145 - **** Initializing drivers ****chrome 
2022-02-16 13:16:46 INFO  PrintSkill:145 - Initializing driver session for local execution
2022-02-16 13:16:48 INFO  PrintSkill:145 - Driver is initizialied
2022-02-16 13:16:48 INFO  PrintSkill:145 - **** driver instance in Initializing drivers ****
2022-02-16 13:16:48 INFO  PrintSkill:145 - Starting before test method ::PrintSkill
2022-02-16 13:16:55 INFO  PrintSkill:145 - Navigate to url https://stage.boschtoolservice.com/cn/zh/skil/spareparts/search
2022-02-16 13:16:55 INFO  PrintSkill:145 - CloseConsent Element is displayed
2022-02-16 13:16:55 INFO  PrintSkill:145 - click on element CloseConsent
2022-02-16 13:16:55 INFO  PrintSkill:145 - Consent Closed
2022-02-16 13:16:57 INFO  PrintSkill:145 - Input element is displayed
2022-02-16 13:16:57 INFO  PrintSkill:145 - input Element is displayed
2022-02-16 13:16:57 INFO  PrintSkill:145 - 0603270756 is entered in element input
2022-02-16 13:16:57 INFO  PrintSkill:145 - search Element is displayed
2022-02-16 13:16:59 INFO  PrintSkill:145 - click on element search
2022-02-16 13:16:59 INFO  PrintSkill:145 - Input Field found
2022-02-16 13:16:59 INFO  PrintSkill:145 - Application Opened Successfully and Baretool number foundhttps://stage.boschtoolservice.com/cn/zh/skil/spareparts/search
2022-02-16 13:16:59 INFO  PrintSkill:145 - SingleFilter Element is displayed
2022-02-16 13:17:00 INFO  PrintSkill:145 - click on element SingleFilter
2022-02-16 13:17:00 INFO  PrintSkill:145 - Result Selected
2022-02-16 13:17:06 INFO  PrintSkill:145 - ProductInformation element is displayed
2022-02-16 13:17:06 INFO  PrintSkill:145 - ProductInformation Available
2022-02-16 13:17:07 INFO  PrintSkill:145 - dremeladdtocart Element is displayed
2022-02-16 13:17:07 INFO  PrintSkill:145 - click on element dremeladdtocart
2022-02-16 13:17:09 INFO  PrintSkill:145 - dremeladdtocart Element is displayed
2022-02-16 13:17:09 ERROR PrintSkill:147 - Exception while clicking element: dremeladdtocart Exception: element not interactable
  (Session info: chrome=98.0.4758.82)
Build info: version: '3.141.59', revision: 'e82be7d358', time: '2018-11-14T08:17:03'
System info: host: 'KOR1122636', ip: '10.195.140.180', os.name: 'Windows 10', os.arch: 'amd64', os.version: '10.0', java.version: '1.8.0_302'
Driver info: org.openqa.selenium.chrome.ChromeDriver
Capabilities {acceptInsecureCerts: false, browserName: chrome, browserVersion: 98.0.4758.82, chrome: {chromedriverVersion: 98.0.4758.48 (d869ab3eda606..., userDataDir: C:\Users\UXS1KOR\AppData\Lo...}, goog:chromeOptions: {debuggerAddress: localhost:50274}, javascriptEnabled: true, networkConnectionEnabled: false, pageLoadStrategy: normal, platform: WINDOWS, platformName: WINDOWS, proxy: Proxy(), setWindowRect: true, strictFileInteractability: false, timeouts: {implicit: 0, pageLoad: 300000, script: 30000}, unhandledPromptBehavior: dismiss and notify, webauthn:extension:credBlob: true, webauthn:extension:largeBlob: true, webauthn:virtualAuthenticators: true}
Session ID: 0226375e2cd1a0fcb55223fda6855d38
java.lang.Throwable: Exception while clicking element: dremeladdtocart Exception: element not interactable
  (Session info: chrome=98.0.4758.82)
Build info: version: '3.141.59', revision: 'e82be7d358', time: '2018-11-14T08:17:03'
System info: host: 'KOR1122636', ip: '10.195.140.180', os.name: 'Windows 10', os.arch: 'amd64', os.version: '10.0', java.version: '1.8.0_302'
Driver info: org.openqa.selenium.chrome.ChromeDriver
Capabilities {acceptInsecureCerts: false, browserName: chrome, browserVersion: 98.0.4758.82, chrome: {chromedriverVersion: 98.0.4758.48 (d869ab3eda606..., userDataDir: C:\Users\UXS1KOR\AppData\Lo...}, goog:chromeOptions: {debuggerAddress: localhost:50274}, javascriptEnabled: true, networkConnectionEnabled: false, pageLoadStrategy: normal, platform: WINDOWS, platformName: WINDOWS, proxy: Proxy(), setWindowRect: true, strictFileInteractability: false, timeouts: {implicit: 0, pageLoad: 300000, script: 30000}, unhandledPromptBehavior: dismiss and notify, webauthn:extension:credBlob: true, webauthn:extension:largeBlob: true, webauthn:virtualAuthenticators: true}
Session ID: 0226375e2cd1a0fcb55223fda6855d38
	at reportingLibrary.Logger.log(Logger.java:147)
	at supportLibrary.CommonFunction.clickElement(CommonFunction.java:64)
	at pages.web.AdvancedSearch.addtocartFew(AdvancedSearch.java:318)
	at test.Print_Skill.PrintSkill(Print_Skill.java:18)
	at sun.reflect.NativeMethodAccessorImpl.invoke0(Native Method)
	at sun.reflect.NativeMethodAccessorImpl.invoke(NativeMethodAccessorImpl.java:62)
	at sun.reflect.DelegatingMethodAccessorImpl.invoke(DelegatingMethodAccessorImpl.java:43)
	at java.lang.reflect.Method.invoke(Method.java:498)
	at org.testng.internal.MethodInvocationHelper.invokeMethod(MethodInvocationHelper.java:124)
	at org.testng.internal.Invoker.invokeMethod(Invoker.java:583)
	at org.testng.internal.Invoker.invokeTestMethod(Invoker.java:719)
	at org.testng.internal.Invoker.invokeTestMethods(Invoker.java:989)
	at org.testng.internal.TestMethodWorker.invokeTestMethods(TestMethodWorker.java:125)
	at org.testng.internal.TestMethodWorker.run(TestMethodWorker.java:109)
	at org.testng.TestRunner.privateRun(TestRunner.java:648)
	at org.testng.TestRunner.run(TestRunner.java:505)
	at org.testng.SuiteRunner.runTest(SuiteRunner.java:455)
	at org.testng.SuiteRunner.access$000(SuiteRunner.java:40)
	at org.testng.SuiteRunner$SuiteWorker.run(SuiteRunner.java:489)
	at org.testng.internal.thread.ThreadUtil$1.call(ThreadUtil.java:52)
	at java.util.concurrent.FutureTask.run(FutureTask.java:266)
	at java.util.concurrent.ThreadPoolExecutor.runWorker(ThreadPoolExecutor.java:1149)
	at java.util.concurrent.ThreadPoolExecutor$Worker.run(ThreadPoolExecutor.java:624)
	at java.lang.Thread.run(Thread.java:748)
2022-02-16 13:17:09 ERROR PrintSkill:85 - Add to cart not successful
2022-02-16 13:17:09 INFO  PrintSkill:145 - In after test method ::PrintSkill
2022-02-16 13:17:09 DEBUG cache:45 - Couldn't find template in cache for "Extent.ftl"("en_US", UTF-8, parsed); will try to load it.
2022-02-16 13:17:09 DEBUG cache:45 - TemplateLoader.findTemplateSource("Extent_en_US.ftl"): Not found
2022-02-16 13:17:09 DEBUG cache:45 - TemplateLoader.findTemplateSource("Extent_en.ftl"): Not found
2022-02-16 13:17:09 DEBUG cache:45 - TemplateLoader.findTemplateSource("Extent.ftl"): Found
2022-02-16 13:17:09 DEBUG cache:45 - Loading template for "Extent.ftl"("en_US", UTF-8, parsed) from "jar:file:/C:/Users/UXS1KOR/.m2/repository/com/relevantcodes/extentreports/2.41.2/extentreports-2.41.2.jar!/com/relevantcodes/extentreports/view/Extent.ftl"
2022-02-16 13:17:09 INFO  PrintSkill:145 - No child test to execute, flushing report
2022-02-16 13:17:10 INFO  PrintSkill:145 - Terminate driver session in after test method
2022-02-16 13:17:10 INFO  Printflow:145 - Starting before test method ::Printflow
2022-02-16 13:17:10 INFO  Printflow:145 - **** Initializing drivers ****chrome 
2022-02-16 13:17:10 INFO  Printflow:145 - Initializing driver session for local execution
2022-02-16 13:17:12 INFO  Printflow:145 - Driver is initizialied
2022-02-16 13:17:12 INFO  Printflow:145 - **** driver instance in Initializing drivers ****
2022-02-16 13:17:12 INFO  Printflow:145 - Starting before test method ::Printflow
2022-02-16 13:17:21 INFO  Printflow:145 - Navigate to url https://stage.boschtoolservice.com/jp/ja/boschprof/spareparts/search
2022-02-16 13:17:21 INFO  Printflow:145 - CloseConsent Element is displayed
2022-02-16 13:17:21 INFO  Printflow:145 - click on element CloseConsent
2022-02-16 13:17:21 INFO  Printflow:145 - Consent Closed
2022-02-16 13:17:22 INFO  Printflow:145 - Input element is displayed
2022-02-16 13:17:22 INFO  Printflow:145 - input Element is displayed
2022-02-16 13:17:22 INFO  Printflow:145 - 0600845B50 is entered in element input
2022-02-16 13:17:22 INFO  Printflow:145 - search Element is displayed
2022-02-16 13:17:24 INFO  Printflow:145 - click on element search
2022-02-16 13:17:24 INFO  Printflow:145 - Input Field found
2022-02-16 13:17:24 INFO  Printflow:145 - Application Opened Successfully and Baretool number foundhttps://stage.boschtoolservice.com/jp/ja/boschprof/spareparts/search
2022-02-16 13:17:24 INFO  Printflow:145 - SingleFilter Element is displayed
2022-02-16 13:17:25 INFO  Printflow:145 - click on element SingleFilter
2022-02-16 13:17:25 INFO  Printflow:145 - Result Selected
2022-02-16 13:17:31 INFO  Printflow:145 - ProductInformation element is displayed
2022-02-16 13:17:31 INFO  Printflow:145 - ProductInformation Available
2022-02-16 13:17:32 INFO  Printflow:145 - dremeladdtocart Element is displayed
2022-02-16 13:17:33 INFO  Printflow:145 - click on element dremeladdtocart
2022-02-16 13:17:34 INFO  Printflow:145 - dremeladdtocart Element is displayed
2022-02-16 13:17:34 INFO  Printflow:145 - click on element dremeladdtocart
2022-02-16 13:17:35 INFO  Printflow:145 - dremeladdtocart Element is displayed
2022-02-16 13:17:35 INFO  Printflow:145 - click on element dremeladdtocart
2022-02-16 13:17:36 INFO  Printflow:145 - dremeladdtocart Element is displayed
2022-02-16 13:17:36 INFO  Printflow:145 - click on element dremeladdtocart
2022-02-16 13:17:37 INFO  Printflow:145 - dremeladdtocart Element is displayed
2022-02-16 13:17:38 INFO  Printflow:145 - click on element dremeladdtocart
2022-02-16 13:17:44 INFO  Printflow:145 - Add to cart Successful
2022-02-16 13:17:44 INFO  Printflow:145 - minishoppingcart Element is displayed
2022-02-16 13:17:52 INFO  Printflow:145 - click on element minishoppingcart
2022-02-16 13:17:52 INFO  Printflow:145 - Clicked on Minishopping cart
2022-02-16 13:17:56 INFO  Printflow:145 - PrintPdf element is displayed
2022-02-16 13:17:56 INFO  Printflow:145 - PrintPdf option Available
2022-02-16 13:17:56 INFO  Printflow:145 - In after test method ::Printflow
2022-02-16 13:17:56 DEBUG cache:45 - Couldn't find template in cache for "Extent.ftl"("en_US", UTF-8, parsed); will try to load it.
2022-02-16 13:17:56 DEBUG cache:45 - TemplateLoader.findTemplateSource("Extent_en_US.ftl"): Not found
2022-02-16 13:17:56 DEBUG cache:45 - TemplateLoader.findTemplateSource("Extent_en.ftl"): Not found
2022-02-16 13:17:56 DEBUG cache:45 - TemplateLoader.findTemplateSource("Extent.ftl"): Found
2022-02-16 13:17:56 DEBUG cache:45 - Loading template for "Extent.ftl"("en_US", UTF-8, parsed) from "jar:file:/C:/Users/UXS1KOR/.m2/repository/com/relevantcodes/extentreports/2.41.2/extentreports-2.41.2.jar!/com/relevantcodes/extentreports/view/Extent.ftl"
2022-02-16 13:17:56 INFO  Printflow:145 - No child test to execute, flushing report
2022-02-16 13:17:57 INFO  Printflow:145 - Terminate driver session in after test method
2022-02-16 13:17:57 INFO  Printflow:145 - Starting before test method ::Printflow
2022-02-16 13:17:57 INFO  Printflow:145 - **** Initializing drivers ****chrome 
2022-02-16 13:17:57 INFO  Printflow:145 - Initializing driver session for local execution
2022-02-16 13:17:59 INFO  Printflow:145 - Driver is initizialied
2022-02-16 13:17:59 INFO  Printflow:145 - **** driver instance in Initializing drivers ****
2022-02-16 13:17:59 INFO  Printflow:145 - Starting before test method ::Printflow
2022-02-16 13:18:07 INFO  Printflow:145 - Navigate to url https://stage.boschtoolservice.com/jp/ja/bosch-pt/spareparts/search
2022-02-16 13:18:07 INFO  Printflow:145 - CloseConsent Element is displayed
2022-02-16 13:18:07 INFO  Printflow:145 - click on element CloseConsent
2022-02-16 13:18:07 INFO  Printflow:145 - Consent Closed
2022-02-16 13:18:08 INFO  Printflow:145 - Input element is displayed
2022-02-16 13:18:08 INFO  Printflow:145 - input Element is displayed
2022-02-16 13:18:08 INFO  Printflow:145 - 0600845B50 is entered in element input
2022-02-16 13:18:08 INFO  Printflow:145 - search Element is displayed
2022-02-16 13:18:10 INFO  Printflow:145 - click on element search
2022-02-16 13:18:10 INFO  Printflow:145 - Input Field found
2022-02-16 13:18:10 INFO  Printflow:145 - Application Opened Successfully and Baretool number foundhttps://stage.boschtoolservice.com/jp/ja/bosch-pt/spareparts/search
2022-02-16 13:18:10 WARN  Printflow:150 - Unable to locate webelement. Object Name: SingleFilter
2022-02-16 13:18:15 INFO  Printflow:145 - wait for Object SingleFilter. Time:5 seconds
2022-02-16 13:18:15 INFO  Printflow:145 - SingleFilter Element is displayed
2022-02-16 13:18:17 INFO  Printflow:145 - click on element SingleFilter
2022-02-16 13:18:17 INFO  Printflow:145 - Result Selected
2022-02-16 13:18:23 INFO  Printflow:145 - ProductInformation element is displayed
2022-02-16 13:18:23 INFO  Printflow:145 - ProductInformation Available
2022-02-16 13:18:24 INFO  Printflow:145 - dremeladdtocart Element is displayed
2022-02-16 13:18:24 INFO  Printflow:145 - click on element dremeladdtocart
2022-02-16 13:18:26 INFO  Printflow:145 - dremeladdtocart Element is displayed
2022-02-16 13:18:26 INFO  Printflow:145 - click on element dremeladdtocart
2022-02-16 13:18:27 INFO  Printflow:145 - dremeladdtocart Element is displayed
2022-02-16 13:18:27 INFO  Printflow:145 - click on element dremeladdtocart
2022-02-16 13:18:28 INFO  Printflow:145 - dremeladdtocart Element is displayed
2022-02-16 13:18:28 INFO  Printflow:145 - click on element dremeladdtocart
2022-02-16 13:18:29 INFO  Printflow:145 - dremeladdtocart Element is displayed
2022-02-16 13:18:29 INFO  Printflow:145 - click on element dremeladdtocart
2022-02-16 13:18:35 INFO  Printflow:145 - Add to cart Successful
2022-02-16 13:18:36 INFO  Printflow:145 - minishoppingcart Element is displayed
2022-02-16 13:18:44 INFO  Printflow:145 - click on element minishoppingcart
2022-02-16 13:18:44 INFO  Printflow:145 - Clicked on Minishopping cart
2022-02-16 13:18:48 INFO  Printflow:145 - PrintPdf element is displayed
2022-02-16 13:18:48 INFO  Printflow:145 - PrintPdf option Available
2022-02-16 13:18:48 INFO  Printflow:145 - In after test method ::Printflow
2022-02-16 13:18:48 DEBUG cache:45 - Couldn't find template in cache for "Extent.ftl"("en_US", UTF-8, parsed); will try to load it.
2022-02-16 13:18:48 DEBUG cache:45 - TemplateLoader.findTemplateSource("Extent_en_US.ftl"): Not found
2022-02-16 13:18:48 DEBUG cache:45 - TemplateLoader.findTemplateSource("Extent_en.ftl"): Not found
2022-02-16 13:18:48 DEBUG cache:45 - TemplateLoader.findTemplateSource("Extent.ftl"): Found
2022-02-16 13:18:48 DEBUG cache:45 - Loading template for "Extent.ftl"("en_US", UTF-8, parsed) from "jar:file:/C:/Users/UXS1KOR/.m2/repository/com/relevantcodes/extentreports/2.41.2/extentreports-2.41.2.jar!/com/relevantcodes/extentreports/view/Extent.ftl"
2022-02-16 13:18:48 INFO  Printflow:145 - No child test to execute, flushing report
2022-02-16 13:18:49 INFO  Printflow:145 - Terminate driver session in after test method
2022-02-16 13:18:49 INFO  PrintDremel:145 - Starting before test method ::PrintDremel
2022-02-16 13:18:49 INFO  PrintDremel:145 - **** Initializing drivers ****chrome 
2022-02-16 13:18:49 INFO  PrintDremel:145 - Initializing driver session for local execution
2022-02-16 13:18:51 INFO  PrintDremel:145 - Driver is initizialied
2022-02-16 13:18:51 INFO  PrintDremel:145 - **** driver instance in Initializing drivers ****
2022-02-16 13:18:51 INFO  PrintDremel:145 - Starting before test method ::PrintDremel
2022-02-16 13:18:59 INFO  PrintDremel:145 - Navigate to url https://stage.boschtoolservice.com/jp/ja/dremel/spareparts/search
2022-02-16 13:18:59 INFO  PrintDremel:145 - CloseConsent Element is displayed
2022-02-16 13:18:59 INFO  PrintDremel:145 - click on element CloseConsent
2022-02-16 13:18:59 INFO  PrintDremel:145 - Consent Closed
2022-02-16 13:19:00 INFO  PrintDremel:145 - Input element is displayed
2022-02-16 13:19:00 INFO  PrintDremel:145 - input Element is displayed
2022-02-16 13:19:00 INFO  PrintDremel:145 - F013027500 is entered in element input
2022-02-16 13:19:00 INFO  PrintDremel:145 - search Element is displayed
2022-02-16 13:19:01 INFO  PrintDremel:145 - click on element search
2022-02-16 13:19:01 INFO  PrintDremel:145 - Input Field found
2022-02-16 13:19:01 INFO  PrintDremel:145 - Application Opened Successfully and Baretool number foundhttps://stage.boschtoolservice.com/jp/ja/dremel/spareparts/search
2022-02-16 13:19:01 INFO  PrintDremel:145 - SingleFilter Element is displayed
2022-02-16 13:19:03 INFO  PrintDremel:145 - click on element SingleFilter
2022-02-16 13:19:03 INFO  PrintDremel:145 - Result Selected
2022-02-16 13:19:09 INFO  PrintDremel:145 - ProductInformation element is displayed
2022-02-16 13:19:09 INFO  PrintDremel:145 - ProductInformation Available
2022-02-16 13:19:10 INFO  PrintDremel:145 - dremeladdtocart Element is displayed
2022-02-16 13:19:10 INFO  PrintDremel:145 - click on element dremeladdtocart
2022-02-16 13:19:11 INFO  PrintDremel:145 - dremeladdtocart Element is displayed
2022-02-16 13:19:11 INFO  PrintDremel:145 - click on element dremeladdtocart
2022-02-16 13:19:12 INFO  PrintDremel:145 - dremeladdtocart Element is displayed
2022-02-16 13:19:12 INFO  PrintDremel:145 - click on element dremeladdtocart
2022-02-16 13:19:13 INFO  PrintDremel:145 - dremeladdtocart Element is displayed
2022-02-16 13:19:14 INFO  PrintDremel:145 - click on element dremeladdtocart
2022-02-16 13:19:15 INFO  PrintDremel:145 - dremeladdtocart Element is displayed
2022-02-16 13:19:15 INFO  PrintDremel:145 - click on element dremeladdtocart
2022-02-16 13:19:21 INFO  PrintDremel:145 - Add to cart Successful
2022-02-16 13:19:21 INFO  PrintDremel:145 - minishoppingcart Element is displayed
2022-02-16 13:19:29 INFO  PrintDremel:145 - click on element minishoppingcart
2022-02-16 13:19:29 INFO  PrintDremel:145 - Clicked on Minishopping cart
2022-02-16 13:19:33 INFO  PrintDremel:145 - PrintPdf element is displayed
2022-02-16 13:19:33 INFO  PrintDremel:145 - PrintPdf option Available
2022-02-16 13:19:33 INFO  PrintDremel:145 - In after test method ::PrintDremel
2022-02-16 13:19:33 DEBUG cache:45 - Couldn't find template in cache for "Extent.ftl"("en_US", UTF-8, parsed); will try to load it.
2022-02-16 13:19:33 DEBUG cache:45 - TemplateLoader.findTemplateSource("Extent_en_US.ftl"): Not found
2022-02-16 13:19:33 DEBUG cache:45 - TemplateLoader.findTemplateSource("Extent_en.ftl"): Not found
2022-02-16 13:19:33 DEBUG cache:45 - TemplateLoader.findTemplateSource("Extent.ftl"): Found
2022-02-16 13:19:33 DEBUG cache:45 - Loading template for "Extent.ftl"("en_US", UTF-8, parsed) from "jar:file:/C:/Users/UXS1KOR/.m2/repository/com/relevantcodes/extentreports/2.41.2/extentreports-2.41.2.jar!/com/relevantcodes/extentreports/view/Extent.ftl"
2022-02-16 13:19:33 INFO  PrintDremel:145 - No child test to execute, flushing report
2022-02-16 13:19:34 INFO  PrintDremel:145 - Terminate driver session in after test method
