2022-02-16 16:56:02 INFO  Logger:145 - Initializing JSON file and adding to framework
2022-02-16 16:56:02 INFO  Logger:145 - Setting up run configuration
2022-02-16 16:56:03 INFO  Printflows:145 - Starting before test method ::Printflows
2022-02-16 16:56:03 INFO  Printflows:145 - **** Initializing drivers ****chrome 
2022-02-16 16:56:03 INFO  Printflows:145 - Initializing driver session for local execution
2022-02-16 16:56:05 INFO  Printflows:145 - Driver is initizialied
2022-02-16 16:56:05 INFO  Printflows:145 - **** driver instance in Initializing drivers ****
2022-02-16 16:56:05 INFO  Printflows:145 - Starting before test method ::Printflows
2022-02-16 16:56:25 INFO  Printflows:145 - Navigate to url https://stage.boschtoolservice.com/nz/en/bosch-pt/spareparts/search
2022-02-16 16:56:26 WARN  Printflows:150 - Unable to locate webelement. Object Name: CloseConsent
2022-02-16 16:56:31 INFO  Printflows:145 - wait for Object CloseConsent. Time:5 seconds
2022-02-16 16:56:31 WARN  Printflows:150 - Unable to locate webelement. Object Name: CloseConsent
2022-02-16 16:56:36 INFO  Printflows:145 - wait for Object CloseConsent. Time:10 seconds
2022-02-16 16:56:48 WARN  Printflows:150 - Unable to locate webelement. Object Name: CloseConsent
2022-02-16 16:56:53 INFO  Printflows:145 - wait for Object CloseConsent. Time:15 seconds
2022-02-16 16:56:53 INFO  Printflows:145 - CloseConsent Element is not displayed after 15 Seconds
2022-02-16 16:57:05 WARN  Printflows:150 - Unable to locate webelement. Object Name: CloseConsent
2022-02-16 16:57:05 ERROR Printflows:147 - Exception while clicking element: CloseConsent Exception: null
java.lang.Throwable: Exception while clicking element: CloseConsent Exception: null
	at reportingLibrary.Logger.log(Logger.java:147)
	at supportLibrary.CommonFunction.clickElement(CommonFunction.java:64)
	at pages.web.FirstPage.launchAppSP(FirstPage.java:118)
	at test.Print_NoPDF.Printflows(Print_NoPDF.java:18)
	at sun.reflect.NativeMethodAccessorImpl.invoke0(Native Method)
	at sun.reflect.NativeMethodAccessorImpl.invoke(NativeMethodAccessorImpl.java:62)
	at sun.reflect.DelegatingMethodAccessorImpl.invoke(DelegatingMethodAccessorImpl.java:43)
	at java.lang.reflect.Method.invoke(Method.java:498)
	at org.testng.internal.MethodInvocationHelper.invokeMethod(MethodInvocationHelper.java:124)
	at org.testng.internal.Invoker.invokeMethod(Invoker.java:583)
	at org.testng.internal.Invoker.invokeTestMethod(Invoker.java:719)
	at org.testng.internal.Invoker.invokeTestMethods(Invoker.java:989)
	at org.testng.internal.TestMethodWorker.invokeTestMethods(TestMethodWorker.java:125)
	at org.testng.internal.TestMethodWorker.run(TestMethodWorker.java:109)
	at org.testng.TestRunner.privateRun(TestRunner.java:648)
	at org.testng.TestRunner.run(TestRunner.java:505)
	at org.testng.SuiteRunner.runTest(SuiteRunner.java:455)
	at org.testng.SuiteRunner.access$000(SuiteRunner.java:40)
	at org.testng.SuiteRunner$SuiteWorker.run(SuiteRunner.java:489)
	at org.testng.internal.thread.ThreadUtil$1.call(ThreadUtil.java:52)
	at java.util.concurrent.FutureTask.run(FutureTask.java:266)
	at java.util.concurrent.ThreadPoolExecutor.runWorker(ThreadPoolExecutor.java:1149)
	at java.util.concurrent.ThreadPoolExecutor$Worker.run(ThreadPoolExecutor.java:624)
	at java.lang.Thread.run(Thread.java:748)
2022-02-16 16:57:18 INFO  Printflows:145 - In after test method ::Printflows
2022-02-16 16:57:18 DEBUG cache:45 - Couldn't find template in cache for "Extent.ftl"("en_US", UTF-8, parsed); will try to load it.
2022-02-16 16:57:18 DEBUG cache:45 - TemplateLoader.findTemplateSource("Extent_en_US.ftl"): Not found
2022-02-16 16:57:18 DEBUG cache:45 - TemplateLoader.findTemplateSource("Extent_en.ftl"): Not found
2022-02-16 16:57:18 DEBUG cache:45 - TemplateLoader.findTemplateSource("Extent.ftl"): Found
2022-02-16 16:57:18 DEBUG cache:45 - Loading template for "Extent.ftl"("en_US", UTF-8, parsed) from "jar:file:/C:/Users/UXS1KOR/.m2/repository/com/relevantcodes/extentreports/2.41.2/extentreports-2.41.2.jar!/com/relevantcodes/extentreports/view/Extent.ftl"
2022-02-16 16:57:18 INFO  Printflows:145 - No child test to execute, flushing report
2022-02-16 16:57:19 INFO  Printflows:145 - Terminate driver session in after test method
