2022-02-16 12:28:27 INFO  Logger:145 - Initializing JSON file and adding to framework
2022-02-16 12:28:27 INFO  Logger:145 - Setting up run configuration
2022-02-16 12:28:28 INFO  Printflow:145 - Starting before test method ::Printflow
2022-02-16 12:28:28 INFO  Printflow:145 - **** Initializing drivers ****chrome 
2022-02-16 12:28:28 INFO  Printflow:145 - Initializing driver session for local execution
2022-02-16 12:28:30 INFO  Printflow:145 - Driver is initizialied
2022-02-16 12:28:30 INFO  Printflow:145 - **** driver instance in Initializing drivers ****
2022-02-16 12:28:30 INFO  Printflow:145 - Starting before test method ::Printflow
2022-02-16 12:28:38 INFO  Printflow:145 - Navigate to url https://stage.boschtoolservice.com/co/es/bosch-pt/spareparts/search
2022-02-16 12:28:38 INFO  Printflow:145 - CloseConsent Element is displayed
2022-02-16 12:28:38 INFO  Printflow:145 - click on element CloseConsent
2022-02-16 12:28:38 INFO  Printflow:145 - Consent Closed
2022-02-16 12:28:39 INFO  Printflow:145 - Input element is displayed
2022-02-16 12:28:40 INFO  Printflow:145 - input Element is displayed
2022-02-16 12:28:40 INFO  Printflow:145 - 0600845B50 is entered in element input
2022-02-16 12:28:40 INFO  Printflow:145 - search Element is displayed
2022-02-16 12:28:41 INFO  Printflow:145 - click on element search
2022-02-16 12:28:41 INFO  Printflow:145 - Input Field found
2022-02-16 12:28:41 INFO  Printflow:145 - Application Opened Successfully and Baretool number foundhttps://stage.boschtoolservice.com/co/es/bosch-pt/spareparts/search
2022-02-16 12:28:42 INFO  Printflow:145 - SingleFilter Element is displayed
2022-02-16 12:28:43 INFO  Printflow:145 - click on element SingleFilter
2022-02-16 12:28:43 INFO  Printflow:145 - Result Selected
2022-02-16 12:28:49 INFO  Printflow:145 - ProductInformation element is displayed
2022-02-16 12:28:49 INFO  Printflow:145 - ProductInformation Available
2022-02-16 12:28:50 INFO  Printflow:145 - dremeladdtocart Element is displayed
2022-02-16 12:28:50 INFO  Printflow:145 - click on element dremeladdtocart
2022-02-16 12:28:51 INFO  Printflow:145 - dremeladdtocart Element is displayed
2022-02-16 12:28:51 INFO  Printflow:145 - click on element dremeladdtocart
2022-02-16 12:28:52 INFO  Printflow:145 - dremeladdtocart Element is displayed
2022-02-16 12:28:52 INFO  Printflow:145 - click on element dremeladdtocart
2022-02-16 12:28:54 INFO  Printflow:145 - dremeladdtocart Element is displayed
2022-02-16 12:28:54 INFO  Printflow:145 - click on element dremeladdtocart
2022-02-16 12:28:55 INFO  Printflow:145 - dremeladdtocart Element is displayed
2022-02-16 12:28:55 INFO  Printflow:145 - click on element dremeladdtocart
2022-02-16 12:29:01 INFO  Printflow:145 - Add to cart Successful
2022-02-16 12:29:01 INFO  Printflow:145 - minishoppingcart Element is displayed
2022-02-16 12:29:10 INFO  Printflow:145 - click on element minishoppingcart
2022-02-16 12:29:10 INFO  Printflow:145 - Clicked on Minishopping cart
2022-02-16 12:29:15 INFO  Printflow:145 - PrintPdf element is displayed
2022-02-16 12:29:15 INFO  Printflow:145 - PrintPdf option Available
2022-02-16 12:29:15 INFO  Printflow:145 - In after test method ::Printflow
2022-02-16 12:29:15 DEBUG cache:45 - Couldn't find template in cache for "Extent.ftl"("en_US", UTF-8, parsed); will try to load it.
2022-02-16 12:29:15 DEBUG cache:45 - TemplateLoader.findTemplateSource("Extent_en_US.ftl"): Not found
2022-02-16 12:29:15 DEBUG cache:45 - TemplateLoader.findTemplateSource("Extent_en.ftl"): Not found
2022-02-16 12:29:15 DEBUG cache:45 - TemplateLoader.findTemplateSource("Extent.ftl"): Found
2022-02-16 12:29:15 DEBUG cache:45 - Loading template for "Extent.ftl"("en_US", UTF-8, parsed) from "jar:file:/C:/Users/UXS1KOR/.m2/repository/com/relevantcodes/extentreports/2.41.2/extentreports-2.41.2.jar!/com/relevantcodes/extentreports/view/Extent.ftl"
2022-02-16 12:29:15 INFO  Printflow:145 - No child test to execute, flushing report
2022-02-16 12:29:16 INFO  Printflow:145 - Terminate driver session in after test method
2022-02-16 12:29:16 INFO  PrintSkill:145 - Starting before test method ::PrintSkill
2022-02-16 12:29:16 INFO  PrintSkill:145 - **** Initializing drivers ****chrome 
2022-02-16 12:29:16 INFO  PrintSkill:145 - Initializing driver session for local execution
2022-02-16 12:29:18 INFO  PrintSkill:145 - Driver is initizialied
2022-02-16 12:29:18 INFO  PrintSkill:145 - **** driver instance in Initializing drivers ****
2022-02-16 12:29:18 INFO  PrintSkill:145 - Starting before test method ::PrintSkill
2022-02-16 12:29:25 INFO  PrintSkill:145 - Navigate to url https://stage.boschtoolservice.com/co/es/skil/spareparts/search
2022-02-16 12:29:25 INFO  PrintSkill:145 - CloseConsent Element is displayed
2022-02-16 12:29:25 INFO  PrintSkill:145 - click on element CloseConsent
2022-02-16 12:29:25 INFO  PrintSkill:145 - Consent Closed
2022-02-16 12:29:26 INFO  PrintSkill:145 - Input element is displayed
2022-02-16 12:29:26 INFO  PrintSkill:145 - input Element is displayed
2022-02-16 12:29:26 INFO  PrintSkill:145 - 0603270756 is entered in element input
2022-02-16 12:29:27 INFO  PrintSkill:145 - search Element is displayed
2022-02-16 12:29:28 INFO  PrintSkill:145 - click on element search
2022-02-16 12:29:28 INFO  PrintSkill:145 - Input Field found
2022-02-16 12:29:28 INFO  PrintSkill:145 - Application Opened Successfully and Baretool number foundhttps://stage.boschtoolservice.com/co/es/skil/spareparts/search
2022-02-16 12:29:28 WARN  PrintSkill:150 - Unable to locate webelement. Object Name: SingleFilter
2022-02-16 12:29:33 INFO  PrintSkill:145 - wait for Object SingleFilter. Time:5 seconds
2022-02-16 12:29:33 INFO  PrintSkill:145 - SingleFilter Element is displayed
2022-02-16 12:29:38 INFO  PrintSkill:145 - click on element SingleFilter
2022-02-16 12:29:38 INFO  PrintSkill:145 - Result Selected
2022-02-16 12:29:44 INFO  PrintSkill:145 - ProductInformation element is displayed
2022-02-16 12:29:44 INFO  PrintSkill:145 - ProductInformation Available
2022-02-16 12:29:45 INFO  PrintSkill:145 - dremeladdtocart Element is displayed
2022-02-16 12:29:45 INFO  PrintSkill:145 - click on element dremeladdtocart
2022-02-16 12:29:46 INFO  PrintSkill:145 - dremeladdtocart Element is displayed
2022-02-16 12:29:46 INFO  PrintSkill:145 - click on element dremeladdtocart
2022-02-16 12:29:47 INFO  PrintSkill:145 - dremeladdtocart Element is displayed
2022-02-16 12:29:48 INFO  PrintSkill:145 - click on element dremeladdtocart
2022-02-16 12:29:49 INFO  PrintSkill:145 - dremeladdtocart Element is displayed
2022-02-16 12:29:49 INFO  PrintSkill:145 - click on element dremeladdtocart
2022-02-16 12:29:50 INFO  PrintSkill:145 - dremeladdtocart Element is displayed
2022-02-16 12:29:50 INFO  PrintSkill:145 - click on element dremeladdtocart
2022-02-16 12:29:56 INFO  PrintSkill:145 - Add to cart Successful
2022-02-16 12:29:56 INFO  PrintSkill:145 - minishoppingcart Element is displayed
2022-02-16 12:30:05 INFO  PrintSkill:145 - click on element minishoppingcart
2022-02-16 12:30:05 INFO  PrintSkill:145 - Clicked on Minishopping cart
2022-02-16 12:30:09 INFO  PrintSkill:145 - PrintPdf element is displayed
2022-02-16 12:30:09 INFO  PrintSkill:145 - PrintPdf option Available
2022-02-16 12:30:09 INFO  PrintSkill:145 - In after test method ::PrintSkill
2022-02-16 12:30:09 DEBUG cache:45 - Couldn't find template in cache for "Extent.ftl"("en_US", UTF-8, parsed); will try to load it.
2022-02-16 12:30:09 DEBUG cache:45 - TemplateLoader.findTemplateSource("Extent_en_US.ftl"): Not found
2022-02-16 12:30:09 DEBUG cache:45 - TemplateLoader.findTemplateSource("Extent_en.ftl"): Not found
2022-02-16 12:30:09 DEBUG cache:45 - TemplateLoader.findTemplateSource("Extent.ftl"): Found
2022-02-16 12:30:09 DEBUG cache:45 - Loading template for "Extent.ftl"("en_US", UTF-8, parsed) from "jar:file:/C:/Users/UXS1KOR/.m2/repository/com/relevantcodes/extentreports/2.41.2/extentreports-2.41.2.jar!/com/relevantcodes/extentreports/view/Extent.ftl"
2022-02-16 12:30:09 INFO  PrintSkill:145 - No child test to execute, flushing report
2022-02-16 12:30:10 INFO  PrintSkill:145 - Terminate driver session in after test method
2022-02-16 12:30:10 INFO  Printflow:145 - Starting before test method ::Printflow
2022-02-16 12:30:10 INFO  Printflow:145 - **** Initializing drivers ****chrome 
2022-02-16 12:30:10 INFO  Printflow:145 - Initializing driver session for local execution
2022-02-16 12:30:12 INFO  Printflow:145 - Driver is initizialied
2022-02-16 12:30:12 INFO  Printflow:145 - **** driver instance in Initializing drivers ****
2022-02-16 12:30:12 INFO  Printflow:145 - Starting before test method ::Printflow
2022-02-16 12:30:19 INFO  Printflow:145 - Navigate to url https://stage.boschtoolservice.com/cl/es/bosch-pt/spareparts/search
2022-02-16 12:30:20 INFO  Printflow:145 - CloseConsent Element is displayed
2022-02-16 12:30:20 INFO  Printflow:145 - click on element CloseConsent
2022-02-16 12:30:20 INFO  Printflow:145 - Consent Closed
2022-02-16 12:30:21 INFO  Printflow:145 - Input element is displayed
2022-02-16 12:30:21 INFO  Printflow:145 - input Element is displayed
2022-02-16 12:30:21 INFO  Printflow:145 - 0600845B50 is entered in element input
2022-02-16 12:30:21 INFO  Printflow:145 - search Element is displayed
2022-02-16 12:30:23 INFO  Printflow:145 - click on element search
2022-02-16 12:30:23 INFO  Printflow:145 - Input Field found
2022-02-16 12:30:23 INFO  Printflow:145 - Application Opened Successfully and Baretool number foundhttps://stage.boschtoolservice.com/cl/es/bosch-pt/spareparts/search
2022-02-16 12:30:23 INFO  Printflow:145 - SingleFilter Element is displayed
2022-02-16 12:30:24 INFO  Printflow:145 - click on element SingleFilter
2022-02-16 12:30:24 INFO  Printflow:145 - Result Selected
2022-02-16 12:30:30 INFO  Printflow:145 - ProductInformation element is displayed
2022-02-16 12:30:30 INFO  Printflow:145 - ProductInformation Available
2022-02-16 12:30:31 INFO  Printflow:145 - dremeladdtocart Element is displayed
2022-02-16 12:30:32 INFO  Printflow:145 - click on element dremeladdtocart
2022-02-16 12:30:33 INFO  Printflow:145 - dremeladdtocart Element is displayed
2022-02-16 12:30:33 INFO  Printflow:145 - click on element dremeladdtocart
2022-02-16 12:30:34 INFO  Printflow:145 - dremeladdtocart Element is displayed
2022-02-16 12:30:34 INFO  Printflow:145 - click on element dremeladdtocart
2022-02-16 12:30:35 INFO  Printflow:145 - dremeladdtocart Element is displayed
2022-02-16 12:30:35 INFO  Printflow:145 - click on element dremeladdtocart
2022-02-16 12:30:36 INFO  Printflow:145 - dremeladdtocart Element is displayed
2022-02-16 12:30:36 INFO  Printflow:145 - click on element dremeladdtocart
2022-02-16 12:30:42 INFO  Printflow:145 - Add to cart Successful
2022-02-16 12:30:43 INFO  Printflow:145 - minishoppingcart Element is displayed
2022-02-16 12:30:52 INFO  Printflow:145 - click on element minishoppingcart
2022-02-16 12:30:52 INFO  Printflow:145 - Clicked on Minishopping cart
2022-02-16 12:30:56 INFO  Printflow:145 - PrintPdf element is displayed
2022-02-16 12:30:56 INFO  Printflow:145 - PrintPdf option Available
2022-02-16 12:30:56 INFO  Printflow:145 - In after test method ::Printflow
2022-02-16 12:30:56 DEBUG cache:45 - Couldn't find template in cache for "Extent.ftl"("en_US", UTF-8, parsed); will try to load it.
2022-02-16 12:30:56 DEBUG cache:45 - TemplateLoader.findTemplateSource("Extent_en_US.ftl"): Not found
2022-02-16 12:30:56 DEBUG cache:45 - TemplateLoader.findTemplateSource("Extent_en.ftl"): Not found
2022-02-16 12:30:56 DEBUG cache:45 - TemplateLoader.findTemplateSource("Extent.ftl"): Found
2022-02-16 12:30:56 DEBUG cache:45 - Loading template for "Extent.ftl"("en_US", UTF-8, parsed) from "jar:file:/C:/Users/UXS1KOR/.m2/repository/com/relevantcodes/extentreports/2.41.2/extentreports-2.41.2.jar!/com/relevantcodes/extentreports/view/Extent.ftl"
2022-02-16 12:30:56 INFO  Printflow:145 - No child test to execute, flushing report
2022-02-16 12:30:57 INFO  Printflow:145 - Terminate driver session in after test method
2022-02-16 12:30:57 INFO  PrintSkill:145 - Starting before test method ::PrintSkill
2022-02-16 12:30:57 INFO  PrintSkill:145 - **** Initializing drivers ****chrome 
2022-02-16 12:30:57 INFO  PrintSkill:145 - Initializing driver session for local execution
2022-02-16 12:30:59 INFO  PrintSkill:145 - Driver is initizialied
2022-02-16 12:30:59 INFO  PrintSkill:145 - **** driver instance in Initializing drivers ****
2022-02-16 12:30:59 INFO  PrintSkill:145 - Starting before test method ::PrintSkill
2022-02-16 12:31:05 INFO  PrintSkill:145 - Navigate to url https://stage.boschtoolservice.com/cl/es/skil/spareparts/search
2022-02-16 12:31:06 INFO  PrintSkill:145 - CloseConsent Element is displayed
2022-02-16 12:31:06 INFO  PrintSkill:145 - click on element CloseConsent
2022-02-16 12:31:06 INFO  PrintSkill:145 - Consent Closed
2022-02-16 12:31:07 INFO  PrintSkill:145 - Input element is displayed
2022-02-16 12:31:07 INFO  PrintSkill:145 - input Element is displayed
2022-02-16 12:31:07 INFO  PrintSkill:145 - 0603270756 is entered in element input
2022-02-16 12:31:07 INFO  PrintSkill:145 - search Element is displayed
2022-02-16 12:31:08 INFO  PrintSkill:145 - click on element search
2022-02-16 12:31:08 INFO  PrintSkill:145 - Input Field found
2022-02-16 12:31:08 INFO  PrintSkill:145 - Application Opened Successfully and Baretool number foundhttps://stage.boschtoolservice.com/cl/es/skil/spareparts/search
2022-02-16 12:31:08 INFO  PrintSkill:145 - SingleFilter Element is displayed
2022-02-16 12:31:10 INFO  PrintSkill:145 - click on element SingleFilter
2022-02-16 12:31:10 INFO  PrintSkill:145 - Result Selected
2022-02-16 12:31:16 INFO  PrintSkill:145 - ProductInformation element is displayed
2022-02-16 12:31:16 INFO  PrintSkill:145 - ProductInformation Available
2022-02-16 12:31:17 INFO  PrintSkill:145 - dremeladdtocart Element is displayed
2022-02-16 12:31:17 INFO  PrintSkill:145 - click on element dremeladdtocart
2022-02-16 12:31:18 INFO  PrintSkill:145 - dremeladdtocart Element is displayed
2022-02-16 12:31:18 INFO  PrintSkill:145 - click on element dremeladdtocart
2022-02-16 12:31:19 INFO  PrintSkill:145 - dremeladdtocart Element is displayed
2022-02-16 12:31:19 INFO  PrintSkill:145 - click on element dremeladdtocart
2022-02-16 12:31:20 INFO  PrintSkill:145 - dremeladdtocart Element is displayed
2022-02-16 12:31:20 INFO  PrintSkill:145 - click on element dremeladdtocart
2022-02-16 12:31:22 INFO  PrintSkill:145 - dremeladdtocart Element is displayed
2022-02-16 12:31:22 INFO  PrintSkill:145 - click on element dremeladdtocart
2022-02-16 12:31:28 INFO  PrintSkill:145 - Add to cart Successful
2022-02-16 12:31:28 INFO  PrintSkill:145 - minishoppingcart Element is displayed
2022-02-16 12:31:36 INFO  PrintSkill:145 - click on element minishoppingcart
2022-02-16 12:31:36 INFO  PrintSkill:145 - Clicked on Minishopping cart
2022-02-16 12:31:40 INFO  PrintSkill:145 - PrintPdf element is displayed
2022-02-16 12:31:40 INFO  PrintSkill:145 - PrintPdf option Available
2022-02-16 12:31:40 INFO  PrintSkill:145 - In after test method ::PrintSkill
2022-02-16 12:31:40 DEBUG cache:45 - Couldn't find template in cache for "Extent.ftl"("en_US", UTF-8, parsed); will try to load it.
2022-02-16 12:31:40 DEBUG cache:45 - TemplateLoader.findTemplateSource("Extent_en_US.ftl"): Not found
2022-02-16 12:31:40 DEBUG cache:45 - TemplateLoader.findTemplateSource("Extent_en.ftl"): Not found
2022-02-16 12:31:40 DEBUG cache:45 - TemplateLoader.findTemplateSource("Extent.ftl"): Found
2022-02-16 12:31:40 DEBUG cache:45 - Loading template for "Extent.ftl"("en_US", UTF-8, parsed) from "jar:file:/C:/Users/UXS1KOR/.m2/repository/com/relevantcodes/extentreports/2.41.2/extentreports-2.41.2.jar!/com/relevantcodes/extentreports/view/Extent.ftl"
2022-02-16 12:31:40 INFO  PrintSkill:145 - No child test to execute, flushing report
2022-02-16 12:31:41 INFO  PrintSkill:145 - Terminate driver session in after test method
2022-02-16 12:31:41 INFO  Printflow:145 - Starting before test method ::Printflow
2022-02-16 12:31:41 INFO  Printflow:145 - **** Initializing drivers ****chrome 
2022-02-16 12:31:41 INFO  Printflow:145 - Initializing driver session for local execution
2022-02-16 12:31:43 INFO  Printflow:145 - Driver is initizialied
2022-02-16 12:31:43 INFO  Printflow:145 - **** driver instance in Initializing drivers ****
2022-02-16 12:31:43 INFO  Printflow:145 - Starting before test method ::Printflow
2022-02-16 12:31:51 INFO  Printflow:145 - Navigate to url https://stage.boschtoolservice.com/mx/es/bosch-pt/spareparts/search
2022-02-16 12:31:51 INFO  Printflow:145 - CloseConsent Element is displayed
2022-02-16 12:31:51 INFO  Printflow:145 - click on element CloseConsent
2022-02-16 12:31:51 INFO  Printflow:145 - Consent Closed
2022-02-16 12:31:52 INFO  Printflow:145 - Input element is displayed
2022-02-16 12:31:52 INFO  Printflow:145 - input Element is displayed
2022-02-16 12:31:52 INFO  Printflow:145 - 0600845B50 is entered in element input
2022-02-16 12:31:52 INFO  Printflow:145 - search Element is displayed
2022-02-16 12:31:54 INFO  Printflow:145 - click on element search
2022-02-16 12:31:54 INFO  Printflow:145 - Input Field found
2022-02-16 12:31:54 INFO  Printflow:145 - Application Opened Successfully and Baretool number foundhttps://stage.boschtoolservice.com/mx/es/bosch-pt/spareparts/search
2022-02-16 12:31:54 INFO  Printflow:145 - SingleFilter Element is displayed
2022-02-16 12:31:56 INFO  Printflow:145 - click on element SingleFilter
2022-02-16 12:31:56 INFO  Printflow:145 - Result Selected
2022-02-16 12:32:02 INFO  Printflow:145 - ProductInformation element is displayed
2022-02-16 12:32:02 INFO  Printflow:145 - ProductInformation Available
2022-02-16 12:32:03 INFO  Printflow:145 - dremeladdtocart Element is displayed
2022-02-16 12:32:03 INFO  Printflow:145 - click on element dremeladdtocart
2022-02-16 12:32:04 INFO  Printflow:145 - dremeladdtocart Element is displayed
2022-02-16 12:32:04 INFO  Printflow:145 - click on element dremeladdtocart
2022-02-16 12:32:05 INFO  Printflow:145 - dremeladdtocart Element is displayed
2022-02-16 12:32:06 INFO  Printflow:145 - click on element dremeladdtocart
2022-02-16 12:32:07 INFO  Printflow:145 - dremeladdtocart Element is displayed
2022-02-16 12:32:07 INFO  Printflow:145 - click on element dremeladdtocart
2022-02-16 12:32:08 INFO  Printflow:145 - dremeladdtocart Element is displayed
2022-02-16 12:32:08 INFO  Printflow:145 - click on element dremeladdtocart
2022-02-16 12:32:14 INFO  Printflow:145 - Add to cart Successful
2022-02-16 12:32:14 INFO  Printflow:145 - minishoppingcart Element is displayed
2022-02-16 12:32:23 INFO  Printflow:145 - click on element minishoppingcart
2022-02-16 12:32:23 INFO  Printflow:145 - Clicked on Minishopping cart
2022-02-16 12:32:27 INFO  Printflow:145 - PrintPdf element is displayed
2022-02-16 12:32:27 INFO  Printflow:145 - PrintPdf option Available
2022-02-16 12:32:27 INFO  Printflow:145 - In after test method ::Printflow
2022-02-16 12:32:27 DEBUG cache:45 - Couldn't find template in cache for "Extent.ftl"("en_US", UTF-8, parsed); will try to load it.
2022-02-16 12:32:27 DEBUG cache:45 - TemplateLoader.findTemplateSource("Extent_en_US.ftl"): Not found
2022-02-16 12:32:27 DEBUG cache:45 - TemplateLoader.findTemplateSource("Extent_en.ftl"): Not found
2022-02-16 12:32:27 DEBUG cache:45 - TemplateLoader.findTemplateSource("Extent.ftl"): Found
2022-02-16 12:32:27 DEBUG cache:45 - Loading template for "Extent.ftl"("en_US", UTF-8, parsed) from "jar:file:/C:/Users/UXS1KOR/.m2/repository/com/relevantcodes/extentreports/2.41.2/extentreports-2.41.2.jar!/com/relevantcodes/extentreports/view/Extent.ftl"
2022-02-16 12:32:27 INFO  Printflow:145 - No child test to execute, flushing report
2022-02-16 12:32:27 INFO  Printflow:145 - Terminate driver session in after test method
2022-02-16 12:32:27 INFO  PrintSkill:145 - Starting before test method ::PrintSkill
2022-02-16 12:32:27 INFO  PrintSkill:145 - **** Initializing drivers ****chrome 
2022-02-16 12:32:27 INFO  PrintSkill:145 - Initializing driver session for local execution
2022-02-16 12:32:29 INFO  PrintSkill:145 - Driver is initizialied
2022-02-16 12:32:29 INFO  PrintSkill:145 - **** driver instance in Initializing drivers ****
2022-02-16 12:32:29 INFO  PrintSkill:145 - Starting before test method ::PrintSkill
2022-02-16 12:32:36 INFO  PrintSkill:145 - Navigate to url https://stage.boschtoolservice.com/mx/es/skil/spareparts/search
2022-02-16 12:32:36 INFO  PrintSkill:145 - CloseConsent Element is displayed
2022-02-16 12:32:36 INFO  PrintSkill:145 - click on element CloseConsent
2022-02-16 12:32:36 INFO  PrintSkill:145 - Consent Closed
2022-02-16 12:32:37 INFO  PrintSkill:145 - Input element is displayed
2022-02-16 12:32:37 INFO  PrintSkill:145 - input Element is displayed
2022-02-16 12:32:37 INFO  PrintSkill:145 - 0603270756 is entered in element input
2022-02-16 12:32:37 INFO  PrintSkill:145 - search Element is displayed
2022-02-16 12:32:39 INFO  PrintSkill:145 - click on element search
2022-02-16 12:32:39 INFO  PrintSkill:145 - Input Field found
2022-02-16 12:32:39 INFO  PrintSkill:145 - Application Opened Successfully and Baretool number foundhttps://stage.boschtoolservice.com/mx/es/skil/spareparts/search
2022-02-16 12:32:39 INFO  PrintSkill:145 - SingleFilter Element is displayed
2022-02-16 12:32:40 INFO  PrintSkill:145 - click on element SingleFilter
2022-02-16 12:32:40 INFO  PrintSkill:145 - Result Selected
2022-02-16 12:32:46 INFO  PrintSkill:145 - ProductInformation element is displayed
2022-02-16 12:32:46 INFO  PrintSkill:145 - ProductInformation Available
2022-02-16 12:32:47 INFO  PrintSkill:145 - dremeladdtocart Element is displayed
2022-02-16 12:32:47 INFO  PrintSkill:145 - click on element dremeladdtocart
2022-02-16 12:32:53 INFO  PrintSkill:145 - wait for Object dremeladdtocart. Time:5 seconds
2022-02-16 12:32:53 INFO  PrintSkill:145 - dremeladdtocart Element is displayed
2022-02-16 12:32:53 INFO  PrintSkill:145 - click on element dremeladdtocart
2022-02-16 12:32:55 INFO  PrintSkill:145 - dremeladdtocart Element is displayed
2022-02-16 12:32:55 INFO  PrintSkill:145 - click on element dremeladdtocart
2022-02-16 12:32:56 INFO  PrintSkill:145 - dremeladdtocart Element is displayed
2022-02-16 12:32:56 INFO  PrintSkill:145 - click on element dremeladdtocart
2022-02-16 12:32:57 INFO  PrintSkill:145 - dremeladdtocart Element is displayed
2022-02-16 12:32:57 INFO  PrintSkill:145 - click on element dremeladdtocart
2022-02-16 12:33:03 INFO  PrintSkill:145 - Add to cart Successful
2022-02-16 12:33:03 INFO  PrintSkill:145 - minishoppingcart Element is displayed
2022-02-16 12:33:11 INFO  PrintSkill:145 - click on element minishoppingcart
2022-02-16 12:33:11 INFO  PrintSkill:145 - Clicked on Minishopping cart
2022-02-16 12:33:15 INFO  PrintSkill:145 - PrintPdf element is displayed
2022-02-16 12:33:15 INFO  PrintSkill:145 - PrintPdf option Available
2022-02-16 12:33:15 INFO  PrintSkill:145 - In after test method ::PrintSkill
2022-02-16 12:33:15 DEBUG cache:45 - Couldn't find template in cache for "Extent.ftl"("en_US", UTF-8, parsed); will try to load it.
2022-02-16 12:33:15 DEBUG cache:45 - TemplateLoader.findTemplateSource("Extent_en_US.ftl"): Not found
2022-02-16 12:33:15 DEBUG cache:45 - TemplateLoader.findTemplateSource("Extent_en.ftl"): Not found
2022-02-16 12:33:15 DEBUG cache:45 - TemplateLoader.findTemplateSource("Extent.ftl"): Found
2022-02-16 12:33:15 DEBUG cache:45 - Loading template for "Extent.ftl"("en_US", UTF-8, parsed) from "jar:file:/C:/Users/UXS1KOR/.m2/repository/com/relevantcodes/extentreports/2.41.2/extentreports-2.41.2.jar!/com/relevantcodes/extentreports/view/Extent.ftl"
2022-02-16 12:33:15 INFO  PrintSkill:145 - No child test to execute, flushing report
2022-02-16 12:33:16 INFO  PrintSkill:145 - Terminate driver session in after test method
2022-02-16 12:33:16 INFO  Printflow:145 - Starting before test method ::Printflow
2022-02-16 12:33:16 INFO  Printflow:145 - **** Initializing drivers ****chrome 
2022-02-16 12:33:16 INFO  Printflow:145 - Initializing driver session for local execution
2022-02-16 12:33:18 INFO  Printflow:145 - Driver is initizialied
2022-02-16 12:33:18 INFO  Printflow:145 - **** driver instance in Initializing drivers ****
2022-02-16 12:33:18 INFO  Printflow:145 - Starting before test method ::Printflow
2022-02-16 12:33:26 INFO  Printflow:145 - Navigate to url https://stage.boschtoolservice.com/hu/hu/boschprof/spareparts/search
2022-02-16 12:33:26 INFO  Printflow:145 - CloseConsent Element is displayed
2022-02-16 12:33:26 INFO  Printflow:145 - click on element CloseConsent
2022-02-16 12:33:26 INFO  Printflow:145 - Consent Closed
2022-02-16 12:33:27 INFO  Printflow:145 - Input element is displayed
2022-02-16 12:33:27 INFO  Printflow:145 - input Element is displayed
2022-02-16 12:33:28 INFO  Printflow:145 - 0600845B50 is entered in element input
2022-02-16 12:33:28 INFO  Printflow:145 - search Element is displayed
2022-02-16 12:33:30 INFO  Printflow:145 - click on element search
2022-02-16 12:33:30 INFO  Printflow:145 - Input Field found
2022-02-16 12:33:30 INFO  Printflow:145 - Application Opened Successfully and Baretool number foundhttps://stage.boschtoolservice.com/hu/hu/boschprof/spareparts/search
2022-02-16 12:33:30 INFO  Printflow:145 - SingleFilter Element is displayed
2022-02-16 12:33:31 INFO  Printflow:145 - click on element SingleFilter
2022-02-16 12:33:31 INFO  Printflow:145 - Result Selected
2022-02-16 12:33:37 INFO  Printflow:145 - ProductInformation element is displayed
2022-02-16 12:33:37 INFO  Printflow:145 - ProductInformation Available
2022-02-16 12:33:38 INFO  Printflow:145 - dremeladdtocart Element is displayed
2022-02-16 12:33:38 INFO  Printflow:145 - click on element dremeladdtocart
2022-02-16 12:33:39 INFO  Printflow:145 - dremeladdtocart Element is displayed
2022-02-16 12:33:39 INFO  Printflow:145 - click on element dremeladdtocart
2022-02-16 12:33:40 INFO  Printflow:145 - dremeladdtocart Element is displayed
2022-02-16 12:33:41 INFO  Printflow:145 - click on element dremeladdtocart
2022-02-16 12:33:42 INFO  Printflow:145 - dremeladdtocart Element is displayed
2022-02-16 12:33:42 INFO  Printflow:145 - click on element dremeladdtocart
2022-02-16 12:33:43 INFO  Printflow:145 - dremeladdtocart Element is displayed
2022-02-16 12:33:43 INFO  Printflow:145 - click on element dremeladdtocart
2022-02-16 12:33:49 INFO  Printflow:145 - Add to cart Successful
2022-02-16 12:33:49 INFO  Printflow:145 - minishoppingcart Element is displayed
2022-02-16 12:33:58 INFO  Printflow:145 - click on element minishoppingcart
2022-02-16 12:33:58 INFO  Printflow:145 - Clicked on Minishopping cart
2022-02-16 12:34:02 WARN  Printflow:150 - Unable to locate webelement. Object Name: PrintPdf
2022-02-16 12:34:02 ERROR Printflow:147 - PrintPdf element is not displayed Exception: null
java.lang.Throwable: PrintPdf element is not displayed Exception: null
	at reportingLibrary.Logger.log(Logger.java:147)
	at supportLibrary.CommonFunction.elementIsDisplayed(CommonFunction.java:99)
	at pages.web.AdvancedSearch.minishoppingcartPrint(AdvancedSearch.java:373)
	at test.Print.Printflow(Print.java:19)
	at sun.reflect.NativeMethodAccessorImpl.invoke0(Native Method)
	at sun.reflect.NativeMethodAccessorImpl.invoke(NativeMethodAccessorImpl.java:62)
	at sun.reflect.DelegatingMethodAccessorImpl.invoke(DelegatingMethodAccessorImpl.java:43)
	at java.lang.reflect.Method.invoke(Method.java:498)
	at org.testng.internal.MethodInvocationHelper.invokeMethod(MethodInvocationHelper.java:124)
	at org.testng.internal.Invoker.invokeMethod(Invoker.java:583)
	at org.testng.internal.Invoker.invokeTestMethod(Invoker.java:719)
	at org.testng.internal.Invoker.invokeTestMethods(Invoker.java:989)
	at org.testng.internal.TestMethodWorker.invokeTestMethods(TestMethodWorker.java:125)
	at org.testng.internal.TestMethodWorker.run(TestMethodWorker.java:109)
	at org.testng.TestRunner.privateRun(TestRunner.java:648)
	at org.testng.TestRunner.run(TestRunner.java:505)
	at org.testng.SuiteRunner.runTest(SuiteRunner.java:455)
	at org.testng.SuiteRunner.access$000(SuiteRunner.java:40)
	at org.testng.SuiteRunner$SuiteWorker.run(SuiteRunner.java:489)
	at org.testng.internal.thread.ThreadUtil$1.call(ThreadUtil.java:52)
	at java.util.concurrent.FutureTask.run(FutureTask.java:266)
	at java.util.concurrent.ThreadPoolExecutor.runWorker(ThreadPoolExecutor.java:1149)
	at java.util.concurrent.ThreadPoolExecutor$Worker.run(ThreadPoolExecutor.java:624)
	at java.lang.Thread.run(Thread.java:748)
2022-02-16 12:34:02 ERROR Printflow:85 - PrintPdf option Not Available
2022-02-16 12:34:02 INFO  Printflow:145 - In after test method ::Printflow
2022-02-16 12:34:02 DEBUG cache:45 - Couldn't find template in cache for "Extent.ftl"("en_US", UTF-8, parsed); will try to load it.
2022-02-16 12:34:02 DEBUG cache:45 - TemplateLoader.findTemplateSource("Extent_en_US.ftl"): Not found
2022-02-16 12:34:02 DEBUG cache:45 - TemplateLoader.findTemplateSource("Extent_en.ftl"): Not found
2022-02-16 12:34:02 DEBUG cache:45 - TemplateLoader.findTemplateSource("Extent.ftl"): Found
2022-02-16 12:34:02 DEBUG cache:45 - Loading template for "Extent.ftl"("en_US", UTF-8, parsed) from "jar:file:/C:/Users/UXS1KOR/.m2/repository/com/relevantcodes/extentreports/2.41.2/extentreports-2.41.2.jar!/com/relevantcodes/extentreports/view/Extent.ftl"
2022-02-16 12:34:03 INFO  Printflow:145 - No child test to execute, flushing report
2022-02-16 12:34:03 INFO  Printflow:145 - Terminate driver session in after test method
2022-02-16 12:34:03 INFO  Printflow:145 - Starting before test method ::Printflow
2022-02-16 12:34:03 INFO  Printflow:145 - **** Initializing drivers ****chrome 
2022-02-16 12:34:03 INFO  Printflow:145 - Initializing driver session for local execution
2022-02-16 12:34:05 INFO  Printflow:145 - Driver is initizialied
2022-02-16 12:34:05 INFO  Printflow:145 - **** driver instance in Initializing drivers ****
2022-02-16 12:34:05 INFO  Printflow:145 - Starting before test method ::Printflow
2022-02-16 12:34:12 INFO  Printflow:145 - Navigate to url https://stage.boschtoolservice.com/hu/hu/bosch-pt/spareparts/search
2022-02-16 12:34:12 INFO  Printflow:145 - CloseConsent Element is displayed
2022-02-16 12:34:12 INFO  Printflow:145 - click on element CloseConsent
2022-02-16 12:34:12 INFO  Printflow:145 - Consent Closed
2022-02-16 12:34:13 INFO  Printflow:145 - Input element is displayed
2022-02-16 12:34:13 INFO  Printflow:145 - input Element is displayed
2022-02-16 12:34:13 INFO  Printflow:145 - 0600845B50 is entered in element input
2022-02-16 12:34:13 INFO  Printflow:145 - search Element is displayed
2022-02-16 12:34:15 INFO  Printflow:145 - click on element search
2022-02-16 12:34:15 INFO  Printflow:145 - Input Field found
2022-02-16 12:34:15 INFO  Printflow:145 - Application Opened Successfully and Baretool number foundhttps://stage.boschtoolservice.com/hu/hu/bosch-pt/spareparts/search
2022-02-16 12:34:15 INFO  Printflow:145 - SingleFilter Element is displayed
2022-02-16 12:34:16 INFO  Printflow:145 - click on element SingleFilter
2022-02-16 12:34:16 INFO  Printflow:145 - Result Selected
2022-02-16 12:34:22 INFO  Printflow:145 - ProductInformation element is displayed
2022-02-16 12:34:22 INFO  Printflow:145 - ProductInformation Available
2022-02-16 12:34:23 INFO  Printflow:145 - dremeladdtocart Element is displayed
2022-02-16 12:34:24 INFO  Printflow:145 - click on element dremeladdtocart
2022-02-16 12:34:25 INFO  Printflow:145 - dremeladdtocart Element is displayed
2022-02-16 12:34:25 INFO  Printflow:145 - click on element dremeladdtocart
2022-02-16 12:34:26 INFO  Printflow:145 - dremeladdtocart Element is displayed
2022-02-16 12:34:26 INFO  Printflow:145 - click on element dremeladdtocart
2022-02-16 12:34:27 INFO  Printflow:145 - dremeladdtocart Element is displayed
2022-02-16 12:34:27 INFO  Printflow:145 - click on element dremeladdtocart
2022-02-16 12:34:28 INFO  Printflow:145 - dremeladdtocart Element is displayed
2022-02-16 12:34:28 INFO  Printflow:145 - click on element dremeladdtocart
2022-02-16 12:34:34 INFO  Printflow:145 - Add to cart Successful
2022-02-16 12:34:35 INFO  Printflow:145 - minishoppingcart Element is displayed
2022-02-16 12:34:43 INFO  Printflow:145 - click on element minishoppingcart
2022-02-16 12:34:43 INFO  Printflow:145 - Clicked on Minishopping cart
2022-02-16 12:34:47 WARN  Printflow:150 - Unable to locate webelement. Object Name: PrintPdf
2022-02-16 12:34:47 ERROR Printflow:147 - PrintPdf element is not displayed Exception: null
java.lang.Throwable: PrintPdf element is not displayed Exception: null
	at reportingLibrary.Logger.log(Logger.java:147)
	at supportLibrary.CommonFunction.elementIsDisplayed(CommonFunction.java:99)
	at pages.web.AdvancedSearch.minishoppingcartPrint(AdvancedSearch.java:373)
	at test.Print.Printflow(Print.java:19)
	at sun.reflect.NativeMethodAccessorImpl.invoke0(Native Method)
	at sun.reflect.NativeMethodAccessorImpl.invoke(NativeMethodAccessorImpl.java:62)
	at sun.reflect.DelegatingMethodAccessorImpl.invoke(DelegatingMethodAccessorImpl.java:43)
	at java.lang.reflect.Method.invoke(Method.java:498)
	at org.testng.internal.MethodInvocationHelper.invokeMethod(MethodInvocationHelper.java:124)
	at org.testng.internal.Invoker.invokeMethod(Invoker.java:583)
	at org.testng.internal.Invoker.invokeTestMethod(Invoker.java:719)
	at org.testng.internal.Invoker.invokeTestMethods(Invoker.java:989)
	at org.testng.internal.TestMethodWorker.invokeTestMethods(TestMethodWorker.java:125)
	at org.testng.internal.TestMethodWorker.run(TestMethodWorker.java:109)
	at org.testng.TestRunner.privateRun(TestRunner.java:648)
	at org.testng.TestRunner.run(TestRunner.java:505)
	at org.testng.SuiteRunner.runTest(SuiteRunner.java:455)
	at org.testng.SuiteRunner.access$000(SuiteRunner.java:40)
	at org.testng.SuiteRunner$SuiteWorker.run(SuiteRunner.java:489)
	at org.testng.internal.thread.ThreadUtil$1.call(ThreadUtil.java:52)
	at java.util.concurrent.FutureTask.run(FutureTask.java:266)
	at java.util.concurrent.ThreadPoolExecutor.runWorker(ThreadPoolExecutor.java:1149)
	at java.util.concurrent.ThreadPoolExecutor$Worker.run(ThreadPoolExecutor.java:624)
	at java.lang.Thread.run(Thread.java:748)
2022-02-16 12:34:47 ERROR Printflow:85 - PrintPdf option Not Available
2022-02-16 12:34:47 INFO  Printflow:145 - In after test method ::Printflow
2022-02-16 12:34:47 DEBUG cache:45 - Couldn't find template in cache for "Extent.ftl"("en_US", UTF-8, parsed); will try to load it.
2022-02-16 12:34:47 DEBUG cache:45 - TemplateLoader.findTemplateSource("Extent_en_US.ftl"): Not found
2022-02-16 12:34:47 DEBUG cache:45 - TemplateLoader.findTemplateSource("Extent_en.ftl"): Not found
2022-02-16 12:34:47 DEBUG cache:45 - TemplateLoader.findTemplateSource("Extent.ftl"): Found
2022-02-16 12:34:47 DEBUG cache:45 - Loading template for "Extent.ftl"("en_US", UTF-8, parsed) from "jar:file:/C:/Users/UXS1KOR/.m2/repository/com/relevantcodes/extentreports/2.41.2/extentreports-2.41.2.jar!/com/relevantcodes/extentreports/view/Extent.ftl"
2022-02-16 12:34:47 INFO  Printflow:145 - No child test to execute, flushing report
2022-02-16 12:34:48 INFO  Printflow:145 - Terminate driver session in after test method
2022-02-16 12:34:48 INFO  Printflow:145 - Starting before test method ::Printflow
2022-02-16 12:34:48 INFO  Printflow:145 - **** Initializing drivers ****chrome 
2022-02-16 12:34:48 INFO  Printflow:145 - Initializing driver session for local execution
2022-02-16 12:34:50 INFO  Printflow:145 - Driver is initizialied
2022-02-16 12:34:50 INFO  Printflow:145 - **** driver instance in Initializing drivers ****
2022-02-16 12:34:50 INFO  Printflow:145 - Starting before test method ::Printflow
2022-02-16 12:34:57 INFO  Printflow:145 - Navigate to url https://stage.boschtoolservice.com/hu/hu/boschdiy/spareparts/search
2022-02-16 12:34:57 INFO  Printflow:145 - CloseConsent Element is displayed
2022-02-16 12:34:57 INFO  Printflow:145 - click on element CloseConsent
2022-02-16 12:34:57 INFO  Printflow:145 - Consent Closed
2022-02-16 12:34:58 INFO  Printflow:145 - Input element is displayed
2022-02-16 12:34:58 INFO  Printflow:145 - input Element is displayed
2022-02-16 12:34:58 INFO  Printflow:145 - 0600845B50 is entered in element input
2022-02-16 12:34:58 INFO  Printflow:145 - search Element is displayed
2022-02-16 12:35:00 INFO  Printflow:145 - click on element search
2022-02-16 12:35:00 INFO  Printflow:145 - Input Field found
2022-02-16 12:35:00 INFO  Printflow:145 - Application Opened Successfully and Baretool number foundhttps://stage.boschtoolservice.com/hu/hu/boschdiy/spareparts/search
2022-02-16 12:35:00 INFO  Printflow:145 - SingleFilter Element is displayed
2022-02-16 12:35:01 INFO  Printflow:145 - click on element SingleFilter
2022-02-16 12:35:01 INFO  Printflow:145 - Result Selected
2022-02-16 12:35:07 INFO  Printflow:145 - ProductInformation element is displayed
2022-02-16 12:35:07 INFO  Printflow:145 - ProductInformation Available
2022-02-16 12:35:08 INFO  Printflow:145 - dremeladdtocart Element is displayed
2022-02-16 12:35:09 INFO  Printflow:145 - click on element dremeladdtocart
2022-02-16 12:35:10 INFO  Printflow:145 - dremeladdtocart Element is displayed
2022-02-16 12:35:10 INFO  Printflow:145 - click on element dremeladdtocart
2022-02-16 12:35:11 INFO  Printflow:145 - dremeladdtocart Element is displayed
2022-02-16 12:35:11 INFO  Printflow:145 - click on element dremeladdtocart
2022-02-16 12:35:12 INFO  Printflow:145 - dremeladdtocart Element is displayed
2022-02-16 12:35:12 INFO  Printflow:145 - click on element dremeladdtocart
2022-02-16 12:35:13 INFO  Printflow:145 - dremeladdtocart Element is displayed
2022-02-16 12:35:14 INFO  Printflow:145 - click on element dremeladdtocart
2022-02-16 12:35:20 INFO  Printflow:145 - Add to cart Successful
2022-02-16 12:35:20 INFO  Printflow:145 - minishoppingcart Element is displayed
2022-02-16 12:35:28 INFO  Printflow:145 - click on element minishoppingcart
2022-02-16 12:35:28 INFO  Printflow:145 - Clicked on Minishopping cart
2022-02-16 12:35:32 WARN  Printflow:150 - Unable to locate webelement. Object Name: PrintPdf
2022-02-16 12:35:32 ERROR Printflow:147 - PrintPdf element is not displayed Exception: null
java.lang.Throwable: PrintPdf element is not displayed Exception: null
	at reportingLibrary.Logger.log(Logger.java:147)
	at supportLibrary.CommonFunction.elementIsDisplayed(CommonFunction.java:99)
	at pages.web.AdvancedSearch.minishoppingcartPrint(AdvancedSearch.java:373)
	at test.Print.Printflow(Print.java:19)
	at sun.reflect.NativeMethodAccessorImpl.invoke0(Native Method)
	at sun.reflect.NativeMethodAccessorImpl.invoke(NativeMethodAccessorImpl.java:62)
	at sun.reflect.DelegatingMethodAccessorImpl.invoke(DelegatingMethodAccessorImpl.java:43)
	at java.lang.reflect.Method.invoke(Method.java:498)
	at org.testng.internal.MethodInvocationHelper.invokeMethod(MethodInvocationHelper.java:124)
	at org.testng.internal.Invoker.invokeMethod(Invoker.java:583)
	at org.testng.internal.Invoker.invokeTestMethod(Invoker.java:719)
	at org.testng.internal.Invoker.invokeTestMethods(Invoker.java:989)
	at org.testng.internal.TestMethodWorker.invokeTestMethods(TestMethodWorker.java:125)
	at org.testng.internal.TestMethodWorker.run(TestMethodWorker.java:109)
	at org.testng.TestRunner.privateRun(TestRunner.java:648)
	at org.testng.TestRunner.run(TestRunner.java:505)
	at org.testng.SuiteRunner.runTest(SuiteRunner.java:455)
	at org.testng.SuiteRunner.access$000(SuiteRunner.java:40)
	at org.testng.SuiteRunner$SuiteWorker.run(SuiteRunner.java:489)
	at org.testng.internal.thread.ThreadUtil$1.call(ThreadUtil.java:52)
	at java.util.concurrent.FutureTask.run(FutureTask.java:266)
	at java.util.concurrent.ThreadPoolExecutor.runWorker(ThreadPoolExecutor.java:1149)
	at java.util.concurrent.ThreadPoolExecutor$Worker.run(ThreadPoolExecutor.java:624)
	at java.lang.Thread.run(Thread.java:748)
2022-02-16 12:35:32 ERROR Printflow:85 - PrintPdf option Not Available
2022-02-16 12:35:32 INFO  Printflow:145 - In after test method ::Printflow
2022-02-16 12:35:32 DEBUG cache:45 - Couldn't find template in cache for "Extent.ftl"("en_US", UTF-8, parsed); will try to load it.
2022-02-16 12:35:32 DEBUG cache:45 - TemplateLoader.findTemplateSource("Extent_en_US.ftl"): Not found
2022-02-16 12:35:32 DEBUG cache:45 - TemplateLoader.findTemplateSource("Extent_en.ftl"): Not found
2022-02-16 12:35:32 DEBUG cache:45 - TemplateLoader.findTemplateSource("Extent.ftl"): Found
2022-02-16 12:35:32 DEBUG cache:45 - Loading template for "Extent.ftl"("en_US", UTF-8, parsed) from "jar:file:/C:/Users/UXS1KOR/.m2/repository/com/relevantcodes/extentreports/2.41.2/extentreports-2.41.2.jar!/com/relevantcodes/extentreports/view/Extent.ftl"
2022-02-16 12:35:32 INFO  Printflow:145 - No child test to execute, flushing report
2022-02-16 12:35:33 INFO  Printflow:145 - Terminate driver session in after test method
2022-02-16 12:35:33 INFO  SkillNavigation:145 - Starting before test method ::SkillNavigation
2022-02-16 12:35:33 INFO  SkillNavigation:145 - **** Initializing drivers ****chrome 
2022-02-16 12:35:33 INFO  SkillNavigation:145 - Initializing driver session for local execution
2022-02-16 12:35:35 INFO  SkillNavigation:145 - Driver is initizialied
2022-02-16 12:35:35 INFO  SkillNavigation:145 - **** driver instance in Initializing drivers ****
2022-02-16 12:35:35 INFO  SkillNavigation:145 - Starting before test method ::SkillNavigation
2022-02-16 12:35:47 INFO  SkillNavigation:145 - Navigate to url https://stage.boschtoolservice.com/hu/hu/skil/spareparts/search
2022-02-16 12:35:47 WARN  SkillNavigation:150 - Unable to locate webelement. Object Name: youtube_SK
2022-02-16 12:35:47 ERROR SkillNavigation:147 - youtube_SK element is not displayed Exception: null
java.lang.Throwable: youtube_SK element is not displayed Exception: null
	at reportingLibrary.Logger.log(Logger.java:147)
	at supportLibrary.CommonFunction.elementIsDisplayed(CommonFunction.java:99)
	at pages.web.FirstPage.launchskill(FirstPage.java:206)
	at test.Skill_Closed.SkillNavigation(Skill_Closed.java:16)
	at sun.reflect.NativeMethodAccessorImpl.invoke0(Native Method)
	at sun.reflect.NativeMethodAccessorImpl.invoke(NativeMethodAccessorImpl.java:62)
	at sun.reflect.DelegatingMethodAccessorImpl.invoke(DelegatingMethodAccessorImpl.java:43)
	at java.lang.reflect.Method.invoke(Method.java:498)
	at org.testng.internal.MethodInvocationHelper.invokeMethod(MethodInvocationHelper.java:124)
	at org.testng.internal.Invoker.invokeMethod(Invoker.java:583)
	at org.testng.internal.Invoker.invokeTestMethod(Invoker.java:719)
	at org.testng.internal.Invoker.invokeTestMethods(Invoker.java:989)
	at org.testng.internal.TestMethodWorker.invokeTestMethods(TestMethodWorker.java:125)
	at org.testng.internal.TestMethodWorker.run(TestMethodWorker.java:109)
	at org.testng.TestRunner.privateRun(TestRunner.java:648)
	at org.testng.TestRunner.run(TestRunner.java:505)
	at org.testng.SuiteRunner.runTest(SuiteRunner.java:455)
	at org.testng.SuiteRunner.access$000(SuiteRunner.java:40)
	at org.testng.SuiteRunner$SuiteWorker.run(SuiteRunner.java:489)
	at org.testng.internal.thread.ThreadUtil$1.call(ThreadUtil.java:52)
	at java.util.concurrent.FutureTask.run(FutureTask.java:266)
	at java.util.concurrent.ThreadPoolExecutor.runWorker(ThreadPoolExecutor.java:1149)
	at java.util.concurrent.ThreadPoolExecutor$Worker.run(ThreadPoolExecutor.java:624)
	at java.lang.Thread.run(Thread.java:748)
2022-02-16 12:35:47 ERROR SkillNavigation:85 - Exception while launching application URL
2022-02-16 12:35:47 INFO  SkillNavigation:145 - In after test method ::SkillNavigation
2022-02-16 12:35:47 DEBUG cache:45 - Couldn't find template in cache for "Extent.ftl"("en_US", UTF-8, parsed); will try to load it.
2022-02-16 12:35:47 DEBUG cache:45 - TemplateLoader.findTemplateSource("Extent_en_US.ftl"): Not found
2022-02-16 12:35:47 DEBUG cache:45 - TemplateLoader.findTemplateSource("Extent_en.ftl"): Not found
2022-02-16 12:35:47 DEBUG cache:45 - TemplateLoader.findTemplateSource("Extent.ftl"): Found
2022-02-16 12:35:47 DEBUG cache:45 - Loading template for "Extent.ftl"("en_US", UTF-8, parsed) from "jar:file:/C:/Users/UXS1KOR/.m2/repository/com/relevantcodes/extentreports/2.41.2/extentreports-2.41.2.jar!/com/relevantcodes/extentreports/view/Extent.ftl"
2022-02-16 12:35:47 INFO  SkillNavigation:145 - No child test to execute, flushing report
2022-02-16 12:35:48 INFO  SkillNavigation:145 - Terminate driver session in after test method
2022-02-16 12:35:48 INFO  PrintDremel:145 - Starting before test method ::PrintDremel
2022-02-16 12:35:48 INFO  PrintDremel:145 - **** Initializing drivers ****chrome 
2022-02-16 12:35:48 INFO  PrintDremel:145 - Initializing driver session for local execution
2022-02-16 12:35:50 INFO  PrintDremel:145 - Driver is initizialied
2022-02-16 12:35:50 INFO  PrintDremel:145 - **** driver instance in Initializing drivers ****
2022-02-16 12:35:50 INFO  PrintDremel:145 - Starting before test method ::PrintDremel
2022-02-16 12:35:56 INFO  PrintDremel:145 - Navigate to url https://stage.boschtoolservice.com/hu/hu/dremel/spareparts/search
2022-02-16 12:35:56 INFO  PrintDremel:145 - CloseConsent Element is displayed
2022-02-16 12:35:56 INFO  PrintDremel:145 - click on element CloseConsent
2022-02-16 12:35:56 INFO  PrintDremel:145 - Consent Closed
2022-02-16 12:35:58 INFO  PrintDremel:145 - Input element is displayed
2022-02-16 12:35:58 INFO  PrintDremel:145 - input Element is displayed
2022-02-16 12:35:58 INFO  PrintDremel:145 - F013027500 is entered in element input
2022-02-16 12:35:58 INFO  PrintDremel:145 - search Element is displayed
2022-02-16 12:35:59 INFO  PrintDremel:145 - click on element search
2022-02-16 12:35:59 INFO  PrintDremel:145 - Input Field found
2022-02-16 12:35:59 INFO  PrintDremel:145 - Application Opened Successfully and Baretool number foundhttps://stage.boschtoolservice.com/hu/hu/dremel/spareparts/search
2022-02-16 12:35:59 INFO  PrintDremel:145 - SingleFilter Element is displayed
2022-02-16 12:36:01 INFO  PrintDremel:145 - click on element SingleFilter
2022-02-16 12:36:01 INFO  PrintDremel:145 - Result Selected
2022-02-16 12:36:07 INFO  PrintDremel:145 - ProductInformation element is displayed
2022-02-16 12:36:07 INFO  PrintDremel:145 - ProductInformation Available
2022-02-16 12:36:08 INFO  PrintDremel:145 - dremeladdtocart Element is displayed
2022-02-16 12:36:08 INFO  PrintDremel:145 - click on element dremeladdtocart
2022-02-16 12:36:09 INFO  PrintDremel:145 - dremeladdtocart Element is displayed
2022-02-16 12:36:09 INFO  PrintDremel:145 - click on element dremeladdtocart
2022-02-16 12:36:10 INFO  PrintDremel:145 - dremeladdtocart Element is displayed
2022-02-16 12:36:10 INFO  PrintDremel:145 - click on element dremeladdtocart
2022-02-16 12:36:12 INFO  PrintDremel:145 - dremeladdtocart Element is displayed
2022-02-16 12:36:12 INFO  PrintDremel:145 - click on element dremeladdtocart
2022-02-16 12:36:13 INFO  PrintDremel:145 - dremeladdtocart Element is displayed
2022-02-16 12:36:13 INFO  PrintDremel:145 - click on element dremeladdtocart
2022-02-16 12:36:19 INFO  PrintDremel:145 - Add to cart Successful
2022-02-16 12:36:19 INFO  PrintDremel:145 - minishoppingcart Element is displayed
2022-02-16 12:36:29 INFO  PrintDremel:145 - click on element minishoppingcart
2022-02-16 12:36:29 INFO  PrintDremel:145 - Clicked on Minishopping cart
2022-02-16 12:36:33 WARN  PrintDremel:150 - Unable to locate webelement. Object Name: PrintPdf
2022-02-16 12:36:33 ERROR PrintDremel:147 - PrintPdf element is not displayed Exception: null
java.lang.Throwable: PrintPdf element is not displayed Exception: null
	at reportingLibrary.Logger.log(Logger.java:147)
	at supportLibrary.CommonFunction.elementIsDisplayed(CommonFunction.java:99)
	at pages.web.AdvancedSearch.minishoppingcartPrint(AdvancedSearch.java:373)
	at test.Print_Dremel.PrintDremel(Print_Dremel.java:19)
	at sun.reflect.NativeMethodAccessorImpl.invoke0(Native Method)
	at sun.reflect.NativeMethodAccessorImpl.invoke(NativeMethodAccessorImpl.java:62)
	at sun.reflect.DelegatingMethodAccessorImpl.invoke(DelegatingMethodAccessorImpl.java:43)
	at java.lang.reflect.Method.invoke(Method.java:498)
	at org.testng.internal.MethodInvocationHelper.invokeMethod(MethodInvocationHelper.java:124)
	at org.testng.internal.Invoker.invokeMethod(Invoker.java:583)
	at org.testng.internal.Invoker.invokeTestMethod(Invoker.java:719)
	at org.testng.internal.Invoker.invokeTestMethods(Invoker.java:989)
	at org.testng.internal.TestMethodWorker.invokeTestMethods(TestMethodWorker.java:125)
	at org.testng.internal.TestMethodWorker.run(TestMethodWorker.java:109)
	at org.testng.TestRunner.privateRun(TestRunner.java:648)
	at org.testng.TestRunner.run(TestRunner.java:505)
	at org.testng.SuiteRunner.runTest(SuiteRunner.java:455)
	at org.testng.SuiteRunner.access$000(SuiteRunner.java:40)
	at org.testng.SuiteRunner$SuiteWorker.run(SuiteRunner.java:489)
	at org.testng.internal.thread.ThreadUtil$1.call(ThreadUtil.java:52)
	at java.util.concurrent.FutureTask.run(FutureTask.java:266)
	at java.util.concurrent.ThreadPoolExecutor.runWorker(ThreadPoolExecutor.java:1149)
	at java.util.concurrent.ThreadPoolExecutor$Worker.run(ThreadPoolExecutor.java:624)
	at java.lang.Thread.run(Thread.java:748)
2022-02-16 12:36:34 ERROR PrintDremel:85 - PrintPdf option Not Available
2022-02-16 12:36:34 INFO  PrintDremel:145 - In after test method ::PrintDremel
2022-02-16 12:36:34 DEBUG cache:45 - Couldn't find template in cache for "Extent.ftl"("en_US", UTF-8, parsed); will try to load it.
2022-02-16 12:36:34 DEBUG cache:45 - TemplateLoader.findTemplateSource("Extent_en_US.ftl"): Not found
2022-02-16 12:36:34 DEBUG cache:45 - TemplateLoader.findTemplateSource("Extent_en.ftl"): Not found
2022-02-16 12:36:34 DEBUG cache:45 - TemplateLoader.findTemplateSource("Extent.ftl"): Found
2022-02-16 12:36:34 DEBUG cache:45 - Loading template for "Extent.ftl"("en_US", UTF-8, parsed) from "jar:file:/C:/Users/UXS1KOR/.m2/repository/com/relevantcodes/extentreports/2.41.2/extentreports-2.41.2.jar!/com/relevantcodes/extentreports/view/Extent.ftl"
2022-02-16 12:36:34 INFO  PrintDremel:145 - No child test to execute, flushing report
2022-02-16 12:36:34 INFO  PrintDremel:145 - Terminate driver session in after test method
