2022-02-16 13:47:27 INFO  Logger:145 - Initializing JSON file and adding to framework
2022-02-16 13:47:27 INFO  Logger:145 - Setting up run configuration
2022-02-16 13:47:27 INFO  Printflow:145 - Starting before test method ::Printflow
2022-02-16 13:47:27 INFO  Printflow:145 - **** Initializing drivers ****chrome 
2022-02-16 13:47:27 INFO  Printflow:145 - Initializing driver session for local execution
2022-02-16 13:47:30 INFO  Printflow:145 - Driver is initizialied
2022-02-16 13:47:30 INFO  Printflow:145 - **** driver instance in Initializing drivers ****
2022-02-16 13:47:30 INFO  Printflow:145 - Starting before test method ::Printflow
2022-02-16 13:47:36 INFO  Printflow:145 - Navigate to url https://stage.boschtoolservice.com/it/it/boschdiy/spareparts/search
2022-02-16 13:47:36 INFO  Printflow:145 - CloseConsent Element is displayed
2022-02-16 13:47:36 INFO  Printflow:145 - click on element CloseConsent
2022-02-16 13:47:36 INFO  Printflow:145 - Consent Closed
2022-02-16 13:47:38 INFO  Printflow:145 - Input element is displayed
2022-02-16 13:47:38 INFO  Printflow:145 - input Element is displayed
2022-02-16 13:47:38 INFO  Printflow:145 - 0600845B50 is entered in element input
2022-02-16 13:47:38 INFO  Printflow:145 - search Element is displayed
2022-02-16 13:47:41 INFO  Printflow:145 - click on element search
2022-02-16 13:47:41 INFO  Printflow:145 - Input Field found
2022-02-16 13:47:41 INFO  Printflow:145 - Application Opened Successfully and Baretool number foundhttps://stage.boschtoolservice.com/it/it/boschdiy/spareparts/search
2022-02-16 13:47:41 INFO  Printflow:145 - SingleFilter Element is displayed
2022-02-16 13:47:42 INFO  Printflow:145 - click on element SingleFilter
2022-02-16 13:47:42 INFO  Printflow:145 - Result Selected
2022-02-16 13:47:48 INFO  Printflow:145 - ProductInformation element is displayed
2022-02-16 13:47:48 INFO  Printflow:145 - ProductInformation Available
2022-02-16 13:47:49 INFO  Printflow:145 - dremeladdtocart Element is displayed
2022-02-16 13:47:50 INFO  Printflow:145 - click on element dremeladdtocart
2022-02-16 13:47:51 INFO  Printflow:145 - dremeladdtocart Element is displayed
2022-02-16 13:47:51 INFO  Printflow:145 - click on element dremeladdtocart
2022-02-16 13:47:52 INFO  Printflow:145 - dremeladdtocart Element is displayed
2022-02-16 13:47:52 INFO  Printflow:145 - click on element dremeladdtocart
2022-02-16 13:47:53 INFO  Printflow:145 - dremeladdtocart Element is displayed
2022-02-16 13:47:53 INFO  Printflow:145 - click on element dremeladdtocart
2022-02-16 13:47:54 INFO  Printflow:145 - dremeladdtocart Element is displayed
2022-02-16 13:47:55 INFO  Printflow:145 - click on element dremeladdtocart
2022-02-16 13:48:01 INFO  Printflow:145 - Add to cart Successful
2022-02-16 13:48:01 INFO  Printflow:145 - minishoppingcart Element is displayed
2022-02-16 13:48:12 INFO  Printflow:145 - click on element minishoppingcart
2022-02-16 13:48:12 INFO  Printflow:145 - Clicked on Minishopping cart
2022-02-16 13:48:16 WARN  Printflow:150 - Unable to locate webelement. Object Name: PrintPdf
2022-02-16 13:48:16 ERROR Printflow:147 - PrintPdf element is not displayed Exception: null
java.lang.Throwable: PrintPdf element is not displayed Exception: null
	at reportingLibrary.Logger.log(Logger.java:147)
	at supportLibrary.CommonFunction.elementIsDisplayed(CommonFunction.java:99)
	at pages.web.AdvancedSearch.minishoppingcartPrint(AdvancedSearch.java:373)
	at test.Print.Printflow(Print.java:19)
	at sun.reflect.NativeMethodAccessorImpl.invoke0(Native Method)
	at sun.reflect.NativeMethodAccessorImpl.invoke(NativeMethodAccessorImpl.java:62)
	at sun.reflect.DelegatingMethodAccessorImpl.invoke(DelegatingMethodAccessorImpl.java:43)
	at java.lang.reflect.Method.invoke(Method.java:498)
	at org.testng.internal.MethodInvocationHelper.invokeMethod(MethodInvocationHelper.java:124)
	at org.testng.internal.Invoker.invokeMethod(Invoker.java:583)
	at org.testng.internal.Invoker.invokeTestMethod(Invoker.java:719)
	at org.testng.internal.Invoker.invokeTestMethods(Invoker.java:989)
	at org.testng.internal.TestMethodWorker.invokeTestMethods(TestMethodWorker.java:125)
	at org.testng.internal.TestMethodWorker.run(TestMethodWorker.java:109)
	at org.testng.TestRunner.privateRun(TestRunner.java:648)
	at org.testng.TestRunner.run(TestRunner.java:505)
	at org.testng.SuiteRunner.runTest(SuiteRunner.java:455)
	at org.testng.SuiteRunner.access$000(SuiteRunner.java:40)
	at org.testng.SuiteRunner$SuiteWorker.run(SuiteRunner.java:489)
	at org.testng.internal.thread.ThreadUtil$1.call(ThreadUtil.java:52)
	at java.util.concurrent.FutureTask.run(FutureTask.java:266)
	at java.util.concurrent.ThreadPoolExecutor.runWorker(ThreadPoolExecutor.java:1149)
	at java.util.concurrent.ThreadPoolExecutor$Worker.run(ThreadPoolExecutor.java:624)
	at java.lang.Thread.run(Thread.java:748)
2022-02-16 13:48:16 ERROR Printflow:85 - PrintPdf option Not Available
2022-02-16 13:48:16 INFO  Printflow:145 - In after test method ::Printflow
2022-02-16 13:48:16 DEBUG cache:45 - Couldn't find template in cache for "Extent.ftl"("en_US", UTF-8, parsed); will try to load it.
2022-02-16 13:48:16 DEBUG cache:45 - TemplateLoader.findTemplateSource("Extent_en_US.ftl"): Not found
2022-02-16 13:48:16 DEBUG cache:45 - TemplateLoader.findTemplateSource("Extent_en.ftl"): Not found
2022-02-16 13:48:16 DEBUG cache:45 - TemplateLoader.findTemplateSource("Extent.ftl"): Found
2022-02-16 13:48:16 DEBUG cache:45 - Loading template for "Extent.ftl"("en_US", UTF-8, parsed) from "jar:file:/C:/Users/UXS1KOR/.m2/repository/com/relevantcodes/extentreports/2.41.2/extentreports-2.41.2.jar!/com/relevantcodes/extentreports/view/Extent.ftl"
2022-02-16 13:48:16 INFO  Printflow:145 - No child test to execute, flushing report
2022-02-16 13:48:17 INFO  Printflow:145 - Terminate driver session in after test method
2022-02-16 13:48:17 INFO  Printflow:145 - Starting before test method ::Printflow
2022-02-16 13:48:17 INFO  Printflow:145 - **** Initializing drivers ****chrome 
2022-02-16 13:48:17 INFO  Printflow:145 - Initializing driver session for local execution
2022-02-16 13:48:19 INFO  Printflow:145 - Driver is initizialied
2022-02-16 13:48:19 INFO  Printflow:145 - **** driver instance in Initializing drivers ****
2022-02-16 13:48:19 INFO  Printflow:145 - Starting before test method ::Printflow
2022-02-16 13:48:26 INFO  Printflow:145 - Navigate to url https://stage.boschtoolservice.com/it/it/boschprof/spareparts/search
2022-02-16 13:48:26 INFO  Printflow:145 - CloseConsent Element is displayed
2022-02-16 13:48:26 INFO  Printflow:145 - click on element CloseConsent
2022-02-16 13:48:26 INFO  Printflow:145 - Consent Closed
2022-02-16 13:48:27 INFO  Printflow:145 - Input element is displayed
2022-02-16 13:48:27 INFO  Printflow:145 - input Element is displayed
2022-02-16 13:48:27 INFO  Printflow:145 - 0600845B50 is entered in element input
2022-02-16 13:48:27 INFO  Printflow:145 - search Element is displayed
2022-02-16 13:48:30 INFO  Printflow:145 - click on element search
2022-02-16 13:48:30 INFO  Printflow:145 - Input Field found
2022-02-16 13:48:30 INFO  Printflow:145 - Application Opened Successfully and Baretool number foundhttps://stage.boschtoolservice.com/it/it/boschprof/spareparts/search
2022-02-16 13:48:30 INFO  Printflow:145 - SingleFilter Element is displayed
2022-02-16 13:48:32 INFO  Printflow:145 - click on element SingleFilter
2022-02-16 13:48:32 INFO  Printflow:145 - Result Selected
2022-02-16 13:48:38 INFO  Printflow:145 - ProductInformation element is displayed
2022-02-16 13:48:38 INFO  Printflow:145 - ProductInformation Available
2022-02-16 13:48:39 INFO  Printflow:145 - dremeladdtocart Element is displayed
2022-02-16 13:48:39 INFO  Printflow:145 - click on element dremeladdtocart
2022-02-16 13:48:40 INFO  Printflow:145 - dremeladdtocart Element is displayed
2022-02-16 13:48:41 INFO  Printflow:145 - click on element dremeladdtocart
2022-02-16 13:48:42 INFO  Printflow:145 - dremeladdtocart Element is displayed
2022-02-16 13:48:42 INFO  Printflow:145 - click on element dremeladdtocart
2022-02-16 13:48:43 INFO  Printflow:145 - dremeladdtocart Element is displayed
2022-02-16 13:48:43 INFO  Printflow:145 - click on element dremeladdtocart
2022-02-16 13:48:44 INFO  Printflow:145 - dremeladdtocart Element is displayed
2022-02-16 13:48:44 INFO  Printflow:145 - click on element dremeladdtocart
2022-02-16 13:48:50 INFO  Printflow:145 - Add to cart Successful
2022-02-16 13:48:50 INFO  Printflow:145 - minishoppingcart Element is displayed
2022-02-16 13:49:00 INFO  Printflow:145 - click on element minishoppingcart
2022-02-16 13:49:00 INFO  Printflow:145 - Clicked on Minishopping cart
2022-02-16 13:49:04 WARN  Printflow:150 - Unable to locate webelement. Object Name: PrintPdf
2022-02-16 13:49:04 ERROR Printflow:147 - PrintPdf element is not displayed Exception: null
java.lang.Throwable: PrintPdf element is not displayed Exception: null
	at reportingLibrary.Logger.log(Logger.java:147)
	at supportLibrary.CommonFunction.elementIsDisplayed(CommonFunction.java:99)
	at pages.web.AdvancedSearch.minishoppingcartPrint(AdvancedSearch.java:373)
	at test.Print.Printflow(Print.java:19)
	at sun.reflect.NativeMethodAccessorImpl.invoke0(Native Method)
	at sun.reflect.NativeMethodAccessorImpl.invoke(NativeMethodAccessorImpl.java:62)
	at sun.reflect.DelegatingMethodAccessorImpl.invoke(DelegatingMethodAccessorImpl.java:43)
	at java.lang.reflect.Method.invoke(Method.java:498)
	at org.testng.internal.MethodInvocationHelper.invokeMethod(MethodInvocationHelper.java:124)
	at org.testng.internal.Invoker.invokeMethod(Invoker.java:583)
	at org.testng.internal.Invoker.invokeTestMethod(Invoker.java:719)
	at org.testng.internal.Invoker.invokeTestMethods(Invoker.java:989)
	at org.testng.internal.TestMethodWorker.invokeTestMethods(TestMethodWorker.java:125)
	at org.testng.internal.TestMethodWorker.run(TestMethodWorker.java:109)
	at org.testng.TestRunner.privateRun(TestRunner.java:648)
	at org.testng.TestRunner.run(TestRunner.java:505)
	at org.testng.SuiteRunner.runTest(SuiteRunner.java:455)
	at org.testng.SuiteRunner.access$000(SuiteRunner.java:40)
	at org.testng.SuiteRunner$SuiteWorker.run(SuiteRunner.java:489)
	at org.testng.internal.thread.ThreadUtil$1.call(ThreadUtil.java:52)
	at java.util.concurrent.FutureTask.run(FutureTask.java:266)
	at java.util.concurrent.ThreadPoolExecutor.runWorker(ThreadPoolExecutor.java:1149)
	at java.util.concurrent.ThreadPoolExecutor$Worker.run(ThreadPoolExecutor.java:624)
	at java.lang.Thread.run(Thread.java:748)
2022-02-16 13:49:04 ERROR Printflow:85 - PrintPdf option Not Available
2022-02-16 13:49:04 INFO  Printflow:145 - In after test method ::Printflow
2022-02-16 13:49:04 DEBUG cache:45 - Couldn't find template in cache for "Extent.ftl"("en_US", UTF-8, parsed); will try to load it.
2022-02-16 13:49:04 DEBUG cache:45 - TemplateLoader.findTemplateSource("Extent_en_US.ftl"): Not found
2022-02-16 13:49:04 DEBUG cache:45 - TemplateLoader.findTemplateSource("Extent_en.ftl"): Not found
2022-02-16 13:49:04 DEBUG cache:45 - TemplateLoader.findTemplateSource("Extent.ftl"): Found
2022-02-16 13:49:04 DEBUG cache:45 - Loading template for "Extent.ftl"("en_US", UTF-8, parsed) from "jar:file:/C:/Users/UXS1KOR/.m2/repository/com/relevantcodes/extentreports/2.41.2/extentreports-2.41.2.jar!/com/relevantcodes/extentreports/view/Extent.ftl"
2022-02-16 13:49:04 INFO  Printflow:145 - No child test to execute, flushing report
2022-02-16 13:49:05 INFO  Printflow:145 - Terminate driver session in after test method
2022-02-16 13:49:05 INFO  Printflow:145 - Starting before test method ::Printflow
2022-02-16 13:49:05 INFO  Printflow:145 - **** Initializing drivers ****chrome 
2022-02-16 13:49:05 INFO  Printflow:145 - Initializing driver session for local execution
2022-02-16 13:49:07 INFO  Printflow:145 - Driver is initizialied
2022-02-16 13:49:07 INFO  Printflow:145 - **** driver instance in Initializing drivers ****
2022-02-16 13:49:07 INFO  Printflow:145 - Starting before test method ::Printflow
2022-02-16 13:49:13 INFO  Printflow:145 - Navigate to url https://stage.boschtoolservice.com/it/it/bosch-pt/spareparts/search
2022-02-16 13:49:13 INFO  Printflow:145 - CloseConsent Element is displayed
2022-02-16 13:49:14 INFO  Printflow:145 - click on element CloseConsent
2022-02-16 13:49:14 INFO  Printflow:145 - Consent Closed
2022-02-16 13:49:15 INFO  Printflow:145 - Input element is displayed
2022-02-16 13:49:15 INFO  Printflow:145 - input Element is displayed
2022-02-16 13:49:15 INFO  Printflow:145 - 0600845B50 is entered in element input
2022-02-16 13:49:15 INFO  Printflow:145 - search Element is displayed
2022-02-16 13:49:17 INFO  Printflow:145 - click on element search
2022-02-16 13:49:17 INFO  Printflow:145 - Input Field found
2022-02-16 13:49:17 INFO  Printflow:145 - Application Opened Successfully and Baretool number foundhttps://stage.boschtoolservice.com/it/it/bosch-pt/spareparts/search
2022-02-16 13:49:17 INFO  Printflow:145 - SingleFilter Element is displayed
2022-02-16 13:49:19 INFO  Printflow:145 - click on element SingleFilter
2022-02-16 13:49:19 INFO  Printflow:145 - Result Selected
2022-02-16 13:49:25 INFO  Printflow:145 - ProductInformation element is displayed
2022-02-16 13:49:25 INFO  Printflow:145 - ProductInformation Available
2022-02-16 13:49:26 INFO  Printflow:145 - dremeladdtocart Element is displayed
2022-02-16 13:49:26 INFO  Printflow:145 - click on element dremeladdtocart
2022-02-16 13:49:27 INFO  Printflow:145 - dremeladdtocart Element is displayed
2022-02-16 13:49:27 INFO  Printflow:145 - click on element dremeladdtocart
2022-02-16 13:49:29 INFO  Printflow:145 - dremeladdtocart Element is displayed
2022-02-16 13:49:29 INFO  Printflow:145 - click on element dremeladdtocart
2022-02-16 13:49:30 INFO  Printflow:145 - dremeladdtocart Element is displayed
2022-02-16 13:49:30 INFO  Printflow:145 - click on element dremeladdtocart
2022-02-16 13:49:31 INFO  Printflow:145 - dremeladdtocart Element is displayed
2022-02-16 13:49:31 INFO  Printflow:145 - click on element dremeladdtocart
2022-02-16 13:49:37 INFO  Printflow:145 - Add to cart Successful
2022-02-16 13:49:37 INFO  Printflow:145 - minishoppingcart Element is displayed
2022-02-16 13:49:48 INFO  Printflow:145 - click on element minishoppingcart
2022-02-16 13:49:48 INFO  Printflow:145 - Clicked on Minishopping cart
2022-02-16 13:49:52 WARN  Printflow:150 - Unable to locate webelement. Object Name: PrintPdf
2022-02-16 13:49:52 ERROR Printflow:147 - PrintPdf element is not displayed Exception: null
java.lang.Throwable: PrintPdf element is not displayed Exception: null
	at reportingLibrary.Logger.log(Logger.java:147)
	at supportLibrary.CommonFunction.elementIsDisplayed(CommonFunction.java:99)
	at pages.web.AdvancedSearch.minishoppingcartPrint(AdvancedSearch.java:373)
	at test.Print.Printflow(Print.java:19)
	at sun.reflect.NativeMethodAccessorImpl.invoke0(Native Method)
	at sun.reflect.NativeMethodAccessorImpl.invoke(NativeMethodAccessorImpl.java:62)
	at sun.reflect.DelegatingMethodAccessorImpl.invoke(DelegatingMethodAccessorImpl.java:43)
	at java.lang.reflect.Method.invoke(Method.java:498)
	at org.testng.internal.MethodInvocationHelper.invokeMethod(MethodInvocationHelper.java:124)
	at org.testng.internal.Invoker.invokeMethod(Invoker.java:583)
	at org.testng.internal.Invoker.invokeTestMethod(Invoker.java:719)
	at org.testng.internal.Invoker.invokeTestMethods(Invoker.java:989)
	at org.testng.internal.TestMethodWorker.invokeTestMethods(TestMethodWorker.java:125)
	at org.testng.internal.TestMethodWorker.run(TestMethodWorker.java:109)
	at org.testng.TestRunner.privateRun(TestRunner.java:648)
	at org.testng.TestRunner.run(TestRunner.java:505)
	at org.testng.SuiteRunner.runTest(SuiteRunner.java:455)
	at org.testng.SuiteRunner.access$000(SuiteRunner.java:40)
	at org.testng.SuiteRunner$SuiteWorker.run(SuiteRunner.java:489)
	at org.testng.internal.thread.ThreadUtil$1.call(ThreadUtil.java:52)
	at java.util.concurrent.FutureTask.run(FutureTask.java:266)
	at java.util.concurrent.ThreadPoolExecutor.runWorker(ThreadPoolExecutor.java:1149)
	at java.util.concurrent.ThreadPoolExecutor$Worker.run(ThreadPoolExecutor.java:624)
	at java.lang.Thread.run(Thread.java:748)
2022-02-16 13:49:53 ERROR Printflow:85 - PrintPdf option Not Available
2022-02-16 13:49:53 INFO  Printflow:145 - In after test method ::Printflow
2022-02-16 13:49:53 DEBUG cache:45 - Couldn't find template in cache for "Extent.ftl"("en_US", UTF-8, parsed); will try to load it.
2022-02-16 13:49:53 DEBUG cache:45 - TemplateLoader.findTemplateSource("Extent_en_US.ftl"): Not found
2022-02-16 13:49:53 DEBUG cache:45 - TemplateLoader.findTemplateSource("Extent_en.ftl"): Not found
2022-02-16 13:49:53 DEBUG cache:45 - TemplateLoader.findTemplateSource("Extent.ftl"): Found
2022-02-16 13:49:53 DEBUG cache:45 - Loading template for "Extent.ftl"("en_US", UTF-8, parsed) from "jar:file:/C:/Users/UXS1KOR/.m2/repository/com/relevantcodes/extentreports/2.41.2/extentreports-2.41.2.jar!/com/relevantcodes/extentreports/view/Extent.ftl"
2022-02-16 13:49:53 INFO  Printflow:145 - No child test to execute, flushing report
2022-02-16 13:49:54 INFO  Printflow:145 - Terminate driver session in after test method
2022-02-16 13:49:54 INFO  SkillNavigation:145 - Starting before test method ::SkillNavigation
2022-02-16 13:49:54 INFO  SkillNavigation:145 - **** Initializing drivers ****chrome 
2022-02-16 13:49:54 INFO  SkillNavigation:145 - Initializing driver session for local execution
2022-02-16 13:49:56 INFO  SkillNavigation:145 - Driver is initizialied
2022-02-16 13:49:56 INFO  SkillNavigation:145 - **** driver instance in Initializing drivers ****
2022-02-16 13:49:56 INFO  SkillNavigation:145 - Starting before test method ::SkillNavigation
2022-02-16 13:50:12 INFO  SkillNavigation:145 - Navigate to url https://stage.boschtoolservice.com/it/it/skil/spareparts/search
2022-02-16 13:50:13 WARN  SkillNavigation:150 - Unable to locate webelement. Object Name: youtube_SK
2022-02-16 13:50:13 ERROR SkillNavigation:147 - youtube_SK element is not displayed Exception: null
java.lang.Throwable: youtube_SK element is not displayed Exception: null
	at reportingLibrary.Logger.log(Logger.java:147)
	at supportLibrary.CommonFunction.elementIsDisplayed(CommonFunction.java:99)
	at pages.web.FirstPage.launchskill(FirstPage.java:206)
	at test.Skill_Closed.SkillNavigation(Skill_Closed.java:16)
	at sun.reflect.NativeMethodAccessorImpl.invoke0(Native Method)
	at sun.reflect.NativeMethodAccessorImpl.invoke(NativeMethodAccessorImpl.java:62)
	at sun.reflect.DelegatingMethodAccessorImpl.invoke(DelegatingMethodAccessorImpl.java:43)
	at java.lang.reflect.Method.invoke(Method.java:498)
	at org.testng.internal.MethodInvocationHelper.invokeMethod(MethodInvocationHelper.java:124)
	at org.testng.internal.Invoker.invokeMethod(Invoker.java:583)
	at org.testng.internal.Invoker.invokeTestMethod(Invoker.java:719)
	at org.testng.internal.Invoker.invokeTestMethods(Invoker.java:989)
	at org.testng.internal.TestMethodWorker.invokeTestMethods(TestMethodWorker.java:125)
	at org.testng.internal.TestMethodWorker.run(TestMethodWorker.java:109)
	at org.testng.TestRunner.privateRun(TestRunner.java:648)
	at org.testng.TestRunner.run(TestRunner.java:505)
	at org.testng.SuiteRunner.runTest(SuiteRunner.java:455)
	at org.testng.SuiteRunner.access$000(SuiteRunner.java:40)
	at org.testng.SuiteRunner$SuiteWorker.run(SuiteRunner.java:489)
	at org.testng.internal.thread.ThreadUtil$1.call(ThreadUtil.java:52)
	at java.util.concurrent.FutureTask.run(FutureTask.java:266)
	at java.util.concurrent.ThreadPoolExecutor.runWorker(ThreadPoolExecutor.java:1149)
	at java.util.concurrent.ThreadPoolExecutor$Worker.run(ThreadPoolExecutor.java:624)
	at java.lang.Thread.run(Thread.java:748)
2022-02-16 13:50:13 ERROR SkillNavigation:85 - Exception while launching application URL
2022-02-16 13:50:13 INFO  SkillNavigation:145 - In after test method ::SkillNavigation
2022-02-16 13:50:13 DEBUG cache:45 - Couldn't find template in cache for "Extent.ftl"("en_US", UTF-8, parsed); will try to load it.
2022-02-16 13:50:13 DEBUG cache:45 - TemplateLoader.findTemplateSource("Extent_en_US.ftl"): Not found
2022-02-16 13:50:13 DEBUG cache:45 - TemplateLoader.findTemplateSource("Extent_en.ftl"): Not found
2022-02-16 13:50:13 DEBUG cache:45 - TemplateLoader.findTemplateSource("Extent.ftl"): Found
2022-02-16 13:50:13 DEBUG cache:45 - Loading template for "Extent.ftl"("en_US", UTF-8, parsed) from "jar:file:/C:/Users/UXS1KOR/.m2/repository/com/relevantcodes/extentreports/2.41.2/extentreports-2.41.2.jar!/com/relevantcodes/extentreports/view/Extent.ftl"
2022-02-16 13:50:13 INFO  SkillNavigation:145 - No child test to execute, flushing report
2022-02-16 13:50:14 INFO  SkillNavigation:145 - Terminate driver session in after test method
2022-02-16 13:50:14 INFO  PrintDremel:145 - Starting before test method ::PrintDremel
2022-02-16 13:50:14 INFO  PrintDremel:145 - **** Initializing drivers ****chrome 
2022-02-16 13:50:14 INFO  PrintDremel:145 - Initializing driver session for local execution
2022-02-16 13:50:16 INFO  PrintDremel:145 - Driver is initizialied
2022-02-16 13:50:16 INFO  PrintDremel:145 - **** driver instance in Initializing drivers ****
2022-02-16 13:50:16 INFO  PrintDremel:145 - Starting before test method ::PrintDremel
2022-02-16 13:50:23 INFO  PrintDremel:145 - Navigate to url https://stage.boschtoolservice.com/it/it/dremel/spareparts/search
2022-02-16 13:50:23 INFO  PrintDremel:145 - CloseConsent Element is displayed
2022-02-16 13:50:24 INFO  PrintDremel:145 - click on element CloseConsent
2022-02-16 13:50:24 INFO  PrintDremel:145 - Consent Closed
2022-02-16 13:50:25 INFO  PrintDremel:145 - Input element is displayed
2022-02-16 13:50:25 INFO  PrintDremel:145 - input Element is displayed
2022-02-16 13:50:25 INFO  PrintDremel:145 - F013027500 is entered in element input
2022-02-16 13:50:25 INFO  PrintDremel:145 - search Element is displayed
2022-02-16 13:50:27 INFO  PrintDremel:145 - click on element search
2022-02-16 13:50:27 INFO  PrintDremel:145 - Input Field found
2022-02-16 13:50:27 INFO  PrintDremel:145 - Application Opened Successfully and Baretool number foundhttps://stage.boschtoolservice.com/it/it/dremel/spareparts/search
2022-02-16 13:50:27 INFO  PrintDremel:145 - SingleFilter Element is displayed
2022-02-16 13:50:28 INFO  PrintDremel:145 - click on element SingleFilter
2022-02-16 13:50:28 INFO  PrintDremel:145 - Result Selected
2022-02-16 13:50:35 INFO  PrintDremel:145 - ProductInformation element is displayed
2022-02-16 13:50:35 INFO  PrintDremel:145 - ProductInformation Available
2022-02-16 13:50:36 INFO  PrintDremel:145 - dremeladdtocart Element is displayed
2022-02-16 13:50:36 INFO  PrintDremel:145 - click on element dremeladdtocart
2022-02-16 13:50:37 INFO  PrintDremel:145 - dremeladdtocart Element is displayed
2022-02-16 13:50:37 INFO  PrintDremel:145 - click on element dremeladdtocart
2022-02-16 13:50:38 INFO  PrintDremel:145 - dremeladdtocart Element is displayed
2022-02-16 13:50:38 INFO  PrintDremel:145 - click on element dremeladdtocart
2022-02-16 13:50:39 INFO  PrintDremel:145 - dremeladdtocart Element is displayed
2022-02-16 13:50:39 INFO  PrintDremel:145 - click on element dremeladdtocart
2022-02-16 13:50:40 INFO  PrintDremel:145 - dremeladdtocart Element is displayed
2022-02-16 13:50:40 INFO  PrintDremel:145 - click on element dremeladdtocart
2022-02-16 13:50:46 INFO  PrintDremel:145 - Add to cart Successful
2022-02-16 13:50:47 INFO  PrintDremel:145 - minishoppingcart Element is displayed
2022-02-16 13:50:57 INFO  PrintDremel:145 - click on element minishoppingcart
2022-02-16 13:50:57 INFO  PrintDremel:145 - Clicked on Minishopping cart
2022-02-16 13:51:01 WARN  PrintDremel:150 - Unable to locate webelement. Object Name: PrintPdf
2022-02-16 13:51:01 ERROR PrintDremel:147 - PrintPdf element is not displayed Exception: null
java.lang.Throwable: PrintPdf element is not displayed Exception: null
	at reportingLibrary.Logger.log(Logger.java:147)
	at supportLibrary.CommonFunction.elementIsDisplayed(CommonFunction.java:99)
	at pages.web.AdvancedSearch.minishoppingcartPrint(AdvancedSearch.java:373)
	at test.Print_Dremel.PrintDremel(Print_Dremel.java:19)
	at sun.reflect.NativeMethodAccessorImpl.invoke0(Native Method)
	at sun.reflect.NativeMethodAccessorImpl.invoke(NativeMethodAccessorImpl.java:62)
	at sun.reflect.DelegatingMethodAccessorImpl.invoke(DelegatingMethodAccessorImpl.java:43)
	at java.lang.reflect.Method.invoke(Method.java:498)
	at org.testng.internal.MethodInvocationHelper.invokeMethod(MethodInvocationHelper.java:124)
	at org.testng.internal.Invoker.invokeMethod(Invoker.java:583)
	at org.testng.internal.Invoker.invokeTestMethod(Invoker.java:719)
	at org.testng.internal.Invoker.invokeTestMethods(Invoker.java:989)
	at org.testng.internal.TestMethodWorker.invokeTestMethods(TestMethodWorker.java:125)
	at org.testng.internal.TestMethodWorker.run(TestMethodWorker.java:109)
	at org.testng.TestRunner.privateRun(TestRunner.java:648)
	at org.testng.TestRunner.run(TestRunner.java:505)
	at org.testng.SuiteRunner.runTest(SuiteRunner.java:455)
	at org.testng.SuiteRunner.access$000(SuiteRunner.java:40)
	at org.testng.SuiteRunner$SuiteWorker.run(SuiteRunner.java:489)
	at org.testng.internal.thread.ThreadUtil$1.call(ThreadUtil.java:52)
	at java.util.concurrent.FutureTask.run(FutureTask.java:266)
	at java.util.concurrent.ThreadPoolExecutor.runWorker(ThreadPoolExecutor.java:1149)
	at java.util.concurrent.ThreadPoolExecutor$Worker.run(ThreadPoolExecutor.java:624)
	at java.lang.Thread.run(Thread.java:748)
2022-02-16 13:51:01 ERROR PrintDremel:85 - PrintPdf option Not Available
2022-02-16 13:51:01 INFO  PrintDremel:145 - In after test method ::PrintDremel
2022-02-16 13:51:01 DEBUG cache:45 - Couldn't find template in cache for "Extent.ftl"("en_US", UTF-8, parsed); will try to load it.
2022-02-16 13:51:01 DEBUG cache:45 - TemplateLoader.findTemplateSource("Extent_en_US.ftl"): Not found
2022-02-16 13:51:01 DEBUG cache:45 - TemplateLoader.findTemplateSource("Extent_en.ftl"): Not found
2022-02-16 13:51:01 DEBUG cache:45 - TemplateLoader.findTemplateSource("Extent.ftl"): Found
2022-02-16 13:51:01 DEBUG cache:45 - Loading template for "Extent.ftl"("en_US", UTF-8, parsed) from "jar:file:/C:/Users/UXS1KOR/.m2/repository/com/relevantcodes/extentreports/2.41.2/extentreports-2.41.2.jar!/com/relevantcodes/extentreports/view/Extent.ftl"
2022-02-16 13:51:01 INFO  PrintDremel:145 - No child test to execute, flushing report
2022-02-16 13:51:02 INFO  PrintDremel:145 - Terminate driver session in after test method
2022-02-16 13:51:02 INFO  Printflow:145 - Starting before test method ::Printflow
2022-02-16 13:51:02 INFO  Printflow:145 - **** Initializing drivers ****chrome 
2022-02-16 13:51:02 INFO  Printflow:145 - Initializing driver session for local execution
2022-02-16 13:51:04 INFO  Printflow:145 - Driver is initizialied
2022-02-16 13:51:04 INFO  Printflow:145 - **** driver instance in Initializing drivers ****
2022-02-16 13:51:04 INFO  Printflow:145 - Starting before test method ::Printflow
2022-02-16 13:51:11 INFO  Printflow:145 - Navigate to url https://stage.boschtoolservice.com/th/th/boschprof/spareparts/search
2022-02-16 13:51:11 INFO  Printflow:145 - CloseConsent Element is displayed
2022-02-16 13:51:11 INFO  Printflow:145 - click on element CloseConsent
2022-02-16 13:51:11 INFO  Printflow:145 - Consent Closed
2022-02-16 13:51:12 INFO  Printflow:145 - Input element is displayed
2022-02-16 13:51:12 INFO  Printflow:145 - input Element is displayed
2022-02-16 13:51:13 INFO  Printflow:145 - 0600845B50 is entered in element input
2022-02-16 13:51:13 INFO  Printflow:145 - search Element is displayed
2022-02-16 13:51:14 INFO  Printflow:145 - click on element search
2022-02-16 13:51:14 INFO  Printflow:145 - Input Field found
2022-02-16 13:51:14 INFO  Printflow:145 - Application Opened Successfully and Baretool number foundhttps://stage.boschtoolservice.com/th/th/boschprof/spareparts/search
2022-02-16 13:51:14 INFO  Printflow:145 - SingleFilter Element is displayed
2022-02-16 13:51:16 INFO  Printflow:145 - click on element SingleFilter
2022-02-16 13:51:16 INFO  Printflow:145 - Result Selected
2022-02-16 13:51:22 INFO  Printflow:145 - ProductInformation element is displayed
2022-02-16 13:51:22 INFO  Printflow:145 - ProductInformation Available
2022-02-16 13:51:24 INFO  Printflow:145 - dremeladdtocart Element is displayed
2022-02-16 13:51:24 INFO  Printflow:145 - click on element dremeladdtocart
2022-02-16 13:51:25 INFO  Printflow:145 - dremeladdtocart Element is displayed
2022-02-16 13:51:25 INFO  Printflow:145 - click on element dremeladdtocart
2022-02-16 13:51:26 INFO  Printflow:145 - dremeladdtocart Element is displayed
2022-02-16 13:51:26 INFO  Printflow:145 - click on element dremeladdtocart
2022-02-16 13:51:27 INFO  Printflow:145 - dremeladdtocart Element is displayed
2022-02-16 13:51:27 INFO  Printflow:145 - click on element dremeladdtocart
2022-02-16 13:51:28 INFO  Printflow:145 - dremeladdtocart Element is displayed
2022-02-16 13:51:29 INFO  Printflow:145 - click on element dremeladdtocart
2022-02-16 13:51:35 INFO  Printflow:145 - Add to cart Successful
2022-02-16 13:51:35 INFO  Printflow:145 - minishoppingcart Element is displayed
2022-02-16 13:51:44 INFO  Printflow:145 - click on element minishoppingcart
2022-02-16 13:51:44 INFO  Printflow:145 - Clicked on Minishopping cart
2022-02-16 13:51:48 INFO  Printflow:145 - PrintPdf element is displayed
2022-02-16 13:51:48 INFO  Printflow:145 - PrintPdf option Available
2022-02-16 13:51:48 INFO  Printflow:145 - In after test method ::Printflow
2022-02-16 13:51:48 DEBUG cache:45 - Couldn't find template in cache for "Extent.ftl"("en_US", UTF-8, parsed); will try to load it.
2022-02-16 13:51:48 DEBUG cache:45 - TemplateLoader.findTemplateSource("Extent_en_US.ftl"): Not found
2022-02-16 13:51:48 DEBUG cache:45 - TemplateLoader.findTemplateSource("Extent_en.ftl"): Not found
2022-02-16 13:51:48 DEBUG cache:45 - TemplateLoader.findTemplateSource("Extent.ftl"): Found
2022-02-16 13:51:48 DEBUG cache:45 - Loading template for "Extent.ftl"("en_US", UTF-8, parsed) from "jar:file:/C:/Users/UXS1KOR/.m2/repository/com/relevantcodes/extentreports/2.41.2/extentreports-2.41.2.jar!/com/relevantcodes/extentreports/view/Extent.ftl"
2022-02-16 13:51:48 INFO  Printflow:145 - No child test to execute, flushing report
2022-02-16 13:51:49 INFO  Printflow:145 - Terminate driver session in after test method
2022-02-16 13:51:49 INFO  Printflow:145 - Starting before test method ::Printflow
2022-02-16 13:51:49 INFO  Printflow:145 - **** Initializing drivers ****chrome 
2022-02-16 13:51:49 INFO  Printflow:145 - Initializing driver session for local execution
2022-02-16 13:51:51 INFO  Printflow:145 - Driver is initizialied
2022-02-16 13:51:51 INFO  Printflow:145 - **** driver instance in Initializing drivers ****
2022-02-16 13:51:51 INFO  Printflow:145 - Starting before test method ::Printflow
2022-02-16 13:51:59 INFO  Printflow:145 - Navigate to url https://stage.boschtoolservice.com/th/th/bosch-pt/spareparts/search
2022-02-16 13:51:59 INFO  Printflow:145 - CloseConsent Element is displayed
2022-02-16 13:51:59 INFO  Printflow:145 - click on element CloseConsent
2022-02-16 13:51:59 INFO  Printflow:145 - Consent Closed
2022-02-16 13:52:00 INFO  Printflow:145 - Input element is displayed
2022-02-16 13:52:00 INFO  Printflow:145 - input Element is displayed
2022-02-16 13:52:00 INFO  Printflow:145 - 0600845B50 is entered in element input
2022-02-16 13:52:00 INFO  Printflow:145 - search Element is displayed
2022-02-16 13:52:03 INFO  Printflow:145 - click on element search
2022-02-16 13:52:03 INFO  Printflow:145 - Input Field found
2022-02-16 13:52:03 INFO  Printflow:145 - Application Opened Successfully and Baretool number foundhttps://stage.boschtoolservice.com/th/th/bosch-pt/spareparts/search
2022-02-16 13:52:03 INFO  Printflow:145 - SingleFilter Element is displayed
2022-02-16 13:52:04 INFO  Printflow:145 - click on element SingleFilter
2022-02-16 13:52:04 INFO  Printflow:145 - Result Selected
2022-02-16 13:52:11 INFO  Printflow:145 - ProductInformation element is displayed
2022-02-16 13:52:11 INFO  Printflow:145 - ProductInformation Available
2022-02-16 13:52:12 INFO  Printflow:145 - dremeladdtocart Element is displayed
2022-02-16 13:52:12 INFO  Printflow:145 - click on element dremeladdtocart
2022-02-16 13:52:13 INFO  Printflow:145 - dremeladdtocart Element is displayed
2022-02-16 13:52:13 INFO  Printflow:145 - click on element dremeladdtocart
2022-02-16 13:52:14 INFO  Printflow:145 - dremeladdtocart Element is displayed
2022-02-16 13:52:14 INFO  Printflow:145 - click on element dremeladdtocart
2022-02-16 13:52:16 INFO  Printflow:145 - dremeladdtocart Element is displayed
2022-02-16 13:52:16 INFO  Printflow:145 - click on element dremeladdtocart
2022-02-16 13:52:17 INFO  Printflow:145 - dremeladdtocart Element is displayed
2022-02-16 13:52:17 INFO  Printflow:145 - click on element dremeladdtocart
2022-02-16 13:52:23 INFO  Printflow:145 - Add to cart Successful
2022-02-16 13:52:23 INFO  Printflow:145 - minishoppingcart Element is displayed
2022-02-16 13:52:31 INFO  Printflow:145 - click on element minishoppingcart
2022-02-16 13:52:31 INFO  Printflow:145 - Clicked on Minishopping cart
2022-02-16 13:52:35 INFO  Printflow:145 - PrintPdf element is displayed
2022-02-16 13:52:35 INFO  Printflow:145 - PrintPdf option Available
2022-02-16 13:52:35 INFO  Printflow:145 - In after test method ::Printflow
2022-02-16 13:52:35 DEBUG cache:45 - Couldn't find template in cache for "Extent.ftl"("en_US", UTF-8, parsed); will try to load it.
2022-02-16 13:52:35 DEBUG cache:45 - TemplateLoader.findTemplateSource("Extent_en_US.ftl"): Not found
2022-02-16 13:52:35 DEBUG cache:45 - TemplateLoader.findTemplateSource("Extent_en.ftl"): Not found
2022-02-16 13:52:35 DEBUG cache:45 - TemplateLoader.findTemplateSource("Extent.ftl"): Found
2022-02-16 13:52:35 DEBUG cache:45 - Loading template for "Extent.ftl"("en_US", UTF-8, parsed) from "jar:file:/C:/Users/UXS1KOR/.m2/repository/com/relevantcodes/extentreports/2.41.2/extentreports-2.41.2.jar!/com/relevantcodes/extentreports/view/Extent.ftl"
2022-02-16 13:52:35 INFO  Printflow:145 - No child test to execute, flushing report
2022-02-16 13:52:36 INFO  Printflow:145 - Terminate driver session in after test method
2022-02-16 13:52:36 INFO  PrintSkill:145 - Starting before test method ::PrintSkill
2022-02-16 13:52:36 INFO  PrintSkill:145 - **** Initializing drivers ****chrome 
2022-02-16 13:52:36 INFO  PrintSkill:145 - Initializing driver session for local execution
2022-02-16 13:52:38 INFO  PrintSkill:145 - Driver is initizialied
2022-02-16 13:52:38 INFO  PrintSkill:145 - **** driver instance in Initializing drivers ****
2022-02-16 13:52:38 INFO  PrintSkill:145 - Starting before test method ::PrintSkill
2022-02-16 13:52:45 INFO  PrintSkill:145 - Navigate to url https://stage.boschtoolservice.com/th/th/skil/spareparts/search
2022-02-16 13:52:45 INFO  PrintSkill:145 - CloseConsent Element is displayed
2022-02-16 13:52:45 INFO  PrintSkill:145 - click on element CloseConsent
2022-02-16 13:52:45 INFO  PrintSkill:145 - Consent Closed
2022-02-16 13:52:47 INFO  PrintSkill:145 - Input element is displayed
2022-02-16 13:52:47 INFO  PrintSkill:145 - input Element is displayed
2022-02-16 13:52:47 INFO  PrintSkill:145 - 0603270756 is entered in element input
2022-02-16 13:52:47 INFO  PrintSkill:145 - search Element is displayed
2022-02-16 13:52:48 INFO  PrintSkill:145 - click on element search
2022-02-16 13:52:48 INFO  PrintSkill:145 - Input Field found
2022-02-16 13:52:48 INFO  PrintSkill:145 - Application Opened Successfully and Baretool number foundhttps://stage.boschtoolservice.com/th/th/skil/spareparts/search
2022-02-16 13:52:48 INFO  PrintSkill:145 - SingleFilter Element is displayed
2022-02-16 13:52:49 INFO  PrintSkill:145 - click on element SingleFilter
2022-02-16 13:52:49 INFO  PrintSkill:145 - Result Selected
2022-02-16 13:52:55 INFO  PrintSkill:145 - ProductInformation element is displayed
2022-02-16 13:52:55 INFO  PrintSkill:145 - ProductInformation Available
2022-02-16 13:52:56 INFO  PrintSkill:145 - dremeladdtocart Element is displayed
2022-02-16 13:52:57 INFO  PrintSkill:145 - click on element dremeladdtocart
2022-02-16 13:52:58 INFO  PrintSkill:145 - dremeladdtocart Element is displayed
2022-02-16 13:52:58 INFO  PrintSkill:145 - click on element dremeladdtocart
2022-02-16 13:52:59 INFO  PrintSkill:145 - dremeladdtocart Element is displayed
2022-02-16 13:52:59 INFO  PrintSkill:145 - click on element dremeladdtocart
2022-02-16 13:53:00 INFO  PrintSkill:145 - dremeladdtocart Element is displayed
2022-02-16 13:53:00 INFO  PrintSkill:145 - click on element dremeladdtocart
2022-02-16 13:53:01 INFO  PrintSkill:145 - dremeladdtocart Element is displayed
2022-02-16 13:53:01 INFO  PrintSkill:145 - click on element dremeladdtocart
2022-02-16 13:53:07 INFO  PrintSkill:145 - Add to cart Successful
2022-02-16 13:53:07 INFO  PrintSkill:145 - minishoppingcart Element is displayed
2022-02-16 13:53:16 INFO  PrintSkill:145 - click on element minishoppingcart
2022-02-16 13:53:16 INFO  PrintSkill:145 - Clicked on Minishopping cart
2022-02-16 13:53:20 INFO  PrintSkill:145 - PrintPdf element is displayed
2022-02-16 13:53:20 INFO  PrintSkill:145 - PrintPdf option Available
2022-02-16 13:53:20 INFO  PrintSkill:145 - In after test method ::PrintSkill
2022-02-16 13:53:20 DEBUG cache:45 - Couldn't find template in cache for "Extent.ftl"("en_US", UTF-8, parsed); will try to load it.
2022-02-16 13:53:20 DEBUG cache:45 - TemplateLoader.findTemplateSource("Extent_en_US.ftl"): Not found
2022-02-16 13:53:20 DEBUG cache:45 - TemplateLoader.findTemplateSource("Extent_en.ftl"): Not found
2022-02-16 13:53:20 DEBUG cache:45 - TemplateLoader.findTemplateSource("Extent.ftl"): Found
2022-02-16 13:53:20 DEBUG cache:45 - Loading template for "Extent.ftl"("en_US", UTF-8, parsed) from "jar:file:/C:/Users/UXS1KOR/.m2/repository/com/relevantcodes/extentreports/2.41.2/extentreports-2.41.2.jar!/com/relevantcodes/extentreports/view/Extent.ftl"
2022-02-16 13:53:20 INFO  PrintSkill:145 - No child test to execute, flushing report
2022-02-16 13:53:21 INFO  PrintSkill:145 - Terminate driver session in after test method
