2022-02-17 11:20:16 INFO  Logger:145 - Initializing JSON file and adding to framework
2022-02-17 11:20:16 INFO  Logger:145 - Setting up run configuration
2022-02-17 11:20:16 INFO  Printflow:145 - Starting before test method ::Printflow
2022-02-17 11:20:16 INFO  Printflow:145 - **** Initializing drivers ****chrome 
2022-02-17 11:20:16 INFO  Printflow:145 - Initializing driver session for local execution
2022-02-17 11:20:19 INFO  Printflow:145 - Driver is initizialied
2022-02-17 11:20:19 INFO  Printflow:145 - **** driver instance in Initializing drivers ****
2022-02-17 11:20:19 INFO  Printflow:145 - Starting before test method ::Printflow
2022-02-17 11:20:26 INFO  Printflow:145 - Navigate to url https://stage.boschtoolservice.com/us/en/boschprof/spareparts/search
2022-02-17 11:20:26 INFO  Printflow:145 - CloseConsent Element is displayed
2022-02-17 11:20:26 INFO  Printflow:145 - click on element CloseConsent
2022-02-17 11:20:26 INFO  Printflow:145 - Consent Closed
2022-02-17 11:20:27 INFO  Printflow:145 - Input element is displayed
2022-02-17 11:20:27 INFO  Printflow:145 - input Element is displayed
2022-02-17 11:20:27 INFO  Printflow:145 - 0611316755 is entered in element input
2022-02-17 11:20:27 INFO  Printflow:145 - search Element is displayed
2022-02-17 11:20:28 INFO  Printflow:145 - click on element search
2022-02-17 11:20:28 INFO  Printflow:145 - Input Field found
2022-02-17 11:20:28 INFO  Printflow:145 - Application Opened Successfully and Baretool number foundhttps://stage.boschtoolservice.com/us/en/boschprof/spareparts/search
2022-02-17 11:20:28 WARN  Printflow:150 - Unable to locate webelement. Object Name: SingleFilter
2022-02-17 11:20:33 INFO  Printflow:145 - wait for Object SingleFilter. Time:5 seconds
2022-02-17 11:20:33 INFO  Printflow:145 - SingleFilter Element is displayed
2022-02-17 11:20:36 INFO  Printflow:145 - click on element SingleFilter
2022-02-17 11:20:36 INFO  Printflow:145 - Result Selected
2022-02-17 11:20:43 INFO  Printflow:145 - ProductInformation element is displayed
2022-02-17 11:20:43 INFO  Printflow:145 - ProductInformation Available
2022-02-17 11:20:44 INFO  Printflow:145 - dremeladdtocart Element is displayed
2022-02-17 11:20:44 INFO  Printflow:145 - click on element dremeladdtocart
2022-02-17 11:20:45 INFO  Printflow:145 - dremeladdtocart Element is displayed
2022-02-17 11:20:46 ERROR Printflow:147 - Exception while clicking element: dremeladdtocart Exception: element not interactable: element has zero size
  (Session info: chrome=98.0.4758.82)
Build info: version: '3.141.59', revision: 'e82be7d358', time: '2018-11-14T08:17:03'
System info: host: 'KOR1122636', ip: '10.195.141.117', os.name: 'Windows 10', os.arch: 'amd64', os.version: '10.0', java.version: '1.8.0_302'
Driver info: org.openqa.selenium.chrome.ChromeDriver
Capabilities {acceptInsecureCerts: false, browserName: chrome, browserVersion: 98.0.4758.82, chrome: {chromedriverVersion: 98.0.4758.48 (d869ab3eda606..., userDataDir: C:\Users\UXS1KOR\AppData\Lo...}, goog:chromeOptions: {debuggerAddress: localhost:61169}, javascriptEnabled: true, networkConnectionEnabled: false, pageLoadStrategy: normal, platform: WINDOWS, platformName: WINDOWS, proxy: Proxy(), setWindowRect: true, strictFileInteractability: false, timeouts: {implicit: 0, pageLoad: 300000, script: 30000}, unhandledPromptBehavior: dismiss and notify, webauthn:extension:credBlob: true, webauthn:extension:largeBlob: true, webauthn:virtualAuthenticators: true}
Session ID: 6ff0ec7b21deee367ab68c03801ffeb3
java.lang.Throwable: Exception while clicking element: dremeladdtocart Exception: element not interactable: element has zero size
  (Session info: chrome=98.0.4758.82)
Build info: version: '3.141.59', revision: 'e82be7d358', time: '2018-11-14T08:17:03'
System info: host: 'KOR1122636', ip: '10.195.141.117', os.name: 'Windows 10', os.arch: 'amd64', os.version: '10.0', java.version: '1.8.0_302'
Driver info: org.openqa.selenium.chrome.ChromeDriver
Capabilities {acceptInsecureCerts: false, browserName: chrome, browserVersion: 98.0.4758.82, chrome: {chromedriverVersion: 98.0.4758.48 (d869ab3eda606..., userDataDir: C:\Users\UXS1KOR\AppData\Lo...}, goog:chromeOptions: {debuggerAddress: localhost:61169}, javascriptEnabled: true, networkConnectionEnabled: false, pageLoadStrategy: normal, platform: WINDOWS, platformName: WINDOWS, proxy: Proxy(), setWindowRect: true, strictFileInteractability: false, timeouts: {implicit: 0, pageLoad: 300000, script: 30000}, unhandledPromptBehavior: dismiss and notify, webauthn:extension:credBlob: true, webauthn:extension:largeBlob: true, webauthn:virtualAuthenticators: true}
Session ID: 6ff0ec7b21deee367ab68c03801ffeb3
	at reportingLibrary.Logger.log(Logger.java:147)
	at supportLibrary.CommonFunction.clickElement(CommonFunction.java:64)
	at pages.web.AdvancedSearch.addtocartFew(AdvancedSearch.java:318)
	at test.Print_RU_US.Printflow(Print_RU_US.java:18)
	at sun.reflect.NativeMethodAccessorImpl.invoke0(Native Method)
	at sun.reflect.NativeMethodAccessorImpl.invoke(NativeMethodAccessorImpl.java:62)
	at sun.reflect.DelegatingMethodAccessorImpl.invoke(DelegatingMethodAccessorImpl.java:43)
	at java.lang.reflect.Method.invoke(Method.java:498)
	at org.testng.internal.MethodInvocationHelper.invokeMethod(MethodInvocationHelper.java:124)
	at org.testng.internal.Invoker.invokeMethod(Invoker.java:583)
	at org.testng.internal.Invoker.invokeTestMethod(Invoker.java:719)
	at org.testng.internal.Invoker.invokeTestMethods(Invoker.java:989)
	at org.testng.internal.TestMethodWorker.invokeTestMethods(TestMethodWorker.java:125)
	at org.testng.internal.TestMethodWorker.run(TestMethodWorker.java:109)
	at org.testng.TestRunner.privateRun(TestRunner.java:648)
	at org.testng.TestRunner.run(TestRunner.java:505)
	at org.testng.SuiteRunner.runTest(SuiteRunner.java:455)
	at org.testng.SuiteRunner.access$000(SuiteRunner.java:40)
	at org.testng.SuiteRunner$SuiteWorker.run(SuiteRunner.java:489)
	at org.testng.internal.thread.ThreadUtil$1.call(ThreadUtil.java:52)
	at java.util.concurrent.FutureTask.run(FutureTask.java:266)
	at java.util.concurrent.ThreadPoolExecutor.runWorker(ThreadPoolExecutor.java:1149)
	at java.util.concurrent.ThreadPoolExecutor$Worker.run(ThreadPoolExecutor.java:624)
	at java.lang.Thread.run(Thread.java:748)
2022-02-17 11:20:46 ERROR Printflow:85 - Add to cart not successful
2022-02-17 11:20:46 INFO  Printflow:145 - In after test method ::Printflow
2022-02-17 11:20:46 DEBUG cache:45 - Couldn't find template in cache for "Extent.ftl"("en_US", UTF-8, parsed); will try to load it.
2022-02-17 11:20:46 DEBUG cache:45 - TemplateLoader.findTemplateSource("Extent_en_US.ftl"): Not found
2022-02-17 11:20:46 DEBUG cache:45 - TemplateLoader.findTemplateSource("Extent_en.ftl"): Not found
2022-02-17 11:20:46 DEBUG cache:45 - TemplateLoader.findTemplateSource("Extent.ftl"): Found
2022-02-17 11:20:46 DEBUG cache:45 - Loading template for "Extent.ftl"("en_US", UTF-8, parsed) from "jar:file:/C:/Users/UXS1KOR/.m2/repository/com/relevantcodes/extentreports/2.41.2/extentreports-2.41.2.jar!/com/relevantcodes/extentreports/view/Extent.ftl"
2022-02-17 11:20:46 INFO  Printflow:145 - No child test to execute, flushing report
2022-02-17 11:20:47 INFO  Printflow:145 - Terminate driver session in after test method
