2022-02-22 14:13:26 INFO  Logger:145 - Initializing JSON file and adding to framework
2022-02-22 14:13:26 INFO  Logger:145 - Setting up run configuration
2022-02-22 14:13:26 INFO  Eshopflow:145 - Starting before test method ::Eshopflow
2022-02-22 14:13:26 INFO  Eshopflow:145 - **** Initializing drivers ****chrome 
2022-02-22 14:13:26 INFO  Eshopflow:145 - Initializing driver session for local execution
2022-02-22 14:13:29 INFO  Eshopflow:145 - Driver is initizialied
2022-02-22 14:13:29 INFO  Eshopflow:145 - **** driver instance in Initializing drivers ****
2022-02-22 14:13:29 INFO  Eshopflow:145 - Starting before test method ::Eshopflow
2022-02-22 14:13:33 INFO  Eshopflow:145 - Navigate to url https://stage.boschtoolservice.com/be/fr/boschdiy/spareparts/search
2022-02-22 14:13:34 WARN  Eshopflow:150 - Unable to locate webelement. Object Name: CloseConsent
2022-02-22 14:13:39 INFO  Eshopflow:145 - wait for Object CloseConsent. Time:5 seconds
2022-02-22 14:13:39 WARN  Eshopflow:150 - Unable to locate webelement. Object Name: CloseConsent
2022-02-22 14:13:44 INFO  Eshopflow:145 - wait for Object CloseConsent. Time:10 seconds
2022-02-22 14:13:44 WARN  Eshopflow:150 - Unable to locate webelement. Object Name: CloseConsent
2022-02-22 14:13:49 INFO  Eshopflow:145 - wait for Object CloseConsent. Time:15 seconds
2022-02-22 14:13:49 INFO  Eshopflow:145 - CloseConsent Element is not displayed after 15 Seconds
2022-02-22 14:13:49 WARN  Eshopflow:150 - Unable to locate webelement. Object Name: CloseConsent
2022-02-22 14:13:49 ERROR Eshopflow:147 - Exception while clicking element: CloseConsent Exception: null
java.lang.Throwable: Exception while clicking element: CloseConsent Exception: null
	at reportingLibrary.Logger.log(Logger.java:147)
	at supportLibrary.CommonFunction.clickElement(CommonFunction.java:64)
	at pages.web.FirstPage.launchAppSP(FirstPage.java:118)
	at test.Eshop.Eshopflow(Eshop.java:33)
	at sun.reflect.NativeMethodAccessorImpl.invoke0(Native Method)
	at sun.reflect.NativeMethodAccessorImpl.invoke(NativeMethodAccessorImpl.java:62)
	at sun.reflect.DelegatingMethodAccessorImpl.invoke(DelegatingMethodAccessorImpl.java:43)
	at java.lang.reflect.Method.invoke(Method.java:498)
	at org.testng.internal.MethodInvocationHelper.invokeMethod(MethodInvocationHelper.java:124)
	at org.testng.internal.Invoker.invokeMethod(Invoker.java:583)
	at org.testng.internal.Invoker.invokeTestMethod(Invoker.java:719)
	at org.testng.internal.Invoker.invokeTestMethods(Invoker.java:989)
	at org.testng.internal.TestMethodWorker.invokeTestMethods(TestMethodWorker.java:125)
	at org.testng.internal.TestMethodWorker.run(TestMethodWorker.java:109)
	at org.testng.TestRunner.privateRun(TestRunner.java:648)
	at org.testng.TestRunner.run(TestRunner.java:505)
	at org.testng.SuiteRunner.runTest(SuiteRunner.java:455)
	at org.testng.SuiteRunner.access$000(SuiteRunner.java:40)
	at org.testng.SuiteRunner$SuiteWorker.run(SuiteRunner.java:489)
	at org.testng.internal.thread.ThreadUtil$1.call(ThreadUtil.java:52)
	at java.util.concurrent.FutureTask.run(FutureTask.java:266)
	at java.util.concurrent.ThreadPoolExecutor.runWorker(ThreadPoolExecutor.java:1149)
	at java.util.concurrent.ThreadPoolExecutor$Worker.run(ThreadPoolExecutor.java:624)
	at java.lang.Thread.run(Thread.java:748)
2022-02-22 14:13:50 ERROR Eshopflow:85 - Exception while launching application URL
2022-02-22 14:13:50 INFO  Eshopflow:145 - In after test method ::Eshopflow
2022-02-22 14:13:50 DEBUG cache:45 - Couldn't find template in cache for "Extent.ftl"("en_US", UTF-8, parsed); will try to load it.
2022-02-22 14:13:50 DEBUG cache:45 - TemplateLoader.findTemplateSource("Extent_en_US.ftl"): Not found
2022-02-22 14:13:50 DEBUG cache:45 - TemplateLoader.findTemplateSource("Extent_en.ftl"): Not found
2022-02-22 14:13:50 DEBUG cache:45 - TemplateLoader.findTemplateSource("Extent.ftl"): Found
2022-02-22 14:13:50 DEBUG cache:45 - Loading template for "Extent.ftl"("en_US", UTF-8, parsed) from "jar:file:/C:/Users/UXS1KOR/.m2/repository/com/relevantcodes/extentreports/2.41.2/extentreports-2.41.2.jar!/com/relevantcodes/extentreports/view/Extent.ftl"
2022-02-22 14:13:50 INFO  Eshopflow:145 - No child test to execute, flushing report
2022-02-22 14:13:51 INFO  Eshopflow:145 - Terminate driver session in after test method
2022-02-22 14:13:51 INFO  Eorderflow:145 - Starting before test method ::Eorderflow
2022-02-22 14:13:51 INFO  Eorderflow:145 - **** Initializing drivers ****chrome 
2022-02-22 14:13:51 INFO  Eorderflow:145 - Initializing driver session for local execution
2022-02-22 14:13:52 INFO  Eorderflow:145 - Driver is initizialied
2022-02-22 14:13:52 INFO  Eorderflow:145 - **** driver instance in Initializing drivers ****
2022-02-22 14:13:52 INFO  Eorderflow:145 - Starting before test method ::Eorderflow
2022-02-22 14:13:57 INFO  Eorderflow:145 - Navigate to url https://stage.boschtoolservice.com/lv/lv/boschprof/spareparts/search
2022-02-22 14:13:58 WARN  Eorderflow:150 - Unable to locate webelement. Object Name: CloseConsent
2022-02-22 14:14:03 INFO  Eorderflow:145 - wait for Object CloseConsent. Time:5 seconds
2022-02-22 14:14:03 WARN  Eorderflow:150 - Unable to locate webelement. Object Name: CloseConsent
2022-02-22 14:14:08 INFO  Eorderflow:145 - wait for Object CloseConsent. Time:10 seconds
2022-02-22 14:14:08 WARN  Eorderflow:150 - Unable to locate webelement. Object Name: CloseConsent
2022-02-22 14:14:13 INFO  Eorderflow:145 - wait for Object CloseConsent. Time:15 seconds
2022-02-22 14:14:13 INFO  Eorderflow:145 - CloseConsent Element is not displayed after 15 Seconds
2022-02-22 14:14:13 WARN  Eorderflow:150 - Unable to locate webelement. Object Name: CloseConsent
2022-02-22 14:14:13 ERROR Eorderflow:147 - Exception while clicking element: CloseConsent Exception: null
java.lang.Throwable: Exception while clicking element: CloseConsent Exception: null
	at reportingLibrary.Logger.log(Logger.java:147)
	at supportLibrary.CommonFunction.clickElement(CommonFunction.java:64)
	at pages.web.FirstPage.launchAppSP(FirstPage.java:118)
	at test.Eorder.Eorderflow(Eorder.java:27)
	at sun.reflect.NativeMethodAccessorImpl.invoke0(Native Method)
	at sun.reflect.NativeMethodAccessorImpl.invoke(NativeMethodAccessorImpl.java:62)
	at sun.reflect.DelegatingMethodAccessorImpl.invoke(DelegatingMethodAccessorImpl.java:43)
	at java.lang.reflect.Method.invoke(Method.java:498)
	at org.testng.internal.MethodInvocationHelper.invokeMethod(MethodInvocationHelper.java:124)
	at org.testng.internal.Invoker.invokeMethod(Invoker.java:583)
	at org.testng.internal.Invoker.invokeTestMethod(Invoker.java:719)
	at org.testng.internal.Invoker.invokeTestMethods(Invoker.java:989)
	at org.testng.internal.TestMethodWorker.invokeTestMethods(TestMethodWorker.java:125)
	at org.testng.internal.TestMethodWorker.run(TestMethodWorker.java:109)
	at org.testng.TestRunner.privateRun(TestRunner.java:648)
	at org.testng.TestRunner.run(TestRunner.java:505)
	at org.testng.SuiteRunner.runTest(SuiteRunner.java:455)
	at org.testng.SuiteRunner.access$000(SuiteRunner.java:40)
	at org.testng.SuiteRunner$SuiteWorker.run(SuiteRunner.java:489)
	at org.testng.internal.thread.ThreadUtil$1.call(ThreadUtil.java:52)
	at java.util.concurrent.FutureTask.run(FutureTask.java:266)
	at java.util.concurrent.ThreadPoolExecutor.runWorker(ThreadPoolExecutor.java:1149)
	at java.util.concurrent.ThreadPoolExecutor$Worker.run(ThreadPoolExecutor.java:624)
	at java.lang.Thread.run(Thread.java:748)
2022-02-22 14:14:13 ERROR Eorderflow:85 - Exception while launching application URL
2022-02-22 14:14:13 INFO  Eorderflow:145 - In after test method ::Eorderflow
2022-02-22 14:14:13 DEBUG cache:45 - Couldn't find template in cache for "Extent.ftl"("en_US", UTF-8, parsed); will try to load it.
2022-02-22 14:14:13 DEBUG cache:45 - TemplateLoader.findTemplateSource("Extent_en_US.ftl"): Not found
2022-02-22 14:14:13 DEBUG cache:45 - TemplateLoader.findTemplateSource("Extent_en.ftl"): Not found
2022-02-22 14:14:13 DEBUG cache:45 - TemplateLoader.findTemplateSource("Extent.ftl"): Found
2022-02-22 14:14:13 DEBUG cache:45 - Loading template for "Extent.ftl"("en_US", UTF-8, parsed) from "jar:file:/C:/Users/UXS1KOR/.m2/repository/com/relevantcodes/extentreports/2.41.2/extentreports-2.41.2.jar!/com/relevantcodes/extentreports/view/Extent.ftl"
2022-02-22 14:14:13 INFO  Eorderflow:145 - No child test to execute, flushing report
2022-02-22 14:14:14 INFO  Eorderflow:145 - Terminate driver session in after test method
2022-02-22 14:14:14 INFO  Eorderflow:145 - Starting before test method ::Eorderflow
2022-02-22 14:14:14 INFO  Eorderflow:145 - **** Initializing drivers ****chrome 
2022-02-22 14:14:14 INFO  Eorderflow:145 - Initializing driver session for local execution
2022-02-22 14:14:15 INFO  Eorderflow:145 - Driver is initizialied
2022-02-22 14:14:15 INFO  Eorderflow:145 - **** driver instance in Initializing drivers ****
2022-02-22 14:14:15 INFO  Eorderflow:145 - Starting before test method ::Eorderflow
2022-02-22 14:14:19 INFO  Eorderflow:145 - Navigate to url https://stage.boschtoolservice.com/lv/lv/bosch-pt/spareparts/search
2022-02-22 14:14:21 WARN  Eorderflow:150 - Unable to locate webelement. Object Name: CloseConsent
2022-02-22 14:14:26 INFO  Eorderflow:145 - wait for Object CloseConsent. Time:5 seconds
2022-02-22 14:14:26 WARN  Eorderflow:150 - Unable to locate webelement. Object Name: CloseConsent
2022-02-22 14:14:31 INFO  Eorderflow:145 - wait for Object CloseConsent. Time:10 seconds
2022-02-22 14:14:31 WARN  Eorderflow:150 - Unable to locate webelement. Object Name: CloseConsent
2022-02-22 14:14:36 INFO  Eorderflow:145 - wait for Object CloseConsent. Time:15 seconds
2022-02-22 14:14:36 INFO  Eorderflow:145 - CloseConsent Element is not displayed after 15 Seconds
2022-02-22 14:14:36 WARN  Eorderflow:150 - Unable to locate webelement. Object Name: CloseConsent
2022-02-22 14:14:36 ERROR Eorderflow:147 - Exception while clicking element: CloseConsent Exception: null
java.lang.Throwable: Exception while clicking element: CloseConsent Exception: null
	at reportingLibrary.Logger.log(Logger.java:147)
	at supportLibrary.CommonFunction.clickElement(CommonFunction.java:64)
	at pages.web.FirstPage.launchAppSP(FirstPage.java:118)
	at test.Eorder.Eorderflow(Eorder.java:27)
	at sun.reflect.NativeMethodAccessorImpl.invoke0(Native Method)
	at sun.reflect.NativeMethodAccessorImpl.invoke(NativeMethodAccessorImpl.java:62)
	at sun.reflect.DelegatingMethodAccessorImpl.invoke(DelegatingMethodAccessorImpl.java:43)
	at java.lang.reflect.Method.invoke(Method.java:498)
	at org.testng.internal.MethodInvocationHelper.invokeMethod(MethodInvocationHelper.java:124)
	at org.testng.internal.Invoker.invokeMethod(Invoker.java:583)
	at org.testng.internal.Invoker.invokeTestMethod(Invoker.java:719)
	at org.testng.internal.Invoker.invokeTestMethods(Invoker.java:989)
	at org.testng.internal.TestMethodWorker.invokeTestMethods(TestMethodWorker.java:125)
	at org.testng.internal.TestMethodWorker.run(TestMethodWorker.java:109)
	at org.testng.TestRunner.privateRun(TestRunner.java:648)
	at org.testng.TestRunner.run(TestRunner.java:505)
	at org.testng.SuiteRunner.runTest(SuiteRunner.java:455)
	at org.testng.SuiteRunner.access$000(SuiteRunner.java:40)
	at org.testng.SuiteRunner$SuiteWorker.run(SuiteRunner.java:489)
	at org.testng.internal.thread.ThreadUtil$1.call(ThreadUtil.java:52)
	at java.util.concurrent.FutureTask.run(FutureTask.java:266)
	at java.util.concurrent.ThreadPoolExecutor.runWorker(ThreadPoolExecutor.java:1149)
	at java.util.concurrent.ThreadPoolExecutor$Worker.run(ThreadPoolExecutor.java:624)
	at java.lang.Thread.run(Thread.java:748)
2022-02-22 14:14:36 ERROR Eorderflow:85 - Exception while launching application URL
2022-02-22 14:14:36 INFO  Eorderflow:145 - In after test method ::Eorderflow
2022-02-22 14:14:36 DEBUG cache:45 - Couldn't find template in cache for "Extent.ftl"("en_US", UTF-8, parsed); will try to load it.
2022-02-22 14:14:36 DEBUG cache:45 - TemplateLoader.findTemplateSource("Extent_en_US.ftl"): Not found
2022-02-22 14:14:36 DEBUG cache:45 - TemplateLoader.findTemplateSource("Extent_en.ftl"): Not found
2022-02-22 14:14:36 DEBUG cache:45 - TemplateLoader.findTemplateSource("Extent.ftl"): Found
2022-02-22 14:14:36 DEBUG cache:45 - Loading template for "Extent.ftl"("en_US", UTF-8, parsed) from "jar:file:/C:/Users/UXS1KOR/.m2/repository/com/relevantcodes/extentreports/2.41.2/extentreports-2.41.2.jar!/com/relevantcodes/extentreports/view/Extent.ftl"
2022-02-22 14:14:36 INFO  Eorderflow:145 - No child test to execute, flushing report
2022-02-22 14:14:37 INFO  Eorderflow:145 - Terminate driver session in after test method
2022-02-22 14:14:37 INFO  Eorderflow:145 - Starting before test method ::Eorderflow
2022-02-22 14:14:37 INFO  Eorderflow:145 - **** Initializing drivers ****chrome 
2022-02-22 14:14:37 INFO  Eorderflow:145 - Initializing driver session for local execution
2022-02-22 14:14:38 INFO  Eorderflow:145 - Driver is initizialied
2022-02-22 14:14:38 INFO  Eorderflow:145 - **** driver instance in Initializing drivers ****
2022-02-22 14:14:38 INFO  Eorderflow:145 - Starting before test method ::Eorderflow
2022-02-22 14:14:42 INFO  Eorderflow:145 - Navigate to url https://stage.boschtoolservice.com/lv/lv/boschdiy/spareparts/search
2022-02-22 14:14:43 WARN  Eorderflow:150 - Unable to locate webelement. Object Name: CloseConsent
2022-02-22 14:14:48 INFO  Eorderflow:145 - wait for Object CloseConsent. Time:5 seconds
2022-02-22 14:14:49 WARN  Eorderflow:150 - Unable to locate webelement. Object Name: CloseConsent
2022-02-22 14:14:54 INFO  Eorderflow:145 - wait for Object CloseConsent. Time:10 seconds
2022-02-22 14:14:54 WARN  Eorderflow:150 - Unable to locate webelement. Object Name: CloseConsent
2022-02-22 14:14:59 INFO  Eorderflow:145 - wait for Object CloseConsent. Time:15 seconds
2022-02-22 14:14:59 INFO  Eorderflow:145 - CloseConsent Element is not displayed after 15 Seconds
2022-02-22 14:14:59 WARN  Eorderflow:150 - Unable to locate webelement. Object Name: CloseConsent
2022-02-22 14:14:59 ERROR Eorderflow:147 - Exception while clicking element: CloseConsent Exception: null
java.lang.Throwable: Exception while clicking element: CloseConsent Exception: null
	at reportingLibrary.Logger.log(Logger.java:147)
	at supportLibrary.CommonFunction.clickElement(CommonFunction.java:64)
	at pages.web.FirstPage.launchAppSP(FirstPage.java:118)
	at test.Eorder.Eorderflow(Eorder.java:27)
	at sun.reflect.NativeMethodAccessorImpl.invoke0(Native Method)
	at sun.reflect.NativeMethodAccessorImpl.invoke(NativeMethodAccessorImpl.java:62)
	at sun.reflect.DelegatingMethodAccessorImpl.invoke(DelegatingMethodAccessorImpl.java:43)
	at java.lang.reflect.Method.invoke(Method.java:498)
	at org.testng.internal.MethodInvocationHelper.invokeMethod(MethodInvocationHelper.java:124)
	at org.testng.internal.Invoker.invokeMethod(Invoker.java:583)
	at org.testng.internal.Invoker.invokeTestMethod(Invoker.java:719)
	at org.testng.internal.Invoker.invokeTestMethods(Invoker.java:989)
	at org.testng.internal.TestMethodWorker.invokeTestMethods(TestMethodWorker.java:125)
	at org.testng.internal.TestMethodWorker.run(TestMethodWorker.java:109)
	at org.testng.TestRunner.privateRun(TestRunner.java:648)
	at org.testng.TestRunner.run(TestRunner.java:505)
	at org.testng.SuiteRunner.runTest(SuiteRunner.java:455)
	at org.testng.SuiteRunner.access$000(SuiteRunner.java:40)
	at org.testng.SuiteRunner$SuiteWorker.run(SuiteRunner.java:489)
	at org.testng.internal.thread.ThreadUtil$1.call(ThreadUtil.java:52)
	at java.util.concurrent.FutureTask.run(FutureTask.java:266)
	at java.util.concurrent.ThreadPoolExecutor.runWorker(ThreadPoolExecutor.java:1149)
	at java.util.concurrent.ThreadPoolExecutor$Worker.run(ThreadPoolExecutor.java:624)
	at java.lang.Thread.run(Thread.java:748)
2022-02-22 14:14:59 ERROR Eorderflow:85 - Exception while launching application URL
2022-02-22 14:14:59 INFO  Eorderflow:145 - In after test method ::Eorderflow
2022-02-22 14:14:59 DEBUG cache:45 - Couldn't find template in cache for "Extent.ftl"("en_US", UTF-8, parsed); will try to load it.
2022-02-22 14:14:59 DEBUG cache:45 - TemplateLoader.findTemplateSource("Extent_en_US.ftl"): Not found
2022-02-22 14:14:59 DEBUG cache:45 - TemplateLoader.findTemplateSource("Extent_en.ftl"): Not found
2022-02-22 14:14:59 DEBUG cache:45 - TemplateLoader.findTemplateSource("Extent.ftl"): Found
2022-02-22 14:14:59 DEBUG cache:45 - Loading template for "Extent.ftl"("en_US", UTF-8, parsed) from "jar:file:/C:/Users/UXS1KOR/.m2/repository/com/relevantcodes/extentreports/2.41.2/extentreports-2.41.2.jar!/com/relevantcodes/extentreports/view/Extent.ftl"
2022-02-22 14:14:59 INFO  Eorderflow:145 - No child test to execute, flushing report
2022-02-22 14:15:00 INFO  Eorderflow:145 - Terminate driver session in after test method
2022-02-22 14:15:00 INFO  EorderSkillflow:145 - Starting before test method ::EorderSkillflow
2022-02-22 14:15:00 INFO  EorderSkillflow:145 - **** Initializing drivers ****chrome 
2022-02-22 14:15:00 INFO  EorderSkillflow:145 - Initializing driver session for local execution
2022-02-22 14:15:01 INFO  EorderSkillflow:145 - Driver is initizialied
2022-02-22 14:15:01 INFO  EorderSkillflow:145 - **** driver instance in Initializing drivers ****
2022-02-22 14:15:01 INFO  EorderSkillflow:145 - Starting before test method ::EorderSkillflow
2022-02-22 14:15:05 INFO  EorderSkillflow:145 - Navigate to url https://stage.boschtoolservice.com/lv/lv/skil/spareparts/search
2022-02-22 14:15:05 WARN  EorderSkillflow:150 - Unable to locate webelement. Object Name: CloseConsent
2022-02-22 14:15:10 INFO  EorderSkillflow:145 - wait for Object CloseConsent. Time:5 seconds
2022-02-22 14:15:10 WARN  EorderSkillflow:150 - Unable to locate webelement. Object Name: CloseConsent
2022-02-22 14:15:15 INFO  EorderSkillflow:145 - wait for Object CloseConsent. Time:10 seconds
2022-02-22 14:15:15 WARN  EorderSkillflow:150 - Unable to locate webelement. Object Name: CloseConsent
2022-02-22 14:15:20 INFO  EorderSkillflow:145 - wait for Object CloseConsent. Time:15 seconds
2022-02-22 14:15:20 INFO  EorderSkillflow:145 - CloseConsent Element is not displayed after 15 Seconds
2022-02-22 14:15:20 WARN  EorderSkillflow:150 - Unable to locate webelement. Object Name: CloseConsent
2022-02-22 14:15:20 ERROR EorderSkillflow:147 - Exception while clicking element: CloseConsent Exception: null
java.lang.Throwable: Exception while clicking element: CloseConsent Exception: null
	at reportingLibrary.Logger.log(Logger.java:147)
	at supportLibrary.CommonFunction.clickElement(CommonFunction.java:64)
	at pages.web.FirstPage.launchApp(FirstPage.java:95)
	at test.Eorder_Skill.EorderSkillflow(Eorder_Skill.java:28)
	at sun.reflect.NativeMethodAccessorImpl.invoke0(Native Method)
	at sun.reflect.NativeMethodAccessorImpl.invoke(NativeMethodAccessorImpl.java:62)
	at sun.reflect.DelegatingMethodAccessorImpl.invoke(DelegatingMethodAccessorImpl.java:43)
	at java.lang.reflect.Method.invoke(Method.java:498)
	at org.testng.internal.MethodInvocationHelper.invokeMethod(MethodInvocationHelper.java:124)
	at org.testng.internal.Invoker.invokeMethod(Invoker.java:583)
	at org.testng.internal.Invoker.invokeTestMethod(Invoker.java:719)
	at org.testng.internal.Invoker.invokeTestMethods(Invoker.java:989)
	at org.testng.internal.TestMethodWorker.invokeTestMethods(TestMethodWorker.java:125)
	at org.testng.internal.TestMethodWorker.run(TestMethodWorker.java:109)
	at org.testng.TestRunner.privateRun(TestRunner.java:648)
	at org.testng.TestRunner.run(TestRunner.java:505)
	at org.testng.SuiteRunner.runTest(SuiteRunner.java:455)
	at org.testng.SuiteRunner.access$000(SuiteRunner.java:40)
	at org.testng.SuiteRunner$SuiteWorker.run(SuiteRunner.java:489)
	at org.testng.internal.thread.ThreadUtil$1.call(ThreadUtil.java:52)
	at java.util.concurrent.FutureTask.run(FutureTask.java:266)
	at java.util.concurrent.ThreadPoolExecutor.runWorker(ThreadPoolExecutor.java:1149)
	at java.util.concurrent.ThreadPoolExecutor$Worker.run(ThreadPoolExecutor.java:624)
	at java.lang.Thread.run(Thread.java:748)
2022-02-22 14:15:20 ERROR EorderSkillflow:85 - Exception while launching application URL
2022-02-22 14:15:20 INFO  EorderSkillflow:145 - In after test method ::EorderSkillflow
2022-02-22 14:15:20 DEBUG cache:45 - Couldn't find template in cache for "Extent.ftl"("en_US", UTF-8, parsed); will try to load it.
2022-02-22 14:15:20 DEBUG cache:45 - TemplateLoader.findTemplateSource("Extent_en_US.ftl"): Not found
2022-02-22 14:15:20 DEBUG cache:45 - TemplateLoader.findTemplateSource("Extent_en.ftl"): Not found
2022-02-22 14:15:20 DEBUG cache:45 - TemplateLoader.findTemplateSource("Extent.ftl"): Found
2022-02-22 14:15:20 DEBUG cache:45 - Loading template for "Extent.ftl"("en_US", UTF-8, parsed) from "jar:file:/C:/Users/UXS1KOR/.m2/repository/com/relevantcodes/extentreports/2.41.2/extentreports-2.41.2.jar!/com/relevantcodes/extentreports/view/Extent.ftl"
2022-02-22 14:15:20 INFO  EorderSkillflow:145 - No child test to execute, flushing report
2022-02-22 14:15:21 INFO  EorderSkillflow:145 - Terminate driver session in after test method
2022-02-22 14:15:21 INFO  EorderDremelflow:145 - Starting before test method ::EorderDremelflow
2022-02-22 14:15:21 INFO  EorderDremelflow:145 - **** Initializing drivers ****chrome 
2022-02-22 14:15:21 INFO  EorderDremelflow:145 - Initializing driver session for local execution
2022-02-22 14:15:23 INFO  EorderDremelflow:145 - Driver is initizialied
2022-02-22 14:15:23 INFO  EorderDremelflow:145 - **** driver instance in Initializing drivers ****
2022-02-22 14:15:23 INFO  EorderDremelflow:145 - Starting before test method ::EorderDremelflow
2022-02-22 14:15:27 INFO  EorderDremelflow:145 - Navigate to url https://stage.boschtoolservice.com/lv/lv/dremel/spareparts/search
2022-02-22 14:15:27 WARN  EorderDremelflow:150 - Unable to locate webelement. Object Name: CloseConsent
2022-02-22 14:15:32 INFO  EorderDremelflow:145 - wait for Object CloseConsent. Time:5 seconds
2022-02-22 14:15:32 WARN  EorderDremelflow:150 - Unable to locate webelement. Object Name: CloseConsent
2022-02-22 14:15:37 INFO  EorderDremelflow:145 - wait for Object CloseConsent. Time:10 seconds
2022-02-22 14:15:37 WARN  EorderDremelflow:150 - Unable to locate webelement. Object Name: CloseConsent
2022-02-22 14:15:42 INFO  EorderDremelflow:145 - wait for Object CloseConsent. Time:15 seconds
2022-02-22 14:15:42 INFO  EorderDremelflow:145 - CloseConsent Element is not displayed after 15 Seconds
2022-02-22 14:15:42 WARN  EorderDremelflow:150 - Unable to locate webelement. Object Name: CloseConsent
2022-02-22 14:15:42 ERROR EorderDremelflow:147 - Exception while clicking element: CloseConsent Exception: null
java.lang.Throwable: Exception while clicking element: CloseConsent Exception: null
	at reportingLibrary.Logger.log(Logger.java:147)
	at supportLibrary.CommonFunction.clickElement(CommonFunction.java:64)
	at pages.web.FirstPage.launchApp(FirstPage.java:95)
	at test.Eorder_DREMEL.EorderDremelflow(Eorder_DREMEL.java:28)
	at sun.reflect.NativeMethodAccessorImpl.invoke0(Native Method)
	at sun.reflect.NativeMethodAccessorImpl.invoke(NativeMethodAccessorImpl.java:62)
	at sun.reflect.DelegatingMethodAccessorImpl.invoke(DelegatingMethodAccessorImpl.java:43)
	at java.lang.reflect.Method.invoke(Method.java:498)
	at org.testng.internal.MethodInvocationHelper.invokeMethod(MethodInvocationHelper.java:124)
	at org.testng.internal.Invoker.invokeMethod(Invoker.java:583)
	at org.testng.internal.Invoker.invokeTestMethod(Invoker.java:719)
	at org.testng.internal.Invoker.invokeTestMethods(Invoker.java:989)
	at org.testng.internal.TestMethodWorker.invokeTestMethods(TestMethodWorker.java:125)
	at org.testng.internal.TestMethodWorker.run(TestMethodWorker.java:109)
	at org.testng.TestRunner.privateRun(TestRunner.java:648)
	at org.testng.TestRunner.run(TestRunner.java:505)
	at org.testng.SuiteRunner.runTest(SuiteRunner.java:455)
	at org.testng.SuiteRunner.access$000(SuiteRunner.java:40)
	at org.testng.SuiteRunner$SuiteWorker.run(SuiteRunner.java:489)
	at org.testng.internal.thread.ThreadUtil$1.call(ThreadUtil.java:52)
	at java.util.concurrent.FutureTask.run(FutureTask.java:266)
	at java.util.concurrent.ThreadPoolExecutor.runWorker(ThreadPoolExecutor.java:1149)
	at java.util.concurrent.ThreadPoolExecutor$Worker.run(ThreadPoolExecutor.java:624)
	at java.lang.Thread.run(Thread.java:748)
2022-02-22 14:15:43 ERROR EorderDremelflow:85 - Exception while launching application URL
2022-02-22 14:15:43 INFO  EorderDremelflow:145 - In after test method ::EorderDremelflow
2022-02-22 14:15:43 DEBUG cache:45 - Couldn't find template in cache for "Extent.ftl"("en_US", UTF-8, parsed); will try to load it.
2022-02-22 14:15:43 DEBUG cache:45 - TemplateLoader.findTemplateSource("Extent_en_US.ftl"): Not found
2022-02-22 14:15:43 DEBUG cache:45 - TemplateLoader.findTemplateSource("Extent_en.ftl"): Not found
2022-02-22 14:15:43 DEBUG cache:45 - TemplateLoader.findTemplateSource("Extent.ftl"): Found
2022-02-22 14:15:43 DEBUG cache:45 - Loading template for "Extent.ftl"("en_US", UTF-8, parsed) from "jar:file:/C:/Users/UXS1KOR/.m2/repository/com/relevantcodes/extentreports/2.41.2/extentreports-2.41.2.jar!/com/relevantcodes/extentreports/view/Extent.ftl"
2022-02-22 14:15:43 INFO  EorderDremelflow:145 - No child test to execute, flushing report
2022-02-22 14:15:43 INFO  EorderDremelflow:145 - Terminate driver session in after test method
2022-02-22 14:15:43 INFO  Eorderflow:145 - Starting before test method ::Eorderflow
2022-02-22 14:15:43 INFO  Eorderflow:145 - **** Initializing drivers ****chrome 
2022-02-22 14:15:43 INFO  Eorderflow:145 - Initializing driver session for local execution
2022-02-22 14:15:45 INFO  Eorderflow:145 - Driver is initizialied
2022-02-22 14:15:45 INFO  Eorderflow:145 - **** driver instance in Initializing drivers ****
2022-02-22 14:15:45 INFO  Eorderflow:145 - Starting before test method ::Eorderflow
2022-02-22 14:15:50 INFO  Eorderflow:145 - Navigate to url https://stage.boschtoolservice.com/ee/et/boschprof/spareparts/search
2022-02-22 14:15:51 WARN  Eorderflow:150 - Unable to locate webelement. Object Name: CloseConsent
2022-02-22 14:15:56 INFO  Eorderflow:145 - wait for Object CloseConsent. Time:5 seconds
2022-02-22 14:15:56 WARN  Eorderflow:150 - Unable to locate webelement. Object Name: CloseConsent
2022-02-22 14:16:01 INFO  Eorderflow:145 - wait for Object CloseConsent. Time:10 seconds
2022-02-22 14:16:01 WARN  Eorderflow:150 - Unable to locate webelement. Object Name: CloseConsent
2022-02-22 14:16:06 INFO  Eorderflow:145 - wait for Object CloseConsent. Time:15 seconds
2022-02-22 14:16:06 INFO  Eorderflow:145 - CloseConsent Element is not displayed after 15 Seconds
2022-02-22 14:16:06 WARN  Eorderflow:150 - Unable to locate webelement. Object Name: CloseConsent
2022-02-22 14:16:06 ERROR Eorderflow:147 - Exception while clicking element: CloseConsent Exception: null
java.lang.Throwable: Exception while clicking element: CloseConsent Exception: null
	at reportingLibrary.Logger.log(Logger.java:147)
	at supportLibrary.CommonFunction.clickElement(CommonFunction.java:64)
	at pages.web.FirstPage.launchAppSP(FirstPage.java:118)
	at test.Eorder.Eorderflow(Eorder.java:27)
	at sun.reflect.NativeMethodAccessorImpl.invoke0(Native Method)
	at sun.reflect.NativeMethodAccessorImpl.invoke(NativeMethodAccessorImpl.java:62)
	at sun.reflect.DelegatingMethodAccessorImpl.invoke(DelegatingMethodAccessorImpl.java:43)
	at java.lang.reflect.Method.invoke(Method.java:498)
	at org.testng.internal.MethodInvocationHelper.invokeMethod(MethodInvocationHelper.java:124)
	at org.testng.internal.Invoker.invokeMethod(Invoker.java:583)
	at org.testng.internal.Invoker.invokeTestMethod(Invoker.java:719)
	at org.testng.internal.Invoker.invokeTestMethods(Invoker.java:989)
	at org.testng.internal.TestMethodWorker.invokeTestMethods(TestMethodWorker.java:125)
	at org.testng.internal.TestMethodWorker.run(TestMethodWorker.java:109)
	at org.testng.TestRunner.privateRun(TestRunner.java:648)
	at org.testng.TestRunner.run(TestRunner.java:505)
	at org.testng.SuiteRunner.runTest(SuiteRunner.java:455)
	at org.testng.SuiteRunner.access$000(SuiteRunner.java:40)
	at org.testng.SuiteRunner$SuiteWorker.run(SuiteRunner.java:489)
	at org.testng.internal.thread.ThreadUtil$1.call(ThreadUtil.java:52)
	at java.util.concurrent.FutureTask.run(FutureTask.java:266)
	at java.util.concurrent.ThreadPoolExecutor.runWorker(ThreadPoolExecutor.java:1149)
	at java.util.concurrent.ThreadPoolExecutor$Worker.run(ThreadPoolExecutor.java:624)
	at java.lang.Thread.run(Thread.java:748)
2022-02-22 14:16:07 ERROR Eorderflow:85 - Exception while launching application URL
2022-02-22 14:16:07 INFO  Eorderflow:145 - In after test method ::Eorderflow
2022-02-22 14:16:07 DEBUG cache:45 - Couldn't find template in cache for "Extent.ftl"("en_US", UTF-8, parsed); will try to load it.
2022-02-22 14:16:07 DEBUG cache:45 - TemplateLoader.findTemplateSource("Extent_en_US.ftl"): Not found
2022-02-22 14:16:07 DEBUG cache:45 - TemplateLoader.findTemplateSource("Extent_en.ftl"): Not found
2022-02-22 14:16:07 DEBUG cache:45 - TemplateLoader.findTemplateSource("Extent.ftl"): Found
2022-02-22 14:16:07 DEBUG cache:45 - Loading template for "Extent.ftl"("en_US", UTF-8, parsed) from "jar:file:/C:/Users/UXS1KOR/.m2/repository/com/relevantcodes/extentreports/2.41.2/extentreports-2.41.2.jar!/com/relevantcodes/extentreports/view/Extent.ftl"
2022-02-22 14:16:07 INFO  Eorderflow:145 - No child test to execute, flushing report
2022-02-22 14:16:07 INFO  Eorderflow:145 - Terminate driver session in after test method
2022-02-22 14:16:07 INFO  Eorderflow:145 - Starting before test method ::Eorderflow
2022-02-22 14:16:07 INFO  Eorderflow:145 - **** Initializing drivers ****chrome 
2022-02-22 14:16:07 INFO  Eorderflow:145 - Initializing driver session for local execution
2022-02-22 14:16:09 INFO  Eorderflow:145 - Driver is initizialied
2022-02-22 14:16:09 INFO  Eorderflow:145 - **** driver instance in Initializing drivers ****
2022-02-22 14:16:09 INFO  Eorderflow:145 - Starting before test method ::Eorderflow
2022-02-22 14:16:14 INFO  Eorderflow:145 - Navigate to url https://stage.boschtoolservice.com/ee/et/bosch-pt/spareparts/search
2022-02-22 14:16:15 WARN  Eorderflow:150 - Unable to locate webelement. Object Name: CloseConsent
2022-02-22 14:16:20 INFO  Eorderflow:145 - wait for Object CloseConsent. Time:5 seconds
2022-02-22 14:16:20 WARN  Eorderflow:150 - Unable to locate webelement. Object Name: CloseConsent
2022-02-22 14:16:25 INFO  Eorderflow:145 - wait for Object CloseConsent. Time:10 seconds
2022-02-22 14:16:25 WARN  Eorderflow:150 - Unable to locate webelement. Object Name: CloseConsent
2022-02-22 14:16:30 INFO  Eorderflow:145 - wait for Object CloseConsent. Time:15 seconds
2022-02-22 14:16:30 INFO  Eorderflow:145 - CloseConsent Element is not displayed after 15 Seconds
2022-02-22 14:16:30 WARN  Eorderflow:150 - Unable to locate webelement. Object Name: CloseConsent
2022-02-22 14:16:30 ERROR Eorderflow:147 - Exception while clicking element: CloseConsent Exception: null
java.lang.Throwable: Exception while clicking element: CloseConsent Exception: null
	at reportingLibrary.Logger.log(Logger.java:147)
	at supportLibrary.CommonFunction.clickElement(CommonFunction.java:64)
	at pages.web.FirstPage.launchAppSP(FirstPage.java:118)
	at test.Eorder.Eorderflow(Eorder.java:27)
	at sun.reflect.NativeMethodAccessorImpl.invoke0(Native Method)
	at sun.reflect.NativeMethodAccessorImpl.invoke(NativeMethodAccessorImpl.java:62)
	at sun.reflect.DelegatingMethodAccessorImpl.invoke(DelegatingMethodAccessorImpl.java:43)
	at java.lang.reflect.Method.invoke(Method.java:498)
	at org.testng.internal.MethodInvocationHelper.invokeMethod(MethodInvocationHelper.java:124)
	at org.testng.internal.Invoker.invokeMethod(Invoker.java:583)
	at org.testng.internal.Invoker.invokeTestMethod(Invoker.java:719)
	at org.testng.internal.Invoker.invokeTestMethods(Invoker.java:989)
	at org.testng.internal.TestMethodWorker.invokeTestMethods(TestMethodWorker.java:125)
	at org.testng.internal.TestMethodWorker.run(TestMethodWorker.java:109)
	at org.testng.TestRunner.privateRun(TestRunner.java:648)
	at org.testng.TestRunner.run(TestRunner.java:505)
	at org.testng.SuiteRunner.runTest(SuiteRunner.java:455)
	at org.testng.SuiteRunner.access$000(SuiteRunner.java:40)
	at org.testng.SuiteRunner$SuiteWorker.run(SuiteRunner.java:489)
	at org.testng.internal.thread.ThreadUtil$1.call(ThreadUtil.java:52)
	at java.util.concurrent.FutureTask.run(FutureTask.java:266)
	at java.util.concurrent.ThreadPoolExecutor.runWorker(ThreadPoolExecutor.java:1149)
	at java.util.concurrent.ThreadPoolExecutor$Worker.run(ThreadPoolExecutor.java:624)
	at java.lang.Thread.run(Thread.java:748)
2022-02-22 14:16:30 ERROR Eorderflow:85 - Exception while launching application URL
2022-02-22 14:16:30 INFO  Eorderflow:145 - In after test method ::Eorderflow
2022-02-22 14:16:30 DEBUG cache:45 - Couldn't find template in cache for "Extent.ftl"("en_US", UTF-8, parsed); will try to load it.
2022-02-22 14:16:30 DEBUG cache:45 - TemplateLoader.findTemplateSource("Extent_en_US.ftl"): Not found
2022-02-22 14:16:30 DEBUG cache:45 - TemplateLoader.findTemplateSource("Extent_en.ftl"): Not found
2022-02-22 14:16:30 DEBUG cache:45 - TemplateLoader.findTemplateSource("Extent.ftl"): Found
2022-02-22 14:16:30 DEBUG cache:45 - Loading template for "Extent.ftl"("en_US", UTF-8, parsed) from "jar:file:/C:/Users/UXS1KOR/.m2/repository/com/relevantcodes/extentreports/2.41.2/extentreports-2.41.2.jar!/com/relevantcodes/extentreports/view/Extent.ftl"
2022-02-22 14:16:30 INFO  Eorderflow:145 - No child test to execute, flushing report
2022-02-22 14:16:31 INFO  Eorderflow:145 - Terminate driver session in after test method
2022-02-22 14:16:31 INFO  Eorderflow:145 - Starting before test method ::Eorderflow
2022-02-22 14:16:31 INFO  Eorderflow:145 - **** Initializing drivers ****chrome 
2022-02-22 14:16:31 INFO  Eorderflow:145 - Initializing driver session for local execution
2022-02-22 14:16:33 INFO  Eorderflow:145 - Driver is initizialied
2022-02-22 14:16:33 INFO  Eorderflow:145 - **** driver instance in Initializing drivers ****
2022-02-22 14:16:33 INFO  Eorderflow:145 - Starting before test method ::Eorderflow
2022-02-22 14:16:37 INFO  Eorderflow:145 - Navigate to url https://stage.boschtoolservice.com/ee/et/boschdiy/spareparts/search
2022-02-22 14:16:38 WARN  Eorderflow:150 - Unable to locate webelement. Object Name: CloseConsent
2022-02-22 14:16:43 INFO  Eorderflow:145 - wait for Object CloseConsent. Time:5 seconds
2022-02-22 14:16:43 WARN  Eorderflow:150 - Unable to locate webelement. Object Name: CloseConsent
2022-02-22 14:16:48 INFO  Eorderflow:145 - wait for Object CloseConsent. Time:10 seconds
2022-02-22 14:16:48 WARN  Eorderflow:150 - Unable to locate webelement. Object Name: CloseConsent
2022-02-22 14:16:53 INFO  Eorderflow:145 - wait for Object CloseConsent. Time:15 seconds
2022-02-22 14:16:53 INFO  Eorderflow:145 - CloseConsent Element is not displayed after 15 Seconds
2022-02-22 14:16:53 WARN  Eorderflow:150 - Unable to locate webelement. Object Name: CloseConsent
2022-02-22 14:16:53 ERROR Eorderflow:147 - Exception while clicking element: CloseConsent Exception: null
java.lang.Throwable: Exception while clicking element: CloseConsent Exception: null
	at reportingLibrary.Logger.log(Logger.java:147)
	at supportLibrary.CommonFunction.clickElement(CommonFunction.java:64)
	at pages.web.FirstPage.launchAppSP(FirstPage.java:118)
	at test.Eorder.Eorderflow(Eorder.java:27)
	at sun.reflect.NativeMethodAccessorImpl.invoke0(Native Method)
	at sun.reflect.NativeMethodAccessorImpl.invoke(NativeMethodAccessorImpl.java:62)
	at sun.reflect.DelegatingMethodAccessorImpl.invoke(DelegatingMethodAccessorImpl.java:43)
	at java.lang.reflect.Method.invoke(Method.java:498)
	at org.testng.internal.MethodInvocationHelper.invokeMethod(MethodInvocationHelper.java:124)
	at org.testng.internal.Invoker.invokeMethod(Invoker.java:583)
	at org.testng.internal.Invoker.invokeTestMethod(Invoker.java:719)
	at org.testng.internal.Invoker.invokeTestMethods(Invoker.java:989)
	at org.testng.internal.TestMethodWorker.invokeTestMethods(TestMethodWorker.java:125)
	at org.testng.internal.TestMethodWorker.run(TestMethodWorker.java:109)
	at org.testng.TestRunner.privateRun(TestRunner.java:648)
	at org.testng.TestRunner.run(TestRunner.java:505)
	at org.testng.SuiteRunner.runTest(SuiteRunner.java:455)
	at org.testng.SuiteRunner.access$000(SuiteRunner.java:40)
	at org.testng.SuiteRunner$SuiteWorker.run(SuiteRunner.java:489)
	at org.testng.internal.thread.ThreadUtil$1.call(ThreadUtil.java:52)
	at java.util.concurrent.FutureTask.run(FutureTask.java:266)
	at java.util.concurrent.ThreadPoolExecutor.runWorker(ThreadPoolExecutor.java:1149)
	at java.util.concurrent.ThreadPoolExecutor$Worker.run(ThreadPoolExecutor.java:624)
	at java.lang.Thread.run(Thread.java:748)
2022-02-22 14:16:53 ERROR Eorderflow:85 - Exception while launching application URL
2022-02-22 14:16:53 INFO  Eorderflow:145 - In after test method ::Eorderflow
2022-02-22 14:16:53 DEBUG cache:45 - Couldn't find template in cache for "Extent.ftl"("en_US", UTF-8, parsed); will try to load it.
2022-02-22 14:16:53 DEBUG cache:45 - TemplateLoader.findTemplateSource("Extent_en_US.ftl"): Not found
2022-02-22 14:16:53 DEBUG cache:45 - TemplateLoader.findTemplateSource("Extent_en.ftl"): Not found
2022-02-22 14:16:53 DEBUG cache:45 - TemplateLoader.findTemplateSource("Extent.ftl"): Found
2022-02-22 14:16:53 DEBUG cache:45 - Loading template for "Extent.ftl"("en_US", UTF-8, parsed) from "jar:file:/C:/Users/UXS1KOR/.m2/repository/com/relevantcodes/extentreports/2.41.2/extentreports-2.41.2.jar!/com/relevantcodes/extentreports/view/Extent.ftl"
2022-02-22 14:16:53 INFO  Eorderflow:145 - No child test to execute, flushing report
2022-02-22 14:16:54 INFO  Eorderflow:145 - Terminate driver session in after test method
2022-02-22 14:16:54 INFO  EorderSkillflow:145 - Starting before test method ::EorderSkillflow
2022-02-22 14:16:54 INFO  EorderSkillflow:145 - **** Initializing drivers ****chrome 
2022-02-22 14:16:54 INFO  EorderSkillflow:145 - Initializing driver session for local execution
2022-02-22 14:16:56 INFO  EorderSkillflow:145 - Driver is initizialied
2022-02-22 14:16:56 INFO  EorderSkillflow:145 - **** driver instance in Initializing drivers ****
2022-02-22 14:16:56 INFO  EorderSkillflow:145 - Starting before test method ::EorderSkillflow
2022-02-22 14:17:00 INFO  EorderSkillflow:145 - Navigate to url https://stage.boschtoolservice.com/ee/et/skil/spareparts/search
2022-02-22 14:17:00 WARN  EorderSkillflow:150 - Unable to locate webelement. Object Name: CloseConsent
2022-02-22 14:17:05 INFO  EorderSkillflow:145 - wait for Object CloseConsent. Time:5 seconds
2022-02-22 14:17:05 WARN  EorderSkillflow:150 - Unable to locate webelement. Object Name: CloseConsent
2022-02-22 14:17:10 INFO  EorderSkillflow:145 - wait for Object CloseConsent. Time:10 seconds
2022-02-22 14:17:11 WARN  EorderSkillflow:150 - Unable to locate webelement. Object Name: CloseConsent
2022-02-22 14:17:16 INFO  EorderSkillflow:145 - wait for Object CloseConsent. Time:15 seconds
2022-02-22 14:17:16 INFO  EorderSkillflow:145 - CloseConsent Element is not displayed after 15 Seconds
2022-02-22 14:17:16 WARN  EorderSkillflow:150 - Unable to locate webelement. Object Name: CloseConsent
2022-02-22 14:17:16 ERROR EorderSkillflow:147 - Exception while clicking element: CloseConsent Exception: null
java.lang.Throwable: Exception while clicking element: CloseConsent Exception: null
	at reportingLibrary.Logger.log(Logger.java:147)
	at supportLibrary.CommonFunction.clickElement(CommonFunction.java:64)
	at pages.web.FirstPage.launchApp(FirstPage.java:95)
	at test.Eorder_Skill.EorderSkillflow(Eorder_Skill.java:28)
	at sun.reflect.NativeMethodAccessorImpl.invoke0(Native Method)
	at sun.reflect.NativeMethodAccessorImpl.invoke(NativeMethodAccessorImpl.java:62)
	at sun.reflect.DelegatingMethodAccessorImpl.invoke(DelegatingMethodAccessorImpl.java:43)
	at java.lang.reflect.Method.invoke(Method.java:498)
	at org.testng.internal.MethodInvocationHelper.invokeMethod(MethodInvocationHelper.java:124)
	at org.testng.internal.Invoker.invokeMethod(Invoker.java:583)
	at org.testng.internal.Invoker.invokeTestMethod(Invoker.java:719)
	at org.testng.internal.Invoker.invokeTestMethods(Invoker.java:989)
	at org.testng.internal.TestMethodWorker.invokeTestMethods(TestMethodWorker.java:125)
	at org.testng.internal.TestMethodWorker.run(TestMethodWorker.java:109)
	at org.testng.TestRunner.privateRun(TestRunner.java:648)
	at org.testng.TestRunner.run(TestRunner.java:505)
	at org.testng.SuiteRunner.runTest(SuiteRunner.java:455)
	at org.testng.SuiteRunner.access$000(SuiteRunner.java:40)
	at org.testng.SuiteRunner$SuiteWorker.run(SuiteRunner.java:489)
	at org.testng.internal.thread.ThreadUtil$1.call(ThreadUtil.java:52)
	at java.util.concurrent.FutureTask.run(FutureTask.java:266)
	at java.util.concurrent.ThreadPoolExecutor.runWorker(ThreadPoolExecutor.java:1149)
	at java.util.concurrent.ThreadPoolExecutor$Worker.run(ThreadPoolExecutor.java:624)
	at java.lang.Thread.run(Thread.java:748)
2022-02-22 14:17:16 ERROR EorderSkillflow:85 - Exception while launching application URL
2022-02-22 14:17:16 INFO  EorderSkillflow:145 - In after test method ::EorderSkillflow
2022-02-22 14:17:16 DEBUG cache:45 - Couldn't find template in cache for "Extent.ftl"("en_US", UTF-8, parsed); will try to load it.
2022-02-22 14:17:16 DEBUG cache:45 - TemplateLoader.findTemplateSource("Extent_en_US.ftl"): Not found
2022-02-22 14:17:16 DEBUG cache:45 - TemplateLoader.findTemplateSource("Extent_en.ftl"): Not found
2022-02-22 14:17:16 DEBUG cache:45 - TemplateLoader.findTemplateSource("Extent.ftl"): Found
2022-02-22 14:17:16 DEBUG cache:45 - Loading template for "Extent.ftl"("en_US", UTF-8, parsed) from "jar:file:/C:/Users/UXS1KOR/.m2/repository/com/relevantcodes/extentreports/2.41.2/extentreports-2.41.2.jar!/com/relevantcodes/extentreports/view/Extent.ftl"
2022-02-22 14:17:16 INFO  EorderSkillflow:145 - No child test to execute, flushing report
2022-02-22 14:17:17 INFO  EorderSkillflow:145 - Terminate driver session in after test method
2022-02-22 14:17:17 INFO  EorderDremelflow:145 - Starting before test method ::EorderDremelflow
2022-02-22 14:17:17 INFO  EorderDremelflow:145 - **** Initializing drivers ****chrome 
2022-02-22 14:17:17 INFO  EorderDremelflow:145 - Initializing driver session for local execution
2022-02-22 14:17:18 INFO  EorderDremelflow:145 - Driver is initizialied
2022-02-22 14:17:18 INFO  EorderDremelflow:145 - **** driver instance in Initializing drivers ****
2022-02-22 14:17:18 INFO  EorderDremelflow:145 - Starting before test method ::EorderDremelflow
2022-02-22 14:17:22 INFO  EorderDremelflow:145 - Navigate to url https://stage.boschtoolservice.com/ee/et/dremel/spareparts/search
2022-02-22 14:17:22 WARN  EorderDremelflow:150 - Unable to locate webelement. Object Name: CloseConsent
2022-02-22 14:17:27 INFO  EorderDremelflow:145 - wait for Object CloseConsent. Time:5 seconds
2022-02-22 14:17:27 WARN  EorderDremelflow:150 - Unable to locate webelement. Object Name: CloseConsent
2022-02-22 14:17:32 INFO  EorderDremelflow:145 - wait for Object CloseConsent. Time:10 seconds
2022-02-22 14:17:32 WARN  EorderDremelflow:150 - Unable to locate webelement. Object Name: CloseConsent
2022-02-22 14:17:37 INFO  EorderDremelflow:145 - wait for Object CloseConsent. Time:15 seconds
2022-02-22 14:17:37 INFO  EorderDremelflow:145 - CloseConsent Element is not displayed after 15 Seconds
2022-02-22 14:17:37 WARN  EorderDremelflow:150 - Unable to locate webelement. Object Name: CloseConsent
2022-02-22 14:17:37 ERROR EorderDremelflow:147 - Exception while clicking element: CloseConsent Exception: null
java.lang.Throwable: Exception while clicking element: CloseConsent Exception: null
	at reportingLibrary.Logger.log(Logger.java:147)
	at supportLibrary.CommonFunction.clickElement(CommonFunction.java:64)
	at pages.web.FirstPage.launchApp(FirstPage.java:95)
	at test.Eorder_DREMEL.EorderDremelflow(Eorder_DREMEL.java:28)
	at sun.reflect.NativeMethodAccessorImpl.invoke0(Native Method)
	at sun.reflect.NativeMethodAccessorImpl.invoke(NativeMethodAccessorImpl.java:62)
	at sun.reflect.DelegatingMethodAccessorImpl.invoke(DelegatingMethodAccessorImpl.java:43)
	at java.lang.reflect.Method.invoke(Method.java:498)
	at org.testng.internal.MethodInvocationHelper.invokeMethod(MethodInvocationHelper.java:124)
	at org.testng.internal.Invoker.invokeMethod(Invoker.java:583)
	at org.testng.internal.Invoker.invokeTestMethod(Invoker.java:719)
	at org.testng.internal.Invoker.invokeTestMethods(Invoker.java:989)
	at org.testng.internal.TestMethodWorker.invokeTestMethods(TestMethodWorker.java:125)
	at org.testng.internal.TestMethodWorker.run(TestMethodWorker.java:109)
	at org.testng.TestRunner.privateRun(TestRunner.java:648)
	at org.testng.TestRunner.run(TestRunner.java:505)
	at org.testng.SuiteRunner.runTest(SuiteRunner.java:455)
	at org.testng.SuiteRunner.access$000(SuiteRunner.java:40)
	at org.testng.SuiteRunner$SuiteWorker.run(SuiteRunner.java:489)
	at org.testng.internal.thread.ThreadUtil$1.call(ThreadUtil.java:52)
	at java.util.concurrent.FutureTask.run(FutureTask.java:266)
	at java.util.concurrent.ThreadPoolExecutor.runWorker(ThreadPoolExecutor.java:1149)
	at java.util.concurrent.ThreadPoolExecutor$Worker.run(ThreadPoolExecutor.java:624)
	at java.lang.Thread.run(Thread.java:748)
2022-02-22 14:17:38 ERROR EorderDremelflow:85 - Exception while launching application URL
2022-02-22 14:17:38 INFO  EorderDremelflow:145 - In after test method ::EorderDremelflow
2022-02-22 14:17:38 DEBUG cache:45 - Couldn't find template in cache for "Extent.ftl"("en_US", UTF-8, parsed); will try to load it.
2022-02-22 14:17:38 DEBUG cache:45 - TemplateLoader.findTemplateSource("Extent_en_US.ftl"): Not found
2022-02-22 14:17:38 DEBUG cache:45 - TemplateLoader.findTemplateSource("Extent_en.ftl"): Not found
2022-02-22 14:17:38 DEBUG cache:45 - TemplateLoader.findTemplateSource("Extent.ftl"): Found
2022-02-22 14:17:38 DEBUG cache:45 - Loading template for "Extent.ftl"("en_US", UTF-8, parsed) from "jar:file:/C:/Users/UXS1KOR/.m2/repository/com/relevantcodes/extentreports/2.41.2/extentreports-2.41.2.jar!/com/relevantcodes/extentreports/view/Extent.ftl"
2022-02-22 14:17:38 INFO  EorderDremelflow:145 - No child test to execute, flushing report
2022-02-22 14:17:38 INFO  EorderDremelflow:145 - Terminate driver session in after test method
2022-02-22 14:17:38 INFO  Eorderflow:145 - Starting before test method ::Eorderflow
2022-02-22 14:17:38 INFO  Eorderflow:145 - **** Initializing drivers ****chrome 
2022-02-22 14:17:38 INFO  Eorderflow:145 - Initializing driver session for local execution
2022-02-22 14:17:40 INFO  Eorderflow:145 - Driver is initizialied
2022-02-22 14:17:40 INFO  Eorderflow:145 - **** driver instance in Initializing drivers ****
2022-02-22 14:17:40 INFO  Eorderflow:145 - Starting before test method ::Eorderflow
2022-02-22 14:17:44 INFO  Eorderflow:145 - Navigate to url https://stage.boschtoolservice.com/lt/lt/boschprof/spareparts/search
2022-02-22 14:17:45 WARN  Eorderflow:150 - Unable to locate webelement. Object Name: CloseConsent
2022-02-22 14:17:50 INFO  Eorderflow:145 - wait for Object CloseConsent. Time:5 seconds
2022-02-22 14:17:50 WARN  Eorderflow:150 - Unable to locate webelement. Object Name: CloseConsent
2022-02-22 14:17:55 INFO  Eorderflow:145 - wait for Object CloseConsent. Time:10 seconds
2022-02-22 14:17:55 WARN  Eorderflow:150 - Unable to locate webelement. Object Name: CloseConsent
2022-02-22 14:18:00 INFO  Eorderflow:145 - wait for Object CloseConsent. Time:15 seconds
2022-02-22 14:18:00 INFO  Eorderflow:145 - CloseConsent Element is not displayed after 15 Seconds
2022-02-22 14:18:00 WARN  Eorderflow:150 - Unable to locate webelement. Object Name: CloseConsent
2022-02-22 14:18:00 ERROR Eorderflow:147 - Exception while clicking element: CloseConsent Exception: null
java.lang.Throwable: Exception while clicking element: CloseConsent Exception: null
	at reportingLibrary.Logger.log(Logger.java:147)
	at supportLibrary.CommonFunction.clickElement(CommonFunction.java:64)
	at pages.web.FirstPage.launchAppSP(FirstPage.java:118)
	at test.Eorder.Eorderflow(Eorder.java:27)
	at sun.reflect.NativeMethodAccessorImpl.invoke0(Native Method)
	at sun.reflect.NativeMethodAccessorImpl.invoke(NativeMethodAccessorImpl.java:62)
	at sun.reflect.DelegatingMethodAccessorImpl.invoke(DelegatingMethodAccessorImpl.java:43)
	at java.lang.reflect.Method.invoke(Method.java:498)
	at org.testng.internal.MethodInvocationHelper.invokeMethod(MethodInvocationHelper.java:124)
	at org.testng.internal.Invoker.invokeMethod(Invoker.java:583)
	at org.testng.internal.Invoker.invokeTestMethod(Invoker.java:719)
	at org.testng.internal.Invoker.invokeTestMethods(Invoker.java:989)
	at org.testng.internal.TestMethodWorker.invokeTestMethods(TestMethodWorker.java:125)
	at org.testng.internal.TestMethodWorker.run(TestMethodWorker.java:109)
	at org.testng.TestRunner.privateRun(TestRunner.java:648)
	at org.testng.TestRunner.run(TestRunner.java:505)
	at org.testng.SuiteRunner.runTest(SuiteRunner.java:455)
	at org.testng.SuiteRunner.access$000(SuiteRunner.java:40)
	at org.testng.SuiteRunner$SuiteWorker.run(SuiteRunner.java:489)
	at org.testng.internal.thread.ThreadUtil$1.call(ThreadUtil.java:52)
	at java.util.concurrent.FutureTask.run(FutureTask.java:266)
	at java.util.concurrent.ThreadPoolExecutor.runWorker(ThreadPoolExecutor.java:1149)
	at java.util.concurrent.ThreadPoolExecutor$Worker.run(ThreadPoolExecutor.java:624)
	at java.lang.Thread.run(Thread.java:748)
2022-02-22 14:18:00 ERROR Eorderflow:85 - Exception while launching application URL
2022-02-22 14:18:00 INFO  Eorderflow:145 - In after test method ::Eorderflow
2022-02-22 14:18:00 DEBUG cache:45 - Couldn't find template in cache for "Extent.ftl"("en_US", UTF-8, parsed); will try to load it.
2022-02-22 14:18:00 DEBUG cache:45 - TemplateLoader.findTemplateSource("Extent_en_US.ftl"): Not found
2022-02-22 14:18:00 DEBUG cache:45 - TemplateLoader.findTemplateSource("Extent_en.ftl"): Not found
2022-02-22 14:18:00 DEBUG cache:45 - TemplateLoader.findTemplateSource("Extent.ftl"): Found
2022-02-22 14:18:00 DEBUG cache:45 - Loading template for "Extent.ftl"("en_US", UTF-8, parsed) from "jar:file:/C:/Users/UXS1KOR/.m2/repository/com/relevantcodes/extentreports/2.41.2/extentreports-2.41.2.jar!/com/relevantcodes/extentreports/view/Extent.ftl"
2022-02-22 14:18:00 INFO  Eorderflow:145 - No child test to execute, flushing report
2022-02-22 14:18:01 INFO  Eorderflow:145 - Terminate driver session in after test method
2022-02-22 14:18:01 INFO  Eorderflow:145 - Starting before test method ::Eorderflow
2022-02-22 14:18:01 INFO  Eorderflow:145 - **** Initializing drivers ****chrome 
2022-02-22 14:18:01 INFO  Eorderflow:145 - Initializing driver session for local execution
2022-02-22 14:18:03 INFO  Eorderflow:145 - Driver is initizialied
2022-02-22 14:18:03 INFO  Eorderflow:145 - **** driver instance in Initializing drivers ****
2022-02-22 14:18:03 INFO  Eorderflow:145 - Starting before test method ::Eorderflow
2022-02-22 14:18:07 INFO  Eorderflow:145 - Navigate to url https://stage.boschtoolservice.com/lt/lt/bosch-pt/spareparts/search
2022-02-22 14:18:08 WARN  Eorderflow:150 - Unable to locate webelement. Object Name: CloseConsent
2022-02-22 14:18:13 INFO  Eorderflow:145 - wait for Object CloseConsent. Time:5 seconds
2022-02-22 14:18:13 WARN  Eorderflow:150 - Unable to locate webelement. Object Name: CloseConsent
2022-02-22 14:18:18 INFO  Eorderflow:145 - wait for Object CloseConsent. Time:10 seconds
2022-02-22 14:18:18 WARN  Eorderflow:150 - Unable to locate webelement. Object Name: CloseConsent
2022-02-22 14:18:23 INFO  Eorderflow:145 - wait for Object CloseConsent. Time:15 seconds
2022-02-22 14:18:23 INFO  Eorderflow:145 - CloseConsent Element is not displayed after 15 Seconds
2022-02-22 14:18:23 WARN  Eorderflow:150 - Unable to locate webelement. Object Name: CloseConsent
2022-02-22 14:18:23 ERROR Eorderflow:147 - Exception while clicking element: CloseConsent Exception: null
java.lang.Throwable: Exception while clicking element: CloseConsent Exception: null
	at reportingLibrary.Logger.log(Logger.java:147)
	at supportLibrary.CommonFunction.clickElement(CommonFunction.java:64)
	at pages.web.FirstPage.launchAppSP(FirstPage.java:118)
	at test.Eorder.Eorderflow(Eorder.java:27)
	at sun.reflect.NativeMethodAccessorImpl.invoke0(Native Method)
	at sun.reflect.NativeMethodAccessorImpl.invoke(NativeMethodAccessorImpl.java:62)
	at sun.reflect.DelegatingMethodAccessorImpl.invoke(DelegatingMethodAccessorImpl.java:43)
	at java.lang.reflect.Method.invoke(Method.java:498)
	at org.testng.internal.MethodInvocationHelper.invokeMethod(MethodInvocationHelper.java:124)
	at org.testng.internal.Invoker.invokeMethod(Invoker.java:583)
	at org.testng.internal.Invoker.invokeTestMethod(Invoker.java:719)
	at org.testng.internal.Invoker.invokeTestMethods(Invoker.java:989)
	at org.testng.internal.TestMethodWorker.invokeTestMethods(TestMethodWorker.java:125)
	at org.testng.internal.TestMethodWorker.run(TestMethodWorker.java:109)
	at org.testng.TestRunner.privateRun(TestRunner.java:648)
	at org.testng.TestRunner.run(TestRunner.java:505)
	at org.testng.SuiteRunner.runTest(SuiteRunner.java:455)
	at org.testng.SuiteRunner.access$000(SuiteRunner.java:40)
	at org.testng.SuiteRunner$SuiteWorker.run(SuiteRunner.java:489)
	at org.testng.internal.thread.ThreadUtil$1.call(ThreadUtil.java:52)
	at java.util.concurrent.FutureTask.run(FutureTask.java:266)
	at java.util.concurrent.ThreadPoolExecutor.runWorker(ThreadPoolExecutor.java:1149)
	at java.util.concurrent.ThreadPoolExecutor$Worker.run(ThreadPoolExecutor.java:624)
	at java.lang.Thread.run(Thread.java:748)
2022-02-22 14:18:24 ERROR Eorderflow:85 - Exception while launching application URL
2022-02-22 14:18:24 INFO  Eorderflow:145 - In after test method ::Eorderflow
2022-02-22 14:18:24 DEBUG cache:45 - Couldn't find template in cache for "Extent.ftl"("en_US", UTF-8, parsed); will try to load it.
2022-02-22 14:18:24 DEBUG cache:45 - TemplateLoader.findTemplateSource("Extent_en_US.ftl"): Not found
2022-02-22 14:18:24 DEBUG cache:45 - TemplateLoader.findTemplateSource("Extent_en.ftl"): Not found
2022-02-22 14:18:24 DEBUG cache:45 - TemplateLoader.findTemplateSource("Extent.ftl"): Found
2022-02-22 14:18:24 DEBUG cache:45 - Loading template for "Extent.ftl"("en_US", UTF-8, parsed) from "jar:file:/C:/Users/UXS1KOR/.m2/repository/com/relevantcodes/extentreports/2.41.2/extentreports-2.41.2.jar!/com/relevantcodes/extentreports/view/Extent.ftl"
2022-02-22 14:18:24 INFO  Eorderflow:145 - No child test to execute, flushing report
2022-02-22 14:18:24 INFO  Eorderflow:145 - Terminate driver session in after test method
2022-02-22 14:18:24 INFO  Eorderflow:145 - Starting before test method ::Eorderflow
2022-02-22 14:18:24 INFO  Eorderflow:145 - **** Initializing drivers ****chrome 
2022-02-22 14:18:24 INFO  Eorderflow:145 - Initializing driver session for local execution
2022-02-22 14:18:26 INFO  Eorderflow:145 - Driver is initizialied
2022-02-22 14:18:26 INFO  Eorderflow:145 - **** driver instance in Initializing drivers ****
2022-02-22 14:18:26 INFO  Eorderflow:145 - Starting before test method ::Eorderflow
2022-02-22 14:18:30 INFO  Eorderflow:145 - Navigate to url https://stage.boschtoolservice.com/lt/lt/boschdiy/spareparts/search
2022-02-22 14:18:31 WARN  Eorderflow:150 - Unable to locate webelement. Object Name: CloseConsent
2022-02-22 14:18:36 INFO  Eorderflow:145 - wait for Object CloseConsent. Time:5 seconds
2022-02-22 14:18:36 WARN  Eorderflow:150 - Unable to locate webelement. Object Name: CloseConsent
2022-02-22 14:18:41 INFO  Eorderflow:145 - wait for Object CloseConsent. Time:10 seconds
2022-02-22 14:18:41 WARN  Eorderflow:150 - Unable to locate webelement. Object Name: CloseConsent
2022-02-22 14:18:46 INFO  Eorderflow:145 - wait for Object CloseConsent. Time:15 seconds
2022-02-22 14:18:46 INFO  Eorderflow:145 - CloseConsent Element is not displayed after 15 Seconds
2022-02-22 14:18:46 WARN  Eorderflow:150 - Unable to locate webelement. Object Name: CloseConsent
2022-02-22 14:18:46 ERROR Eorderflow:147 - Exception while clicking element: CloseConsent Exception: null
java.lang.Throwable: Exception while clicking element: CloseConsent Exception: null
	at reportingLibrary.Logger.log(Logger.java:147)
	at supportLibrary.CommonFunction.clickElement(CommonFunction.java:64)
	at pages.web.FirstPage.launchAppSP(FirstPage.java:118)
	at test.Eorder.Eorderflow(Eorder.java:27)
	at sun.reflect.NativeMethodAccessorImpl.invoke0(Native Method)
	at sun.reflect.NativeMethodAccessorImpl.invoke(NativeMethodAccessorImpl.java:62)
	at sun.reflect.DelegatingMethodAccessorImpl.invoke(DelegatingMethodAccessorImpl.java:43)
	at java.lang.reflect.Method.invoke(Method.java:498)
	at org.testng.internal.MethodInvocationHelper.invokeMethod(MethodInvocationHelper.java:124)
	at org.testng.internal.Invoker.invokeMethod(Invoker.java:583)
	at org.testng.internal.Invoker.invokeTestMethod(Invoker.java:719)
	at org.testng.internal.Invoker.invokeTestMethods(Invoker.java:989)
	at org.testng.internal.TestMethodWorker.invokeTestMethods(TestMethodWorker.java:125)
	at org.testng.internal.TestMethodWorker.run(TestMethodWorker.java:109)
	at org.testng.TestRunner.privateRun(TestRunner.java:648)
	at org.testng.TestRunner.run(TestRunner.java:505)
	at org.testng.SuiteRunner.runTest(SuiteRunner.java:455)
	at org.testng.SuiteRunner.access$000(SuiteRunner.java:40)
	at org.testng.SuiteRunner$SuiteWorker.run(SuiteRunner.java:489)
	at org.testng.internal.thread.ThreadUtil$1.call(ThreadUtil.java:52)
	at java.util.concurrent.FutureTask.run(FutureTask.java:266)
	at java.util.concurrent.ThreadPoolExecutor.runWorker(ThreadPoolExecutor.java:1149)
	at java.util.concurrent.ThreadPoolExecutor$Worker.run(ThreadPoolExecutor.java:624)
	at java.lang.Thread.run(Thread.java:748)
2022-02-22 14:18:47 ERROR Eorderflow:85 - Exception while launching application URL
2022-02-22 14:18:47 INFO  Eorderflow:145 - In after test method ::Eorderflow
2022-02-22 14:18:47 DEBUG cache:45 - Couldn't find template in cache for "Extent.ftl"("en_US", UTF-8, parsed); will try to load it.
2022-02-22 14:18:47 DEBUG cache:45 - TemplateLoader.findTemplateSource("Extent_en_US.ftl"): Not found
2022-02-22 14:18:47 DEBUG cache:45 - TemplateLoader.findTemplateSource("Extent_en.ftl"): Not found
2022-02-22 14:18:47 DEBUG cache:45 - TemplateLoader.findTemplateSource("Extent.ftl"): Found
2022-02-22 14:18:47 DEBUG cache:45 - Loading template for "Extent.ftl"("en_US", UTF-8, parsed) from "jar:file:/C:/Users/UXS1KOR/.m2/repository/com/relevantcodes/extentreports/2.41.2/extentreports-2.41.2.jar!/com/relevantcodes/extentreports/view/Extent.ftl"
2022-02-22 14:18:47 INFO  Eorderflow:145 - No child test to execute, flushing report
2022-02-22 14:18:47 INFO  Eorderflow:145 - Terminate driver session in after test method
2022-02-22 14:18:47 INFO  EorderSkillflow:145 - Starting before test method ::EorderSkillflow
2022-02-22 14:18:47 INFO  EorderSkillflow:145 - **** Initializing drivers ****chrome 
2022-02-22 14:18:47 INFO  EorderSkillflow:145 - Initializing driver session for local execution
2022-02-22 14:18:49 INFO  EorderSkillflow:145 - Driver is initizialied
2022-02-22 14:18:49 INFO  EorderSkillflow:145 - **** driver instance in Initializing drivers ****
2022-02-22 14:18:49 INFO  EorderSkillflow:145 - Starting before test method ::EorderSkillflow
2022-02-22 14:19:00 INFO  EorderSkillflow:145 - Navigate to url https://stage.boschtoolservice.com/lt/lt/skil/spareparts/search
2022-02-22 14:19:00 WARN  EorderSkillflow:150 - Unable to locate webelement. Object Name: CloseConsent
2022-02-22 14:19:05 INFO  EorderSkillflow:145 - wait for Object CloseConsent. Time:5 seconds
2022-02-22 14:19:06 WARN  EorderSkillflow:150 - Unable to locate webelement. Object Name: CloseConsent
2022-02-22 14:19:11 INFO  EorderSkillflow:145 - wait for Object CloseConsent. Time:10 seconds
2022-02-22 14:19:11 WARN  EorderSkillflow:150 - Unable to locate webelement. Object Name: CloseConsent
2022-02-22 14:19:16 INFO  EorderSkillflow:145 - wait for Object CloseConsent. Time:15 seconds
2022-02-22 14:19:16 INFO  EorderSkillflow:145 - CloseConsent Element is not displayed after 15 Seconds
2022-02-22 14:19:16 WARN  EorderSkillflow:150 - Unable to locate webelement. Object Name: CloseConsent
2022-02-22 14:19:16 ERROR EorderSkillflow:147 - Exception while clicking element: CloseConsent Exception: null
java.lang.Throwable: Exception while clicking element: CloseConsent Exception: null
	at reportingLibrary.Logger.log(Logger.java:147)
	at supportLibrary.CommonFunction.clickElement(CommonFunction.java:64)
	at pages.web.FirstPage.launchApp(FirstPage.java:95)
	at test.Eorder_Skill.EorderSkillflow(Eorder_Skill.java:28)
	at sun.reflect.NativeMethodAccessorImpl.invoke0(Native Method)
	at sun.reflect.NativeMethodAccessorImpl.invoke(NativeMethodAccessorImpl.java:62)
	at sun.reflect.DelegatingMethodAccessorImpl.invoke(DelegatingMethodAccessorImpl.java:43)
	at java.lang.reflect.Method.invoke(Method.java:498)
	at org.testng.internal.MethodInvocationHelper.invokeMethod(MethodInvocationHelper.java:124)
	at org.testng.internal.Invoker.invokeMethod(Invoker.java:583)
	at org.testng.internal.Invoker.invokeTestMethod(Invoker.java:719)
	at org.testng.internal.Invoker.invokeTestMethods(Invoker.java:989)
	at org.testng.internal.TestMethodWorker.invokeTestMethods(TestMethodWorker.java:125)
	at org.testng.internal.TestMethodWorker.run(TestMethodWorker.java:109)
	at org.testng.TestRunner.privateRun(TestRunner.java:648)
	at org.testng.TestRunner.run(TestRunner.java:505)
	at org.testng.SuiteRunner.runTest(SuiteRunner.java:455)
	at org.testng.SuiteRunner.access$000(SuiteRunner.java:40)
	at org.testng.SuiteRunner$SuiteWorker.run(SuiteRunner.java:489)
	at org.testng.internal.thread.ThreadUtil$1.call(ThreadUtil.java:52)
	at java.util.concurrent.FutureTask.run(FutureTask.java:266)
	at java.util.concurrent.ThreadPoolExecutor.runWorker(ThreadPoolExecutor.java:1149)
	at java.util.concurrent.ThreadPoolExecutor$Worker.run(ThreadPoolExecutor.java:624)
	at java.lang.Thread.run(Thread.java:748)
2022-02-22 14:19:16 ERROR EorderSkillflow:85 - Exception while launching application URL
2022-02-22 14:19:16 INFO  EorderSkillflow:145 - In after test method ::EorderSkillflow
2022-02-22 14:19:16 DEBUG cache:45 - Couldn't find template in cache for "Extent.ftl"("en_US", UTF-8, parsed); will try to load it.
2022-02-22 14:19:16 DEBUG cache:45 - TemplateLoader.findTemplateSource("Extent_en_US.ftl"): Not found
2022-02-22 14:19:16 DEBUG cache:45 - TemplateLoader.findTemplateSource("Extent_en.ftl"): Not found
2022-02-22 14:19:16 DEBUG cache:45 - TemplateLoader.findTemplateSource("Extent.ftl"): Found
2022-02-22 14:19:16 DEBUG cache:45 - Loading template for "Extent.ftl"("en_US", UTF-8, parsed) from "jar:file:/C:/Users/UXS1KOR/.m2/repository/com/relevantcodes/extentreports/2.41.2/extentreports-2.41.2.jar!/com/relevantcodes/extentreports/view/Extent.ftl"
2022-02-22 14:19:16 INFO  EorderSkillflow:145 - No child test to execute, flushing report
2022-02-22 14:19:17 INFO  EorderSkillflow:145 - Terminate driver session in after test method
2022-02-22 14:19:17 INFO  EorderDremelflow:145 - Starting before test method ::EorderDremelflow
2022-02-22 14:19:17 INFO  EorderDremelflow:145 - **** Initializing drivers ****chrome 
2022-02-22 14:19:17 INFO  EorderDremelflow:145 - Initializing driver session for local execution
2022-02-22 14:19:18 INFO  EorderDremelflow:145 - Driver is initizialied
2022-02-22 14:19:18 INFO  EorderDremelflow:145 - **** driver instance in Initializing drivers ****
2022-02-22 14:19:18 INFO  EorderDremelflow:145 - Starting before test method ::EorderDremelflow
2022-02-22 14:19:22 INFO  EorderDremelflow:145 - Navigate to url https://stage.boschtoolservice.com/lt/lt/dremel/spareparts/search
2022-02-22 14:19:22 WARN  EorderDremelflow:150 - Unable to locate webelement. Object Name: CloseConsent
2022-02-22 14:19:27 INFO  EorderDremelflow:145 - wait for Object CloseConsent. Time:5 seconds
2022-02-22 14:19:27 WARN  EorderDremelflow:150 - Unable to locate webelement. Object Name: CloseConsent
2022-02-22 14:19:32 INFO  EorderDremelflow:145 - wait for Object CloseConsent. Time:10 seconds
2022-02-22 14:19:32 WARN  EorderDremelflow:150 - Unable to locate webelement. Object Name: CloseConsent
2022-02-22 14:19:37 INFO  EorderDremelflow:145 - wait for Object CloseConsent. Time:15 seconds
2022-02-22 14:19:37 INFO  EorderDremelflow:145 - CloseConsent Element is not displayed after 15 Seconds
2022-02-22 14:19:37 WARN  EorderDremelflow:150 - Unable to locate webelement. Object Name: CloseConsent
2022-02-22 14:19:37 ERROR EorderDremelflow:147 - Exception while clicking element: CloseConsent Exception: null
java.lang.Throwable: Exception while clicking element: CloseConsent Exception: null
	at reportingLibrary.Logger.log(Logger.java:147)
	at supportLibrary.CommonFunction.clickElement(CommonFunction.java:64)
	at pages.web.FirstPage.launchApp(FirstPage.java:95)
	at test.Eorder_DREMEL.EorderDremelflow(Eorder_DREMEL.java:28)
	at sun.reflect.NativeMethodAccessorImpl.invoke0(Native Method)
	at sun.reflect.NativeMethodAccessorImpl.invoke(NativeMethodAccessorImpl.java:62)
	at sun.reflect.DelegatingMethodAccessorImpl.invoke(DelegatingMethodAccessorImpl.java:43)
	at java.lang.reflect.Method.invoke(Method.java:498)
	at org.testng.internal.MethodInvocationHelper.invokeMethod(MethodInvocationHelper.java:124)
	at org.testng.internal.Invoker.invokeMethod(Invoker.java:583)
	at org.testng.internal.Invoker.invokeTestMethod(Invoker.java:719)
	at org.testng.internal.Invoker.invokeTestMethods(Invoker.java:989)
	at org.testng.internal.TestMethodWorker.invokeTestMethods(TestMethodWorker.java:125)
	at org.testng.internal.TestMethodWorker.run(TestMethodWorker.java:109)
	at org.testng.TestRunner.privateRun(TestRunner.java:648)
	at org.testng.TestRunner.run(TestRunner.java:505)
	at org.testng.SuiteRunner.runTest(SuiteRunner.java:455)
	at org.testng.SuiteRunner.access$000(SuiteRunner.java:40)
	at org.testng.SuiteRunner$SuiteWorker.run(SuiteRunner.java:489)
	at org.testng.internal.thread.ThreadUtil$1.call(ThreadUtil.java:52)
	at java.util.concurrent.FutureTask.run(FutureTask.java:266)
	at java.util.concurrent.ThreadPoolExecutor.runWorker(ThreadPoolExecutor.java:1149)
	at java.util.concurrent.ThreadPoolExecutor$Worker.run(ThreadPoolExecutor.java:624)
	at java.lang.Thread.run(Thread.java:748)
2022-02-22 14:19:37 ERROR EorderDremelflow:85 - Exception while launching application URL
2022-02-22 14:19:37 INFO  EorderDremelflow:145 - In after test method ::EorderDremelflow
2022-02-22 14:19:37 DEBUG cache:45 - Couldn't find template in cache for "Extent.ftl"("en_US", UTF-8, parsed); will try to load it.
2022-02-22 14:19:37 DEBUG cache:45 - TemplateLoader.findTemplateSource("Extent_en_US.ftl"): Not found
2022-02-22 14:19:37 DEBUG cache:45 - TemplateLoader.findTemplateSource("Extent_en.ftl"): Not found
2022-02-22 14:19:37 DEBUG cache:45 - TemplateLoader.findTemplateSource("Extent.ftl"): Found
2022-02-22 14:19:37 DEBUG cache:45 - Loading template for "Extent.ftl"("en_US", UTF-8, parsed) from "jar:file:/C:/Users/UXS1KOR/.m2/repository/com/relevantcodes/extentreports/2.41.2/extentreports-2.41.2.jar!/com/relevantcodes/extentreports/view/Extent.ftl"
2022-02-22 14:19:38 INFO  EorderDremelflow:145 - No child test to execute, flushing report
2022-02-22 14:19:38 INFO  EorderDremelflow:145 - Terminate driver session in after test method
2022-02-22 14:19:38 INFO  Eorderflow:145 - Starting before test method ::Eorderflow
2022-02-22 14:19:38 INFO  Eorderflow:145 - **** Initializing drivers ****chrome 
2022-02-22 14:19:38 INFO  Eorderflow:145 - Initializing driver session for local execution
2022-02-22 14:19:40 INFO  Eorderflow:145 - Driver is initizialied
2022-02-22 14:19:40 INFO  Eorderflow:145 - **** driver instance in Initializing drivers ****
2022-02-22 14:19:40 INFO  Eorderflow:145 - Starting before test method ::Eorderflow
2022-02-22 14:19:45 INFO  Eorderflow:145 - Navigate to url https://stage.boschtoolservice.com/hr/hr/boschprof/spareparts/search
2022-02-22 14:19:46 WARN  Eorderflow:150 - Unable to locate webelement. Object Name: CloseConsent
2022-02-22 14:19:51 INFO  Eorderflow:145 - wait for Object CloseConsent. Time:5 seconds
2022-02-22 14:19:51 WARN  Eorderflow:150 - Unable to locate webelement. Object Name: CloseConsent
2022-02-22 14:19:56 INFO  Eorderflow:145 - wait for Object CloseConsent. Time:10 seconds
2022-02-22 14:19:56 WARN  Eorderflow:150 - Unable to locate webelement. Object Name: CloseConsent
2022-02-22 14:20:01 INFO  Eorderflow:145 - wait for Object CloseConsent. Time:15 seconds
2022-02-22 14:20:01 INFO  Eorderflow:145 - CloseConsent Element is not displayed after 15 Seconds
2022-02-22 14:20:01 WARN  Eorderflow:150 - Unable to locate webelement. Object Name: CloseConsent
2022-02-22 14:20:01 ERROR Eorderflow:147 - Exception while clicking element: CloseConsent Exception: null
java.lang.Throwable: Exception while clicking element: CloseConsent Exception: null
	at reportingLibrary.Logger.log(Logger.java:147)
	at supportLibrary.CommonFunction.clickElement(CommonFunction.java:64)
	at pages.web.FirstPage.launchAppSP(FirstPage.java:118)
	at test.Eorder.Eorderflow(Eorder.java:27)
	at sun.reflect.NativeMethodAccessorImpl.invoke0(Native Method)
	at sun.reflect.NativeMethodAccessorImpl.invoke(NativeMethodAccessorImpl.java:62)
	at sun.reflect.DelegatingMethodAccessorImpl.invoke(DelegatingMethodAccessorImpl.java:43)
	at java.lang.reflect.Method.invoke(Method.java:498)
	at org.testng.internal.MethodInvocationHelper.invokeMethod(MethodInvocationHelper.java:124)
	at org.testng.internal.Invoker.invokeMethod(Invoker.java:583)
	at org.testng.internal.Invoker.invokeTestMethod(Invoker.java:719)
	at org.testng.internal.Invoker.invokeTestMethods(Invoker.java:989)
	at org.testng.internal.TestMethodWorker.invokeTestMethods(TestMethodWorker.java:125)
	at org.testng.internal.TestMethodWorker.run(TestMethodWorker.java:109)
	at org.testng.TestRunner.privateRun(TestRunner.java:648)
	at org.testng.TestRunner.run(TestRunner.java:505)
	at org.testng.SuiteRunner.runTest(SuiteRunner.java:455)
	at org.testng.SuiteRunner.access$000(SuiteRunner.java:40)
	at org.testng.SuiteRunner$SuiteWorker.run(SuiteRunner.java:489)
	at org.testng.internal.thread.ThreadUtil$1.call(ThreadUtil.java:52)
	at java.util.concurrent.FutureTask.run(FutureTask.java:266)
	at java.util.concurrent.ThreadPoolExecutor.runWorker(ThreadPoolExecutor.java:1149)
	at java.util.concurrent.ThreadPoolExecutor$Worker.run(ThreadPoolExecutor.java:624)
	at java.lang.Thread.run(Thread.java:748)
2022-02-22 14:20:01 ERROR Eorderflow:85 - Exception while launching application URL
2022-02-22 14:20:01 INFO  Eorderflow:145 - In after test method ::Eorderflow
2022-02-22 14:20:01 DEBUG cache:45 - Couldn't find template in cache for "Extent.ftl"("en_US", UTF-8, parsed); will try to load it.
2022-02-22 14:20:01 DEBUG cache:45 - TemplateLoader.findTemplateSource("Extent_en_US.ftl"): Not found
2022-02-22 14:20:01 DEBUG cache:45 - TemplateLoader.findTemplateSource("Extent_en.ftl"): Not found
2022-02-22 14:20:01 DEBUG cache:45 - TemplateLoader.findTemplateSource("Extent.ftl"): Found
2022-02-22 14:20:01 DEBUG cache:45 - Loading template for "Extent.ftl"("en_US", UTF-8, parsed) from "jar:file:/C:/Users/UXS1KOR/.m2/repository/com/relevantcodes/extentreports/2.41.2/extentreports-2.41.2.jar!/com/relevantcodes/extentreports/view/Extent.ftl"
2022-02-22 14:20:01 INFO  Eorderflow:145 - No child test to execute, flushing report
2022-02-22 14:20:02 INFO  Eorderflow:145 - Terminate driver session in after test method
2022-02-22 14:20:02 INFO  Eorderflow:145 - Starting before test method ::Eorderflow
2022-02-22 14:20:02 INFO  Eorderflow:145 - **** Initializing drivers ****chrome 
2022-02-22 14:20:02 INFO  Eorderflow:145 - Initializing driver session for local execution
2022-02-22 14:20:04 INFO  Eorderflow:145 - Driver is initizialied
2022-02-22 14:20:04 INFO  Eorderflow:145 - **** driver instance in Initializing drivers ****
2022-02-22 14:20:04 INFO  Eorderflow:145 - Starting before test method ::Eorderflow
2022-02-22 14:20:08 INFO  Eorderflow:145 - Navigate to url https://stage.boschtoolservice.com/hr/hr/bosch-pt/spareparts/search
2022-02-22 14:20:09 WARN  Eorderflow:150 - Unable to locate webelement. Object Name: CloseConsent
2022-02-22 14:20:14 INFO  Eorderflow:145 - wait for Object CloseConsent. Time:5 seconds
2022-02-22 14:20:14 WARN  Eorderflow:150 - Unable to locate webelement. Object Name: CloseConsent
2022-02-22 14:20:19 INFO  Eorderflow:145 - wait for Object CloseConsent. Time:10 seconds
2022-02-22 14:20:19 WARN  Eorderflow:150 - Unable to locate webelement. Object Name: CloseConsent
2022-02-22 14:20:24 INFO  Eorderflow:145 - wait for Object CloseConsent. Time:15 seconds
2022-02-22 14:20:24 INFO  Eorderflow:145 - CloseConsent Element is not displayed after 15 Seconds
2022-02-22 14:20:24 WARN  Eorderflow:150 - Unable to locate webelement. Object Name: CloseConsent
2022-02-22 14:20:24 ERROR Eorderflow:147 - Exception while clicking element: CloseConsent Exception: null
java.lang.Throwable: Exception while clicking element: CloseConsent Exception: null
	at reportingLibrary.Logger.log(Logger.java:147)
	at supportLibrary.CommonFunction.clickElement(CommonFunction.java:64)
	at pages.web.FirstPage.launchAppSP(FirstPage.java:118)
	at test.Eorder.Eorderflow(Eorder.java:27)
	at sun.reflect.NativeMethodAccessorImpl.invoke0(Native Method)
	at sun.reflect.NativeMethodAccessorImpl.invoke(NativeMethodAccessorImpl.java:62)
	at sun.reflect.DelegatingMethodAccessorImpl.invoke(DelegatingMethodAccessorImpl.java:43)
	at java.lang.reflect.Method.invoke(Method.java:498)
	at org.testng.internal.MethodInvocationHelper.invokeMethod(MethodInvocationHelper.java:124)
	at org.testng.internal.Invoker.invokeMethod(Invoker.java:583)
	at org.testng.internal.Invoker.invokeTestMethod(Invoker.java:719)
	at org.testng.internal.Invoker.invokeTestMethods(Invoker.java:989)
	at org.testng.internal.TestMethodWorker.invokeTestMethods(TestMethodWorker.java:125)
	at org.testng.internal.TestMethodWorker.run(TestMethodWorker.java:109)
	at org.testng.TestRunner.privateRun(TestRunner.java:648)
	at org.testng.TestRunner.run(TestRunner.java:505)
	at org.testng.SuiteRunner.runTest(SuiteRunner.java:455)
	at org.testng.SuiteRunner.access$000(SuiteRunner.java:40)
	at org.testng.SuiteRunner$SuiteWorker.run(SuiteRunner.java:489)
	at org.testng.internal.thread.ThreadUtil$1.call(ThreadUtil.java:52)
	at java.util.concurrent.FutureTask.run(FutureTask.java:266)
	at java.util.concurrent.ThreadPoolExecutor.runWorker(ThreadPoolExecutor.java:1149)
	at java.util.concurrent.ThreadPoolExecutor$Worker.run(ThreadPoolExecutor.java:624)
	at java.lang.Thread.run(Thread.java:748)
2022-02-22 14:20:24 ERROR Eorderflow:85 - Exception while launching application URL
2022-02-22 14:20:24 INFO  Eorderflow:145 - In after test method ::Eorderflow
2022-02-22 14:20:24 DEBUG cache:45 - Couldn't find template in cache for "Extent.ftl"("en_US", UTF-8, parsed); will try to load it.
2022-02-22 14:20:24 DEBUG cache:45 - TemplateLoader.findTemplateSource("Extent_en_US.ftl"): Not found
2022-02-22 14:20:24 DEBUG cache:45 - TemplateLoader.findTemplateSource("Extent_en.ftl"): Not found
2022-02-22 14:20:24 DEBUG cache:45 - TemplateLoader.findTemplateSource("Extent.ftl"): Found
2022-02-22 14:20:24 DEBUG cache:45 - Loading template for "Extent.ftl"("en_US", UTF-8, parsed) from "jar:file:/C:/Users/UXS1KOR/.m2/repository/com/relevantcodes/extentreports/2.41.2/extentreports-2.41.2.jar!/com/relevantcodes/extentreports/view/Extent.ftl"
2022-02-22 14:20:24 INFO  Eorderflow:145 - No child test to execute, flushing report
2022-02-22 14:20:25 INFO  Eorderflow:145 - Terminate driver session in after test method
2022-02-22 14:20:25 INFO  Eorderflow:145 - Starting before test method ::Eorderflow
2022-02-22 14:20:25 INFO  Eorderflow:145 - **** Initializing drivers ****chrome 
2022-02-22 14:20:25 INFO  Eorderflow:145 - Initializing driver session for local execution
2022-02-22 14:20:26 INFO  Eorderflow:145 - Driver is initizialied
2022-02-22 14:20:26 INFO  Eorderflow:145 - **** driver instance in Initializing drivers ****
2022-02-22 14:20:26 INFO  Eorderflow:145 - Starting before test method ::Eorderflow
2022-02-22 14:20:32 INFO  Eorderflow:145 - Navigate to url https://stage.boschtoolservice.com/hr/hr/boschdiy/spareparts/search
2022-02-22 14:20:33 WARN  Eorderflow:150 - Unable to locate webelement. Object Name: CloseConsent
2022-02-22 14:20:38 INFO  Eorderflow:145 - wait for Object CloseConsent. Time:5 seconds
2022-02-22 14:20:38 WARN  Eorderflow:150 - Unable to locate webelement. Object Name: CloseConsent
2022-02-22 14:20:43 INFO  Eorderflow:145 - wait for Object CloseConsent. Time:10 seconds
2022-02-22 14:20:43 WARN  Eorderflow:150 - Unable to locate webelement. Object Name: CloseConsent
2022-02-22 14:20:49 INFO  Eorderflow:145 - wait for Object CloseConsent. Time:15 seconds
2022-02-22 14:20:49 INFO  Eorderflow:145 - CloseConsent Element is not displayed after 15 Seconds
2022-02-22 14:20:49 WARN  Eorderflow:150 - Unable to locate webelement. Object Name: CloseConsent
2022-02-22 14:20:49 ERROR Eorderflow:147 - Exception while clicking element: CloseConsent Exception: null
java.lang.Throwable: Exception while clicking element: CloseConsent Exception: null
	at reportingLibrary.Logger.log(Logger.java:147)
	at supportLibrary.CommonFunction.clickElement(CommonFunction.java:64)
	at pages.web.FirstPage.launchAppSP(FirstPage.java:118)
	at test.Eorder.Eorderflow(Eorder.java:27)
	at sun.reflect.NativeMethodAccessorImpl.invoke0(Native Method)
	at sun.reflect.NativeMethodAccessorImpl.invoke(NativeMethodAccessorImpl.java:62)
	at sun.reflect.DelegatingMethodAccessorImpl.invoke(DelegatingMethodAccessorImpl.java:43)
	at java.lang.reflect.Method.invoke(Method.java:498)
	at org.testng.internal.MethodInvocationHelper.invokeMethod(MethodInvocationHelper.java:124)
	at org.testng.internal.Invoker.invokeMethod(Invoker.java:583)
	at org.testng.internal.Invoker.invokeTestMethod(Invoker.java:719)
	at org.testng.internal.Invoker.invokeTestMethods(Invoker.java:989)
	at org.testng.internal.TestMethodWorker.invokeTestMethods(TestMethodWorker.java:125)
	at org.testng.internal.TestMethodWorker.run(TestMethodWorker.java:109)
	at org.testng.TestRunner.privateRun(TestRunner.java:648)
	at org.testng.TestRunner.run(TestRunner.java:505)
	at org.testng.SuiteRunner.runTest(SuiteRunner.java:455)
	at org.testng.SuiteRunner.access$000(SuiteRunner.java:40)
	at org.testng.SuiteRunner$SuiteWorker.run(SuiteRunner.java:489)
	at org.testng.internal.thread.ThreadUtil$1.call(ThreadUtil.java:52)
	at java.util.concurrent.FutureTask.run(FutureTask.java:266)
	at java.util.concurrent.ThreadPoolExecutor.runWorker(ThreadPoolExecutor.java:1149)
	at java.util.concurrent.ThreadPoolExecutor$Worker.run(ThreadPoolExecutor.java:624)
	at java.lang.Thread.run(Thread.java:748)
2022-02-22 14:20:49 ERROR Eorderflow:85 - Exception while launching application URL
2022-02-22 14:20:49 INFO  Eorderflow:145 - In after test method ::Eorderflow
2022-02-22 14:20:49 DEBUG cache:45 - Couldn't find template in cache for "Extent.ftl"("en_US", UTF-8, parsed); will try to load it.
2022-02-22 14:20:49 DEBUG cache:45 - TemplateLoader.findTemplateSource("Extent_en_US.ftl"): Not found
2022-02-22 14:20:49 DEBUG cache:45 - TemplateLoader.findTemplateSource("Extent_en.ftl"): Not found
2022-02-22 14:20:49 DEBUG cache:45 - TemplateLoader.findTemplateSource("Extent.ftl"): Found
2022-02-22 14:20:49 DEBUG cache:45 - Loading template for "Extent.ftl"("en_US", UTF-8, parsed) from "jar:file:/C:/Users/UXS1KOR/.m2/repository/com/relevantcodes/extentreports/2.41.2/extentreports-2.41.2.jar!/com/relevantcodes/extentreports/view/Extent.ftl"
2022-02-22 14:20:49 INFO  Eorderflow:145 - No child test to execute, flushing report
2022-02-22 14:20:50 INFO  Eorderflow:145 - Terminate driver session in after test method
2022-02-22 14:20:50 INFO  EorderSkillflow:145 - Starting before test method ::EorderSkillflow
2022-02-22 14:20:50 INFO  EorderSkillflow:145 - **** Initializing drivers ****chrome 
2022-02-22 14:20:50 INFO  EorderSkillflow:145 - Initializing driver session for local execution
2022-02-22 14:20:51 INFO  EorderSkillflow:145 - Driver is initizialied
2022-02-22 14:20:51 INFO  EorderSkillflow:145 - **** driver instance in Initializing drivers ****
2022-02-22 14:20:51 INFO  EorderSkillflow:145 - Starting before test method ::EorderSkillflow
2022-02-22 14:20:56 INFO  EorderSkillflow:145 - Navigate to url https://stage.boschtoolservice.com/hr/hr/skil/spareparts/search
2022-02-22 14:20:56 WARN  EorderSkillflow:150 - Unable to locate webelement. Object Name: CloseConsent
2022-02-22 14:21:01 INFO  EorderSkillflow:145 - wait for Object CloseConsent. Time:5 seconds
2022-02-22 14:21:01 WARN  EorderSkillflow:150 - Unable to locate webelement. Object Name: CloseConsent
2022-02-22 14:21:06 INFO  EorderSkillflow:145 - wait for Object CloseConsent. Time:10 seconds
2022-02-22 14:21:06 WARN  EorderSkillflow:150 - Unable to locate webelement. Object Name: CloseConsent
2022-02-22 14:21:11 INFO  EorderSkillflow:145 - wait for Object CloseConsent. Time:15 seconds
2022-02-22 14:21:11 INFO  EorderSkillflow:145 - CloseConsent Element is not displayed after 15 Seconds
2022-02-22 14:21:11 WARN  EorderSkillflow:150 - Unable to locate webelement. Object Name: CloseConsent
2022-02-22 14:21:11 ERROR EorderSkillflow:147 - Exception while clicking element: CloseConsent Exception: null
java.lang.Throwable: Exception while clicking element: CloseConsent Exception: null
	at reportingLibrary.Logger.log(Logger.java:147)
	at supportLibrary.CommonFunction.clickElement(CommonFunction.java:64)
	at pages.web.FirstPage.launchApp(FirstPage.java:95)
	at test.Eorder_Skill.EorderSkillflow(Eorder_Skill.java:28)
	at sun.reflect.NativeMethodAccessorImpl.invoke0(Native Method)
	at sun.reflect.NativeMethodAccessorImpl.invoke(NativeMethodAccessorImpl.java:62)
	at sun.reflect.DelegatingMethodAccessorImpl.invoke(DelegatingMethodAccessorImpl.java:43)
	at java.lang.reflect.Method.invoke(Method.java:498)
	at org.testng.internal.MethodInvocationHelper.invokeMethod(MethodInvocationHelper.java:124)
	at org.testng.internal.Invoker.invokeMethod(Invoker.java:583)
	at org.testng.internal.Invoker.invokeTestMethod(Invoker.java:719)
	at org.testng.internal.Invoker.invokeTestMethods(Invoker.java:989)
	at org.testng.internal.TestMethodWorker.invokeTestMethods(TestMethodWorker.java:125)
	at org.testng.internal.TestMethodWorker.run(TestMethodWorker.java:109)
	at org.testng.TestRunner.privateRun(TestRunner.java:648)
	at org.testng.TestRunner.run(TestRunner.java:505)
	at org.testng.SuiteRunner.runTest(SuiteRunner.java:455)
	at org.testng.SuiteRunner.access$000(SuiteRunner.java:40)
	at org.testng.SuiteRunner$SuiteWorker.run(SuiteRunner.java:489)
	at org.testng.internal.thread.ThreadUtil$1.call(ThreadUtil.java:52)
	at java.util.concurrent.FutureTask.run(FutureTask.java:266)
	at java.util.concurrent.ThreadPoolExecutor.runWorker(ThreadPoolExecutor.java:1149)
	at java.util.concurrent.ThreadPoolExecutor$Worker.run(ThreadPoolExecutor.java:624)
	at java.lang.Thread.run(Thread.java:748)
2022-02-22 14:21:11 ERROR EorderSkillflow:85 - Exception while launching application URL
2022-02-22 14:21:11 INFO  EorderSkillflow:145 - In after test method ::EorderSkillflow
2022-02-22 14:21:11 DEBUG cache:45 - Couldn't find template in cache for "Extent.ftl"("en_US", UTF-8, parsed); will try to load it.
2022-02-22 14:21:11 DEBUG cache:45 - TemplateLoader.findTemplateSource("Extent_en_US.ftl"): Not found
2022-02-22 14:21:11 DEBUG cache:45 - TemplateLoader.findTemplateSource("Extent_en.ftl"): Not found
2022-02-22 14:21:11 DEBUG cache:45 - TemplateLoader.findTemplateSource("Extent.ftl"): Found
2022-02-22 14:21:11 DEBUG cache:45 - Loading template for "Extent.ftl"("en_US", UTF-8, parsed) from "jar:file:/C:/Users/UXS1KOR/.m2/repository/com/relevantcodes/extentreports/2.41.2/extentreports-2.41.2.jar!/com/relevantcodes/extentreports/view/Extent.ftl"
2022-02-22 14:21:11 INFO  EorderSkillflow:145 - No child test to execute, flushing report
2022-02-22 14:21:12 INFO  EorderSkillflow:145 - Terminate driver session in after test method
2022-02-22 14:21:12 INFO  EorderDremelflow:145 - Starting before test method ::EorderDremelflow
2022-02-22 14:21:12 INFO  EorderDremelflow:145 - **** Initializing drivers ****chrome 
2022-02-22 14:21:12 INFO  EorderDremelflow:145 - Initializing driver session for local execution
2022-02-22 14:21:13 INFO  EorderDremelflow:145 - Driver is initizialied
2022-02-22 14:21:13 INFO  EorderDremelflow:145 - **** driver instance in Initializing drivers ****
2022-02-22 14:21:13 INFO  EorderDremelflow:145 - Starting before test method ::EorderDremelflow
2022-02-22 14:21:18 INFO  EorderDremelflow:145 - Navigate to url https://stage.boschtoolservice.com/hr/hr/dremel/spareparts/search
2022-02-22 14:21:18 WARN  EorderDremelflow:150 - Unable to locate webelement. Object Name: CloseConsent
2022-02-22 14:21:23 INFO  EorderDremelflow:145 - wait for Object CloseConsent. Time:5 seconds
2022-02-22 14:21:23 WARN  EorderDremelflow:150 - Unable to locate webelement. Object Name: CloseConsent
2022-02-22 14:21:28 INFO  EorderDremelflow:145 - wait for Object CloseConsent. Time:10 seconds
2022-02-22 14:21:28 WARN  EorderDremelflow:150 - Unable to locate webelement. Object Name: CloseConsent
2022-02-22 14:21:33 INFO  EorderDremelflow:145 - wait for Object CloseConsent. Time:15 seconds
2022-02-22 14:21:33 INFO  EorderDremelflow:145 - CloseConsent Element is not displayed after 15 Seconds
2022-02-22 14:21:33 WARN  EorderDremelflow:150 - Unable to locate webelement. Object Name: CloseConsent
2022-02-22 14:21:33 ERROR EorderDremelflow:147 - Exception while clicking element: CloseConsent Exception: null
java.lang.Throwable: Exception while clicking element: CloseConsent Exception: null
	at reportingLibrary.Logger.log(Logger.java:147)
	at supportLibrary.CommonFunction.clickElement(CommonFunction.java:64)
	at pages.web.FirstPage.launchApp(FirstPage.java:95)
	at test.Eorder_DREMEL.EorderDremelflow(Eorder_DREMEL.java:28)
	at sun.reflect.NativeMethodAccessorImpl.invoke0(Native Method)
	at sun.reflect.NativeMethodAccessorImpl.invoke(NativeMethodAccessorImpl.java:62)
	at sun.reflect.DelegatingMethodAccessorImpl.invoke(DelegatingMethodAccessorImpl.java:43)
	at java.lang.reflect.Method.invoke(Method.java:498)
	at org.testng.internal.MethodInvocationHelper.invokeMethod(MethodInvocationHelper.java:124)
	at org.testng.internal.Invoker.invokeMethod(Invoker.java:583)
	at org.testng.internal.Invoker.invokeTestMethod(Invoker.java:719)
	at org.testng.internal.Invoker.invokeTestMethods(Invoker.java:989)
	at org.testng.internal.TestMethodWorker.invokeTestMethods(TestMethodWorker.java:125)
	at org.testng.internal.TestMethodWorker.run(TestMethodWorker.java:109)
	at org.testng.TestRunner.privateRun(TestRunner.java:648)
	at org.testng.TestRunner.run(TestRunner.java:505)
	at org.testng.SuiteRunner.runTest(SuiteRunner.java:455)
	at org.testng.SuiteRunner.access$000(SuiteRunner.java:40)
	at org.testng.SuiteRunner$SuiteWorker.run(SuiteRunner.java:489)
	at org.testng.internal.thread.ThreadUtil$1.call(ThreadUtil.java:52)
	at java.util.concurrent.FutureTask.run(FutureTask.java:266)
	at java.util.concurrent.ThreadPoolExecutor.runWorker(ThreadPoolExecutor.java:1149)
	at java.util.concurrent.ThreadPoolExecutor$Worker.run(ThreadPoolExecutor.java:624)
	at java.lang.Thread.run(Thread.java:748)
2022-02-22 14:21:33 ERROR EorderDremelflow:85 - Exception while launching application URL
2022-02-22 14:21:33 INFO  EorderDremelflow:145 - In after test method ::EorderDremelflow
2022-02-22 14:21:33 DEBUG cache:45 - Couldn't find template in cache for "Extent.ftl"("en_US", UTF-8, parsed); will try to load it.
2022-02-22 14:21:33 DEBUG cache:45 - TemplateLoader.findTemplateSource("Extent_en_US.ftl"): Not found
2022-02-22 14:21:33 DEBUG cache:45 - TemplateLoader.findTemplateSource("Extent_en.ftl"): Not found
2022-02-22 14:21:33 DEBUG cache:45 - TemplateLoader.findTemplateSource("Extent.ftl"): Found
2022-02-22 14:21:33 DEBUG cache:45 - Loading template for "Extent.ftl"("en_US", UTF-8, parsed) from "jar:file:/C:/Users/UXS1KOR/.m2/repository/com/relevantcodes/extentreports/2.41.2/extentreports-2.41.2.jar!/com/relevantcodes/extentreports/view/Extent.ftl"
2022-02-22 14:21:33 INFO  EorderDremelflow:145 - No child test to execute, flushing report
2022-02-22 14:21:34 INFO  EorderDremelflow:145 - Terminate driver session in after test method
2022-02-22 14:21:34 INFO  Eorderflow:145 - Starting before test method ::Eorderflow
2022-02-22 14:21:34 INFO  Eorderflow:145 - **** Initializing drivers ****chrome 
2022-02-22 14:21:34 INFO  Eorderflow:145 - Initializing driver session for local execution
2022-02-22 14:21:36 INFO  Eorderflow:145 - Driver is initizialied
2022-02-22 14:21:36 INFO  Eorderflow:145 - **** driver instance in Initializing drivers ****
2022-02-22 14:21:36 INFO  Eorderflow:145 - Starting before test method ::Eorderflow
2022-02-22 14:21:40 INFO  Eorderflow:145 - Navigate to url https://stage.boschtoolservice.com/si/sl/boschprof/spareparts/search
2022-02-22 14:21:41 WARN  Eorderflow:150 - Unable to locate webelement. Object Name: CloseConsent
2022-02-22 14:21:46 INFO  Eorderflow:145 - wait for Object CloseConsent. Time:5 seconds
2022-02-22 14:21:46 WARN  Eorderflow:150 - Unable to locate webelement. Object Name: CloseConsent
2022-02-22 14:21:51 INFO  Eorderflow:145 - wait for Object CloseConsent. Time:10 seconds
2022-02-22 14:21:51 WARN  Eorderflow:150 - Unable to locate webelement. Object Name: CloseConsent
2022-02-22 14:21:56 INFO  Eorderflow:145 - wait for Object CloseConsent. Time:15 seconds
2022-02-22 14:21:56 INFO  Eorderflow:145 - CloseConsent Element is not displayed after 15 Seconds
2022-02-22 14:21:56 WARN  Eorderflow:150 - Unable to locate webelement. Object Name: CloseConsent
2022-02-22 14:21:56 ERROR Eorderflow:147 - Exception while clicking element: CloseConsent Exception: null
java.lang.Throwable: Exception while clicking element: CloseConsent Exception: null
	at reportingLibrary.Logger.log(Logger.java:147)
	at supportLibrary.CommonFunction.clickElement(CommonFunction.java:64)
	at pages.web.FirstPage.launchAppSP(FirstPage.java:118)
	at test.Eorder.Eorderflow(Eorder.java:27)
	at sun.reflect.NativeMethodAccessorImpl.invoke0(Native Method)
	at sun.reflect.NativeMethodAccessorImpl.invoke(NativeMethodAccessorImpl.java:62)
	at sun.reflect.DelegatingMethodAccessorImpl.invoke(DelegatingMethodAccessorImpl.java:43)
	at java.lang.reflect.Method.invoke(Method.java:498)
	at org.testng.internal.MethodInvocationHelper.invokeMethod(MethodInvocationHelper.java:124)
	at org.testng.internal.Invoker.invokeMethod(Invoker.java:583)
	at org.testng.internal.Invoker.invokeTestMethod(Invoker.java:719)
	at org.testng.internal.Invoker.invokeTestMethods(Invoker.java:989)
	at org.testng.internal.TestMethodWorker.invokeTestMethods(TestMethodWorker.java:125)
	at org.testng.internal.TestMethodWorker.run(TestMethodWorker.java:109)
	at org.testng.TestRunner.privateRun(TestRunner.java:648)
	at org.testng.TestRunner.run(TestRunner.java:505)
	at org.testng.SuiteRunner.runTest(SuiteRunner.java:455)
	at org.testng.SuiteRunner.access$000(SuiteRunner.java:40)
	at org.testng.SuiteRunner$SuiteWorker.run(SuiteRunner.java:489)
	at org.testng.internal.thread.ThreadUtil$1.call(ThreadUtil.java:52)
	at java.util.concurrent.FutureTask.run(FutureTask.java:266)
	at java.util.concurrent.ThreadPoolExecutor.runWorker(ThreadPoolExecutor.java:1149)
	at java.util.concurrent.ThreadPoolExecutor$Worker.run(ThreadPoolExecutor.java:624)
	at java.lang.Thread.run(Thread.java:748)
2022-02-22 14:21:56 ERROR Eorderflow:85 - Exception while launching application URL
2022-02-22 14:21:56 INFO  Eorderflow:145 - In after test method ::Eorderflow
2022-02-22 14:21:56 DEBUG cache:45 - Couldn't find template in cache for "Extent.ftl"("en_US", UTF-8, parsed); will try to load it.
2022-02-22 14:21:56 DEBUG cache:45 - TemplateLoader.findTemplateSource("Extent_en_US.ftl"): Not found
2022-02-22 14:21:56 DEBUG cache:45 - TemplateLoader.findTemplateSource("Extent_en.ftl"): Not found
2022-02-22 14:21:56 DEBUG cache:45 - TemplateLoader.findTemplateSource("Extent.ftl"): Found
2022-02-22 14:21:56 DEBUG cache:45 - Loading template for "Extent.ftl"("en_US", UTF-8, parsed) from "jar:file:/C:/Users/UXS1KOR/.m2/repository/com/relevantcodes/extentreports/2.41.2/extentreports-2.41.2.jar!/com/relevantcodes/extentreports/view/Extent.ftl"
2022-02-22 14:21:56 INFO  Eorderflow:145 - No child test to execute, flushing report
2022-02-22 14:21:57 INFO  Eorderflow:145 - Terminate driver session in after test method
2022-02-22 14:21:57 INFO  Eorderflow:145 - Starting before test method ::Eorderflow
2022-02-22 14:21:57 INFO  Eorderflow:145 - **** Initializing drivers ****chrome 
2022-02-22 14:21:57 INFO  Eorderflow:145 - Initializing driver session for local execution
2022-02-22 14:21:59 INFO  Eorderflow:145 - Driver is initizialied
2022-02-22 14:21:59 INFO  Eorderflow:145 - **** driver instance in Initializing drivers ****
2022-02-22 14:21:59 INFO  Eorderflow:145 - Starting before test method ::Eorderflow
2022-02-22 14:22:04 INFO  Eorderflow:145 - Navigate to url https://stage.boschtoolservice.com/si/sl/bosch-pt/spareparts/search
2022-02-22 14:22:05 WARN  Eorderflow:150 - Unable to locate webelement. Object Name: CloseConsent
2022-02-22 14:22:10 INFO  Eorderflow:145 - wait for Object CloseConsent. Time:5 seconds
2022-02-22 14:22:10 WARN  Eorderflow:150 - Unable to locate webelement. Object Name: CloseConsent
2022-02-22 14:22:15 INFO  Eorderflow:145 - wait for Object CloseConsent. Time:10 seconds
2022-02-22 14:22:15 WARN  Eorderflow:150 - Unable to locate webelement. Object Name: CloseConsent
2022-02-22 14:22:20 INFO  Eorderflow:145 - wait for Object CloseConsent. Time:15 seconds
2022-02-22 14:22:20 INFO  Eorderflow:145 - CloseConsent Element is not displayed after 15 Seconds
2022-02-22 14:22:20 WARN  Eorderflow:150 - Unable to locate webelement. Object Name: CloseConsent
2022-02-22 14:22:20 ERROR Eorderflow:147 - Exception while clicking element: CloseConsent Exception: null
java.lang.Throwable: Exception while clicking element: CloseConsent Exception: null
	at reportingLibrary.Logger.log(Logger.java:147)
	at supportLibrary.CommonFunction.clickElement(CommonFunction.java:64)
	at pages.web.FirstPage.launchAppSP(FirstPage.java:118)
	at test.Eorder.Eorderflow(Eorder.java:27)
	at sun.reflect.NativeMethodAccessorImpl.invoke0(Native Method)
	at sun.reflect.NativeMethodAccessorImpl.invoke(NativeMethodAccessorImpl.java:62)
	at sun.reflect.DelegatingMethodAccessorImpl.invoke(DelegatingMethodAccessorImpl.java:43)
	at java.lang.reflect.Method.invoke(Method.java:498)
	at org.testng.internal.MethodInvocationHelper.invokeMethod(MethodInvocationHelper.java:124)
	at org.testng.internal.Invoker.invokeMethod(Invoker.java:583)
	at org.testng.internal.Invoker.invokeTestMethod(Invoker.java:719)
	at org.testng.internal.Invoker.invokeTestMethods(Invoker.java:989)
	at org.testng.internal.TestMethodWorker.invokeTestMethods(TestMethodWorker.java:125)
	at org.testng.internal.TestMethodWorker.run(TestMethodWorker.java:109)
	at org.testng.TestRunner.privateRun(TestRunner.java:648)
	at org.testng.TestRunner.run(TestRunner.java:505)
	at org.testng.SuiteRunner.runTest(SuiteRunner.java:455)
	at org.testng.SuiteRunner.access$000(SuiteRunner.java:40)
	at org.testng.SuiteRunner$SuiteWorker.run(SuiteRunner.java:489)
	at org.testng.internal.thread.ThreadUtil$1.call(ThreadUtil.java:52)
	at java.util.concurrent.FutureTask.run(FutureTask.java:266)
	at java.util.concurrent.ThreadPoolExecutor.runWorker(ThreadPoolExecutor.java:1149)
	at java.util.concurrent.ThreadPoolExecutor$Worker.run(ThreadPoolExecutor.java:624)
	at java.lang.Thread.run(Thread.java:748)
2022-02-22 14:22:20 ERROR Eorderflow:85 - Exception while launching application URL
2022-02-22 14:22:20 INFO  Eorderflow:145 - In after test method ::Eorderflow
2022-02-22 14:22:20 DEBUG cache:45 - Couldn't find template in cache for "Extent.ftl"("en_US", UTF-8, parsed); will try to load it.
2022-02-22 14:22:20 DEBUG cache:45 - TemplateLoader.findTemplateSource("Extent_en_US.ftl"): Not found
2022-02-22 14:22:20 DEBUG cache:45 - TemplateLoader.findTemplateSource("Extent_en.ftl"): Not found
2022-02-22 14:22:20 DEBUG cache:45 - TemplateLoader.findTemplateSource("Extent.ftl"): Found
2022-02-22 14:22:20 DEBUG cache:45 - Loading template for "Extent.ftl"("en_US", UTF-8, parsed) from "jar:file:/C:/Users/UXS1KOR/.m2/repository/com/relevantcodes/extentreports/2.41.2/extentreports-2.41.2.jar!/com/relevantcodes/extentreports/view/Extent.ftl"
2022-02-22 14:22:20 INFO  Eorderflow:145 - No child test to execute, flushing report
2022-02-22 14:22:21 INFO  Eorderflow:145 - Terminate driver session in after test method
2022-02-22 14:22:21 INFO  Eorderflow:145 - Starting before test method ::Eorderflow
2022-02-22 14:22:21 INFO  Eorderflow:145 - **** Initializing drivers ****chrome 
2022-02-22 14:22:21 INFO  Eorderflow:145 - Initializing driver session for local execution
2022-02-22 14:22:23 INFO  Eorderflow:145 - Driver is initizialied
2022-02-22 14:22:23 INFO  Eorderflow:145 - **** driver instance in Initializing drivers ****
2022-02-22 14:22:23 INFO  Eorderflow:145 - Starting before test method ::Eorderflow
2022-02-22 14:22:27 INFO  Eorderflow:145 - Navigate to url https://stage.boschtoolservice.com/si/sl/boschdiy/spareparts/search
2022-02-22 14:22:28 WARN  Eorderflow:150 - Unable to locate webelement. Object Name: CloseConsent
2022-02-22 14:22:33 INFO  Eorderflow:145 - wait for Object CloseConsent. Time:5 seconds
2022-02-22 14:22:33 WARN  Eorderflow:150 - Unable to locate webelement. Object Name: CloseConsent
2022-02-22 14:22:38 INFO  Eorderflow:145 - wait for Object CloseConsent. Time:10 seconds
2022-02-22 14:22:38 WARN  Eorderflow:150 - Unable to locate webelement. Object Name: CloseConsent
2022-02-22 14:22:43 INFO  Eorderflow:145 - wait for Object CloseConsent. Time:15 seconds
2022-02-22 14:22:43 INFO  Eorderflow:145 - CloseConsent Element is not displayed after 15 Seconds
2022-02-22 14:22:43 WARN  Eorderflow:150 - Unable to locate webelement. Object Name: CloseConsent
2022-02-22 14:22:43 ERROR Eorderflow:147 - Exception while clicking element: CloseConsent Exception: null
java.lang.Throwable: Exception while clicking element: CloseConsent Exception: null
	at reportingLibrary.Logger.log(Logger.java:147)
	at supportLibrary.CommonFunction.clickElement(CommonFunction.java:64)
	at pages.web.FirstPage.launchAppSP(FirstPage.java:118)
	at test.Eorder.Eorderflow(Eorder.java:27)
	at sun.reflect.NativeMethodAccessorImpl.invoke0(Native Method)
	at sun.reflect.NativeMethodAccessorImpl.invoke(NativeMethodAccessorImpl.java:62)
	at sun.reflect.DelegatingMethodAccessorImpl.invoke(DelegatingMethodAccessorImpl.java:43)
	at java.lang.reflect.Method.invoke(Method.java:498)
	at org.testng.internal.MethodInvocationHelper.invokeMethod(MethodInvocationHelper.java:124)
	at org.testng.internal.Invoker.invokeMethod(Invoker.java:583)
	at org.testng.internal.Invoker.invokeTestMethod(Invoker.java:719)
	at org.testng.internal.Invoker.invokeTestMethods(Invoker.java:989)
	at org.testng.internal.TestMethodWorker.invokeTestMethods(TestMethodWorker.java:125)
	at org.testng.internal.TestMethodWorker.run(TestMethodWorker.java:109)
	at org.testng.TestRunner.privateRun(TestRunner.java:648)
	at org.testng.TestRunner.run(TestRunner.java:505)
	at org.testng.SuiteRunner.runTest(SuiteRunner.java:455)
	at org.testng.SuiteRunner.access$000(SuiteRunner.java:40)
	at org.testng.SuiteRunner$SuiteWorker.run(SuiteRunner.java:489)
	at org.testng.internal.thread.ThreadUtil$1.call(ThreadUtil.java:52)
	at java.util.concurrent.FutureTask.run(FutureTask.java:266)
	at java.util.concurrent.ThreadPoolExecutor.runWorker(ThreadPoolExecutor.java:1149)
	at java.util.concurrent.ThreadPoolExecutor$Worker.run(ThreadPoolExecutor.java:624)
	at java.lang.Thread.run(Thread.java:748)
2022-02-22 14:22:43 ERROR Eorderflow:85 - Exception while launching application URL
2022-02-22 14:22:43 INFO  Eorderflow:145 - In after test method ::Eorderflow
2022-02-22 14:22:43 DEBUG cache:45 - Couldn't find template in cache for "Extent.ftl"("en_US", UTF-8, parsed); will try to load it.
2022-02-22 14:22:43 DEBUG cache:45 - TemplateLoader.findTemplateSource("Extent_en_US.ftl"): Not found
2022-02-22 14:22:43 DEBUG cache:45 - TemplateLoader.findTemplateSource("Extent_en.ftl"): Not found
2022-02-22 14:22:43 DEBUG cache:45 - TemplateLoader.findTemplateSource("Extent.ftl"): Found
2022-02-22 14:22:43 DEBUG cache:45 - Loading template for "Extent.ftl"("en_US", UTF-8, parsed) from "jar:file:/C:/Users/UXS1KOR/.m2/repository/com/relevantcodes/extentreports/2.41.2/extentreports-2.41.2.jar!/com/relevantcodes/extentreports/view/Extent.ftl"
2022-02-22 14:22:43 INFO  Eorderflow:145 - No child test to execute, flushing report
2022-02-22 14:22:44 INFO  Eorderflow:145 - Terminate driver session in after test method
2022-02-22 14:22:44 INFO  SkillNavigation:145 - Starting before test method ::SkillNavigation
2022-02-22 14:22:44 INFO  SkillNavigation:145 - **** Initializing drivers ****chrome 
2022-02-22 14:22:44 INFO  SkillNavigation:145 - Initializing driver session for local execution
2022-02-22 14:22:46 INFO  SkillNavigation:145 - Driver is initizialied
2022-02-22 14:22:46 INFO  SkillNavigation:145 - **** driver instance in Initializing drivers ****
2022-02-22 14:22:46 INFO  SkillNavigation:145 - Starting before test method ::SkillNavigation
2022-02-22 14:23:04 INFO  SkillNavigation:145 - Navigate to url https://stage.boschtoolservice.com/si/sl/skil/spareparts/search
2022-02-22 14:23:04 WARN  SkillNavigation:150 - Unable to locate webelement. Object Name: youtube_SK
2022-02-22 14:23:04 ERROR SkillNavigation:147 - youtube_SK element is not displayed Exception: null
java.lang.Throwable: youtube_SK element is not displayed Exception: null
	at reportingLibrary.Logger.log(Logger.java:147)
	at supportLibrary.CommonFunction.elementIsDisplayed(CommonFunction.java:99)
	at pages.web.FirstPage.launchskill(FirstPage.java:206)
	at test.Skill_Closed.SkillNavigation(Skill_Closed.java:16)
	at sun.reflect.NativeMethodAccessorImpl.invoke0(Native Method)
	at sun.reflect.NativeMethodAccessorImpl.invoke(NativeMethodAccessorImpl.java:62)
	at sun.reflect.DelegatingMethodAccessorImpl.invoke(DelegatingMethodAccessorImpl.java:43)
	at java.lang.reflect.Method.invoke(Method.java:498)
	at org.testng.internal.MethodInvocationHelper.invokeMethod(MethodInvocationHelper.java:124)
	at org.testng.internal.Invoker.invokeMethod(Invoker.java:583)
	at org.testng.internal.Invoker.invokeTestMethod(Invoker.java:719)
	at org.testng.internal.Invoker.invokeTestMethods(Invoker.java:989)
	at org.testng.internal.TestMethodWorker.invokeTestMethods(TestMethodWorker.java:125)
	at org.testng.internal.TestMethodWorker.run(TestMethodWorker.java:109)
	at org.testng.TestRunner.privateRun(TestRunner.java:648)
	at org.testng.TestRunner.run(TestRunner.java:505)
	at org.testng.SuiteRunner.runTest(SuiteRunner.java:455)
	at org.testng.SuiteRunner.access$000(SuiteRunner.java:40)
	at org.testng.SuiteRunner$SuiteWorker.run(SuiteRunner.java:489)
	at org.testng.internal.thread.ThreadUtil$1.call(ThreadUtil.java:52)
	at java.util.concurrent.FutureTask.run(FutureTask.java:266)
	at java.util.concurrent.ThreadPoolExecutor.runWorker(ThreadPoolExecutor.java:1149)
	at java.util.concurrent.ThreadPoolExecutor$Worker.run(ThreadPoolExecutor.java:624)
	at java.lang.Thread.run(Thread.java:748)
2022-02-22 14:23:05 ERROR SkillNavigation:85 - Exception while launching application URL
2022-02-22 14:23:05 INFO  SkillNavigation:145 - In after test method ::SkillNavigation
2022-02-22 14:23:05 DEBUG cache:45 - Couldn't find template in cache for "Extent.ftl"("en_US", UTF-8, parsed); will try to load it.
2022-02-22 14:23:05 DEBUG cache:45 - TemplateLoader.findTemplateSource("Extent_en_US.ftl"): Not found
2022-02-22 14:23:05 DEBUG cache:45 - TemplateLoader.findTemplateSource("Extent_en.ftl"): Not found
2022-02-22 14:23:05 DEBUG cache:45 - TemplateLoader.findTemplateSource("Extent.ftl"): Found
2022-02-22 14:23:05 DEBUG cache:45 - Loading template for "Extent.ftl"("en_US", UTF-8, parsed) from "jar:file:/C:/Users/UXS1KOR/.m2/repository/com/relevantcodes/extentreports/2.41.2/extentreports-2.41.2.jar!/com/relevantcodes/extentreports/view/Extent.ftl"
2022-02-22 14:23:05 INFO  SkillNavigation:145 - No child test to execute, flushing report
2022-02-22 14:23:06 INFO  SkillNavigation:145 - Terminate driver session in after test method
2022-02-22 14:23:06 INFO  EorderDremelflow:145 - Starting before test method ::EorderDremelflow
2022-02-22 14:23:06 INFO  EorderDremelflow:145 - **** Initializing drivers ****chrome 
2022-02-22 14:23:06 INFO  EorderDremelflow:145 - Initializing driver session for local execution
2022-02-22 14:23:07 INFO  EorderDremelflow:145 - Driver is initizialied
2022-02-22 14:23:07 INFO  EorderDremelflow:145 - **** driver instance in Initializing drivers ****
2022-02-22 14:23:07 INFO  EorderDremelflow:145 - Starting before test method ::EorderDremelflow
2022-02-22 14:23:16 INFO  EorderDremelflow:145 - Navigate to url https://stage.boschtoolservice.com/si/sl/dremel/spareparts/search
2022-02-22 14:23:16 WARN  EorderDremelflow:150 - Unable to locate webelement. Object Name: CloseConsent
2022-02-22 14:23:21 INFO  EorderDremelflow:145 - wait for Object CloseConsent. Time:5 seconds
2022-02-22 14:23:21 WARN  EorderDremelflow:150 - Unable to locate webelement. Object Name: CloseConsent
2022-02-22 14:23:26 INFO  EorderDremelflow:145 - wait for Object CloseConsent. Time:10 seconds
2022-02-22 14:23:26 WARN  EorderDremelflow:150 - Unable to locate webelement. Object Name: CloseConsent
2022-02-22 14:23:31 INFO  EorderDremelflow:145 - wait for Object CloseConsent. Time:15 seconds
2022-02-22 14:23:31 INFO  EorderDremelflow:145 - CloseConsent Element is not displayed after 15 Seconds
2022-02-22 14:23:31 WARN  EorderDremelflow:150 - Unable to locate webelement. Object Name: CloseConsent
2022-02-22 14:23:31 ERROR EorderDremelflow:147 - Exception while clicking element: CloseConsent Exception: null
java.lang.Throwable: Exception while clicking element: CloseConsent Exception: null
	at reportingLibrary.Logger.log(Logger.java:147)
	at supportLibrary.CommonFunction.clickElement(CommonFunction.java:64)
	at pages.web.FirstPage.launchApp(FirstPage.java:95)
	at test.Eorder_DREMEL.EorderDremelflow(Eorder_DREMEL.java:28)
	at sun.reflect.NativeMethodAccessorImpl.invoke0(Native Method)
	at sun.reflect.NativeMethodAccessorImpl.invoke(NativeMethodAccessorImpl.java:62)
	at sun.reflect.DelegatingMethodAccessorImpl.invoke(DelegatingMethodAccessorImpl.java:43)
	at java.lang.reflect.Method.invoke(Method.java:498)
	at org.testng.internal.MethodInvocationHelper.invokeMethod(MethodInvocationHelper.java:124)
	at org.testng.internal.Invoker.invokeMethod(Invoker.java:583)
	at org.testng.internal.Invoker.invokeTestMethod(Invoker.java:719)
	at org.testng.internal.Invoker.invokeTestMethods(Invoker.java:989)
	at org.testng.internal.TestMethodWorker.invokeTestMethods(TestMethodWorker.java:125)
	at org.testng.internal.TestMethodWorker.run(TestMethodWorker.java:109)
	at org.testng.TestRunner.privateRun(TestRunner.java:648)
	at org.testng.TestRunner.run(TestRunner.java:505)
	at org.testng.SuiteRunner.runTest(SuiteRunner.java:455)
	at org.testng.SuiteRunner.access$000(SuiteRunner.java:40)
	at org.testng.SuiteRunner$SuiteWorker.run(SuiteRunner.java:489)
	at org.testng.internal.thread.ThreadUtil$1.call(ThreadUtil.java:52)
	at java.util.concurrent.FutureTask.run(FutureTask.java:266)
	at java.util.concurrent.ThreadPoolExecutor.runWorker(ThreadPoolExecutor.java:1149)
	at java.util.concurrent.ThreadPoolExecutor$Worker.run(ThreadPoolExecutor.java:624)
	at java.lang.Thread.run(Thread.java:748)
2022-02-22 14:23:31 ERROR EorderDremelflow:85 - Exception while launching application URL
2022-02-22 14:23:31 INFO  EorderDremelflow:145 - In after test method ::EorderDremelflow
2022-02-22 14:23:31 DEBUG cache:45 - Couldn't find template in cache for "Extent.ftl"("en_US", UTF-8, parsed); will try to load it.
2022-02-22 14:23:31 DEBUG cache:45 - TemplateLoader.findTemplateSource("Extent_en_US.ftl"): Not found
2022-02-22 14:23:31 DEBUG cache:45 - TemplateLoader.findTemplateSource("Extent_en.ftl"): Not found
2022-02-22 14:23:31 DEBUG cache:45 - TemplateLoader.findTemplateSource("Extent.ftl"): Found
2022-02-22 14:23:31 DEBUG cache:45 - Loading template for "Extent.ftl"("en_US", UTF-8, parsed) from "jar:file:/C:/Users/UXS1KOR/.m2/repository/com/relevantcodes/extentreports/2.41.2/extentreports-2.41.2.jar!/com/relevantcodes/extentreports/view/Extent.ftl"
2022-02-22 14:23:31 INFO  EorderDremelflow:145 - No child test to execute, flushing report
2022-02-22 14:23:32 INFO  EorderDremelflow:145 - Terminate driver session in after test method
2022-02-22 14:23:32 INFO  Eorderflow_RO:145 - Starting before test method ::Eorderflow_RO
2022-02-22 14:23:32 INFO  Eorderflow_RO:145 - **** Initializing drivers ****chrome 
2022-02-22 14:23:32 INFO  Eorderflow_RO:145 - Initializing driver session for local execution
2022-02-22 14:23:34 INFO  Eorderflow_RO:145 - Driver is initizialied
2022-02-22 14:23:34 INFO  Eorderflow_RO:145 - **** driver instance in Initializing drivers ****
2022-02-22 14:23:34 INFO  Eorderflow_RO:145 - Starting before test method ::Eorderflow_RO
2022-02-22 14:23:37 INFO  Eorderflow_RO:145 - Navigate to url https://stage.boschtoolservice.com/ro/ro/boschprof/spareparts/search
2022-02-22 14:23:37 WARN  Eorderflow_RO:150 - Unable to locate webelement. Object Name: CloseConsent
2022-02-22 14:23:42 INFO  Eorderflow_RO:145 - wait for Object CloseConsent. Time:5 seconds
2022-02-22 14:23:42 WARN  Eorderflow_RO:150 - Unable to locate webelement. Object Name: CloseConsent
2022-02-22 14:23:47 INFO  Eorderflow_RO:145 - wait for Object CloseConsent. Time:10 seconds
2022-02-22 14:23:47 WARN  Eorderflow_RO:150 - Unable to locate webelement. Object Name: CloseConsent
2022-02-22 14:23:52 INFO  Eorderflow_RO:145 - wait for Object CloseConsent. Time:15 seconds
2022-02-22 14:23:52 INFO  Eorderflow_RO:145 - CloseConsent Element is not displayed after 15 Seconds
2022-02-22 14:23:52 WARN  Eorderflow_RO:150 - Unable to locate webelement. Object Name: CloseConsent
2022-02-22 14:23:52 ERROR Eorderflow_RO:147 - Exception while clicking element: CloseConsent Exception: null
java.lang.Throwable: Exception while clicking element: CloseConsent Exception: null
	at reportingLibrary.Logger.log(Logger.java:147)
	at supportLibrary.CommonFunction.clickElement(CommonFunction.java:64)
	at pages.web.FirstPage.launchApp(FirstPage.java:95)
	at test.Eorder_Romania.Eorderflow_RO(Eorder_Romania.java:28)
	at sun.reflect.NativeMethodAccessorImpl.invoke0(Native Method)
	at sun.reflect.NativeMethodAccessorImpl.invoke(NativeMethodAccessorImpl.java:62)
	at sun.reflect.DelegatingMethodAccessorImpl.invoke(DelegatingMethodAccessorImpl.java:43)
	at java.lang.reflect.Method.invoke(Method.java:498)
	at org.testng.internal.MethodInvocationHelper.invokeMethod(MethodInvocationHelper.java:124)
	at org.testng.internal.Invoker.invokeMethod(Invoker.java:583)
	at org.testng.internal.Invoker.invokeTestMethod(Invoker.java:719)
	at org.testng.internal.Invoker.invokeTestMethods(Invoker.java:989)
	at org.testng.internal.TestMethodWorker.invokeTestMethods(TestMethodWorker.java:125)
	at org.testng.internal.TestMethodWorker.run(TestMethodWorker.java:109)
	at org.testng.TestRunner.privateRun(TestRunner.java:648)
	at org.testng.TestRunner.run(TestRunner.java:505)
	at org.testng.SuiteRunner.runTest(SuiteRunner.java:455)
	at org.testng.SuiteRunner.access$000(SuiteRunner.java:40)
	at org.testng.SuiteRunner$SuiteWorker.run(SuiteRunner.java:489)
	at org.testng.internal.thread.ThreadUtil$1.call(ThreadUtil.java:52)
	at java.util.concurrent.FutureTask.run(FutureTask.java:266)
	at java.util.concurrent.ThreadPoolExecutor.runWorker(ThreadPoolExecutor.java:1149)
	at java.util.concurrent.ThreadPoolExecutor$Worker.run(ThreadPoolExecutor.java:624)
	at java.lang.Thread.run(Thread.java:748)
2022-02-22 14:23:53 ERROR Eorderflow_RO:85 - Exception while launching application URL
2022-02-22 14:23:53 INFO  Eorderflow_RO:145 - In after test method ::Eorderflow_RO
2022-02-22 14:23:53 DEBUG cache:45 - Couldn't find template in cache for "Extent.ftl"("en_US", UTF-8, parsed); will try to load it.
2022-02-22 14:23:53 DEBUG cache:45 - TemplateLoader.findTemplateSource("Extent_en_US.ftl"): Not found
2022-02-22 14:23:53 DEBUG cache:45 - TemplateLoader.findTemplateSource("Extent_en.ftl"): Not found
2022-02-22 14:23:53 DEBUG cache:45 - TemplateLoader.findTemplateSource("Extent.ftl"): Found
2022-02-22 14:23:53 DEBUG cache:45 - Loading template for "Extent.ftl"("en_US", UTF-8, parsed) from "jar:file:/C:/Users/UXS1KOR/.m2/repository/com/relevantcodes/extentreports/2.41.2/extentreports-2.41.2.jar!/com/relevantcodes/extentreports/view/Extent.ftl"
2022-02-22 14:23:53 INFO  Eorderflow_RO:145 - No child test to execute, flushing report
2022-02-22 14:23:53 INFO  Eorderflow_RO:145 - Terminate driver session in after test method
2022-02-22 14:23:53 INFO  Eorderflow_RO:145 - Starting before test method ::Eorderflow_RO
2022-02-22 14:23:53 INFO  Eorderflow_RO:145 - **** Initializing drivers ****chrome 
2022-02-22 14:23:53 INFO  Eorderflow_RO:145 - Initializing driver session for local execution
2022-02-22 14:23:55 INFO  Eorderflow_RO:145 - Driver is initizialied
2022-02-22 14:23:55 INFO  Eorderflow_RO:145 - **** driver instance in Initializing drivers ****
2022-02-22 14:23:55 INFO  Eorderflow_RO:145 - Starting before test method ::Eorderflow_RO
2022-02-22 14:23:59 INFO  Eorderflow_RO:145 - Navigate to url https://stage.boschtoolservice.com/ro/ro/bosch-pt/spareparts/search
2022-02-22 14:23:59 WARN  Eorderflow_RO:150 - Unable to locate webelement. Object Name: CloseConsent
2022-02-22 14:24:04 INFO  Eorderflow_RO:145 - wait for Object CloseConsent. Time:5 seconds
2022-02-22 14:24:04 WARN  Eorderflow_RO:150 - Unable to locate webelement. Object Name: CloseConsent
2022-02-22 14:24:09 INFO  Eorderflow_RO:145 - wait for Object CloseConsent. Time:10 seconds
2022-02-22 14:24:09 WARN  Eorderflow_RO:150 - Unable to locate webelement. Object Name: CloseConsent
2022-02-22 14:24:14 INFO  Eorderflow_RO:145 - wait for Object CloseConsent. Time:15 seconds
2022-02-22 14:24:14 INFO  Eorderflow_RO:145 - CloseConsent Element is not displayed after 15 Seconds
2022-02-22 14:24:14 WARN  Eorderflow_RO:150 - Unable to locate webelement. Object Name: CloseConsent
2022-02-22 14:24:14 ERROR Eorderflow_RO:147 - Exception while clicking element: CloseConsent Exception: null
java.lang.Throwable: Exception while clicking element: CloseConsent Exception: null
	at reportingLibrary.Logger.log(Logger.java:147)
	at supportLibrary.CommonFunction.clickElement(CommonFunction.java:64)
	at pages.web.FirstPage.launchApp(FirstPage.java:95)
	at test.Eorder_Romania.Eorderflow_RO(Eorder_Romania.java:28)
	at sun.reflect.NativeMethodAccessorImpl.invoke0(Native Method)
	at sun.reflect.NativeMethodAccessorImpl.invoke(NativeMethodAccessorImpl.java:62)
	at sun.reflect.DelegatingMethodAccessorImpl.invoke(DelegatingMethodAccessorImpl.java:43)
	at java.lang.reflect.Method.invoke(Method.java:498)
	at org.testng.internal.MethodInvocationHelper.invokeMethod(MethodInvocationHelper.java:124)
	at org.testng.internal.Invoker.invokeMethod(Invoker.java:583)
	at org.testng.internal.Invoker.invokeTestMethod(Invoker.java:719)
	at org.testng.internal.Invoker.invokeTestMethods(Invoker.java:989)
	at org.testng.internal.TestMethodWorker.invokeTestMethods(TestMethodWorker.java:125)
	at org.testng.internal.TestMethodWorker.run(TestMethodWorker.java:109)
	at org.testng.TestRunner.privateRun(TestRunner.java:648)
	at org.testng.TestRunner.run(TestRunner.java:505)
	at org.testng.SuiteRunner.runTest(SuiteRunner.java:455)
	at org.testng.SuiteRunner.access$000(SuiteRunner.java:40)
	at org.testng.SuiteRunner$SuiteWorker.run(SuiteRunner.java:489)
	at org.testng.internal.thread.ThreadUtil$1.call(ThreadUtil.java:52)
	at java.util.concurrent.FutureTask.run(FutureTask.java:266)
	at java.util.concurrent.ThreadPoolExecutor.runWorker(ThreadPoolExecutor.java:1149)
	at java.util.concurrent.ThreadPoolExecutor$Worker.run(ThreadPoolExecutor.java:624)
	at java.lang.Thread.run(Thread.java:748)
2022-02-22 14:24:14 ERROR Eorderflow_RO:85 - Exception while launching application URL
2022-02-22 14:24:14 INFO  Eorderflow_RO:145 - In after test method ::Eorderflow_RO
2022-02-22 14:24:14 DEBUG cache:45 - Couldn't find template in cache for "Extent.ftl"("en_US", UTF-8, parsed); will try to load it.
2022-02-22 14:24:14 DEBUG cache:45 - TemplateLoader.findTemplateSource("Extent_en_US.ftl"): Not found
2022-02-22 14:24:14 DEBUG cache:45 - TemplateLoader.findTemplateSource("Extent_en.ftl"): Not found
2022-02-22 14:24:14 DEBUG cache:45 - TemplateLoader.findTemplateSource("Extent.ftl"): Found
2022-02-22 14:24:14 DEBUG cache:45 - Loading template for "Extent.ftl"("en_US", UTF-8, parsed) from "jar:file:/C:/Users/UXS1KOR/.m2/repository/com/relevantcodes/extentreports/2.41.2/extentreports-2.41.2.jar!/com/relevantcodes/extentreports/view/Extent.ftl"
2022-02-22 14:24:14 INFO  Eorderflow_RO:145 - No child test to execute, flushing report
2022-02-22 14:24:15 INFO  Eorderflow_RO:145 - Terminate driver session in after test method
2022-02-22 14:24:15 INFO  Eorderflow_RO:145 - Starting before test method ::Eorderflow_RO
2022-02-22 14:24:15 INFO  Eorderflow_RO:145 - **** Initializing drivers ****chrome 
2022-02-22 14:24:15 INFO  Eorderflow_RO:145 - Initializing driver session for local execution
2022-02-22 14:24:17 INFO  Eorderflow_RO:145 - Driver is initizialied
2022-02-22 14:24:17 INFO  Eorderflow_RO:145 - **** driver instance in Initializing drivers ****
2022-02-22 14:24:17 INFO  Eorderflow_RO:145 - Starting before test method ::Eorderflow_RO
2022-02-22 14:24:22 INFO  Eorderflow_RO:145 - Navigate to url https://stage.boschtoolservice.com/ro/ro/boschdiy/spareparts/search
2022-02-22 14:24:23 WARN  Eorderflow_RO:150 - Unable to locate webelement. Object Name: CloseConsent
2022-02-22 14:24:28 INFO  Eorderflow_RO:145 - wait for Object CloseConsent. Time:5 seconds
2022-02-22 14:24:28 WARN  Eorderflow_RO:150 - Unable to locate webelement. Object Name: CloseConsent
2022-02-22 14:24:33 INFO  Eorderflow_RO:145 - wait for Object CloseConsent. Time:10 seconds
2022-02-22 14:24:33 WARN  Eorderflow_RO:150 - Unable to locate webelement. Object Name: CloseConsent
2022-02-22 14:24:38 INFO  Eorderflow_RO:145 - wait for Object CloseConsent. Time:15 seconds
2022-02-22 14:24:38 INFO  Eorderflow_RO:145 - CloseConsent Element is not displayed after 15 Seconds
2022-02-22 14:24:38 WARN  Eorderflow_RO:150 - Unable to locate webelement. Object Name: CloseConsent
2022-02-22 14:24:38 ERROR Eorderflow_RO:147 - Exception while clicking element: CloseConsent Exception: null
java.lang.Throwable: Exception while clicking element: CloseConsent Exception: null
	at reportingLibrary.Logger.log(Logger.java:147)
	at supportLibrary.CommonFunction.clickElement(CommonFunction.java:64)
	at pages.web.FirstPage.launchApp(FirstPage.java:95)
	at test.Eorder_Romania.Eorderflow_RO(Eorder_Romania.java:28)
	at sun.reflect.NativeMethodAccessorImpl.invoke0(Native Method)
	at sun.reflect.NativeMethodAccessorImpl.invoke(NativeMethodAccessorImpl.java:62)
	at sun.reflect.DelegatingMethodAccessorImpl.invoke(DelegatingMethodAccessorImpl.java:43)
	at java.lang.reflect.Method.invoke(Method.java:498)
	at org.testng.internal.MethodInvocationHelper.invokeMethod(MethodInvocationHelper.java:124)
	at org.testng.internal.Invoker.invokeMethod(Invoker.java:583)
	at org.testng.internal.Invoker.invokeTestMethod(Invoker.java:719)
	at org.testng.internal.Invoker.invokeTestMethods(Invoker.java:989)
	at org.testng.internal.TestMethodWorker.invokeTestMethods(TestMethodWorker.java:125)
	at org.testng.internal.TestMethodWorker.run(TestMethodWorker.java:109)
	at org.testng.TestRunner.privateRun(TestRunner.java:648)
	at org.testng.TestRunner.run(TestRunner.java:505)
	at org.testng.SuiteRunner.runTest(SuiteRunner.java:455)
	at org.testng.SuiteRunner.access$000(SuiteRunner.java:40)
	at org.testng.SuiteRunner$SuiteWorker.run(SuiteRunner.java:489)
	at org.testng.internal.thread.ThreadUtil$1.call(ThreadUtil.java:52)
	at java.util.concurrent.FutureTask.run(FutureTask.java:266)
	at java.util.concurrent.ThreadPoolExecutor.runWorker(ThreadPoolExecutor.java:1149)
	at java.util.concurrent.ThreadPoolExecutor$Worker.run(ThreadPoolExecutor.java:624)
	at java.lang.Thread.run(Thread.java:748)
2022-02-22 14:24:38 ERROR Eorderflow_RO:85 - Exception while launching application URL
2022-02-22 14:24:38 INFO  Eorderflow_RO:145 - In after test method ::Eorderflow_RO
2022-02-22 14:24:38 DEBUG cache:45 - Couldn't find template in cache for "Extent.ftl"("en_US", UTF-8, parsed); will try to load it.
2022-02-22 14:24:38 DEBUG cache:45 - TemplateLoader.findTemplateSource("Extent_en_US.ftl"): Not found
2022-02-22 14:24:38 DEBUG cache:45 - TemplateLoader.findTemplateSource("Extent_en.ftl"): Not found
2022-02-22 14:24:38 DEBUG cache:45 - TemplateLoader.findTemplateSource("Extent.ftl"): Found
2022-02-22 14:24:38 DEBUG cache:45 - Loading template for "Extent.ftl"("en_US", UTF-8, parsed) from "jar:file:/C:/Users/UXS1KOR/.m2/repository/com/relevantcodes/extentreports/2.41.2/extentreports-2.41.2.jar!/com/relevantcodes/extentreports/view/Extent.ftl"
2022-02-22 14:24:38 INFO  Eorderflow_RO:145 - No child test to execute, flushing report
2022-02-22 14:24:39 INFO  Eorderflow_RO:145 - Terminate driver session in after test method
2022-02-22 14:24:39 INFO  SkillNavigation:145 - Starting before test method ::SkillNavigation
2022-02-22 14:24:39 INFO  SkillNavigation:145 - **** Initializing drivers ****chrome 
2022-02-22 14:24:39 INFO  SkillNavigation:145 - Initializing driver session for local execution
2022-02-22 14:24:40 INFO  SkillNavigation:145 - Driver is initizialied
2022-02-22 14:24:40 INFO  SkillNavigation:145 - **** driver instance in Initializing drivers ****
2022-02-22 14:24:40 INFO  SkillNavigation:145 - Starting before test method ::SkillNavigation
2022-02-22 14:25:05 INFO  SkillNavigation:145 - Navigate to url https://stage.boschtoolservice.com/ro/ro/skil/spareparts/search
2022-02-22 14:25:05 WARN  SkillNavigation:150 - Unable to locate webelement. Object Name: youtube_SK
2022-02-22 14:25:05 ERROR SkillNavigation:147 - youtube_SK element is not displayed Exception: null
java.lang.Throwable: youtube_SK element is not displayed Exception: null
	at reportingLibrary.Logger.log(Logger.java:147)
	at supportLibrary.CommonFunction.elementIsDisplayed(CommonFunction.java:99)
	at pages.web.FirstPage.launchskill(FirstPage.java:206)
	at test.Skill_Closed.SkillNavigation(Skill_Closed.java:16)
	at sun.reflect.NativeMethodAccessorImpl.invoke0(Native Method)
	at sun.reflect.NativeMethodAccessorImpl.invoke(NativeMethodAccessorImpl.java:62)
	at sun.reflect.DelegatingMethodAccessorImpl.invoke(DelegatingMethodAccessorImpl.java:43)
	at java.lang.reflect.Method.invoke(Method.java:498)
	at org.testng.internal.MethodInvocationHelper.invokeMethod(MethodInvocationHelper.java:124)
	at org.testng.internal.Invoker.invokeMethod(Invoker.java:583)
	at org.testng.internal.Invoker.invokeTestMethod(Invoker.java:719)
	at org.testng.internal.Invoker.invokeTestMethods(Invoker.java:989)
	at org.testng.internal.TestMethodWorker.invokeTestMethods(TestMethodWorker.java:125)
	at org.testng.internal.TestMethodWorker.run(TestMethodWorker.java:109)
	at org.testng.TestRunner.privateRun(TestRunner.java:648)
	at org.testng.TestRunner.run(TestRunner.java:505)
	at org.testng.SuiteRunner.runTest(SuiteRunner.java:455)
	at org.testng.SuiteRunner.access$000(SuiteRunner.java:40)
	at org.testng.SuiteRunner$SuiteWorker.run(SuiteRunner.java:489)
	at org.testng.internal.thread.ThreadUtil$1.call(ThreadUtil.java:52)
	at java.util.concurrent.FutureTask.run(FutureTask.java:266)
	at java.util.concurrent.ThreadPoolExecutor.runWorker(ThreadPoolExecutor.java:1149)
	at java.util.concurrent.ThreadPoolExecutor$Worker.run(ThreadPoolExecutor.java:624)
	at java.lang.Thread.run(Thread.java:748)
2022-02-22 14:25:05 ERROR SkillNavigation:85 - Exception while launching application URL
2022-02-22 14:25:05 INFO  SkillNavigation:145 - In after test method ::SkillNavigation
2022-02-22 14:25:05 DEBUG cache:45 - Couldn't find template in cache for "Extent.ftl"("en_US", UTF-8, parsed); will try to load it.
2022-02-22 14:25:05 DEBUG cache:45 - TemplateLoader.findTemplateSource("Extent_en_US.ftl"): Not found
2022-02-22 14:25:05 DEBUG cache:45 - TemplateLoader.findTemplateSource("Extent_en.ftl"): Not found
2022-02-22 14:25:05 DEBUG cache:45 - TemplateLoader.findTemplateSource("Extent.ftl"): Found
2022-02-22 14:25:05 DEBUG cache:45 - Loading template for "Extent.ftl"("en_US", UTF-8, parsed) from "jar:file:/C:/Users/UXS1KOR/.m2/repository/com/relevantcodes/extentreports/2.41.2/extentreports-2.41.2.jar!/com/relevantcodes/extentreports/view/Extent.ftl"
2022-02-22 14:25:05 INFO  SkillNavigation:145 - No child test to execute, flushing report
2022-02-22 14:25:06 INFO  SkillNavigation:145 - Terminate driver session in after test method
2022-02-22 14:25:06 INFO  EorderDremelflow:145 - Starting before test method ::EorderDremelflow
2022-02-22 14:25:06 INFO  EorderDremelflow:145 - **** Initializing drivers ****chrome 
2022-02-22 14:25:06 INFO  EorderDremelflow:145 - Initializing driver session for local execution
2022-02-22 14:25:08 INFO  EorderDremelflow:145 - Driver is initizialied
2022-02-22 14:25:08 INFO  EorderDremelflow:145 - **** driver instance in Initializing drivers ****
2022-02-22 14:25:08 INFO  EorderDremelflow:145 - Starting before test method ::EorderDremelflow
2022-02-22 14:25:11 INFO  EorderDremelflow:145 - Navigate to url https://stage.boschtoolservice.com/ro/ro/dremel/spareparts/search
2022-02-22 14:25:11 WARN  EorderDremelflow:150 - Unable to locate webelement. Object Name: CloseConsent
2022-02-22 14:25:16 INFO  EorderDremelflow:145 - wait for Object CloseConsent. Time:5 seconds
2022-02-22 14:25:16 WARN  EorderDremelflow:150 - Unable to locate webelement. Object Name: CloseConsent
2022-02-22 14:25:21 INFO  EorderDremelflow:145 - wait for Object CloseConsent. Time:10 seconds
2022-02-22 14:25:22 WARN  EorderDremelflow:150 - Unable to locate webelement. Object Name: CloseConsent
2022-02-22 14:25:27 INFO  EorderDremelflow:145 - wait for Object CloseConsent. Time:15 seconds
2022-02-22 14:25:27 INFO  EorderDremelflow:145 - CloseConsent Element is not displayed after 15 Seconds
2022-02-22 14:25:27 WARN  EorderDremelflow:150 - Unable to locate webelement. Object Name: CloseConsent
2022-02-22 14:25:27 ERROR EorderDremelflow:147 - Exception while clicking element: CloseConsent Exception: null
java.lang.Throwable: Exception while clicking element: CloseConsent Exception: null
	at reportingLibrary.Logger.log(Logger.java:147)
	at supportLibrary.CommonFunction.clickElement(CommonFunction.java:64)
	at pages.web.FirstPage.launchApp(FirstPage.java:95)
	at test.Eorder_DREMEL.EorderDremelflow(Eorder_DREMEL.java:28)
	at sun.reflect.NativeMethodAccessorImpl.invoke0(Native Method)
	at sun.reflect.NativeMethodAccessorImpl.invoke(NativeMethodAccessorImpl.java:62)
	at sun.reflect.DelegatingMethodAccessorImpl.invoke(DelegatingMethodAccessorImpl.java:43)
	at java.lang.reflect.Method.invoke(Method.java:498)
	at org.testng.internal.MethodInvocationHelper.invokeMethod(MethodInvocationHelper.java:124)
	at org.testng.internal.Invoker.invokeMethod(Invoker.java:583)
	at org.testng.internal.Invoker.invokeTestMethod(Invoker.java:719)
	at org.testng.internal.Invoker.invokeTestMethods(Invoker.java:989)
	at org.testng.internal.TestMethodWorker.invokeTestMethods(TestMethodWorker.java:125)
	at org.testng.internal.TestMethodWorker.run(TestMethodWorker.java:109)
	at org.testng.TestRunner.privateRun(TestRunner.java:648)
	at org.testng.TestRunner.run(TestRunner.java:505)
	at org.testng.SuiteRunner.runTest(SuiteRunner.java:455)
	at org.testng.SuiteRunner.access$000(SuiteRunner.java:40)
	at org.testng.SuiteRunner$SuiteWorker.run(SuiteRunner.java:489)
	at org.testng.internal.thread.ThreadUtil$1.call(ThreadUtil.java:52)
	at java.util.concurrent.FutureTask.run(FutureTask.java:266)
	at java.util.concurrent.ThreadPoolExecutor.runWorker(ThreadPoolExecutor.java:1149)
	at java.util.concurrent.ThreadPoolExecutor$Worker.run(ThreadPoolExecutor.java:624)
	at java.lang.Thread.run(Thread.java:748)
2022-02-22 14:25:27 ERROR EorderDremelflow:85 - Exception while launching application URL
2022-02-22 14:25:27 INFO  EorderDremelflow:145 - In after test method ::EorderDremelflow
2022-02-22 14:25:27 DEBUG cache:45 - Couldn't find template in cache for "Extent.ftl"("en_US", UTF-8, parsed); will try to load it.
2022-02-22 14:25:27 DEBUG cache:45 - TemplateLoader.findTemplateSource("Extent_en_US.ftl"): Not found
2022-02-22 14:25:27 DEBUG cache:45 - TemplateLoader.findTemplateSource("Extent_en.ftl"): Not found
2022-02-22 14:25:27 DEBUG cache:45 - TemplateLoader.findTemplateSource("Extent.ftl"): Found
2022-02-22 14:25:27 DEBUG cache:45 - Loading template for "Extent.ftl"("en_US", UTF-8, parsed) from "jar:file:/C:/Users/UXS1KOR/.m2/repository/com/relevantcodes/extentreports/2.41.2/extentreports-2.41.2.jar!/com/relevantcodes/extentreports/view/Extent.ftl"
2022-02-22 14:25:27 INFO  EorderDremelflow:145 - No child test to execute, flushing report
2022-02-22 14:25:28 INFO  EorderDremelflow:145 - Terminate driver session in after test method
2022-02-22 14:25:28 INFO  Eorderflow:145 - Starting before test method ::Eorderflow
2022-02-22 14:25:28 INFO  Eorderflow:145 - **** Initializing drivers ****chrome 
2022-02-22 14:25:28 INFO  Eorderflow:145 - Initializing driver session for local execution
2022-02-22 14:25:29 INFO  Eorderflow:145 - Driver is initizialied
2022-02-22 14:25:29 INFO  Eorderflow:145 - **** driver instance in Initializing drivers ****
2022-02-22 14:25:29 INFO  Eorderflow:145 - Starting before test method ::Eorderflow
2022-02-22 14:25:33 INFO  Eorderflow:145 - Navigate to url https://stage.boschtoolservice.com/pl/pl/boschprof/spareparts/search
2022-02-22 14:25:34 WARN  Eorderflow:150 - Unable to locate webelement. Object Name: CloseConsent
2022-02-22 14:25:39 INFO  Eorderflow:145 - wait for Object CloseConsent. Time:5 seconds
2022-02-22 14:25:39 WARN  Eorderflow:150 - Unable to locate webelement. Object Name: CloseConsent
2022-02-22 14:25:44 INFO  Eorderflow:145 - wait for Object CloseConsent. Time:10 seconds
2022-02-22 14:25:44 WARN  Eorderflow:150 - Unable to locate webelement. Object Name: CloseConsent
2022-02-22 14:25:49 INFO  Eorderflow:145 - wait for Object CloseConsent. Time:15 seconds
2022-02-22 14:25:49 INFO  Eorderflow:145 - CloseConsent Element is not displayed after 15 Seconds
2022-02-22 14:25:49 WARN  Eorderflow:150 - Unable to locate webelement. Object Name: CloseConsent
2022-02-22 14:25:49 ERROR Eorderflow:147 - Exception while clicking element: CloseConsent Exception: null
java.lang.Throwable: Exception while clicking element: CloseConsent Exception: null
	at reportingLibrary.Logger.log(Logger.java:147)
	at supportLibrary.CommonFunction.clickElement(CommonFunction.java:64)
	at pages.web.FirstPage.launchAppSP(FirstPage.java:118)
	at test.Eorder_Poland.Eorderflow(Eorder_Poland.java:27)
	at sun.reflect.NativeMethodAccessorImpl.invoke0(Native Method)
	at sun.reflect.NativeMethodAccessorImpl.invoke(NativeMethodAccessorImpl.java:62)
	at sun.reflect.DelegatingMethodAccessorImpl.invoke(DelegatingMethodAccessorImpl.java:43)
	at java.lang.reflect.Method.invoke(Method.java:498)
	at org.testng.internal.MethodInvocationHelper.invokeMethod(MethodInvocationHelper.java:124)
	at org.testng.internal.Invoker.invokeMethod(Invoker.java:583)
	at org.testng.internal.Invoker.invokeTestMethod(Invoker.java:719)
	at org.testng.internal.Invoker.invokeTestMethods(Invoker.java:989)
	at org.testng.internal.TestMethodWorker.invokeTestMethods(TestMethodWorker.java:125)
	at org.testng.internal.TestMethodWorker.run(TestMethodWorker.java:109)
	at org.testng.TestRunner.privateRun(TestRunner.java:648)
	at org.testng.TestRunner.run(TestRunner.java:505)
	at org.testng.SuiteRunner.runTest(SuiteRunner.java:455)
	at org.testng.SuiteRunner.access$000(SuiteRunner.java:40)
	at org.testng.SuiteRunner$SuiteWorker.run(SuiteRunner.java:489)
	at org.testng.internal.thread.ThreadUtil$1.call(ThreadUtil.java:52)
	at java.util.concurrent.FutureTask.run(FutureTask.java:266)
	at java.util.concurrent.ThreadPoolExecutor.runWorker(ThreadPoolExecutor.java:1149)
	at java.util.concurrent.ThreadPoolExecutor$Worker.run(ThreadPoolExecutor.java:624)
	at java.lang.Thread.run(Thread.java:748)
2022-02-22 14:25:49 ERROR Eorderflow:85 - Exception while launching application URL
2022-02-22 14:25:49 INFO  Eorderflow:145 - In after test method ::Eorderflow
2022-02-22 14:25:49 DEBUG cache:45 - Couldn't find template in cache for "Extent.ftl"("en_US", UTF-8, parsed); will try to load it.
2022-02-22 14:25:49 DEBUG cache:45 - TemplateLoader.findTemplateSource("Extent_en_US.ftl"): Not found
2022-02-22 14:25:49 DEBUG cache:45 - TemplateLoader.findTemplateSource("Extent_en.ftl"): Not found
2022-02-22 14:25:49 DEBUG cache:45 - TemplateLoader.findTemplateSource("Extent.ftl"): Found
2022-02-22 14:25:49 DEBUG cache:45 - Loading template for "Extent.ftl"("en_US", UTF-8, parsed) from "jar:file:/C:/Users/UXS1KOR/.m2/repository/com/relevantcodes/extentreports/2.41.2/extentreports-2.41.2.jar!/com/relevantcodes/extentreports/view/Extent.ftl"
2022-02-22 14:25:49 INFO  Eorderflow:145 - No child test to execute, flushing report
2022-02-22 14:25:50 INFO  Eorderflow:145 - Terminate driver session in after test method
2022-02-22 14:25:50 INFO  Eorderflow:145 - Starting before test method ::Eorderflow
2022-02-22 14:25:50 INFO  Eorderflow:145 - **** Initializing drivers ****chrome 
2022-02-22 14:25:50 INFO  Eorderflow:145 - Initializing driver session for local execution
2022-02-22 14:25:52 INFO  Eorderflow:145 - Driver is initizialied
2022-02-22 14:25:52 INFO  Eorderflow:145 - **** driver instance in Initializing drivers ****
2022-02-22 14:25:52 INFO  Eorderflow:145 - Starting before test method ::Eorderflow
2022-02-22 14:25:56 INFO  Eorderflow:145 - Navigate to url https://stage.boschtoolservice.com/pl/pl/bosch-pt/spareparts/search
2022-02-22 14:25:57 WARN  Eorderflow:150 - Unable to locate webelement. Object Name: CloseConsent
2022-02-22 14:26:02 INFO  Eorderflow:145 - wait for Object CloseConsent. Time:5 seconds
2022-02-22 14:26:02 WARN  Eorderflow:150 - Unable to locate webelement. Object Name: CloseConsent
2022-02-22 14:26:07 INFO  Eorderflow:145 - wait for Object CloseConsent. Time:10 seconds
2022-02-22 14:26:07 WARN  Eorderflow:150 - Unable to locate webelement. Object Name: CloseConsent
2022-02-22 14:26:12 INFO  Eorderflow:145 - wait for Object CloseConsent. Time:15 seconds
2022-02-22 14:26:12 INFO  Eorderflow:145 - CloseConsent Element is not displayed after 15 Seconds
2022-02-22 14:26:12 WARN  Eorderflow:150 - Unable to locate webelement. Object Name: CloseConsent
2022-02-22 14:26:12 ERROR Eorderflow:147 - Exception while clicking element: CloseConsent Exception: null
java.lang.Throwable: Exception while clicking element: CloseConsent Exception: null
	at reportingLibrary.Logger.log(Logger.java:147)
	at supportLibrary.CommonFunction.clickElement(CommonFunction.java:64)
	at pages.web.FirstPage.launchAppSP(FirstPage.java:118)
	at test.Eorder_Poland.Eorderflow(Eorder_Poland.java:27)
	at sun.reflect.NativeMethodAccessorImpl.invoke0(Native Method)
	at sun.reflect.NativeMethodAccessorImpl.invoke(NativeMethodAccessorImpl.java:62)
	at sun.reflect.DelegatingMethodAccessorImpl.invoke(DelegatingMethodAccessorImpl.java:43)
	at java.lang.reflect.Method.invoke(Method.java:498)
	at org.testng.internal.MethodInvocationHelper.invokeMethod(MethodInvocationHelper.java:124)
	at org.testng.internal.Invoker.invokeMethod(Invoker.java:583)
	at org.testng.internal.Invoker.invokeTestMethod(Invoker.java:719)
	at org.testng.internal.Invoker.invokeTestMethods(Invoker.java:989)
	at org.testng.internal.TestMethodWorker.invokeTestMethods(TestMethodWorker.java:125)
	at org.testng.internal.TestMethodWorker.run(TestMethodWorker.java:109)
	at org.testng.TestRunner.privateRun(TestRunner.java:648)
	at org.testng.TestRunner.run(TestRunner.java:505)
	at org.testng.SuiteRunner.runTest(SuiteRunner.java:455)
	at org.testng.SuiteRunner.access$000(SuiteRunner.java:40)
	at org.testng.SuiteRunner$SuiteWorker.run(SuiteRunner.java:489)
	at org.testng.internal.thread.ThreadUtil$1.call(ThreadUtil.java:52)
	at java.util.concurrent.FutureTask.run(FutureTask.java:266)
	at java.util.concurrent.ThreadPoolExecutor.runWorker(ThreadPoolExecutor.java:1149)
	at java.util.concurrent.ThreadPoolExecutor$Worker.run(ThreadPoolExecutor.java:624)
	at java.lang.Thread.run(Thread.java:748)
2022-02-22 14:26:12 ERROR Eorderflow:85 - Exception while launching application URL
2022-02-22 14:26:12 INFO  Eorderflow:145 - In after test method ::Eorderflow
2022-02-22 14:26:12 DEBUG cache:45 - Couldn't find template in cache for "Extent.ftl"("en_US", UTF-8, parsed); will try to load it.
2022-02-22 14:26:12 DEBUG cache:45 - TemplateLoader.findTemplateSource("Extent_en_US.ftl"): Not found
2022-02-22 14:26:12 DEBUG cache:45 - TemplateLoader.findTemplateSource("Extent_en.ftl"): Not found
2022-02-22 14:26:12 DEBUG cache:45 - TemplateLoader.findTemplateSource("Extent.ftl"): Found
2022-02-22 14:26:12 DEBUG cache:45 - Loading template for "Extent.ftl"("en_US", UTF-8, parsed) from "jar:file:/C:/Users/UXS1KOR/.m2/repository/com/relevantcodes/extentreports/2.41.2/extentreports-2.41.2.jar!/com/relevantcodes/extentreports/view/Extent.ftl"
2022-02-22 14:26:12 INFO  Eorderflow:145 - No child test to execute, flushing report
2022-02-22 14:26:13 INFO  Eorderflow:145 - Terminate driver session in after test method
2022-02-22 14:26:13 INFO  Eorderflow:145 - Starting before test method ::Eorderflow
2022-02-22 14:26:13 INFO  Eorderflow:145 - **** Initializing drivers ****chrome 
2022-02-22 14:26:13 INFO  Eorderflow:145 - Initializing driver session for local execution
2022-02-22 14:26:15 INFO  Eorderflow:145 - Driver is initizialied
2022-02-22 14:26:15 INFO  Eorderflow:145 - **** driver instance in Initializing drivers ****
2022-02-22 14:26:15 INFO  Eorderflow:145 - Starting before test method ::Eorderflow
2022-02-22 14:26:22 INFO  Eorderflow:145 - Navigate to url https://stage.boschtoolservice.com/pl/pl/boschdiy/spareparts/search
2022-02-22 14:26:23 WARN  Eorderflow:150 - Unable to locate webelement. Object Name: CloseConsent
2022-02-22 14:26:28 INFO  Eorderflow:145 - wait for Object CloseConsent. Time:5 seconds
2022-02-22 14:26:28 WARN  Eorderflow:150 - Unable to locate webelement. Object Name: CloseConsent
2022-02-22 14:26:33 INFO  Eorderflow:145 - wait for Object CloseConsent. Time:10 seconds
2022-02-22 14:26:33 WARN  Eorderflow:150 - Unable to locate webelement. Object Name: CloseConsent
2022-02-22 14:26:38 INFO  Eorderflow:145 - wait for Object CloseConsent. Time:15 seconds
2022-02-22 14:26:38 INFO  Eorderflow:145 - CloseConsent Element is not displayed after 15 Seconds
2022-02-22 14:26:38 WARN  Eorderflow:150 - Unable to locate webelement. Object Name: CloseConsent
2022-02-22 14:26:38 ERROR Eorderflow:147 - Exception while clicking element: CloseConsent Exception: null
java.lang.Throwable: Exception while clicking element: CloseConsent Exception: null
	at reportingLibrary.Logger.log(Logger.java:147)
	at supportLibrary.CommonFunction.clickElement(CommonFunction.java:64)
	at pages.web.FirstPage.launchAppSP(FirstPage.java:118)
	at test.Eorder_Poland.Eorderflow(Eorder_Poland.java:27)
	at sun.reflect.NativeMethodAccessorImpl.invoke0(Native Method)
	at sun.reflect.NativeMethodAccessorImpl.invoke(NativeMethodAccessorImpl.java:62)
	at sun.reflect.DelegatingMethodAccessorImpl.invoke(DelegatingMethodAccessorImpl.java:43)
	at java.lang.reflect.Method.invoke(Method.java:498)
	at org.testng.internal.MethodInvocationHelper.invokeMethod(MethodInvocationHelper.java:124)
	at org.testng.internal.Invoker.invokeMethod(Invoker.java:583)
	at org.testng.internal.Invoker.invokeTestMethod(Invoker.java:719)
	at org.testng.internal.Invoker.invokeTestMethods(Invoker.java:989)
	at org.testng.internal.TestMethodWorker.invokeTestMethods(TestMethodWorker.java:125)
	at org.testng.internal.TestMethodWorker.run(TestMethodWorker.java:109)
	at org.testng.TestRunner.privateRun(TestRunner.java:648)
	at org.testng.TestRunner.run(TestRunner.java:505)
	at org.testng.SuiteRunner.runTest(SuiteRunner.java:455)
	at org.testng.SuiteRunner.access$000(SuiteRunner.java:40)
	at org.testng.SuiteRunner$SuiteWorker.run(SuiteRunner.java:489)
	at org.testng.internal.thread.ThreadUtil$1.call(ThreadUtil.java:52)
	at java.util.concurrent.FutureTask.run(FutureTask.java:266)
	at java.util.concurrent.ThreadPoolExecutor.runWorker(ThreadPoolExecutor.java:1149)
	at java.util.concurrent.ThreadPoolExecutor$Worker.run(ThreadPoolExecutor.java:624)
	at java.lang.Thread.run(Thread.java:748)
2022-02-22 14:26:38 ERROR Eorderflow:85 - Exception while launching application URL
2022-02-22 14:26:38 INFO  Eorderflow:145 - In after test method ::Eorderflow
2022-02-22 14:26:38 DEBUG cache:45 - Couldn't find template in cache for "Extent.ftl"("en_US", UTF-8, parsed); will try to load it.
2022-02-22 14:26:38 DEBUG cache:45 - TemplateLoader.findTemplateSource("Extent_en_US.ftl"): Not found
2022-02-22 14:26:38 DEBUG cache:45 - TemplateLoader.findTemplateSource("Extent_en.ftl"): Not found
2022-02-22 14:26:38 DEBUG cache:45 - TemplateLoader.findTemplateSource("Extent.ftl"): Found
2022-02-22 14:26:38 DEBUG cache:45 - Loading template for "Extent.ftl"("en_US", UTF-8, parsed) from "jar:file:/C:/Users/UXS1KOR/.m2/repository/com/relevantcodes/extentreports/2.41.2/extentreports-2.41.2.jar!/com/relevantcodes/extentreports/view/Extent.ftl"
2022-02-22 14:26:38 INFO  Eorderflow:145 - No child test to execute, flushing report
2022-02-22 14:26:39 INFO  Eorderflow:145 - Terminate driver session in after test method
2022-02-22 14:26:39 INFO  SkillNavigation:145 - Starting before test method ::SkillNavigation
2022-02-22 14:26:39 INFO  SkillNavigation:145 - **** Initializing drivers ****chrome 
2022-02-22 14:26:39 INFO  SkillNavigation:145 - Initializing driver session for local execution
2022-02-22 14:26:41 INFO  SkillNavigation:145 - Driver is initizialied
2022-02-22 14:26:41 INFO  SkillNavigation:145 - **** driver instance in Initializing drivers ****
2022-02-22 14:26:41 INFO  SkillNavigation:145 - Starting before test method ::SkillNavigation
2022-02-22 14:26:54 INFO  SkillNavigation:145 - Navigate to url https://stage.boschtoolservice.com/pl/pl/skil/spareparts/search
2022-02-22 14:26:55 WARN  SkillNavigation:150 - Unable to locate webelement. Object Name: youtube_SK
2022-02-22 14:26:55 ERROR SkillNavigation:147 - youtube_SK element is not displayed Exception: null
java.lang.Throwable: youtube_SK element is not displayed Exception: null
	at reportingLibrary.Logger.log(Logger.java:147)
	at supportLibrary.CommonFunction.elementIsDisplayed(CommonFunction.java:99)
	at pages.web.FirstPage.launchskill(FirstPage.java:206)
	at test.Skill_Closed.SkillNavigation(Skill_Closed.java:16)
	at sun.reflect.NativeMethodAccessorImpl.invoke0(Native Method)
	at sun.reflect.NativeMethodAccessorImpl.invoke(NativeMethodAccessorImpl.java:62)
	at sun.reflect.DelegatingMethodAccessorImpl.invoke(DelegatingMethodAccessorImpl.java:43)
	at java.lang.reflect.Method.invoke(Method.java:498)
	at org.testng.internal.MethodInvocationHelper.invokeMethod(MethodInvocationHelper.java:124)
	at org.testng.internal.Invoker.invokeMethod(Invoker.java:583)
	at org.testng.internal.Invoker.invokeTestMethod(Invoker.java:719)
	at org.testng.internal.Invoker.invokeTestMethods(Invoker.java:989)
	at org.testng.internal.TestMethodWorker.invokeTestMethods(TestMethodWorker.java:125)
	at org.testng.internal.TestMethodWorker.run(TestMethodWorker.java:109)
	at org.testng.TestRunner.privateRun(TestRunner.java:648)
	at org.testng.TestRunner.run(TestRunner.java:505)
	at org.testng.SuiteRunner.runTest(SuiteRunner.java:455)
	at org.testng.SuiteRunner.access$000(SuiteRunner.java:40)
	at org.testng.SuiteRunner$SuiteWorker.run(SuiteRunner.java:489)
	at org.testng.internal.thread.ThreadUtil$1.call(ThreadUtil.java:52)
	at java.util.concurrent.FutureTask.run(FutureTask.java:266)
	at java.util.concurrent.ThreadPoolExecutor.runWorker(ThreadPoolExecutor.java:1149)
	at java.util.concurrent.ThreadPoolExecutor$Worker.run(ThreadPoolExecutor.java:624)
	at java.lang.Thread.run(Thread.java:748)
2022-02-22 14:26:55 ERROR SkillNavigation:85 - Exception while launching application URL
2022-02-22 14:26:55 INFO  SkillNavigation:145 - In after test method ::SkillNavigation
2022-02-22 14:26:55 DEBUG cache:45 - Couldn't find template in cache for "Extent.ftl"("en_US", UTF-8, parsed); will try to load it.
2022-02-22 14:26:55 DEBUG cache:45 - TemplateLoader.findTemplateSource("Extent_en_US.ftl"): Not found
2022-02-22 14:26:55 DEBUG cache:45 - TemplateLoader.findTemplateSource("Extent_en.ftl"): Not found
2022-02-22 14:26:55 DEBUG cache:45 - TemplateLoader.findTemplateSource("Extent.ftl"): Found
2022-02-22 14:26:55 DEBUG cache:45 - Loading template for "Extent.ftl"("en_US", UTF-8, parsed) from "jar:file:/C:/Users/UXS1KOR/.m2/repository/com/relevantcodes/extentreports/2.41.2/extentreports-2.41.2.jar!/com/relevantcodes/extentreports/view/Extent.ftl"
2022-02-22 14:26:55 INFO  SkillNavigation:145 - No child test to execute, flushing report
2022-02-22 14:26:56 INFO  SkillNavigation:145 - Terminate driver session in after test method
2022-02-22 14:26:56 INFO  Eorderflow:145 - Starting before test method ::Eorderflow
2022-02-22 14:26:56 INFO  Eorderflow:145 - **** Initializing drivers ****chrome 
2022-02-22 14:26:56 INFO  Eorderflow:145 - Initializing driver session for local execution
2022-02-22 14:26:57 INFO  Eorderflow:145 - Driver is initizialied
2022-02-22 14:26:57 INFO  Eorderflow:145 - **** driver instance in Initializing drivers ****
2022-02-22 14:26:57 INFO  Eorderflow:145 - Starting before test method ::Eorderflow
2022-02-22 14:27:02 INFO  Eorderflow:145 - Navigate to url https://stage.boschtoolservice.com/pl/pl/dremel/spareparts/search
2022-02-22 14:27:03 WARN  Eorderflow:150 - Unable to locate webelement. Object Name: CloseConsent
2022-02-22 14:27:08 INFO  Eorderflow:145 - wait for Object CloseConsent. Time:5 seconds
2022-02-22 14:27:08 WARN  Eorderflow:150 - Unable to locate webelement. Object Name: CloseConsent
2022-02-22 14:27:13 INFO  Eorderflow:145 - wait for Object CloseConsent. Time:10 seconds
2022-02-22 14:27:13 WARN  Eorderflow:150 - Unable to locate webelement. Object Name: CloseConsent
2022-02-22 14:27:18 INFO  Eorderflow:145 - wait for Object CloseConsent. Time:15 seconds
2022-02-22 14:27:18 INFO  Eorderflow:145 - CloseConsent Element is not displayed after 15 Seconds
2022-02-22 14:27:18 WARN  Eorderflow:150 - Unable to locate webelement. Object Name: CloseConsent
2022-02-22 14:27:18 ERROR Eorderflow:147 - Exception while clicking element: CloseConsent Exception: null
java.lang.Throwable: Exception while clicking element: CloseConsent Exception: null
	at reportingLibrary.Logger.log(Logger.java:147)
	at supportLibrary.CommonFunction.clickElement(CommonFunction.java:64)
	at pages.web.FirstPage.launchAppSP(FirstPage.java:118)
	at test.Eorder_Poland.Eorderflow(Eorder_Poland.java:27)
	at sun.reflect.NativeMethodAccessorImpl.invoke0(Native Method)
	at sun.reflect.NativeMethodAccessorImpl.invoke(NativeMethodAccessorImpl.java:62)
	at sun.reflect.DelegatingMethodAccessorImpl.invoke(DelegatingMethodAccessorImpl.java:43)
	at java.lang.reflect.Method.invoke(Method.java:498)
	at org.testng.internal.MethodInvocationHelper.invokeMethod(MethodInvocationHelper.java:124)
	at org.testng.internal.Invoker.invokeMethod(Invoker.java:583)
	at org.testng.internal.Invoker.invokeTestMethod(Invoker.java:719)
	at org.testng.internal.Invoker.invokeTestMethods(Invoker.java:989)
	at org.testng.internal.TestMethodWorker.invokeTestMethods(TestMethodWorker.java:125)
	at org.testng.internal.TestMethodWorker.run(TestMethodWorker.java:109)
	at org.testng.TestRunner.privateRun(TestRunner.java:648)
	at org.testng.TestRunner.run(TestRunner.java:505)
	at org.testng.SuiteRunner.runTest(SuiteRunner.java:455)
	at org.testng.SuiteRunner.access$000(SuiteRunner.java:40)
	at org.testng.SuiteRunner$SuiteWorker.run(SuiteRunner.java:489)
	at org.testng.internal.thread.ThreadUtil$1.call(ThreadUtil.java:52)
	at java.util.concurrent.FutureTask.run(FutureTask.java:266)
	at java.util.concurrent.ThreadPoolExecutor.runWorker(ThreadPoolExecutor.java:1149)
	at java.util.concurrent.ThreadPoolExecutor$Worker.run(ThreadPoolExecutor.java:624)
	at java.lang.Thread.run(Thread.java:748)
2022-02-22 14:27:18 ERROR Eorderflow:85 - Exception while launching application URL
2022-02-22 14:27:18 INFO  Eorderflow:145 - In after test method ::Eorderflow
2022-02-22 14:27:18 DEBUG cache:45 - Couldn't find template in cache for "Extent.ftl"("en_US", UTF-8, parsed); will try to load it.
2022-02-22 14:27:18 DEBUG cache:45 - TemplateLoader.findTemplateSource("Extent_en_US.ftl"): Not found
2022-02-22 14:27:18 DEBUG cache:45 - TemplateLoader.findTemplateSource("Extent_en.ftl"): Not found
2022-02-22 14:27:18 DEBUG cache:45 - TemplateLoader.findTemplateSource("Extent.ftl"): Found
2022-02-22 14:27:18 DEBUG cache:45 - Loading template for "Extent.ftl"("en_US", UTF-8, parsed) from "jar:file:/C:/Users/UXS1KOR/.m2/repository/com/relevantcodes/extentreports/2.41.2/extentreports-2.41.2.jar!/com/relevantcodes/extentreports/view/Extent.ftl"
2022-02-22 14:27:18 INFO  Eorderflow:145 - No child test to execute, flushing report
2022-02-22 14:27:19 INFO  Eorderflow:145 - Terminate driver session in after test method
2022-02-22 14:27:19 INFO  Eorderflow:145 - Starting before test method ::Eorderflow
2022-02-22 14:27:19 INFO  Eorderflow:145 - **** Initializing drivers ****chrome 
2022-02-22 14:27:19 INFO  Eorderflow:145 - Initializing driver session for local execution
2022-02-22 14:27:21 INFO  Eorderflow:145 - Driver is initizialied
2022-02-22 14:27:21 INFO  Eorderflow:145 - **** driver instance in Initializing drivers ****
2022-02-22 14:27:21 INFO  Eorderflow:145 - Starting before test method ::Eorderflow
2022-02-22 14:27:25 INFO  Eorderflow:145 - Navigate to url https://stage.boschtoolservice.com/rs/sr/boschprof/spareparts/search
2022-02-22 14:27:26 WARN  Eorderflow:150 - Unable to locate webelement. Object Name: CloseConsent
2022-02-22 14:27:31 INFO  Eorderflow:145 - wait for Object CloseConsent. Time:5 seconds
2022-02-22 14:27:31 WARN  Eorderflow:150 - Unable to locate webelement. Object Name: CloseConsent
2022-02-22 14:27:36 INFO  Eorderflow:145 - wait for Object CloseConsent. Time:10 seconds
2022-02-22 14:27:36 WARN  Eorderflow:150 - Unable to locate webelement. Object Name: CloseConsent
2022-02-22 14:27:41 INFO  Eorderflow:145 - wait for Object CloseConsent. Time:15 seconds
2022-02-22 14:27:41 INFO  Eorderflow:145 - CloseConsent Element is not displayed after 15 Seconds
2022-02-22 14:27:41 WARN  Eorderflow:150 - Unable to locate webelement. Object Name: CloseConsent
2022-02-22 14:27:41 ERROR Eorderflow:147 - Exception while clicking element: CloseConsent Exception: null
java.lang.Throwable: Exception while clicking element: CloseConsent Exception: null
	at reportingLibrary.Logger.log(Logger.java:147)
	at supportLibrary.CommonFunction.clickElement(CommonFunction.java:64)
	at pages.web.FirstPage.launchAppSP(FirstPage.java:118)
	at test.Eorder_Serbia.Eorderflow(Eorder_Serbia.java:27)
	at sun.reflect.NativeMethodAccessorImpl.invoke0(Native Method)
	at sun.reflect.NativeMethodAccessorImpl.invoke(NativeMethodAccessorImpl.java:62)
	at sun.reflect.DelegatingMethodAccessorImpl.invoke(DelegatingMethodAccessorImpl.java:43)
	at java.lang.reflect.Method.invoke(Method.java:498)
	at org.testng.internal.MethodInvocationHelper.invokeMethod(MethodInvocationHelper.java:124)
	at org.testng.internal.Invoker.invokeMethod(Invoker.java:583)
	at org.testng.internal.Invoker.invokeTestMethod(Invoker.java:719)
	at org.testng.internal.Invoker.invokeTestMethods(Invoker.java:989)
	at org.testng.internal.TestMethodWorker.invokeTestMethods(TestMethodWorker.java:125)
	at org.testng.internal.TestMethodWorker.run(TestMethodWorker.java:109)
	at org.testng.TestRunner.privateRun(TestRunner.java:648)
	at org.testng.TestRunner.run(TestRunner.java:505)
	at org.testng.SuiteRunner.runTest(SuiteRunner.java:455)
	at org.testng.SuiteRunner.access$000(SuiteRunner.java:40)
	at org.testng.SuiteRunner$SuiteWorker.run(SuiteRunner.java:489)
	at org.testng.internal.thread.ThreadUtil$1.call(ThreadUtil.java:52)
	at java.util.concurrent.FutureTask.run(FutureTask.java:266)
	at java.util.concurrent.ThreadPoolExecutor.runWorker(ThreadPoolExecutor.java:1149)
	at java.util.concurrent.ThreadPoolExecutor$Worker.run(ThreadPoolExecutor.java:624)
	at java.lang.Thread.run(Thread.java:748)
2022-02-22 14:27:41 ERROR Eorderflow:85 - Exception while launching application URL
2022-02-22 14:27:41 INFO  Eorderflow:145 - In after test method ::Eorderflow
2022-02-22 14:27:41 DEBUG cache:45 - Couldn't find template in cache for "Extent.ftl"("en_US", UTF-8, parsed); will try to load it.
2022-02-22 14:27:41 DEBUG cache:45 - TemplateLoader.findTemplateSource("Extent_en_US.ftl"): Not found
2022-02-22 14:27:41 DEBUG cache:45 - TemplateLoader.findTemplateSource("Extent_en.ftl"): Not found
2022-02-22 14:27:41 DEBUG cache:45 - TemplateLoader.findTemplateSource("Extent.ftl"): Found
2022-02-22 14:27:41 DEBUG cache:45 - Loading template for "Extent.ftl"("en_US", UTF-8, parsed) from "jar:file:/C:/Users/UXS1KOR/.m2/repository/com/relevantcodes/extentreports/2.41.2/extentreports-2.41.2.jar!/com/relevantcodes/extentreports/view/Extent.ftl"
2022-02-22 14:27:41 INFO  Eorderflow:145 - No child test to execute, flushing report
2022-02-22 14:27:42 INFO  Eorderflow:145 - Terminate driver session in after test method
2022-02-22 14:27:42 INFO  Eorderflow:145 - Starting before test method ::Eorderflow
2022-02-22 14:27:42 INFO  Eorderflow:145 - **** Initializing drivers ****chrome 
2022-02-22 14:27:42 INFO  Eorderflow:145 - Initializing driver session for local execution
2022-02-22 14:27:44 INFO  Eorderflow:145 - Driver is initizialied
2022-02-22 14:27:44 INFO  Eorderflow:145 - **** driver instance in Initializing drivers ****
2022-02-22 14:27:44 INFO  Eorderflow:145 - Starting before test method ::Eorderflow
2022-02-22 14:28:00 INFO  Eorderflow:145 - Navigate to url https://stage.boschtoolservice.com/rs/sr/bosch-pt/spareparts/search
2022-02-22 14:28:01 INFO  Eorderflow:145 - CloseConsent Element is displayed
2022-02-22 14:28:01 INFO  Eorderflow:145 - click on element CloseConsent
2022-02-22 14:28:01 INFO  Eorderflow:145 - Consent Closed
2022-02-22 14:28:03 INFO  Eorderflow:145 - Input element is displayed
2022-02-22 14:28:03 INFO  Eorderflow:145 - Input Field found
2022-02-22 14:28:03 INFO  Eorderflow:145 - Application Opened Successfully and verified https://stage.boschtoolservice.com/rs/sr/bosch-pt/spareparts/search
2022-02-22 14:28:03 INFO  Eorderflow:145 - AdvancedSearch Element is displayed
2022-02-22 14:28:06 INFO  Eorderflow:145 - click on element AdvancedSearch
2022-02-22 14:28:06 INFO  Eorderflow:145 - Clicked on AdvancedSearch
2022-02-22 14:28:07 INFO  Eorderflow:145 - Country ID Element is displayed
2022-02-22 14:28:07 INFO  Eorderflow:145 - click on element Country ID
2022-02-22 14:28:09 INFO  Eorderflow:145 - Country ID clicked
2022-02-22 14:28:09 INFO  Eorderflow:145 - Country Value Element is displayed
2022-02-22 14:28:09 INFO  Eorderflow:145 - click on element Country Value
2022-02-22 14:28:10 INFO  Eorderflow:145 - Value success
2022-02-22 14:28:10 INFO  Eorderflow:145 - Search Element is displayed
2022-02-22 14:28:14 INFO  Eorderflow:145 - click on element Search
2022-02-22 14:28:14 INFO  Eorderflow:145 - Clicked on Search
2022-02-22 14:28:14 INFO  Eorderflow:145 - Result element is displayed
2022-02-22 14:28:16 INFO  Eorderflow:145 - Results Displayed
2022-02-22 14:28:16 INFO  Eorderflow:145 - Search Successful for 
2022-02-22 14:28:16 INFO  Eorderflow:145 - FilterResult Element is displayed
2022-02-22 14:28:17 INFO  Eorderflow:145 - click on element FilterResult
2022-02-22 14:28:17 INFO  Eorderflow:145 - Selected First Row
2022-02-22 14:28:24 INFO  Eorderflow:145 - ProductInformation element is displayed
2022-02-22 14:28:24 INFO  Eorderflow:145 - ProductInformation Available
2022-02-22 14:28:25 INFO  Eorderflow:145 - dremeladdtocart Element is displayed
2022-02-22 14:28:25 INFO  Eorderflow:145 - click on element dremeladdtocart
2022-02-22 14:28:26 INFO  Eorderflow:145 - dremeladdtocart Element is displayed
2022-02-22 14:28:26 INFO  Eorderflow:145 - click on element dremeladdtocart
2022-02-22 14:28:27 INFO  Eorderflow:145 - dremeladdtocart Element is displayed
2022-02-22 14:28:27 INFO  Eorderflow:145 - click on element dremeladdtocart
2022-02-22 14:28:29 INFO  Eorderflow:145 - dremeladdtocart Element is displayed
2022-02-22 14:28:29 INFO  Eorderflow:145 - click on element dremeladdtocart
2022-02-22 14:28:30 INFO  Eorderflow:145 - dremeladdtocart Element is displayed
2022-02-22 14:28:30 INFO  Eorderflow:145 - click on element dremeladdtocart
2022-02-22 14:28:36 INFO  Eorderflow:145 - Add to cart Successful
2022-02-22 14:28:36 INFO  Eorderflow:145 - minishoppingcart Element is displayed
2022-02-22 14:28:54 INFO  Eorderflow:145 - click on element minishoppingcart
2022-02-22 14:28:54 INFO  Eorderflow:145 - Clicked on Minishopping cart
2022-02-22 14:28:58 INFO  Eorderflow:145 - continueButton element is displayed
2022-02-22 14:28:58 INFO  Eorderflow:145 - Continue option Available
2022-02-22 14:29:23 INFO  Eorderflow:145 - continueButton Element is displayed
2022-02-22 14:29:30 INFO  Eorderflow:145 - click on element continueButton
2022-02-22 14:29:30 INFO  Eorderflow:145 - Clicked on Continue
2022-02-22 14:29:31 INFO  Eorderflow:145 - save element is displayed
2022-02-22 14:29:31 INFO  Eorderflow:145 - Navigated to Address Page
2022-02-22 14:29:31 INFO  Eorderflow:145 - save Element is displayed
2022-02-22 14:29:42 INFO  Eorderflow:145 - click on element save
2022-02-22 14:29:43 INFO  Eorderflow:145 - Clicked on Save in Address Page
2022-02-22 14:29:43 INFO  Eorderflow:145 - company Element is displayed
2022-02-22 14:29:43 INFO  Eorderflow:145 - Audi is entered in element company
2022-02-22 14:29:43 INFO  Eorderflow:145 - firstName Element is displayed
2022-02-22 14:29:43 INFO  Eorderflow:145 - Saroj is entered in element firstName
2022-02-22 14:29:43 INFO  Eorderflow:145 - surName Element is displayed
2022-02-22 14:29:43 INFO  Eorderflow:145 - Swain is entered in element surName
2022-02-22 14:29:43 INFO  Eorderflow:145 - street Element is displayed
2022-02-22 14:29:43 INFO  Eorderflow:145 - Testing is entered in element street
2022-02-22 14:29:43 INFO  Eorderflow:145 - houseNo Element is displayed
2022-02-22 14:29:44 INFO  Eorderflow:145 - 27 is entered in element houseNo
2022-02-22 14:29:44 INFO  Eorderflow:145 - postCode Element is displayed
2022-02-22 14:29:44 INFO  Eorderflow:145 - 21240 is entered in element postCode
2022-02-22 14:29:44 INFO  Eorderflow:145 - city Element is displayed
2022-02-22 14:29:44 INFO  Eorderflow:145 - TestCenter is entered in element city
2022-02-22 14:29:44 INFO  Eorderflow:145 - email Element is displayed
2022-02-22 14:29:44 INFO  Eorderflow:145 - external.Saroja.KumarSwain@in.bosch.com is entered in element email
2022-02-22 14:29:44 INFO  Eorderflow:145 - confirmEmail Element is displayed
2022-02-22 14:29:44 INFO  Eorderflow:145 - external.Saroja.KumarSwain@in.bosch.com is entered in element confirmEmail
2022-02-22 14:29:44 INFO  Eorderflow:145 - phoneNo Element is displayed
2022-02-22 14:29:45 INFO  Eorderflow:145 - 1234567899 is entered in element phoneNo
2022-02-22 14:29:45 INFO  Eorderflow:145 - Address Details entered Successfully
2022-02-22 14:29:45 INFO  Eorderflow:145 - checkbox_Serbia Element is displayed
2022-02-22 14:29:45 INFO  Eorderflow:145 - click on element checkbox_Serbia
2022-02-22 14:29:45 INFO  Eorderflow:145 - Checkbox Clicked
2022-02-22 14:29:45 INFO  Eorderflow:145 - save Element is displayed
2022-02-22 14:29:49 INFO  Eorderflow:145 - click on element save
2022-02-22 14:29:50 INFO  Eorderflow:145 - Clicked on Save in Address Page
2022-02-22 14:29:52 INFO  Eorderflow:145 - radio_eorder Element is displayed
2022-02-22 14:29:53 INFO  Eorderflow:145 - click on element radio_eorder
2022-02-22 14:29:53 INFO  Eorderflow:145 - Radio Button Clicked
2022-02-22 14:29:53 INFO  Eorderflow:145 - checkbox_eorder Element is displayed
2022-02-22 14:29:53 INFO  Eorderflow:145 - click on element checkbox_eorder
2022-02-22 14:29:53 INFO  Eorderflow:145 - Checkbox Clicked
2022-02-22 14:29:55 INFO  Eorderflow:145 - Submit Order Clicked Element is displayed
2022-02-22 14:30:03 INFO  Eorderflow:145 - click on element Submit Order Clicked
2022-02-22 14:30:03 INFO  Eorderflow:145 - Eorder_confirm element is displayed
2022-02-22 14:30:03 INFO  Eorderflow:145 - Eorder_confirm Displayed
2022-02-22 14:30:03 INFO  Eorderflow:145 - In after test method ::Eorderflow
2022-02-22 14:30:03 DEBUG cache:45 - Couldn't find template in cache for "Extent.ftl"("en_US", UTF-8, parsed); will try to load it.
2022-02-22 14:30:03 DEBUG cache:45 - TemplateLoader.findTemplateSource("Extent_en_US.ftl"): Not found
2022-02-22 14:30:03 DEBUG cache:45 - TemplateLoader.findTemplateSource("Extent_en.ftl"): Not found
2022-02-22 14:30:03 DEBUG cache:45 - TemplateLoader.findTemplateSource("Extent.ftl"): Found
2022-02-22 14:30:03 DEBUG cache:45 - Loading template for "Extent.ftl"("en_US", UTF-8, parsed) from "jar:file:/C:/Users/UXS1KOR/.m2/repository/com/relevantcodes/extentreports/2.41.2/extentreports-2.41.2.jar!/com/relevantcodes/extentreports/view/Extent.ftl"
2022-02-22 14:30:03 INFO  Eorderflow:145 - No child test to execute, flushing report
2022-02-22 14:30:04 INFO  Eorderflow:145 - Terminate driver session in after test method
2022-02-22 14:30:04 INFO  Eorderflow:145 - Starting before test method ::Eorderflow
2022-02-22 14:30:04 INFO  Eorderflow:145 - **** Initializing drivers ****chrome 
2022-02-22 14:30:04 INFO  Eorderflow:145 - Initializing driver session for local execution
2022-02-22 14:30:06 INFO  Eorderflow:145 - Driver is initizialied
2022-02-22 14:30:06 INFO  Eorderflow:145 - **** driver instance in Initializing drivers ****
2022-02-22 14:30:06 INFO  Eorderflow:145 - Starting before test method ::Eorderflow
2022-02-22 14:30:15 INFO  Eorderflow:145 - Navigate to url https://stage.boschtoolservice.com/rs/sr/boschdiy/spareparts/search
2022-02-22 14:30:16 INFO  Eorderflow:145 - CloseConsent Element is displayed
2022-02-22 14:30:16 INFO  Eorderflow:145 - click on element CloseConsent
2022-02-22 14:30:16 INFO  Eorderflow:145 - Consent Closed
2022-02-22 14:30:18 INFO  Eorderflow:145 - Input element is displayed
2022-02-22 14:30:18 INFO  Eorderflow:145 - Input Field found
2022-02-22 14:30:18 INFO  Eorderflow:145 - Application Opened Successfully and verified https://stage.boschtoolservice.com/rs/sr/boschdiy/spareparts/search
2022-02-22 14:30:18 INFO  Eorderflow:145 - AdvancedSearch Element is displayed
2022-02-22 14:30:21 INFO  Eorderflow:145 - click on element AdvancedSearch
2022-02-22 14:30:21 INFO  Eorderflow:145 - Clicked on AdvancedSearch
2022-02-22 14:30:22 INFO  Eorderflow:145 - Country ID Element is displayed
2022-02-22 14:30:22 INFO  Eorderflow:145 - click on element Country ID
2022-02-22 14:30:24 INFO  Eorderflow:145 - Country ID clicked
2022-02-22 14:30:24 INFO  Eorderflow:145 - Country Value Element is displayed
2022-02-22 14:30:24 INFO  Eorderflow:145 - click on element Country Value
2022-02-22 14:30:25 INFO  Eorderflow:145 - Value success
2022-02-22 14:30:25 INFO  Eorderflow:145 - Search Element is displayed
2022-02-22 14:30:28 INFO  Eorderflow:145 - click on element Search
2022-02-22 14:30:28 INFO  Eorderflow:145 - Clicked on Search
2022-02-22 14:30:28 INFO  Eorderflow:145 - Result element is displayed
2022-02-22 14:30:30 INFO  Eorderflow:145 - Results Displayed
2022-02-22 14:30:30 INFO  Eorderflow:145 - Search Successful for 
2022-02-22 14:30:30 INFO  Eorderflow:145 - FilterResult Element is displayed
2022-02-22 14:30:31 INFO  Eorderflow:145 - click on element FilterResult
2022-02-22 14:30:31 INFO  Eorderflow:145 - Selected First Row
2022-02-22 14:30:37 INFO  Eorderflow:145 - ProductInformation element is displayed
2022-02-22 14:30:37 INFO  Eorderflow:145 - ProductInformation Available
2022-02-22 14:30:39 INFO  Eorderflow:145 - dremeladdtocart Element is displayed
2022-02-22 14:30:39 INFO  Eorderflow:145 - click on element dremeladdtocart
2022-02-22 14:30:40 INFO  Eorderflow:145 - dremeladdtocart Element is displayed
2022-02-22 14:30:40 INFO  Eorderflow:145 - click on element dremeladdtocart
2022-02-22 14:30:41 INFO  Eorderflow:145 - dremeladdtocart Element is displayed
2022-02-22 14:30:41 INFO  Eorderflow:145 - click on element dremeladdtocart
2022-02-22 14:30:42 INFO  Eorderflow:145 - dremeladdtocart Element is displayed
2022-02-22 14:30:42 INFO  Eorderflow:145 - click on element dremeladdtocart
2022-02-22 14:30:43 INFO  Eorderflow:145 - dremeladdtocart Element is displayed
2022-02-22 14:30:43 INFO  Eorderflow:145 - click on element dremeladdtocart
2022-02-22 14:30:49 INFO  Eorderflow:145 - Add to cart Successful
2022-02-22 14:30:49 INFO  Eorderflow:145 - minishoppingcart Element is displayed
2022-02-22 14:31:05 INFO  Eorderflow:145 - click on element minishoppingcart
2022-02-22 14:31:05 INFO  Eorderflow:145 - Clicked on Minishopping cart
2022-02-22 14:31:09 INFO  Eorderflow:145 - continueButton element is displayed
2022-02-22 14:31:09 INFO  Eorderflow:145 - Continue option Available
2022-02-22 14:31:34 INFO  Eorderflow:145 - continueButton Element is displayed
2022-02-22 14:31:39 INFO  Eorderflow:145 - click on element continueButton
2022-02-22 14:31:39 INFO  Eorderflow:145 - Clicked on Continue
2022-02-22 14:31:40 INFO  Eorderflow:145 - save element is displayed
2022-02-22 14:31:40 INFO  Eorderflow:145 - Navigated to Address Page
2022-02-22 14:31:40 INFO  Eorderflow:145 - save Element is displayed
2022-02-22 14:31:42 INFO  Eorderflow:145 - click on element save
2022-02-22 14:31:43 INFO  Eorderflow:145 - Clicked on Save in Address Page
2022-02-22 14:31:43 INFO  Eorderflow:145 - company Element is displayed
2022-02-22 14:31:44 INFO  Eorderflow:145 - Audi is entered in element company
2022-02-22 14:31:44 INFO  Eorderflow:145 - firstName Element is displayed
2022-02-22 14:31:44 INFO  Eorderflow:145 - Saroj is entered in element firstName
2022-02-22 14:31:44 INFO  Eorderflow:145 - surName Element is displayed
2022-02-22 14:31:44 INFO  Eorderflow:145 - Swain is entered in element surName
2022-02-22 14:31:44 INFO  Eorderflow:145 - street Element is displayed
2022-02-22 14:31:44 INFO  Eorderflow:145 - Testing is entered in element street
2022-02-22 14:31:44 INFO  Eorderflow:145 - houseNo Element is displayed
2022-02-22 14:31:44 INFO  Eorderflow:145 - 27 is entered in element houseNo
2022-02-22 14:31:44 INFO  Eorderflow:145 - postCode Element is displayed
2022-02-22 14:31:44 INFO  Eorderflow:145 - 21240 is entered in element postCode
2022-02-22 14:31:44 INFO  Eorderflow:145 - city Element is displayed
2022-02-22 14:31:45 INFO  Eorderflow:145 - TestCenter is entered in element city
2022-02-22 14:31:45 INFO  Eorderflow:145 - email Element is displayed
2022-02-22 14:31:45 INFO  Eorderflow:145 - external.Saroja.KumarSwain@in.bosch.com is entered in element email
2022-02-22 14:31:45 INFO  Eorderflow:145 - confirmEmail Element is displayed
2022-02-22 14:31:45 INFO  Eorderflow:145 - external.Saroja.KumarSwain@in.bosch.com is entered in element confirmEmail
2022-02-22 14:31:45 INFO  Eorderflow:145 - phoneNo Element is displayed
2022-02-22 14:31:45 INFO  Eorderflow:145 - 1234567899 is entered in element phoneNo
2022-02-22 14:31:45 INFO  Eorderflow:145 - Address Details entered Successfully
2022-02-22 14:31:45 INFO  Eorderflow:145 - checkbox_Serbia Element is displayed
2022-02-22 14:31:45 INFO  Eorderflow:145 - click on element checkbox_Serbia
2022-02-22 14:31:45 INFO  Eorderflow:145 - Checkbox Clicked
2022-02-22 14:31:45 INFO  Eorderflow:145 - save Element is displayed
2022-02-22 14:31:48 INFO  Eorderflow:145 - click on element save
2022-02-22 14:31:49 INFO  Eorderflow:145 - Clicked on Save in Address Page
2022-02-22 14:31:51 INFO  Eorderflow:145 - radio_eorder Element is displayed
2022-02-22 14:31:51 INFO  Eorderflow:145 - click on element radio_eorder
2022-02-22 14:31:51 INFO  Eorderflow:145 - Radio Button Clicked
2022-02-22 14:31:51 INFO  Eorderflow:145 - checkbox_eorder Element is displayed
2022-02-22 14:31:51 INFO  Eorderflow:145 - click on element checkbox_eorder
2022-02-22 14:31:51 INFO  Eorderflow:145 - Checkbox Clicked
2022-02-22 14:31:53 INFO  Eorderflow:145 - Submit Order Clicked Element is displayed
2022-02-22 14:31:57 INFO  Eorderflow:145 - click on element Submit Order Clicked
2022-02-22 14:31:57 INFO  Eorderflow:145 - Eorder_confirm element is displayed
2022-02-22 14:31:57 INFO  Eorderflow:145 - Eorder_confirm Displayed
2022-02-22 14:31:57 INFO  Eorderflow:145 - In after test method ::Eorderflow
2022-02-22 14:31:57 DEBUG cache:45 - Couldn't find template in cache for "Extent.ftl"("en_US", UTF-8, parsed); will try to load it.
2022-02-22 14:31:57 DEBUG cache:45 - TemplateLoader.findTemplateSource("Extent_en_US.ftl"): Not found
2022-02-22 14:31:57 DEBUG cache:45 - TemplateLoader.findTemplateSource("Extent_en.ftl"): Not found
2022-02-22 14:31:57 DEBUG cache:45 - TemplateLoader.findTemplateSource("Extent.ftl"): Found
2022-02-22 14:31:57 DEBUG cache:45 - Loading template for "Extent.ftl"("en_US", UTF-8, parsed) from "jar:file:/C:/Users/UXS1KOR/.m2/repository/com/relevantcodes/extentreports/2.41.2/extentreports-2.41.2.jar!/com/relevantcodes/extentreports/view/Extent.ftl"
2022-02-22 14:31:57 INFO  Eorderflow:145 - No child test to execute, flushing report
2022-02-22 14:31:58 INFO  Eorderflow:145 - Terminate driver session in after test method
2022-02-22 14:31:58 INFO  Eorderflow:145 - Starting before test method ::Eorderflow
2022-02-22 14:31:58 INFO  Eorderflow:145 - **** Initializing drivers ****chrome 
2022-02-22 14:31:58 INFO  Eorderflow:145 - Initializing driver session for local execution
2022-02-22 14:32:00 INFO  Eorderflow:145 - Driver is initizialied
2022-02-22 14:32:00 INFO  Eorderflow:145 - **** driver instance in Initializing drivers ****
2022-02-22 14:32:00 INFO  Eorderflow:145 - Starting before test method ::Eorderflow
2022-02-22 14:32:12 INFO  Eorderflow:145 - Navigate to url https://stage.boschtoolservice.com/rs/sr/skil/spareparts/search
2022-02-22 14:32:13 INFO  Eorderflow:145 - CloseConsent Element is displayed
2022-02-22 14:32:13 INFO  Eorderflow:145 - click on element CloseConsent
2022-02-22 14:32:13 INFO  Eorderflow:145 - Consent Closed
2022-02-22 14:32:15 INFO  Eorderflow:145 - Input element is displayed
2022-02-22 14:32:15 INFO  Eorderflow:145 - Input Field found
2022-02-22 14:32:15 INFO  Eorderflow:145 - Application Opened Successfully and verified https://stage.boschtoolservice.com/rs/sr/skil/spareparts/search
2022-02-22 14:32:15 INFO  Eorderflow:145 - AdvancedSearch Element is displayed
2022-02-22 14:32:17 INFO  Eorderflow:145 - click on element AdvancedSearch
2022-02-22 14:32:17 INFO  Eorderflow:145 - Clicked on AdvancedSearch
2022-02-22 14:32:18 INFO  Eorderflow:145 - Country ID Element is displayed
2022-02-22 14:32:18 INFO  Eorderflow:145 - click on element Country ID
2022-02-22 14:32:20 INFO  Eorderflow:145 - Country ID clicked
2022-02-22 14:32:20 INFO  Eorderflow:145 - Country Value Element is displayed
2022-02-22 14:32:20 INFO  Eorderflow:145 - click on element Country Value
2022-02-22 14:32:21 INFO  Eorderflow:145 - Value success
2022-02-22 14:32:21 INFO  Eorderflow:145 - Search Element is displayed
2022-02-22 14:32:24 INFO  Eorderflow:145 - click on element Search
2022-02-22 14:32:24 INFO  Eorderflow:145 - Clicked on Search
2022-02-22 14:32:24 INFO  Eorderflow:145 - Result element is displayed
2022-02-22 14:32:26 INFO  Eorderflow:145 - Results Displayed
2022-02-22 14:32:26 INFO  Eorderflow:145 - Search Successful for 
2022-02-22 14:32:27 INFO  Eorderflow:145 - FilterResult Element is displayed
2022-02-22 14:32:28 INFO  Eorderflow:145 - click on element FilterResult
2022-02-22 14:32:28 INFO  Eorderflow:145 - Selected First Row
2022-02-22 14:32:34 INFO  Eorderflow:145 - ProductInformation element is displayed
2022-02-22 14:32:34 INFO  Eorderflow:145 - ProductInformation Available
2022-02-22 14:32:35 INFO  Eorderflow:145 - dremeladdtocart Element is displayed
2022-02-22 14:32:36 INFO  Eorderflow:145 - click on element dremeladdtocart
2022-02-22 14:32:37 INFO  Eorderflow:145 - dremeladdtocart Element is displayed
2022-02-22 14:32:37 ERROR Eorderflow:147 - Exception while clicking element: dremeladdtocart Exception: element not interactable: element has zero size
  (Session info: chrome=98.0.4758.102)
Build info: version: '3.141.59', revision: 'e82be7d358', time: '2018-11-14T08:17:03'
System info: host: 'KOR1122636', ip: '10.195.129.252', os.name: 'Windows 10', os.arch: 'amd64', os.version: '10.0', java.version: '1.8.0_312'
Driver info: org.openqa.selenium.chrome.ChromeDriver
Capabilities {acceptInsecureCerts: false, browserName: chrome, browserVersion: 98.0.4758.102, chrome: {chromedriverVersion: 98.0.4758.48 (d869ab3eda606..., userDataDir: C:\Users\UXS1KOR\AppData\Lo...}, goog:chromeOptions: {debuggerAddress: localhost:57694}, javascriptEnabled: true, networkConnectionEnabled: false, pageLoadStrategy: normal, platform: WINDOWS, platformName: WINDOWS, proxy: Proxy(), setWindowRect: true, strictFileInteractability: false, timeouts: {implicit: 0, pageLoad: 300000, script: 30000}, unhandledPromptBehavior: dismiss and notify, webauthn:extension:credBlob: true, webauthn:extension:largeBlob: true, webauthn:virtualAuthenticators: true}
Session ID: 979ee64d093627debab42cca650c234a
java.lang.Throwable: Exception while clicking element: dremeladdtocart Exception: element not interactable: element has zero size
  (Session info: chrome=98.0.4758.102)
Build info: version: '3.141.59', revision: 'e82be7d358', time: '2018-11-14T08:17:03'
System info: host: 'KOR1122636', ip: '10.195.129.252', os.name: 'Windows 10', os.arch: 'amd64', os.version: '10.0', java.version: '1.8.0_312'
Driver info: org.openqa.selenium.chrome.ChromeDriver
Capabilities {acceptInsecureCerts: false, browserName: chrome, browserVersion: 98.0.4758.102, chrome: {chromedriverVersion: 98.0.4758.48 (d869ab3eda606..., userDataDir: C:\Users\UXS1KOR\AppData\Lo...}, goog:chromeOptions: {debuggerAddress: localhost:57694}, javascriptEnabled: true, networkConnectionEnabled: false, pageLoadStrategy: normal, platform: WINDOWS, platformName: WINDOWS, proxy: Proxy(), setWindowRect: true, strictFileInteractability: false, timeouts: {implicit: 0, pageLoad: 300000, script: 30000}, unhandledPromptBehavior: dismiss and notify, webauthn:extension:credBlob: true, webauthn:extension:largeBlob: true, webauthn:virtualAuthenticators: true}
Session ID: 979ee64d093627debab42cca650c234a
	at reportingLibrary.Logger.log(Logger.java:147)
	at supportLibrary.CommonFunction.clickElement(CommonFunction.java:64)
	at pages.web.AdvancedSearch.addtocartFew(AdvancedSearch.java:318)
	at test.Eorder_Serbia.Eorderflow(Eorder_Serbia.java:30)
	at sun.reflect.NativeMethodAccessorImpl.invoke0(Native Method)
	at sun.reflect.NativeMethodAccessorImpl.invoke(NativeMethodAccessorImpl.java:62)
	at sun.reflect.DelegatingMethodAccessorImpl.invoke(DelegatingMethodAccessorImpl.java:43)
	at java.lang.reflect.Method.invoke(Method.java:498)
	at org.testng.internal.MethodInvocationHelper.invokeMethod(MethodInvocationHelper.java:124)
	at org.testng.internal.Invoker.invokeMethod(Invoker.java:583)
	at org.testng.internal.Invoker.invokeTestMethod(Invoker.java:719)
	at org.testng.internal.Invoker.invokeTestMethods(Invoker.java:989)
	at org.testng.internal.TestMethodWorker.invokeTestMethods(TestMethodWorker.java:125)
	at org.testng.internal.TestMethodWorker.run(TestMethodWorker.java:109)
	at org.testng.TestRunner.privateRun(TestRunner.java:648)
	at org.testng.TestRunner.run(TestRunner.java:505)
	at org.testng.SuiteRunner.runTest(SuiteRunner.java:455)
	at org.testng.SuiteRunner.access$000(SuiteRunner.java:40)
	at org.testng.SuiteRunner$SuiteWorker.run(SuiteRunner.java:489)
	at org.testng.internal.thread.ThreadUtil$1.call(ThreadUtil.java:52)
	at java.util.concurrent.FutureTask.run(FutureTask.java:266)
	at java.util.concurrent.ThreadPoolExecutor.runWorker(ThreadPoolExecutor.java:1149)
	at java.util.concurrent.ThreadPoolExecutor$Worker.run(ThreadPoolExecutor.java:624)
	at java.lang.Thread.run(Thread.java:748)
2022-02-22 14:32:37 ERROR Eorderflow:85 - Add to cart not successful
2022-02-22 14:32:37 INFO  Eorderflow:145 - In after test method ::Eorderflow
2022-02-22 14:32:37 DEBUG cache:45 - Couldn't find template in cache for "Extent.ftl"("en_US", UTF-8, parsed); will try to load it.
2022-02-22 14:32:37 DEBUG cache:45 - TemplateLoader.findTemplateSource("Extent_en_US.ftl"): Not found
2022-02-22 14:32:37 DEBUG cache:45 - TemplateLoader.findTemplateSource("Extent_en.ftl"): Not found
2022-02-22 14:32:37 DEBUG cache:45 - TemplateLoader.findTemplateSource("Extent.ftl"): Found
2022-02-22 14:32:37 DEBUG cache:45 - Loading template for "Extent.ftl"("en_US", UTF-8, parsed) from "jar:file:/C:/Users/UXS1KOR/.m2/repository/com/relevantcodes/extentreports/2.41.2/extentreports-2.41.2.jar!/com/relevantcodes/extentreports/view/Extent.ftl"
2022-02-22 14:32:37 INFO  Eorderflow:145 - No child test to execute, flushing report
2022-02-22 14:32:38 INFO  Eorderflow:145 - Terminate driver session in after test method
2022-02-22 14:32:38 INFO  Eorderflow:145 - Starting before test method ::Eorderflow
2022-02-22 14:32:38 INFO  Eorderflow:145 - **** Initializing drivers ****chrome 
2022-02-22 14:32:38 INFO  Eorderflow:145 - Initializing driver session for local execution
2022-02-22 14:32:40 INFO  Eorderflow:145 - Driver is initizialied
2022-02-22 14:32:40 INFO  Eorderflow:145 - **** driver instance in Initializing drivers ****
2022-02-22 14:32:40 INFO  Eorderflow:145 - Starting before test method ::Eorderflow
2022-02-22 14:32:51 INFO  Eorderflow:145 - Navigate to url https://stage.boschtoolservice.com/rs/sr/dremel/spareparts/search
2022-02-22 14:32:52 INFO  Eorderflow:145 - CloseConsent Element is displayed
2022-02-22 14:32:52 INFO  Eorderflow:145 - click on element CloseConsent
2022-02-22 14:32:52 INFO  Eorderflow:145 - Consent Closed
2022-02-22 14:32:54 INFO  Eorderflow:145 - Input element is displayed
2022-02-22 14:32:54 INFO  Eorderflow:145 - Input Field found
2022-02-22 14:32:54 INFO  Eorderflow:145 - Application Opened Successfully and verified https://stage.boschtoolservice.com/rs/sr/dremel/spareparts/search
2022-02-22 14:32:54 INFO  Eorderflow:145 - AdvancedSearch Element is displayed
2022-02-22 14:32:56 INFO  Eorderflow:145 - click on element AdvancedSearch
2022-02-22 14:32:56 INFO  Eorderflow:145 - Clicked on AdvancedSearch
2022-02-22 14:32:57 INFO  Eorderflow:145 - Country ID Element is displayed
2022-02-22 14:32:57 INFO  Eorderflow:145 - click on element Country ID
2022-02-22 14:32:59 INFO  Eorderflow:145 - Country ID clicked
2022-02-22 14:32:59 INFO  Eorderflow:145 - Country Value Element is displayed
2022-02-22 14:32:59 INFO  Eorderflow:145 - click on element Country Value
2022-02-22 14:33:00 INFO  Eorderflow:145 - Value success
2022-02-22 14:33:00 INFO  Eorderflow:145 - Search Element is displayed
2022-02-22 14:33:03 INFO  Eorderflow:145 - click on element Search
2022-02-22 14:33:03 INFO  Eorderflow:145 - Clicked on Search
2022-02-22 14:33:03 INFO  Eorderflow:145 - Result element is displayed
2022-02-22 14:33:05 INFO  Eorderflow:145 - Results Displayed
2022-02-22 14:33:05 INFO  Eorderflow:145 - Search Successful for 
2022-02-22 14:33:05 INFO  Eorderflow:145 - FilterResult Element is displayed
2022-02-22 14:33:07 INFO  Eorderflow:145 - click on element FilterResult
2022-02-22 14:33:07 INFO  Eorderflow:145 - Selected First Row
2022-02-22 14:33:13 INFO  Eorderflow:145 - ProductInformation element is displayed
2022-02-22 14:33:13 INFO  Eorderflow:145 - ProductInformation Available
2022-02-22 14:33:14 INFO  Eorderflow:145 - dremeladdtocart Element is displayed
2022-02-22 14:33:14 INFO  Eorderflow:145 - click on element dremeladdtocart
2022-02-22 14:33:15 INFO  Eorderflow:145 - dremeladdtocart Element is displayed
2022-02-22 14:33:15 INFO  Eorderflow:145 - click on element dremeladdtocart
2022-02-22 14:33:16 INFO  Eorderflow:145 - dremeladdtocart Element is displayed
2022-02-22 14:33:16 INFO  Eorderflow:145 - click on element dremeladdtocart
2022-02-22 14:33:17 INFO  Eorderflow:145 - dremeladdtocart Element is displayed
2022-02-22 14:33:17 ERROR Eorderflow:147 - Exception while clicking element: dremeladdtocart Exception: element not interactable: element has zero size
  (Session info: chrome=98.0.4758.102)
Build info: version: '3.141.59', revision: 'e82be7d358', time: '2018-11-14T08:17:03'
System info: host: 'KOR1122636', ip: '10.195.129.252', os.name: 'Windows 10', os.arch: 'amd64', os.version: '10.0', java.version: '1.8.0_312'
Driver info: org.openqa.selenium.chrome.ChromeDriver
Capabilities {acceptInsecureCerts: false, browserName: chrome, browserVersion: 98.0.4758.102, chrome: {chromedriverVersion: 98.0.4758.48 (d869ab3eda606..., userDataDir: C:\Users\UXS1KOR\AppData\Lo...}, goog:chromeOptions: {debuggerAddress: localhost:57730}, javascriptEnabled: true, networkConnectionEnabled: false, pageLoadStrategy: normal, platform: WINDOWS, platformName: WINDOWS, proxy: Proxy(), setWindowRect: true, strictFileInteractability: false, timeouts: {implicit: 0, pageLoad: 300000, script: 30000}, unhandledPromptBehavior: dismiss and notify, webauthn:extension:credBlob: true, webauthn:extension:largeBlob: true, webauthn:virtualAuthenticators: true}
Session ID: 50d1801b71f6a29e02ba38669e7d31ac
java.lang.Throwable: Exception while clicking element: dremeladdtocart Exception: element not interactable: element has zero size
  (Session info: chrome=98.0.4758.102)
Build info: version: '3.141.59', revision: 'e82be7d358', time: '2018-11-14T08:17:03'
System info: host: 'KOR1122636', ip: '10.195.129.252', os.name: 'Windows 10', os.arch: 'amd64', os.version: '10.0', java.version: '1.8.0_312'
Driver info: org.openqa.selenium.chrome.ChromeDriver
Capabilities {acceptInsecureCerts: false, browserName: chrome, browserVersion: 98.0.4758.102, chrome: {chromedriverVersion: 98.0.4758.48 (d869ab3eda606..., userDataDir: C:\Users\UXS1KOR\AppData\Lo...}, goog:chromeOptions: {debuggerAddress: localhost:57730}, javascriptEnabled: true, networkConnectionEnabled: false, pageLoadStrategy: normal, platform: WINDOWS, platformName: WINDOWS, proxy: Proxy(), setWindowRect: true, strictFileInteractability: false, timeouts: {implicit: 0, pageLoad: 300000, script: 30000}, unhandledPromptBehavior: dismiss and notify, webauthn:extension:credBlob: true, webauthn:extension:largeBlob: true, webauthn:virtualAuthenticators: true}
Session ID: 50d1801b71f6a29e02ba38669e7d31ac
	at reportingLibrary.Logger.log(Logger.java:147)
	at supportLibrary.CommonFunction.clickElement(CommonFunction.java:64)
	at pages.web.AdvancedSearch.addtocartFew(AdvancedSearch.java:318)
	at test.Eorder_Serbia.Eorderflow(Eorder_Serbia.java:30)
	at sun.reflect.NativeMethodAccessorImpl.invoke0(Native Method)
	at sun.reflect.NativeMethodAccessorImpl.invoke(NativeMethodAccessorImpl.java:62)
	at sun.reflect.DelegatingMethodAccessorImpl.invoke(DelegatingMethodAccessorImpl.java:43)
	at java.lang.reflect.Method.invoke(Method.java:498)
	at org.testng.internal.MethodInvocationHelper.invokeMethod(MethodInvocationHelper.java:124)
	at org.testng.internal.Invoker.invokeMethod(Invoker.java:583)
	at org.testng.internal.Invoker.invokeTestMethod(Invoker.java:719)
	at org.testng.internal.Invoker.invokeTestMethods(Invoker.java:989)
	at org.testng.internal.TestMethodWorker.invokeTestMethods(TestMethodWorker.java:125)
	at org.testng.internal.TestMethodWorker.run(TestMethodWorker.java:109)
	at org.testng.TestRunner.privateRun(TestRunner.java:648)
	at org.testng.TestRunner.run(TestRunner.java:505)
	at org.testng.SuiteRunner.runTest(SuiteRunner.java:455)
	at org.testng.SuiteRunner.access$000(SuiteRunner.java:40)
	at org.testng.SuiteRunner$SuiteWorker.run(SuiteRunner.java:489)
	at org.testng.internal.thread.ThreadUtil$1.call(ThreadUtil.java:52)
	at java.util.concurrent.FutureTask.run(FutureTask.java:266)
	at java.util.concurrent.ThreadPoolExecutor.runWorker(ThreadPoolExecutor.java:1149)
	at java.util.concurrent.ThreadPoolExecutor$Worker.run(ThreadPoolExecutor.java:624)
	at java.lang.Thread.run(Thread.java:748)
2022-02-22 14:33:18 ERROR Eorderflow:85 - Add to cart not successful
2022-02-22 14:33:18 INFO  Eorderflow:145 - In after test method ::Eorderflow
2022-02-22 14:33:18 DEBUG cache:45 - Couldn't find template in cache for "Extent.ftl"("en_US", UTF-8, parsed); will try to load it.
2022-02-22 14:33:18 DEBUG cache:45 - TemplateLoader.findTemplateSource("Extent_en_US.ftl"): Not found
2022-02-22 14:33:18 DEBUG cache:45 - TemplateLoader.findTemplateSource("Extent_en.ftl"): Not found
2022-02-22 14:33:18 DEBUG cache:45 - TemplateLoader.findTemplateSource("Extent.ftl"): Found
2022-02-22 14:33:18 DEBUG cache:45 - Loading template for "Extent.ftl"("en_US", UTF-8, parsed) from "jar:file:/C:/Users/UXS1KOR/.m2/repository/com/relevantcodes/extentreports/2.41.2/extentreports-2.41.2.jar!/com/relevantcodes/extentreports/view/Extent.ftl"
2022-02-22 14:33:18 INFO  Eorderflow:145 - No child test to execute, flushing report
2022-02-22 14:33:18 INFO  Eorderflow:145 - Terminate driver session in after test method
