2022-02-16 11:45:50 INFO  Logger:145 - Initializing JSON file and adding to framework
2022-02-16 11:45:50 INFO  Logger:145 - Setting up run configuration
2022-02-16 11:45:50 INFO  Printflow:145 - Starting before test method ::Printflow
2022-02-16 11:45:50 INFO  Printflow:145 - **** Initializing drivers ****chrome 
2022-02-16 11:45:50 INFO  Printflow:145 - Initializing driver session for local execution
2022-02-16 11:45:52 INFO  Printflow:145 - Driver is initizialied
2022-02-16 11:45:52 INFO  Printflow:145 - **** driver instance in Initializing drivers ****
2022-02-16 11:45:52 INFO  Printflow:145 - Starting before test method ::Printflow
2022-02-16 11:46:01 INFO  Printflow:145 - Navigate to url https://stage.boschtoolservice.com/us/en/boschprof/spareparts/search
2022-02-16 11:46:01 INFO  Printflow:145 - CloseConsent Element is displayed
2022-02-16 11:46:01 INFO  Printflow:145 - click on element CloseConsent
2022-02-16 11:46:01 INFO  Printflow:145 - Consent Closed
2022-02-16 11:46:02 INFO  Printflow:145 - Input element is displayed
2022-02-16 11:46:02 INFO  Printflow:145 - input Element is displayed
2022-02-16 11:46:03 INFO  Printflow:145 - 0600845B50 is entered in element input
2022-02-16 11:46:03 INFO  Printflow:145 - search Element is displayed
2022-02-16 11:46:05 INFO  Printflow:145 - click on element search
2022-02-16 11:46:05 INFO  Printflow:145 - Input Field found
2022-02-16 11:46:05 INFO  Printflow:145 - Application Opened Successfully and Baretool number foundhttps://stage.boschtoolservice.com/us/en/boschprof/spareparts/search
2022-02-16 11:46:05 INFO  Printflow:145 - SingleFilter Element is displayed
2022-02-16 11:46:07 INFO  Printflow:145 - click on element SingleFilter
2022-02-16 11:46:07 INFO  Printflow:145 - Result Selected
2022-02-16 11:46:13 INFO  Printflow:145 - ProductInformation element is displayed
2022-02-16 11:46:13 INFO  Printflow:145 - ProductInformation Available
2022-02-16 11:46:14 INFO  Printflow:145 - dremeladdtocart Element is displayed
2022-02-16 11:46:14 INFO  Printflow:145 - click on element dremeladdtocart
2022-02-16 11:46:15 INFO  Printflow:145 - dremeladdtocart Element is displayed
2022-02-16 11:46:15 INFO  Printflow:145 - click on element dremeladdtocart
2022-02-16 11:46:16 INFO  Printflow:145 - dremeladdtocart Element is displayed
2022-02-16 11:46:16 INFO  Printflow:145 - click on element dremeladdtocart
2022-02-16 11:46:17 INFO  Printflow:145 - dremeladdtocart Element is displayed
2022-02-16 11:46:18 INFO  Printflow:145 - click on element dremeladdtocart
2022-02-16 11:46:19 INFO  Printflow:145 - dremeladdtocart Element is displayed
2022-02-16 11:46:19 INFO  Printflow:145 - click on element dremeladdtocart
2022-02-16 11:46:25 INFO  Printflow:145 - Add to cart Successful
2022-02-16 11:46:25 INFO  Printflow:145 - minishoppingcart Element is displayed
2022-02-16 11:46:40 INFO  Printflow:145 - click on element minishoppingcart
2022-02-16 11:46:40 INFO  Printflow:145 - Clicked on Minishopping cart
2022-02-16 11:46:44 WARN  Printflow:150 - Unable to locate webelement. Object Name: PrintPdf
2022-02-16 11:46:44 ERROR Printflow:147 - PrintPdf element is not displayed Exception: null
java.lang.Throwable: PrintPdf element is not displayed Exception: null
	at reportingLibrary.Logger.log(Logger.java:147)
	at supportLibrary.CommonFunction.elementIsDisplayed(CommonFunction.java:99)
	at pages.web.AdvancedSearch.minishoppingcartPrint(AdvancedSearch.java:373)
	at test.Print_RU_US.Printflow(Print_RU_US.java:19)
	at sun.reflect.NativeMethodAccessorImpl.invoke0(Native Method)
	at sun.reflect.NativeMethodAccessorImpl.invoke(NativeMethodAccessorImpl.java:62)
	at sun.reflect.DelegatingMethodAccessorImpl.invoke(DelegatingMethodAccessorImpl.java:43)
	at java.lang.reflect.Method.invoke(Method.java:498)
	at org.testng.internal.MethodInvocationHelper.invokeMethod(MethodInvocationHelper.java:124)
	at org.testng.internal.Invoker.invokeMethod(Invoker.java:583)
	at org.testng.internal.Invoker.invokeTestMethod(Invoker.java:719)
	at org.testng.internal.Invoker.invokeTestMethods(Invoker.java:989)
	at org.testng.internal.TestMethodWorker.invokeTestMethods(TestMethodWorker.java:125)
	at org.testng.internal.TestMethodWorker.run(TestMethodWorker.java:109)
	at org.testng.TestRunner.privateRun(TestRunner.java:648)
	at org.testng.TestRunner.run(TestRunner.java:505)
	at org.testng.SuiteRunner.runTest(SuiteRunner.java:455)
	at org.testng.SuiteRunner.access$000(SuiteRunner.java:40)
	at org.testng.SuiteRunner$SuiteWorker.run(SuiteRunner.java:489)
	at org.testng.internal.thread.ThreadUtil$1.call(ThreadUtil.java:52)
	at java.util.concurrent.FutureTask.run(FutureTask.java:266)
	at java.util.concurrent.ThreadPoolExecutor.runWorker(ThreadPoolExecutor.java:1149)
	at java.util.concurrent.ThreadPoolExecutor$Worker.run(ThreadPoolExecutor.java:624)
	at java.lang.Thread.run(Thread.java:748)
2022-02-16 11:46:44 ERROR Printflow:85 - PrintPdf option Not Available
2022-02-16 11:46:44 INFO  Printflow:145 - In after test method ::Printflow
2022-02-16 11:46:44 DEBUG cache:45 - Couldn't find template in cache for "Extent.ftl"("en_US", UTF-8, parsed); will try to load it.
2022-02-16 11:46:44 DEBUG cache:45 - TemplateLoader.findTemplateSource("Extent_en_US.ftl"): Not found
2022-02-16 11:46:44 DEBUG cache:45 - TemplateLoader.findTemplateSource("Extent_en.ftl"): Not found
2022-02-16 11:46:44 DEBUG cache:45 - TemplateLoader.findTemplateSource("Extent.ftl"): Found
2022-02-16 11:46:44 DEBUG cache:45 - Loading template for "Extent.ftl"("en_US", UTF-8, parsed) from "jar:file:/C:/Users/UXS1KOR/.m2/repository/com/relevantcodes/extentreports/2.41.2/extentreports-2.41.2.jar!/com/relevantcodes/extentreports/view/Extent.ftl"
2022-02-16 11:46:44 INFO  Printflow:145 - No child test to execute, flushing report
2022-02-16 11:46:45 INFO  Printflow:145 - Terminate driver session in after test method
2022-02-16 11:46:45 INFO  Printflow:145 - Starting before test method ::Printflow
2022-02-16 11:46:45 INFO  Printflow:145 - **** Initializing drivers ****chrome 
2022-02-16 11:46:45 INFO  Printflow:145 - Initializing driver session for local execution
2022-02-16 11:46:47 INFO  Printflow:145 - Driver is initizialied
2022-02-16 11:46:47 INFO  Printflow:145 - **** driver instance in Initializing drivers ****
2022-02-16 11:46:47 INFO  Printflow:145 - Starting before test method ::Printflow
2022-02-16 11:46:57 INFO  Printflow:145 - Navigate to url https://stage.boschtoolservice.com/us/en/bosch-pt/spareparts/search
2022-02-16 11:46:57 INFO  Printflow:145 - CloseConsent Element is displayed
2022-02-16 11:46:57 INFO  Printflow:145 - click on element CloseConsent
2022-02-16 11:46:57 INFO  Printflow:145 - Consent Closed
2022-02-16 11:46:58 INFO  Printflow:145 - Input element is displayed
2022-02-16 11:46:58 INFO  Printflow:145 - input Element is displayed
2022-02-16 11:46:58 INFO  Printflow:145 - 0600845B50 is entered in element input
2022-02-16 11:46:59 INFO  Printflow:145 - search Element is displayed
2022-02-16 11:47:00 INFO  Printflow:145 - click on element search
2022-02-16 11:47:00 INFO  Printflow:145 - Input Field found
2022-02-16 11:47:00 INFO  Printflow:145 - Application Opened Successfully and Baretool number foundhttps://stage.boschtoolservice.com/us/en/bosch-pt/spareparts/search
2022-02-16 11:47:00 INFO  Printflow:145 - SingleFilter Element is displayed
2022-02-16 11:47:03 INFO  Printflow:145 - click on element SingleFilter
2022-02-16 11:47:03 INFO  Printflow:145 - Result Selected
2022-02-16 11:47:09 INFO  Printflow:145 - ProductInformation element is displayed
2022-02-16 11:47:09 INFO  Printflow:145 - ProductInformation Available
2022-02-16 11:47:10 INFO  Printflow:145 - dremeladdtocart Element is displayed
2022-02-16 11:47:10 INFO  Printflow:145 - click on element dremeladdtocart
2022-02-16 11:47:11 INFO  Printflow:145 - dremeladdtocart Element is displayed
2022-02-16 11:47:11 INFO  Printflow:145 - click on element dremeladdtocart
2022-02-16 11:47:12 INFO  Printflow:145 - dremeladdtocart Element is displayed
2022-02-16 11:47:12 INFO  Printflow:145 - click on element dremeladdtocart
2022-02-16 11:47:14 INFO  Printflow:145 - dremeladdtocart Element is displayed
2022-02-16 11:47:14 INFO  Printflow:145 - click on element dremeladdtocart
2022-02-16 11:47:15 INFO  Printflow:145 - dremeladdtocart Element is displayed
2022-02-16 11:47:15 INFO  Printflow:145 - click on element dremeladdtocart
2022-02-16 11:47:21 INFO  Printflow:145 - Add to cart Successful
2022-02-16 11:47:21 INFO  Printflow:145 - minishoppingcart Element is displayed
2022-02-16 11:47:32 INFO  Printflow:145 - click on element minishoppingcart
2022-02-16 11:47:32 INFO  Printflow:145 - Clicked on Minishopping cart
2022-02-16 11:47:36 WARN  Printflow:150 - Unable to locate webelement. Object Name: PrintPdf
2022-02-16 11:47:36 ERROR Printflow:147 - PrintPdf element is not displayed Exception: null
java.lang.Throwable: PrintPdf element is not displayed Exception: null
	at reportingLibrary.Logger.log(Logger.java:147)
	at supportLibrary.CommonFunction.elementIsDisplayed(CommonFunction.java:99)
	at pages.web.AdvancedSearch.minishoppingcartPrint(AdvancedSearch.java:373)
	at test.Print_RU_US.Printflow(Print_RU_US.java:19)
	at sun.reflect.NativeMethodAccessorImpl.invoke0(Native Method)
	at sun.reflect.NativeMethodAccessorImpl.invoke(NativeMethodAccessorImpl.java:62)
	at sun.reflect.DelegatingMethodAccessorImpl.invoke(DelegatingMethodAccessorImpl.java:43)
	at java.lang.reflect.Method.invoke(Method.java:498)
	at org.testng.internal.MethodInvocationHelper.invokeMethod(MethodInvocationHelper.java:124)
	at org.testng.internal.Invoker.invokeMethod(Invoker.java:583)
	at org.testng.internal.Invoker.invokeTestMethod(Invoker.java:719)
	at org.testng.internal.Invoker.invokeTestMethods(Invoker.java:989)
	at org.testng.internal.TestMethodWorker.invokeTestMethods(TestMethodWorker.java:125)
	at org.testng.internal.TestMethodWorker.run(TestMethodWorker.java:109)
	at org.testng.TestRunner.privateRun(TestRunner.java:648)
	at org.testng.TestRunner.run(TestRunner.java:505)
	at org.testng.SuiteRunner.runTest(SuiteRunner.java:455)
	at org.testng.SuiteRunner.access$000(SuiteRunner.java:40)
	at org.testng.SuiteRunner$SuiteWorker.run(SuiteRunner.java:489)
	at org.testng.internal.thread.ThreadUtil$1.call(ThreadUtil.java:52)
	at java.util.concurrent.FutureTask.run(FutureTask.java:266)
	at java.util.concurrent.ThreadPoolExecutor.runWorker(ThreadPoolExecutor.java:1149)
	at java.util.concurrent.ThreadPoolExecutor$Worker.run(ThreadPoolExecutor.java:624)
	at java.lang.Thread.run(Thread.java:748)
2022-02-16 11:47:36 ERROR Printflow:85 - PrintPdf option Not Available
2022-02-16 11:47:36 INFO  Printflow:145 - In after test method ::Printflow
2022-02-16 11:47:36 DEBUG cache:45 - Couldn't find template in cache for "Extent.ftl"("en_US", UTF-8, parsed); will try to load it.
2022-02-16 11:47:36 DEBUG cache:45 - TemplateLoader.findTemplateSource("Extent_en_US.ftl"): Not found
2022-02-16 11:47:36 DEBUG cache:45 - TemplateLoader.findTemplateSource("Extent_en.ftl"): Not found
2022-02-16 11:47:36 DEBUG cache:45 - TemplateLoader.findTemplateSource("Extent.ftl"): Found
2022-02-16 11:47:36 DEBUG cache:45 - Loading template for "Extent.ftl"("en_US", UTF-8, parsed) from "jar:file:/C:/Users/UXS1KOR/.m2/repository/com/relevantcodes/extentreports/2.41.2/extentreports-2.41.2.jar!/com/relevantcodes/extentreports/view/Extent.ftl"
2022-02-16 11:47:36 INFO  Printflow:145 - No child test to execute, flushing report
2022-02-16 11:47:37 INFO  Printflow:145 - Terminate driver session in after test method
2022-02-16 11:47:37 INFO  PrintSkill:145 - Starting before test method ::PrintSkill
2022-02-16 11:47:37 INFO  PrintSkill:145 - **** Initializing drivers ****chrome 
2022-02-16 11:47:37 INFO  PrintSkill:145 - Initializing driver session for local execution
2022-02-16 11:47:39 INFO  PrintSkill:145 - Driver is initizialied
2022-02-16 11:47:39 INFO  PrintSkill:145 - **** driver instance in Initializing drivers ****
2022-02-16 11:47:39 INFO  PrintSkill:145 - Starting before test method ::PrintSkill
2022-02-16 11:47:46 INFO  PrintSkill:145 - Navigate to url https://stage.boschtoolservice.com/us/en/skil/spareparts/search
2022-02-16 11:47:46 INFO  PrintSkill:145 - CloseConsent Element is displayed
2022-02-16 11:47:46 INFO  PrintSkill:145 - click on element CloseConsent
2022-02-16 11:47:46 INFO  PrintSkill:145 - Consent Closed
2022-02-16 11:47:47 INFO  PrintSkill:145 - Input element is displayed
2022-02-16 11:47:47 INFO  PrintSkill:145 - input Element is displayed
2022-02-16 11:47:47 INFO  PrintSkill:145 - 0603270756 is entered in element input
2022-02-16 11:47:47 INFO  PrintSkill:145 - search Element is displayed
2022-02-16 11:47:49 INFO  PrintSkill:145 - click on element search
2022-02-16 11:47:49 INFO  PrintSkill:145 - Input Field found
2022-02-16 11:47:49 INFO  PrintSkill:145 - Application Opened Successfully and Baretool number foundhttps://stage.boschtoolservice.com/us/en/skil/spareparts/search
2022-02-16 11:47:49 INFO  PrintSkill:145 - SingleFilter Element is displayed
2022-02-16 11:47:51 INFO  PrintSkill:145 - click on element SingleFilter
2022-02-16 11:47:51 INFO  PrintSkill:145 - Result Selected
2022-02-16 11:47:57 INFO  PrintSkill:145 - ProductInformation element is displayed
2022-02-16 11:47:57 INFO  PrintSkill:145 - ProductInformation Available
2022-02-16 11:47:58 INFO  PrintSkill:145 - dremeladdtocart Element is displayed
2022-02-16 11:47:58 INFO  PrintSkill:145 - click on element dremeladdtocart
2022-02-16 11:47:59 INFO  PrintSkill:145 - dremeladdtocart Element is displayed
2022-02-16 11:47:59 INFO  PrintSkill:145 - click on element dremeladdtocart
2022-02-16 11:48:00 INFO  PrintSkill:145 - dremeladdtocart Element is displayed
2022-02-16 11:48:00 INFO  PrintSkill:145 - click on element dremeladdtocart
2022-02-16 11:48:01 INFO  PrintSkill:145 - dremeladdtocart Element is displayed
2022-02-16 11:48:01 INFO  PrintSkill:145 - click on element dremeladdtocart
2022-02-16 11:48:03 INFO  PrintSkill:145 - dremeladdtocart Element is displayed
2022-02-16 11:48:03 INFO  PrintSkill:145 - click on element dremeladdtocart
2022-02-16 11:48:09 INFO  PrintSkill:145 - Add to cart Successful
2022-02-16 11:48:09 INFO  PrintSkill:145 - minishoppingcart Element is displayed
2022-02-16 11:48:18 INFO  PrintSkill:145 - click on element minishoppingcart
2022-02-16 11:48:18 INFO  PrintSkill:145 - Clicked on Minishopping cart
2022-02-16 11:48:22 WARN  PrintSkill:150 - Unable to locate webelement. Object Name: PrintPdf
2022-02-16 11:48:22 ERROR PrintSkill:147 - PrintPdf element is not displayed Exception: null
java.lang.Throwable: PrintPdf element is not displayed Exception: null
	at reportingLibrary.Logger.log(Logger.java:147)
	at supportLibrary.CommonFunction.elementIsDisplayed(CommonFunction.java:99)
	at pages.web.AdvancedSearch.minishoppingcartPrint(AdvancedSearch.java:373)
	at test.Print_RU_US.PrintSkill(Print_RU_US.java:30)
	at sun.reflect.NativeMethodAccessorImpl.invoke0(Native Method)
	at sun.reflect.NativeMethodAccessorImpl.invoke(NativeMethodAccessorImpl.java:62)
	at sun.reflect.DelegatingMethodAccessorImpl.invoke(DelegatingMethodAccessorImpl.java:43)
	at java.lang.reflect.Method.invoke(Method.java:498)
	at org.testng.internal.MethodInvocationHelper.invokeMethod(MethodInvocationHelper.java:124)
	at org.testng.internal.Invoker.invokeMethod(Invoker.java:583)
	at org.testng.internal.Invoker.invokeTestMethod(Invoker.java:719)
	at org.testng.internal.Invoker.invokeTestMethods(Invoker.java:989)
	at org.testng.internal.TestMethodWorker.invokeTestMethods(TestMethodWorker.java:125)
	at org.testng.internal.TestMethodWorker.run(TestMethodWorker.java:109)
	at org.testng.TestRunner.privateRun(TestRunner.java:648)
	at org.testng.TestRunner.run(TestRunner.java:505)
	at org.testng.SuiteRunner.runTest(SuiteRunner.java:455)
	at org.testng.SuiteRunner.access$000(SuiteRunner.java:40)
	at org.testng.SuiteRunner$SuiteWorker.run(SuiteRunner.java:489)
	at org.testng.internal.thread.ThreadUtil$1.call(ThreadUtil.java:52)
	at java.util.concurrent.FutureTask.run(FutureTask.java:266)
	at java.util.concurrent.ThreadPoolExecutor.runWorker(ThreadPoolExecutor.java:1149)
	at java.util.concurrent.ThreadPoolExecutor$Worker.run(ThreadPoolExecutor.java:624)
	at java.lang.Thread.run(Thread.java:748)
2022-02-16 11:48:22 ERROR PrintSkill:85 - PrintPdf option Not Available
2022-02-16 11:48:22 INFO  PrintSkill:145 - In after test method ::PrintSkill
2022-02-16 11:48:22 DEBUG cache:45 - Couldn't find template in cache for "Extent.ftl"("en_US", UTF-8, parsed); will try to load it.
2022-02-16 11:48:22 DEBUG cache:45 - TemplateLoader.findTemplateSource("Extent_en_US.ftl"): Not found
2022-02-16 11:48:22 DEBUG cache:45 - TemplateLoader.findTemplateSource("Extent_en.ftl"): Not found
2022-02-16 11:48:22 DEBUG cache:45 - TemplateLoader.findTemplateSource("Extent.ftl"): Found
2022-02-16 11:48:22 DEBUG cache:45 - Loading template for "Extent.ftl"("en_US", UTF-8, parsed) from "jar:file:/C:/Users/UXS1KOR/.m2/repository/com/relevantcodes/extentreports/2.41.2/extentreports-2.41.2.jar!/com/relevantcodes/extentreports/view/Extent.ftl"
2022-02-16 11:48:22 INFO  PrintSkill:145 - No child test to execute, flushing report
2022-02-16 11:48:23 INFO  PrintSkill:145 - Terminate driver session in after test method
2022-02-16 11:48:23 INFO  PrintDremel:145 - Starting before test method ::PrintDremel
2022-02-16 11:48:23 INFO  PrintDremel:145 - **** Initializing drivers ****chrome 
2022-02-16 11:48:23 INFO  PrintDremel:145 - Initializing driver session for local execution
2022-02-16 11:48:25 INFO  PrintDremel:145 - Driver is initizialied
2022-02-16 11:48:25 INFO  PrintDremel:145 - **** driver instance in Initializing drivers ****
2022-02-16 11:48:25 INFO  PrintDremel:145 - Starting before test method ::PrintDremel
2022-02-16 11:48:32 INFO  PrintDremel:145 - Navigate to url https://stage.boschtoolservice.com/us/en/dremel/spareparts/search
2022-02-16 11:48:32 INFO  PrintDremel:145 - CloseConsent Element is displayed
2022-02-16 11:48:32 INFO  PrintDremel:145 - click on element CloseConsent
2022-02-16 11:48:32 INFO  PrintDremel:145 - Consent Closed
2022-02-16 11:48:34 INFO  PrintDremel:145 - Input element is displayed
2022-02-16 11:48:34 INFO  PrintDremel:145 - input Element is displayed
2022-02-16 11:48:34 INFO  PrintDremel:145 - F013027500 is entered in element input
2022-02-16 11:48:34 INFO  PrintDremel:145 - search Element is displayed
2022-02-16 11:48:35 INFO  PrintDremel:145 - click on element search
2022-02-16 11:48:35 INFO  PrintDremel:145 - Input Field found
2022-02-16 11:48:35 INFO  PrintDremel:145 - Application Opened Successfully and Baretool number foundhttps://stage.boschtoolservice.com/us/en/dremel/spareparts/search
2022-02-16 11:48:36 INFO  PrintDremel:145 - SingleFilter Element is displayed
2022-02-16 11:48:38 INFO  PrintDremel:145 - click on element SingleFilter
2022-02-16 11:48:38 INFO  PrintDremel:145 - Result Selected
2022-02-16 11:48:44 INFO  PrintDremel:145 - ProductInformation element is displayed
2022-02-16 11:48:44 INFO  PrintDremel:145 - ProductInformation Available
2022-02-16 11:48:45 INFO  PrintDremel:145 - dremeladdtocart Element is displayed
2022-02-16 11:48:45 INFO  PrintDremel:145 - click on element dremeladdtocart
2022-02-16 11:48:46 INFO  PrintDremel:145 - dremeladdtocart Element is displayed
2022-02-16 11:48:46 INFO  PrintDremel:145 - click on element dremeladdtocart
2022-02-16 11:48:47 INFO  PrintDremel:145 - dremeladdtocart Element is displayed
2022-02-16 11:48:47 INFO  PrintDremel:145 - click on element dremeladdtocart
2022-02-16 11:48:48 INFO  PrintDremel:145 - dremeladdtocart Element is displayed
2022-02-16 11:48:48 INFO  PrintDremel:145 - click on element dremeladdtocart
2022-02-16 11:48:49 INFO  PrintDremel:145 - dremeladdtocart Element is displayed
2022-02-16 11:48:50 INFO  PrintDremel:145 - click on element dremeladdtocart
2022-02-16 11:48:56 INFO  PrintDremel:145 - Add to cart Successful
2022-02-16 11:48:56 INFO  PrintDremel:145 - minishoppingcart Element is displayed
2022-02-16 11:49:12 INFO  PrintDremel:145 - click on element minishoppingcart
2022-02-16 11:49:12 INFO  PrintDremel:145 - Clicked on Minishopping cart
2022-02-16 11:49:16 WARN  PrintDremel:150 - Unable to locate webelement. Object Name: PrintPdf
2022-02-16 11:49:16 ERROR PrintDremel:147 - PrintPdf element is not displayed Exception: null
java.lang.Throwable: PrintPdf element is not displayed Exception: null
	at reportingLibrary.Logger.log(Logger.java:147)
	at supportLibrary.CommonFunction.elementIsDisplayed(CommonFunction.java:99)
	at pages.web.AdvancedSearch.minishoppingcartPrint(AdvancedSearch.java:373)
	at test.Print_RU_US.PrintDremel(Print_RU_US.java:41)
	at sun.reflect.NativeMethodAccessorImpl.invoke0(Native Method)
	at sun.reflect.NativeMethodAccessorImpl.invoke(NativeMethodAccessorImpl.java:62)
	at sun.reflect.DelegatingMethodAccessorImpl.invoke(DelegatingMethodAccessorImpl.java:43)
	at java.lang.reflect.Method.invoke(Method.java:498)
	at org.testng.internal.MethodInvocationHelper.invokeMethod(MethodInvocationHelper.java:124)
	at org.testng.internal.Invoker.invokeMethod(Invoker.java:583)
	at org.testng.internal.Invoker.invokeTestMethod(Invoker.java:719)
	at org.testng.internal.Invoker.invokeTestMethods(Invoker.java:989)
	at org.testng.internal.TestMethodWorker.invokeTestMethods(TestMethodWorker.java:125)
	at org.testng.internal.TestMethodWorker.run(TestMethodWorker.java:109)
	at org.testng.TestRunner.privateRun(TestRunner.java:648)
	at org.testng.TestRunner.run(TestRunner.java:505)
	at org.testng.SuiteRunner.runTest(SuiteRunner.java:455)
	at org.testng.SuiteRunner.access$000(SuiteRunner.java:40)
	at org.testng.SuiteRunner$SuiteWorker.run(SuiteRunner.java:489)
	at org.testng.internal.thread.ThreadUtil$1.call(ThreadUtil.java:52)
	at java.util.concurrent.FutureTask.run(FutureTask.java:266)
	at java.util.concurrent.ThreadPoolExecutor.runWorker(ThreadPoolExecutor.java:1149)
	at java.util.concurrent.ThreadPoolExecutor$Worker.run(ThreadPoolExecutor.java:624)
	at java.lang.Thread.run(Thread.java:748)
2022-02-16 11:49:16 ERROR PrintDremel:85 - PrintPdf option Not Available
2022-02-16 11:49:16 INFO  PrintDremel:145 - In after test method ::PrintDremel
2022-02-16 11:49:16 DEBUG cache:45 - Couldn't find template in cache for "Extent.ftl"("en_US", UTF-8, parsed); will try to load it.
2022-02-16 11:49:16 DEBUG cache:45 - TemplateLoader.findTemplateSource("Extent_en_US.ftl"): Not found
2022-02-16 11:49:16 DEBUG cache:45 - TemplateLoader.findTemplateSource("Extent_en.ftl"): Not found
2022-02-16 11:49:16 DEBUG cache:45 - TemplateLoader.findTemplateSource("Extent.ftl"): Found
2022-02-16 11:49:16 DEBUG cache:45 - Loading template for "Extent.ftl"("en_US", UTF-8, parsed) from "jar:file:/C:/Users/UXS1KOR/.m2/repository/com/relevantcodes/extentreports/2.41.2/extentreports-2.41.2.jar!/com/relevantcodes/extentreports/view/Extent.ftl"
2022-02-16 11:49:16 INFO  PrintDremel:145 - No child test to execute, flushing report
2022-02-16 11:49:17 INFO  PrintDremel:145 - Terminate driver session in after test method
2022-02-16 11:49:17 INFO  Printflows:145 - Starting before test method ::Printflows
2022-02-16 11:49:17 INFO  Printflows:145 - **** Initializing drivers ****chrome 
2022-02-16 11:49:17 INFO  Printflows:145 - Initializing driver session for local execution
2022-02-16 11:49:19 INFO  Printflows:145 - Driver is initizialied
2022-02-16 11:49:19 INFO  Printflows:145 - **** driver instance in Initializing drivers ****
2022-02-16 11:49:19 INFO  Printflows:145 - Starting before test method ::Printflows
2022-02-16 11:49:30 INFO  Printflows:145 - Navigate to url https://stage.boschtoolservice.com/ca/fr/boschprof/spareparts/search
2022-02-16 11:49:31 INFO  Printflows:145 - CloseConsent Element is displayed
2022-02-16 11:49:31 INFO  Printflows:145 - click on element CloseConsent
2022-02-16 11:49:31 INFO  Printflows:145 - Consent Closed
2022-02-16 11:49:33 INFO  Printflows:145 - Input element is displayed
2022-02-16 11:49:33 INFO  Printflows:145 - Input Field found
2022-02-16 11:49:33 INFO  Printflows:145 - Application Opened Successfully and verified https://stage.boschtoolservice.com/ca/fr/boschprof/spareparts/search
2022-02-16 11:49:33 INFO  Printflows:145 - AdvancedSearch Element is displayed
2022-02-16 11:49:35 INFO  Printflows:145 - click on element AdvancedSearch
2022-02-16 11:49:35 INFO  Printflows:145 - Clicked on AdvancedSearch
2022-02-16 11:49:36 INFO  Printflows:145 - Country ID Element is displayed
2022-02-16 11:49:36 INFO  Printflows:145 - click on element Country ID
2022-02-16 11:49:38 INFO  Printflows:145 - Country ID clicked
2022-02-16 11:49:38 INFO  Printflows:145 - Country Value Element is displayed
2022-02-16 11:49:38 INFO  Printflows:145 - click on element Country Value
2022-02-16 11:49:39 INFO  Printflows:145 - Value success
2022-02-16 11:49:39 INFO  Printflows:145 - Search Element is displayed
2022-02-16 11:49:41 INFO  Printflows:145 - click on element Search
2022-02-16 11:49:41 INFO  Printflows:145 - Clicked on Search
2022-02-16 11:49:41 INFO  Printflows:145 - Result element is displayed
2022-02-16 11:49:43 INFO  Printflows:145 - Results Displayed
2022-02-16 11:49:43 INFO  Printflows:145 - Search Successful for 
2022-02-16 11:49:43 INFO  Printflows:145 - FilterResult Element is displayed
2022-02-16 11:49:45 INFO  Printflows:145 - click on element FilterResult
2022-02-16 11:49:45 INFO  Printflows:145 - Selected First Row
2022-02-16 11:49:51 INFO  Printflows:145 - ProductInformation element is displayed
2022-02-16 11:49:51 INFO  Printflows:145 - ProductInformation Available
2022-02-16 11:49:52 INFO  Printflows:145 - dremeladdtocart Element is displayed
2022-02-16 11:49:52 INFO  Printflows:145 - click on element dremeladdtocart
2022-02-16 11:49:53 INFO  Printflows:145 - dremeladdtocart Element is displayed
2022-02-16 11:49:53 INFO  Printflows:145 - click on element dremeladdtocart
2022-02-16 11:49:54 INFO  Printflows:145 - dremeladdtocart Element is displayed
2022-02-16 11:49:55 INFO  Printflows:145 - click on element dremeladdtocart
2022-02-16 11:49:56 INFO  Printflows:145 - dremeladdtocart Element is displayed
2022-02-16 11:49:56 INFO  Printflows:145 - click on element dremeladdtocart
2022-02-16 11:49:57 INFO  Printflows:145 - dremeladdtocart Element is displayed
2022-02-16 11:49:57 INFO  Printflows:145 - click on element dremeladdtocart
2022-02-16 11:50:03 INFO  Printflows:145 - Add to cart Successful
2022-02-16 11:50:03 INFO  Printflows:145 - minishoppingcart Element is displayed
2022-02-16 11:50:13 INFO  Printflows:145 - click on element minishoppingcart
2022-02-16 11:50:13 INFO  Printflows:145 - Clicked on Minishopping cart
2022-02-16 11:50:18 WARN  Printflows:150 - Unable to locate webelement. Object Name: PrintPdf
2022-02-16 11:50:18 ERROR Printflows:147 - PrintPdf element is not displayed Exception: null
java.lang.Throwable: PrintPdf element is not displayed Exception: null
	at reportingLibrary.Logger.log(Logger.java:147)
	at supportLibrary.CommonFunction.elementIsDisplayed(CommonFunction.java:99)
	at pages.web.AdvancedSearch.minishoppingcartPrint(AdvancedSearch.java:373)
	at test.Print_NoPDF.Printflows(Print_NoPDF.java:22)
	at sun.reflect.NativeMethodAccessorImpl.invoke0(Native Method)
	at sun.reflect.NativeMethodAccessorImpl.invoke(NativeMethodAccessorImpl.java:62)
	at sun.reflect.DelegatingMethodAccessorImpl.invoke(DelegatingMethodAccessorImpl.java:43)
	at java.lang.reflect.Method.invoke(Method.java:498)
	at org.testng.internal.MethodInvocationHelper.invokeMethod(MethodInvocationHelper.java:124)
	at org.testng.internal.Invoker.invokeMethod(Invoker.java:583)
	at org.testng.internal.Invoker.invokeTestMethod(Invoker.java:719)
	at org.testng.internal.Invoker.invokeTestMethods(Invoker.java:989)
	at org.testng.internal.TestMethodWorker.invokeTestMethods(TestMethodWorker.java:125)
	at org.testng.internal.TestMethodWorker.run(TestMethodWorker.java:109)
	at org.testng.TestRunner.privateRun(TestRunner.java:648)
	at org.testng.TestRunner.run(TestRunner.java:505)
	at org.testng.SuiteRunner.runTest(SuiteRunner.java:455)
	at org.testng.SuiteRunner.access$000(SuiteRunner.java:40)
	at org.testng.SuiteRunner$SuiteWorker.run(SuiteRunner.java:489)
	at org.testng.internal.thread.ThreadUtil$1.call(ThreadUtil.java:52)
	at java.util.concurrent.FutureTask.run(FutureTask.java:266)
	at java.util.concurrent.ThreadPoolExecutor.runWorker(ThreadPoolExecutor.java:1149)
	at java.util.concurrent.ThreadPoolExecutor$Worker.run(ThreadPoolExecutor.java:624)
	at java.lang.Thread.run(Thread.java:748)
2022-02-16 11:50:18 ERROR Printflows:85 - PrintPdf option Not Available
2022-02-16 11:50:18 INFO  Printflows:145 - In after test method ::Printflows
2022-02-16 11:50:18 DEBUG cache:45 - Couldn't find template in cache for "Extent.ftl"("en_US", UTF-8, parsed); will try to load it.
2022-02-16 11:50:18 DEBUG cache:45 - TemplateLoader.findTemplateSource("Extent_en_US.ftl"): Not found
2022-02-16 11:50:18 DEBUG cache:45 - TemplateLoader.findTemplateSource("Extent_en.ftl"): Not found
2022-02-16 11:50:18 DEBUG cache:45 - TemplateLoader.findTemplateSource("Extent.ftl"): Found
2022-02-16 11:50:18 DEBUG cache:45 - Loading template for "Extent.ftl"("en_US", UTF-8, parsed) from "jar:file:/C:/Users/UXS1KOR/.m2/repository/com/relevantcodes/extentreports/2.41.2/extentreports-2.41.2.jar!/com/relevantcodes/extentreports/view/Extent.ftl"
2022-02-16 11:50:18 INFO  Printflows:145 - No child test to execute, flushing report
2022-02-16 11:50:19 INFO  Printflows:145 - Terminate driver session in after test method
2022-02-16 11:50:19 INFO  Printflows:145 - Starting before test method ::Printflows
2022-02-16 11:50:19 INFO  Printflows:145 - **** Initializing drivers ****chrome 
2022-02-16 11:50:19 INFO  Printflows:145 - Initializing driver session for local execution
2022-02-16 11:50:20 INFO  Printflows:145 - Driver is initizialied
2022-02-16 11:50:20 INFO  Printflows:145 - **** driver instance in Initializing drivers ****
2022-02-16 11:50:20 INFO  Printflows:145 - Starting before test method ::Printflows
2022-02-16 11:50:28 INFO  Printflows:145 - Navigate to url https://stage.boschtoolservice.com/ca/fr/bosch-pt/spareparts/search
2022-02-16 11:50:29 INFO  Printflows:145 - CloseConsent Element is displayed
2022-02-16 11:50:29 INFO  Printflows:145 - click on element CloseConsent
2022-02-16 11:50:29 INFO  Printflows:145 - Consent Closed
2022-02-16 11:50:31 INFO  Printflows:145 - Input element is displayed
2022-02-16 11:50:31 INFO  Printflows:145 - Input Field found
2022-02-16 11:50:31 INFO  Printflows:145 - Application Opened Successfully and verified https://stage.boschtoolservice.com/ca/fr/bosch-pt/spareparts/search
2022-02-16 11:50:31 INFO  Printflows:145 - AdvancedSearch Element is displayed
2022-02-16 11:50:32 INFO  Printflows:145 - click on element AdvancedSearch
2022-02-16 11:50:32 INFO  Printflows:145 - Clicked on AdvancedSearch
2022-02-16 11:50:33 INFO  Printflows:145 - Country ID Element is displayed
2022-02-16 11:50:33 INFO  Printflows:145 - click on element Country ID
2022-02-16 11:50:35 INFO  Printflows:145 - Country ID clicked
2022-02-16 11:50:35 INFO  Printflows:145 - Country Value Element is displayed
2022-02-16 11:50:35 INFO  Printflows:145 - click on element Country Value
2022-02-16 11:50:36 INFO  Printflows:145 - Value success
2022-02-16 11:50:36 INFO  Printflows:145 - Search Element is displayed
2022-02-16 11:50:38 INFO  Printflows:145 - click on element Search
2022-02-16 11:50:38 INFO  Printflows:145 - Clicked on Search
2022-02-16 11:50:38 INFO  Printflows:145 - Result element is displayed
2022-02-16 11:50:40 INFO  Printflows:145 - Results Displayed
2022-02-16 11:50:40 INFO  Printflows:145 - Search Successful for 
2022-02-16 11:50:40 INFO  Printflows:145 - FilterResult Element is displayed
2022-02-16 11:50:41 INFO  Printflows:145 - click on element FilterResult
2022-02-16 11:50:41 INFO  Printflows:145 - Selected First Row
2022-02-16 11:50:48 INFO  Printflows:145 - ProductInformation element is displayed
2022-02-16 11:50:48 INFO  Printflows:145 - ProductInformation Available
2022-02-16 11:50:49 INFO  Printflows:145 - dremeladdtocart Element is displayed
2022-02-16 11:50:49 INFO  Printflows:145 - click on element dremeladdtocart
2022-02-16 11:50:50 INFO  Printflows:145 - dremeladdtocart Element is displayed
2022-02-16 11:50:50 INFO  Printflows:145 - click on element dremeladdtocart
2022-02-16 11:50:51 INFO  Printflows:145 - dremeladdtocart Element is displayed
2022-02-16 11:50:51 INFO  Printflows:145 - click on element dremeladdtocart
2022-02-16 11:50:52 INFO  Printflows:145 - dremeladdtocart Element is displayed
2022-02-16 11:50:53 INFO  Printflows:145 - click on element dremeladdtocart
2022-02-16 11:50:54 INFO  Printflows:145 - dremeladdtocart Element is displayed
2022-02-16 11:50:54 INFO  Printflows:145 - click on element dremeladdtocart
2022-02-16 11:51:00 INFO  Printflows:145 - Add to cart Successful
2022-02-16 11:51:00 INFO  Printflows:145 - minishoppingcart Element is displayed
2022-02-16 11:51:08 INFO  Printflows:145 - click on element minishoppingcart
2022-02-16 11:51:08 INFO  Printflows:145 - Clicked on Minishopping cart
2022-02-16 11:51:12 WARN  Printflows:150 - Unable to locate webelement. Object Name: PrintPdf
2022-02-16 11:51:12 ERROR Printflows:147 - PrintPdf element is not displayed Exception: null
java.lang.Throwable: PrintPdf element is not displayed Exception: null
	at reportingLibrary.Logger.log(Logger.java:147)
	at supportLibrary.CommonFunction.elementIsDisplayed(CommonFunction.java:99)
	at pages.web.AdvancedSearch.minishoppingcartPrint(AdvancedSearch.java:373)
	at test.Print_NoPDF.Printflows(Print_NoPDF.java:22)
	at sun.reflect.NativeMethodAccessorImpl.invoke0(Native Method)
	at sun.reflect.NativeMethodAccessorImpl.invoke(NativeMethodAccessorImpl.java:62)
	at sun.reflect.DelegatingMethodAccessorImpl.invoke(DelegatingMethodAccessorImpl.java:43)
	at java.lang.reflect.Method.invoke(Method.java:498)
	at org.testng.internal.MethodInvocationHelper.invokeMethod(MethodInvocationHelper.java:124)
	at org.testng.internal.Invoker.invokeMethod(Invoker.java:583)
	at org.testng.internal.Invoker.invokeTestMethod(Invoker.java:719)
	at org.testng.internal.Invoker.invokeTestMethods(Invoker.java:989)
	at org.testng.internal.TestMethodWorker.invokeTestMethods(TestMethodWorker.java:125)
	at org.testng.internal.TestMethodWorker.run(TestMethodWorker.java:109)
	at org.testng.TestRunner.privateRun(TestRunner.java:648)
	at org.testng.TestRunner.run(TestRunner.java:505)
	at org.testng.SuiteRunner.runTest(SuiteRunner.java:455)
	at org.testng.SuiteRunner.access$000(SuiteRunner.java:40)
	at org.testng.SuiteRunner$SuiteWorker.run(SuiteRunner.java:489)
	at org.testng.internal.thread.ThreadUtil$1.call(ThreadUtil.java:52)
	at java.util.concurrent.FutureTask.run(FutureTask.java:266)
	at java.util.concurrent.ThreadPoolExecutor.runWorker(ThreadPoolExecutor.java:1149)
	at java.util.concurrent.ThreadPoolExecutor$Worker.run(ThreadPoolExecutor.java:624)
	at java.lang.Thread.run(Thread.java:748)
2022-02-16 11:51:12 ERROR Printflows:85 - PrintPdf option Not Available
2022-02-16 11:51:12 INFO  Printflows:145 - In after test method ::Printflows
2022-02-16 11:51:12 DEBUG cache:45 - Couldn't find template in cache for "Extent.ftl"("en_US", UTF-8, parsed); will try to load it.
2022-02-16 11:51:12 DEBUG cache:45 - TemplateLoader.findTemplateSource("Extent_en_US.ftl"): Not found
2022-02-16 11:51:12 DEBUG cache:45 - TemplateLoader.findTemplateSource("Extent_en.ftl"): Not found
2022-02-16 11:51:12 DEBUG cache:45 - TemplateLoader.findTemplateSource("Extent.ftl"): Found
2022-02-16 11:51:12 DEBUG cache:45 - Loading template for "Extent.ftl"("en_US", UTF-8, parsed) from "jar:file:/C:/Users/UXS1KOR/.m2/repository/com/relevantcodes/extentreports/2.41.2/extentreports-2.41.2.jar!/com/relevantcodes/extentreports/view/Extent.ftl"
2022-02-16 11:51:13 INFO  Printflows:145 - No child test to execute, flushing report
2022-02-16 11:51:13 INFO  Printflows:145 - Terminate driver session in after test method
2022-02-16 11:51:13 INFO  Printflows:145 - Starting before test method ::Printflows
2022-02-16 11:51:13 INFO  Printflows:145 - **** Initializing drivers ****chrome 
2022-02-16 11:51:13 INFO  Printflows:145 - Initializing driver session for local execution
2022-02-16 11:51:15 INFO  Printflows:145 - Driver is initizialied
2022-02-16 11:51:15 INFO  Printflows:145 - **** driver instance in Initializing drivers ****
2022-02-16 11:51:15 INFO  Printflows:145 - Starting before test method ::Printflows
2022-02-16 11:51:22 INFO  Printflows:145 - Navigate to url https://stage.boschtoolservice.com/ca/fr/skil/spareparts/search
2022-02-16 11:51:23 INFO  Printflows:145 - CloseConsent Element is displayed
2022-02-16 11:51:23 INFO  Printflows:145 - click on element CloseConsent
2022-02-16 11:51:23 INFO  Printflows:145 - Consent Closed
2022-02-16 11:51:25 INFO  Printflows:145 - Input element is displayed
2022-02-16 11:51:25 INFO  Printflows:145 - Input Field found
2022-02-16 11:51:25 INFO  Printflows:145 - Application Opened Successfully and verified https://stage.boschtoolservice.com/ca/fr/skil/spareparts/search
2022-02-16 11:51:25 INFO  Printflows:145 - AdvancedSearch Element is displayed
2022-02-16 11:51:26 INFO  Printflows:145 - click on element AdvancedSearch
2022-02-16 11:51:26 INFO  Printflows:145 - Clicked on AdvancedSearch
2022-02-16 11:51:27 INFO  Printflows:145 - Country ID Element is displayed
2022-02-16 11:51:27 INFO  Printflows:145 - click on element Country ID
2022-02-16 11:51:29 INFO  Printflows:145 - Country ID clicked
2022-02-16 11:51:29 INFO  Printflows:145 - Country Value Element is displayed
2022-02-16 11:51:29 INFO  Printflows:145 - click on element Country Value
2022-02-16 11:51:30 INFO  Printflows:145 - Value success
2022-02-16 11:51:31 INFO  Printflows:145 - Search Element is displayed
2022-02-16 11:51:32 INFO  Printflows:145 - click on element Search
2022-02-16 11:51:32 INFO  Printflows:145 - Clicked on Search
2022-02-16 11:51:32 INFO  Printflows:145 - Result element is displayed
2022-02-16 11:51:34 INFO  Printflows:145 - Results Displayed
2022-02-16 11:51:34 INFO  Printflows:145 - Search Successful for 
2022-02-16 11:51:34 INFO  Printflows:145 - FilterResult Element is displayed
2022-02-16 11:51:36 INFO  Printflows:145 - click on element FilterResult
2022-02-16 11:51:36 INFO  Printflows:145 - Selected First Row
2022-02-16 11:51:42 INFO  Printflows:145 - ProductInformation element is displayed
2022-02-16 11:51:42 INFO  Printflows:145 - ProductInformation Available
2022-02-16 11:51:43 INFO  Printflows:145 - dremeladdtocart Element is displayed
2022-02-16 11:51:43 INFO  Printflows:145 - click on element dremeladdtocart
2022-02-16 11:51:45 INFO  Printflows:145 - dremeladdtocart Element is displayed
2022-02-16 11:51:45 INFO  Printflows:145 - click on element dremeladdtocart
2022-02-16 11:51:46 INFO  Printflows:145 - dremeladdtocart Element is displayed
2022-02-16 11:51:46 INFO  Printflows:145 - click on element dremeladdtocart
2022-02-16 11:51:47 INFO  Printflows:145 - dremeladdtocart Element is displayed
2022-02-16 11:51:47 INFO  Printflows:145 - click on element dremeladdtocart
2022-02-16 11:51:48 INFO  Printflows:145 - dremeladdtocart Element is displayed
2022-02-16 11:51:48 INFO  Printflows:145 - click on element dremeladdtocart
2022-02-16 11:51:54 INFO  Printflows:145 - Add to cart Successful
2022-02-16 11:51:55 INFO  Printflows:145 - minishoppingcart Element is displayed
2022-02-16 11:52:04 INFO  Printflows:145 - click on element minishoppingcart
2022-02-16 11:52:04 INFO  Printflows:145 - Clicked on Minishopping cart
2022-02-16 11:52:08 WARN  Printflows:150 - Unable to locate webelement. Object Name: PrintPdf
2022-02-16 11:52:08 ERROR Printflows:147 - PrintPdf element is not displayed Exception: null
java.lang.Throwable: PrintPdf element is not displayed Exception: null
	at reportingLibrary.Logger.log(Logger.java:147)
	at supportLibrary.CommonFunction.elementIsDisplayed(CommonFunction.java:99)
	at pages.web.AdvancedSearch.minishoppingcartPrint(AdvancedSearch.java:373)
	at test.Print_NoPDF.Printflows(Print_NoPDF.java:22)
	at sun.reflect.NativeMethodAccessorImpl.invoke0(Native Method)
	at sun.reflect.NativeMethodAccessorImpl.invoke(NativeMethodAccessorImpl.java:62)
	at sun.reflect.DelegatingMethodAccessorImpl.invoke(DelegatingMethodAccessorImpl.java:43)
	at java.lang.reflect.Method.invoke(Method.java:498)
	at org.testng.internal.MethodInvocationHelper.invokeMethod(MethodInvocationHelper.java:124)
	at org.testng.internal.Invoker.invokeMethod(Invoker.java:583)
	at org.testng.internal.Invoker.invokeTestMethod(Invoker.java:719)
	at org.testng.internal.Invoker.invokeTestMethods(Invoker.java:989)
	at org.testng.internal.TestMethodWorker.invokeTestMethods(TestMethodWorker.java:125)
	at org.testng.internal.TestMethodWorker.run(TestMethodWorker.java:109)
	at org.testng.TestRunner.privateRun(TestRunner.java:648)
	at org.testng.TestRunner.run(TestRunner.java:505)
	at org.testng.SuiteRunner.runTest(SuiteRunner.java:455)
	at org.testng.SuiteRunner.access$000(SuiteRunner.java:40)
	at org.testng.SuiteRunner$SuiteWorker.run(SuiteRunner.java:489)
	at org.testng.internal.thread.ThreadUtil$1.call(ThreadUtil.java:52)
	at java.util.concurrent.FutureTask.run(FutureTask.java:266)
	at java.util.concurrent.ThreadPoolExecutor.runWorker(ThreadPoolExecutor.java:1149)
	at java.util.concurrent.ThreadPoolExecutor$Worker.run(ThreadPoolExecutor.java:624)
	at java.lang.Thread.run(Thread.java:748)
2022-02-16 11:52:08 ERROR Printflows:85 - PrintPdf option Not Available
2022-02-16 11:52:08 INFO  Printflows:145 - In after test method ::Printflows
2022-02-16 11:52:08 DEBUG cache:45 - Couldn't find template in cache for "Extent.ftl"("en_US", UTF-8, parsed); will try to load it.
2022-02-16 11:52:08 DEBUG cache:45 - TemplateLoader.findTemplateSource("Extent_en_US.ftl"): Not found
2022-02-16 11:52:08 DEBUG cache:45 - TemplateLoader.findTemplateSource("Extent_en.ftl"): Not found
2022-02-16 11:52:08 DEBUG cache:45 - TemplateLoader.findTemplateSource("Extent.ftl"): Found
2022-02-16 11:52:08 DEBUG cache:45 - Loading template for "Extent.ftl"("en_US", UTF-8, parsed) from "jar:file:/C:/Users/UXS1KOR/.m2/repository/com/relevantcodes/extentreports/2.41.2/extentreports-2.41.2.jar!/com/relevantcodes/extentreports/view/Extent.ftl"
2022-02-16 11:52:08 INFO  Printflows:145 - No child test to execute, flushing report
2022-02-16 11:52:09 INFO  Printflows:145 - Terminate driver session in after test method
2022-02-16 11:52:09 INFO  Printflows:145 - Starting before test method ::Printflows
2022-02-16 11:52:09 INFO  Printflows:145 - **** Initializing drivers ****chrome 
2022-02-16 11:52:09 INFO  Printflows:145 - Initializing driver session for local execution
2022-02-16 11:52:11 INFO  Printflows:145 - Driver is initizialied
2022-02-16 11:52:11 INFO  Printflows:145 - **** driver instance in Initializing drivers ****
2022-02-16 11:52:11 INFO  Printflows:145 - Starting before test method ::Printflows
2022-02-16 11:52:18 INFO  Printflows:145 - Navigate to url https://stage.boschtoolservice.com/ca/fr/dremel/spareparts/search
2022-02-16 11:52:19 INFO  Printflows:145 - CloseConsent Element is displayed
2022-02-16 11:52:19 INFO  Printflows:145 - click on element CloseConsent
2022-02-16 11:52:19 INFO  Printflows:145 - Consent Closed
2022-02-16 11:52:21 INFO  Printflows:145 - Input element is displayed
2022-02-16 11:52:21 INFO  Printflows:145 - Input Field found
2022-02-16 11:52:21 INFO  Printflows:145 - Application Opened Successfully and verified https://stage.boschtoolservice.com/ca/fr/dremel/spareparts/search
2022-02-16 11:52:21 INFO  Printflows:145 - AdvancedSearch Element is displayed
2022-02-16 11:52:22 INFO  Printflows:145 - click on element AdvancedSearch
2022-02-16 11:52:22 INFO  Printflows:145 - Clicked on AdvancedSearch
2022-02-16 11:52:23 INFO  Printflows:145 - Country ID Element is displayed
2022-02-16 11:52:23 INFO  Printflows:145 - click on element Country ID
2022-02-16 11:52:25 INFO  Printflows:145 - Country ID clicked
2022-02-16 11:52:25 INFO  Printflows:145 - Country Value Element is displayed
2022-02-16 11:52:25 INFO  Printflows:145 - click on element Country Value
2022-02-16 11:52:26 INFO  Printflows:145 - Value success
2022-02-16 11:52:26 INFO  Printflows:145 - Search Element is displayed
2022-02-16 11:52:28 INFO  Printflows:145 - click on element Search
2022-02-16 11:52:28 INFO  Printflows:145 - Clicked on Search
2022-02-16 11:52:28 INFO  Printflows:145 - Result element is displayed
2022-02-16 11:52:30 INFO  Printflows:145 - Results Displayed
2022-02-16 11:52:30 INFO  Printflows:145 - Search Successful for 
2022-02-16 11:52:30 INFO  Printflows:145 - FilterResult Element is displayed
2022-02-16 11:52:31 INFO  Printflows:145 - click on element FilterResult
2022-02-16 11:52:31 INFO  Printflows:145 - Selected First Row
2022-02-16 11:52:37 INFO  Printflows:145 - ProductInformation element is displayed
2022-02-16 11:52:37 INFO  Printflows:145 - ProductInformation Available
2022-02-16 11:52:38 INFO  Printflows:145 - dremeladdtocart Element is displayed
2022-02-16 11:52:39 INFO  Printflows:145 - click on element dremeladdtocart
2022-02-16 11:52:40 INFO  Printflows:145 - dremeladdtocart Element is displayed
2022-02-16 11:52:40 INFO  Printflows:145 - click on element dremeladdtocart
2022-02-16 11:52:41 INFO  Printflows:145 - dremeladdtocart Element is displayed
2022-02-16 11:52:41 INFO  Printflows:145 - click on element dremeladdtocart
2022-02-16 11:52:42 INFO  Printflows:145 - dremeladdtocart Element is displayed
2022-02-16 11:52:42 INFO  Printflows:145 - click on element dremeladdtocart
2022-02-16 11:52:43 INFO  Printflows:145 - dremeladdtocart Element is displayed
2022-02-16 11:52:43 INFO  Printflows:145 - click on element dremeladdtocart
2022-02-16 11:52:50 INFO  Printflows:145 - Add to cart Successful
2022-02-16 11:52:50 INFO  Printflows:145 - minishoppingcart Element is displayed
2022-02-16 11:52:59 INFO  Printflows:145 - click on element minishoppingcart
2022-02-16 11:52:59 INFO  Printflows:145 - Clicked on Minishopping cart
2022-02-16 11:53:03 WARN  Printflows:150 - Unable to locate webelement. Object Name: PrintPdf
2022-02-16 11:53:03 ERROR Printflows:147 - PrintPdf element is not displayed Exception: null
java.lang.Throwable: PrintPdf element is not displayed Exception: null
	at reportingLibrary.Logger.log(Logger.java:147)
	at supportLibrary.CommonFunction.elementIsDisplayed(CommonFunction.java:99)
	at pages.web.AdvancedSearch.minishoppingcartPrint(AdvancedSearch.java:373)
	at test.Print_NoPDF.Printflows(Print_NoPDF.java:22)
	at sun.reflect.NativeMethodAccessorImpl.invoke0(Native Method)
	at sun.reflect.NativeMethodAccessorImpl.invoke(NativeMethodAccessorImpl.java:62)
	at sun.reflect.DelegatingMethodAccessorImpl.invoke(DelegatingMethodAccessorImpl.java:43)
	at java.lang.reflect.Method.invoke(Method.java:498)
	at org.testng.internal.MethodInvocationHelper.invokeMethod(MethodInvocationHelper.java:124)
	at org.testng.internal.Invoker.invokeMethod(Invoker.java:583)
	at org.testng.internal.Invoker.invokeTestMethod(Invoker.java:719)
	at org.testng.internal.Invoker.invokeTestMethods(Invoker.java:989)
	at org.testng.internal.TestMethodWorker.invokeTestMethods(TestMethodWorker.java:125)
	at org.testng.internal.TestMethodWorker.run(TestMethodWorker.java:109)
	at org.testng.TestRunner.privateRun(TestRunner.java:648)
	at org.testng.TestRunner.run(TestRunner.java:505)
	at org.testng.SuiteRunner.runTest(SuiteRunner.java:455)
	at org.testng.SuiteRunner.access$000(SuiteRunner.java:40)
	at org.testng.SuiteRunner$SuiteWorker.run(SuiteRunner.java:489)
	at org.testng.internal.thread.ThreadUtil$1.call(ThreadUtil.java:52)
	at java.util.concurrent.FutureTask.run(FutureTask.java:266)
	at java.util.concurrent.ThreadPoolExecutor.runWorker(ThreadPoolExecutor.java:1149)
	at java.util.concurrent.ThreadPoolExecutor$Worker.run(ThreadPoolExecutor.java:624)
	at java.lang.Thread.run(Thread.java:748)
2022-02-16 11:53:03 ERROR Printflows:85 - PrintPdf option Not Available
2022-02-16 11:53:03 INFO  Printflows:145 - In after test method ::Printflows
2022-02-16 11:53:03 DEBUG cache:45 - Couldn't find template in cache for "Extent.ftl"("en_US", UTF-8, parsed); will try to load it.
2022-02-16 11:53:03 DEBUG cache:45 - TemplateLoader.findTemplateSource("Extent_en_US.ftl"): Not found
2022-02-16 11:53:03 DEBUG cache:45 - TemplateLoader.findTemplateSource("Extent_en.ftl"): Not found
2022-02-16 11:53:03 DEBUG cache:45 - TemplateLoader.findTemplateSource("Extent.ftl"): Found
2022-02-16 11:53:03 DEBUG cache:45 - Loading template for "Extent.ftl"("en_US", UTF-8, parsed) from "jar:file:/C:/Users/UXS1KOR/.m2/repository/com/relevantcodes/extentreports/2.41.2/extentreports-2.41.2.jar!/com/relevantcodes/extentreports/view/Extent.ftl"
2022-02-16 11:53:03 INFO  Printflows:145 - No child test to execute, flushing report
2022-02-16 11:53:04 INFO  Printflows:145 - Terminate driver session in after test method
2022-02-16 11:53:04 INFO  Printflows:145 - Starting before test method ::Printflows
2022-02-16 11:53:04 INFO  Printflows:145 - **** Initializing drivers ****chrome 
2022-02-16 11:53:04 INFO  Printflows:145 - Initializing driver session for local execution
2022-02-16 11:53:06 INFO  Printflows:145 - Driver is initizialied
2022-02-16 11:53:06 INFO  Printflows:145 - **** driver instance in Initializing drivers ****
2022-02-16 11:53:06 INFO  Printflows:145 - Starting before test method ::Printflows
2022-02-16 11:53:14 INFO  Printflows:145 - Navigate to url https://stage.boschtoolservice.com/sg/en/boschprof/spareparts/search
2022-02-16 11:53:16 INFO  Printflows:145 - CloseConsent Element is displayed
2022-02-16 11:53:16 INFO  Printflows:145 - click on element CloseConsent
2022-02-16 11:53:16 INFO  Printflows:145 - Consent Closed
2022-02-16 11:53:18 INFO  Printflows:145 - Input element is displayed
2022-02-16 11:53:18 INFO  Printflows:145 - Input Field found
2022-02-16 11:53:18 INFO  Printflows:145 - Application Opened Successfully and verified https://stage.boschtoolservice.com/sg/en/boschprof/spareparts/search
2022-02-16 11:53:18 INFO  Printflows:145 - AdvancedSearch Element is displayed
2022-02-16 11:53:21 INFO  Printflows:145 - click on element AdvancedSearch
2022-02-16 11:53:21 INFO  Printflows:145 - Clicked on AdvancedSearch
2022-02-16 11:53:22 INFO  Printflows:145 - Country ID Element is displayed
2022-02-16 11:53:22 INFO  Printflows:145 - click on element Country ID
2022-02-16 11:53:24 INFO  Printflows:145 - Country ID clicked
2022-02-16 11:53:24 INFO  Printflows:145 - Country Value Element is displayed
2022-02-16 11:53:24 INFO  Printflows:145 - click on element Country Value
2022-02-16 11:53:25 INFO  Printflows:145 - Value success
2022-02-16 11:53:25 INFO  Printflows:145 - Search Element is displayed
2022-02-16 11:53:28 INFO  Printflows:145 - click on element Search
2022-02-16 11:53:28 INFO  Printflows:145 - Clicked on Search
2022-02-16 11:53:28 INFO  Printflows:145 - Result element is displayed
2022-02-16 11:53:30 INFO  Printflows:145 - Results Displayed
2022-02-16 11:53:30 INFO  Printflows:145 - Search Successful for 
2022-02-16 11:53:30 INFO  Printflows:145 - FilterResult Element is displayed
2022-02-16 11:53:31 INFO  Printflows:145 - click on element FilterResult
2022-02-16 11:53:31 INFO  Printflows:145 - Selected First Row
2022-02-16 11:53:37 INFO  Printflows:145 - ProductInformation element is displayed
2022-02-16 11:53:37 INFO  Printflows:145 - ProductInformation Available
2022-02-16 11:53:38 INFO  Printflows:145 - dremeladdtocart Element is displayed
2022-02-16 11:53:39 INFO  Printflows:145 - click on element dremeladdtocart
2022-02-16 11:53:40 INFO  Printflows:145 - dremeladdtocart Element is displayed
2022-02-16 11:53:40 INFO  Printflows:145 - click on element dremeladdtocart
2022-02-16 11:53:41 INFO  Printflows:145 - dremeladdtocart Element is displayed
2022-02-16 11:53:41 INFO  Printflows:145 - click on element dremeladdtocart
2022-02-16 11:53:42 INFO  Printflows:145 - dremeladdtocart Element is displayed
2022-02-16 11:53:42 INFO  Printflows:145 - click on element dremeladdtocart
2022-02-16 11:53:43 INFO  Printflows:145 - dremeladdtocart Element is displayed
2022-02-16 11:53:43 INFO  Printflows:145 - click on element dremeladdtocart
2022-02-16 11:53:49 INFO  Printflows:145 - Add to cart Successful
2022-02-16 11:53:50 INFO  Printflows:145 - minishoppingcart Element is displayed
2022-02-16 11:53:58 INFO  Printflows:145 - click on element minishoppingcart
2022-02-16 11:53:58 INFO  Printflows:145 - Clicked on Minishopping cart
2022-02-16 11:54:02 INFO  Printflows:145 - PrintPdf element is displayed
2022-02-16 11:54:02 INFO  Printflows:145 - PrintPdf option Available
2022-02-16 11:54:02 INFO  Printflows:145 - In after test method ::Printflows
2022-02-16 11:54:02 DEBUG cache:45 - Couldn't find template in cache for "Extent.ftl"("en_US", UTF-8, parsed); will try to load it.
2022-02-16 11:54:02 DEBUG cache:45 - TemplateLoader.findTemplateSource("Extent_en_US.ftl"): Not found
2022-02-16 11:54:02 DEBUG cache:45 - TemplateLoader.findTemplateSource("Extent_en.ftl"): Not found
2022-02-16 11:54:02 DEBUG cache:45 - TemplateLoader.findTemplateSource("Extent.ftl"): Found
2022-02-16 11:54:02 DEBUG cache:45 - Loading template for "Extent.ftl"("en_US", UTF-8, parsed) from "jar:file:/C:/Users/UXS1KOR/.m2/repository/com/relevantcodes/extentreports/2.41.2/extentreports-2.41.2.jar!/com/relevantcodes/extentreports/view/Extent.ftl"
2022-02-16 11:54:02 INFO  Printflows:145 - No child test to execute, flushing report
2022-02-16 11:54:03 INFO  Printflows:145 - Terminate driver session in after test method
2022-02-16 11:54:03 INFO  Printflows:145 - Starting before test method ::Printflows
2022-02-16 11:54:03 INFO  Printflows:145 - **** Initializing drivers ****chrome 
2022-02-16 11:54:03 INFO  Printflows:145 - Initializing driver session for local execution
2022-02-16 11:54:05 INFO  Printflows:145 - Driver is initizialied
2022-02-16 11:54:05 INFO  Printflows:145 - **** driver instance in Initializing drivers ****
2022-02-16 11:54:05 INFO  Printflows:145 - Starting before test method ::Printflows
2022-02-16 11:54:12 INFO  Printflows:145 - Navigate to url https://stage.boschtoolservice.com/sg/en/bosch-pt/spareparts/search
2022-02-16 11:54:13 INFO  Printflows:145 - CloseConsent Element is displayed
2022-02-16 11:54:13 INFO  Printflows:145 - click on element CloseConsent
2022-02-16 11:54:13 INFO  Printflows:145 - Consent Closed
2022-02-16 11:54:15 INFO  Printflows:145 - Input element is displayed
2022-02-16 11:54:15 INFO  Printflows:145 - Input Field found
2022-02-16 11:54:15 INFO  Printflows:145 - Application Opened Successfully and verified https://stage.boschtoolservice.com/sg/en/bosch-pt/spareparts/search
2022-02-16 11:54:15 INFO  Printflows:145 - AdvancedSearch Element is displayed
2022-02-16 11:54:17 INFO  Printflows:145 - click on element AdvancedSearch
2022-02-16 11:54:17 INFO  Printflows:145 - Clicked on AdvancedSearch
2022-02-16 11:54:18 INFO  Printflows:145 - Country ID Element is displayed
2022-02-16 11:54:18 INFO  Printflows:145 - click on element Country ID
2022-02-16 11:54:20 INFO  Printflows:145 - Country ID clicked
2022-02-16 11:54:20 INFO  Printflows:145 - Country Value Element is displayed
2022-02-16 11:54:20 INFO  Printflows:145 - click on element Country Value
2022-02-16 11:54:21 INFO  Printflows:145 - Value success
2022-02-16 11:54:21 INFO  Printflows:145 - Search Element is displayed
2022-02-16 11:54:23 INFO  Printflows:145 - click on element Search
2022-02-16 11:54:23 INFO  Printflows:145 - Clicked on Search
2022-02-16 11:54:23 INFO  Printflows:145 - Result element is displayed
2022-02-16 11:54:25 INFO  Printflows:145 - Results Displayed
2022-02-16 11:54:25 INFO  Printflows:145 - Search Successful for 
2022-02-16 11:54:25 INFO  Printflows:145 - FilterResult Element is displayed
2022-02-16 11:54:26 INFO  Printflows:145 - click on element FilterResult
2022-02-16 11:54:26 INFO  Printflows:145 - Selected First Row
2022-02-16 11:54:32 INFO  Printflows:145 - ProductInformation element is displayed
2022-02-16 11:54:32 INFO  Printflows:145 - ProductInformation Available
2022-02-16 11:54:34 INFO  Printflows:145 - dremeladdtocart Element is displayed
2022-02-16 11:54:34 INFO  Printflows:145 - click on element dremeladdtocart
2022-02-16 11:54:35 INFO  Printflows:145 - dremeladdtocart Element is displayed
2022-02-16 11:54:35 INFO  Printflows:145 - click on element dremeladdtocart
2022-02-16 11:54:36 INFO  Printflows:145 - dremeladdtocart Element is displayed
2022-02-16 11:54:36 INFO  Printflows:145 - click on element dremeladdtocart
2022-02-16 11:54:37 INFO  Printflows:145 - dremeladdtocart Element is displayed
2022-02-16 11:54:37 INFO  Printflows:145 - click on element dremeladdtocart
2022-02-16 11:54:38 INFO  Printflows:145 - dremeladdtocart Element is displayed
2022-02-16 11:54:39 INFO  Printflows:145 - click on element dremeladdtocart
2022-02-16 11:54:45 INFO  Printflows:145 - Add to cart Successful
2022-02-16 11:54:45 INFO  Printflows:145 - minishoppingcart Element is displayed
2022-02-16 11:54:53 INFO  Printflows:145 - click on element minishoppingcart
2022-02-16 11:54:53 INFO  Printflows:145 - Clicked on Minishopping cart
2022-02-16 11:54:57 INFO  Printflows:145 - PrintPdf element is displayed
2022-02-16 11:54:57 INFO  Printflows:145 - PrintPdf option Available
2022-02-16 11:54:57 INFO  Printflows:145 - In after test method ::Printflows
2022-02-16 11:54:57 DEBUG cache:45 - Couldn't find template in cache for "Extent.ftl"("en_US", UTF-8, parsed); will try to load it.
2022-02-16 11:54:57 DEBUG cache:45 - TemplateLoader.findTemplateSource("Extent_en_US.ftl"): Not found
2022-02-16 11:54:57 DEBUG cache:45 - TemplateLoader.findTemplateSource("Extent_en.ftl"): Not found
2022-02-16 11:54:57 DEBUG cache:45 - TemplateLoader.findTemplateSource("Extent.ftl"): Found
2022-02-16 11:54:57 DEBUG cache:45 - Loading template for "Extent.ftl"("en_US", UTF-8, parsed) from "jar:file:/C:/Users/UXS1KOR/.m2/repository/com/relevantcodes/extentreports/2.41.2/extentreports-2.41.2.jar!/com/relevantcodes/extentreports/view/Extent.ftl"
2022-02-16 11:54:57 INFO  Printflows:145 - No child test to execute, flushing report
2022-02-16 11:54:58 INFO  Printflows:145 - Terminate driver session in after test method
2022-02-16 11:54:58 INFO  Printflows:145 - Starting before test method ::Printflows
2022-02-16 11:54:58 INFO  Printflows:145 - **** Initializing drivers ****chrome 
2022-02-16 11:54:58 INFO  Printflows:145 - Initializing driver session for local execution
2022-02-16 11:55:00 INFO  Printflows:145 - Driver is initizialied
2022-02-16 11:55:00 INFO  Printflows:145 - **** driver instance in Initializing drivers ****
2022-02-16 11:55:00 INFO  Printflows:145 - Starting before test method ::Printflows
2022-02-16 11:55:06 INFO  Printflows:145 - Navigate to url https://stage.boschtoolservice.com/sg/en/skil/spareparts/search
2022-02-16 11:55:07 INFO  Printflows:145 - CloseConsent Element is displayed
2022-02-16 11:55:07 INFO  Printflows:145 - click on element CloseConsent
2022-02-16 11:55:07 INFO  Printflows:145 - Consent Closed
2022-02-16 11:55:10 INFO  Printflows:145 - Input element is displayed
2022-02-16 11:55:10 INFO  Printflows:145 - Input Field found
2022-02-16 11:55:10 INFO  Printflows:145 - Application Opened Successfully and verified https://stage.boschtoolservice.com/sg/en/skil/spareparts/search
2022-02-16 11:55:10 INFO  Printflows:145 - AdvancedSearch Element is displayed
2022-02-16 11:55:11 INFO  Printflows:145 - click on element AdvancedSearch
2022-02-16 11:55:11 INFO  Printflows:145 - Clicked on AdvancedSearch
2022-02-16 11:55:12 INFO  Printflows:145 - Country ID Element is displayed
2022-02-16 11:55:12 INFO  Printflows:145 - click on element Country ID
2022-02-16 11:55:14 INFO  Printflows:145 - Country ID clicked
2022-02-16 11:55:14 INFO  Printflows:145 - Country Value Element is displayed
2022-02-16 11:55:14 INFO  Printflows:145 - click on element Country Value
2022-02-16 11:55:15 INFO  Printflows:145 - Value success
2022-02-16 11:55:15 INFO  Printflows:145 - Search Element is displayed
2022-02-16 11:55:17 INFO  Printflows:145 - click on element Search
2022-02-16 11:55:17 INFO  Printflows:145 - Clicked on Search
2022-02-16 11:55:17 INFO  Printflows:145 - Result element is displayed
2022-02-16 11:55:19 INFO  Printflows:145 - Results Displayed
2022-02-16 11:55:19 INFO  Printflows:145 - Search Successful for 
2022-02-16 11:55:19 INFO  Printflows:145 - FilterResult Element is displayed
2022-02-16 11:55:21 INFO  Printflows:145 - click on element FilterResult
2022-02-16 11:55:21 INFO  Printflows:145 - Selected First Row
2022-02-16 11:55:27 INFO  Printflows:145 - ProductInformation element is displayed
2022-02-16 11:55:27 INFO  Printflows:145 - ProductInformation Available
2022-02-16 11:55:28 INFO  Printflows:145 - dremeladdtocart Element is displayed
2022-02-16 11:55:28 INFO  Printflows:145 - click on element dremeladdtocart
2022-02-16 11:55:29 INFO  Printflows:145 - dremeladdtocart Element is displayed
2022-02-16 11:55:29 INFO  Printflows:145 - click on element dremeladdtocart
2022-02-16 11:55:30 INFO  Printflows:145 - dremeladdtocart Element is displayed
2022-02-16 11:55:30 INFO  Printflows:145 - click on element dremeladdtocart
2022-02-16 11:55:31 INFO  Printflows:145 - dremeladdtocart Element is displayed
2022-02-16 11:55:31 INFO  Printflows:145 - click on element dremeladdtocart
2022-02-16 11:55:32 INFO  Printflows:145 - dremeladdtocart Element is displayed
2022-02-16 11:55:33 INFO  Printflows:145 - click on element dremeladdtocart
2022-02-16 11:55:39 INFO  Printflows:145 - Add to cart Successful
2022-02-16 11:55:39 INFO  Printflows:145 - minishoppingcart Element is displayed
2022-02-16 11:55:48 INFO  Printflows:145 - click on element minishoppingcart
2022-02-16 11:55:48 INFO  Printflows:145 - Clicked on Minishopping cart
2022-02-16 11:55:52 INFO  Printflows:145 - PrintPdf element is displayed
2022-02-16 11:55:52 INFO  Printflows:145 - PrintPdf option Available
2022-02-16 11:55:52 INFO  Printflows:145 - In after test method ::Printflows
2022-02-16 11:55:52 DEBUG cache:45 - Couldn't find template in cache for "Extent.ftl"("en_US", UTF-8, parsed); will try to load it.
2022-02-16 11:55:52 DEBUG cache:45 - TemplateLoader.findTemplateSource("Extent_en_US.ftl"): Not found
2022-02-16 11:55:52 DEBUG cache:45 - TemplateLoader.findTemplateSource("Extent_en.ftl"): Not found
2022-02-16 11:55:52 DEBUG cache:45 - TemplateLoader.findTemplateSource("Extent.ftl"): Found
2022-02-16 11:55:52 DEBUG cache:45 - Loading template for "Extent.ftl"("en_US", UTF-8, parsed) from "jar:file:/C:/Users/UXS1KOR/.m2/repository/com/relevantcodes/extentreports/2.41.2/extentreports-2.41.2.jar!/com/relevantcodes/extentreports/view/Extent.ftl"
2022-02-16 11:55:52 INFO  Printflows:145 - No child test to execute, flushing report
2022-02-16 11:55:53 INFO  Printflows:145 - Terminate driver session in after test method
