2022-02-16 11:16:47 INFO  Logger:145 - Initializing JSON file and adding to framework
2022-02-16 11:16:47 INFO  Logger:145 - Setting up run configuration
2022-02-16 11:16:48 INFO  Printflow:145 - Starting before test method ::Printflow
2022-02-16 11:16:48 INFO  Printflow:145 - **** Initializing drivers ****chrome 
2022-02-16 11:16:48 INFO  Printflow:145 - Initializing driver session for local execution
2022-02-16 11:16:50 INFO  Printflow:145 - Driver is initizialied
2022-02-16 11:16:50 INFO  Printflow:145 - **** driver instance in Initializing drivers ****
2022-02-16 11:16:50 INFO  Printflow:145 - Starting before test method ::Printflow
2022-02-16 11:16:57 INFO  Printflow:145 - Navigate to url https://stage.boschtoolservice.com/ar/es/bosch-pt/spareparts/search
2022-02-16 11:16:57 INFO  Printflow:145 - CloseConsent Element is displayed
2022-02-16 11:16:57 INFO  Printflow:145 - click on element CloseConsent
2022-02-16 11:16:57 INFO  Printflow:145 - Consent Closed
2022-02-16 11:16:58 INFO  Printflow:145 - Input element is displayed
2022-02-16 11:16:58 INFO  Printflow:145 - input Element is displayed
2022-02-16 11:16:58 INFO  Printflow:145 - 0600845B50 is entered in element input
2022-02-16 11:16:58 INFO  Printflow:145 - search Element is displayed
2022-02-16 11:17:00 INFO  Printflow:145 - click on element search
2022-02-16 11:17:00 INFO  Printflow:145 - Input Field found
2022-02-16 11:17:00 INFO  Printflow:145 - Application Opened Successfully and Baretool number foundhttps://stage.boschtoolservice.com/ar/es/bosch-pt/spareparts/search
2022-02-16 11:17:00 WARN  Printflow:150 - Unable to locate webelement. Object Name: SingleFilter
2022-02-16 11:17:05 INFO  Printflow:145 - wait for Object SingleFilter. Time:5 seconds
2022-02-16 11:17:05 INFO  Printflow:145 - SingleFilter Element is displayed
2022-02-16 11:17:12 INFO  Printflow:145 - click on element SingleFilter
2022-02-16 11:17:12 INFO  Printflow:145 - Result Selected
2022-02-16 11:17:18 INFO  Printflow:145 - ProductInformation element is displayed
2022-02-16 11:17:18 INFO  Printflow:145 - ProductInformation Available
2022-02-16 11:17:19 INFO  Printflow:145 - dremeladdtocart Element is displayed
2022-02-16 11:17:19 INFO  Printflow:145 - click on element dremeladdtocart
2022-02-16 11:17:20 INFO  Printflow:145 - dremeladdtocart Element is displayed
2022-02-16 11:17:20 INFO  Printflow:145 - click on element dremeladdtocart
2022-02-16 11:17:21 INFO  Printflow:145 - dremeladdtocart Element is displayed
2022-02-16 11:17:22 INFO  Printflow:145 - click on element dremeladdtocart
2022-02-16 11:17:23 INFO  Printflow:145 - dremeladdtocart Element is displayed
2022-02-16 11:17:23 INFO  Printflow:145 - click on element dremeladdtocart
2022-02-16 11:17:24 INFO  Printflow:145 - dremeladdtocart Element is displayed
2022-02-16 11:17:24 INFO  Printflow:145 - click on element dremeladdtocart
2022-02-16 11:17:30 INFO  Printflow:145 - Add to cart Successful
2022-02-16 11:17:30 INFO  Printflow:145 - minishoppingcart Element is displayed
2022-02-16 11:17:39 INFO  Printflow:145 - click on element minishoppingcart
2022-02-16 11:17:39 INFO  Printflow:145 - Clicked on Minishopping cart
2022-02-16 11:17:44 INFO  Printflow:145 - PrintPdf element is displayed
2022-02-16 11:17:44 INFO  Printflow:145 - PrintPdf option Available
2022-02-16 11:17:44 INFO  Printflow:145 - In after test method ::Printflow
2022-02-16 11:17:44 DEBUG cache:45 - Couldn't find template in cache for "Extent.ftl"("en_US", UTF-8, parsed); will try to load it.
2022-02-16 11:17:44 DEBUG cache:45 - TemplateLoader.findTemplateSource("Extent_en_US.ftl"): Not found
2022-02-16 11:17:44 DEBUG cache:45 - TemplateLoader.findTemplateSource("Extent_en.ftl"): Not found
2022-02-16 11:17:44 DEBUG cache:45 - TemplateLoader.findTemplateSource("Extent.ftl"): Found
2022-02-16 11:17:44 DEBUG cache:45 - Loading template for "Extent.ftl"("en_US", UTF-8, parsed) from "jar:file:/C:/Users/UXS1KOR/.m2/repository/com/relevantcodes/extentreports/2.41.2/extentreports-2.41.2.jar!/com/relevantcodes/extentreports/view/Extent.ftl"
2022-02-16 11:17:44 INFO  Printflow:145 - No child test to execute, flushing report
2022-02-16 11:17:45 INFO  Printflow:145 - Terminate driver session in after test method
2022-02-16 11:17:45 INFO  PrintSkill:145 - Starting before test method ::PrintSkill
2022-02-16 11:17:45 INFO  PrintSkill:145 - **** Initializing drivers ****chrome 
2022-02-16 11:17:45 INFO  PrintSkill:145 - Initializing driver session for local execution
2022-02-16 11:17:47 INFO  PrintSkill:145 - Driver is initizialied
2022-02-16 11:17:47 INFO  PrintSkill:145 - **** driver instance in Initializing drivers ****
2022-02-16 11:17:47 INFO  PrintSkill:145 - Starting before test method ::PrintSkill
2022-02-16 11:17:55 INFO  PrintSkill:145 - Navigate to url https://stage.boschtoolservice.com/ar/es/skil/spareparts/search
2022-02-16 11:17:55 INFO  PrintSkill:145 - CloseConsent Element is displayed
2022-02-16 11:17:55 INFO  PrintSkill:145 - click on element CloseConsent
2022-02-16 11:17:55 INFO  PrintSkill:145 - Consent Closed
2022-02-16 11:17:57 INFO  PrintSkill:145 - Input element is displayed
2022-02-16 11:17:57 INFO  PrintSkill:145 - input Element is displayed
2022-02-16 11:17:57 INFO  PrintSkill:145 - 0603270756 is entered in element input
2022-02-16 11:17:57 INFO  PrintSkill:145 - search Element is displayed
2022-02-16 11:17:59 INFO  PrintSkill:145 - click on element search
2022-02-16 11:17:59 INFO  PrintSkill:145 - Input Field found
2022-02-16 11:17:59 INFO  PrintSkill:145 - Application Opened Successfully and Baretool number foundhttps://stage.boschtoolservice.com/ar/es/skil/spareparts/search
2022-02-16 11:17:59 INFO  PrintSkill:145 - SingleFilter Element is displayed
2022-02-16 11:18:01 INFO  PrintSkill:145 - click on element SingleFilter
2022-02-16 11:18:01 INFO  PrintSkill:145 - Result Selected
2022-02-16 11:18:07 INFO  PrintSkill:145 - ProductInformation element is displayed
2022-02-16 11:18:07 INFO  PrintSkill:145 - ProductInformation Available
2022-02-16 11:18:08 INFO  PrintSkill:145 - dremeladdtocart Element is displayed
2022-02-16 11:18:08 INFO  PrintSkill:145 - click on element dremeladdtocart
2022-02-16 11:18:09 INFO  PrintSkill:145 - dremeladdtocart Element is displayed
2022-02-16 11:18:09 INFO  PrintSkill:145 - click on element dremeladdtocart
2022-02-16 11:18:10 INFO  PrintSkill:145 - dremeladdtocart Element is displayed
2022-02-16 11:18:10 INFO  PrintSkill:145 - click on element dremeladdtocart
2022-02-16 11:18:12 INFO  PrintSkill:145 - dremeladdtocart Element is displayed
2022-02-16 11:18:12 INFO  PrintSkill:145 - click on element dremeladdtocart
2022-02-16 11:18:13 INFO  PrintSkill:145 - dremeladdtocart Element is displayed
2022-02-16 11:18:13 INFO  PrintSkill:145 - click on element dremeladdtocart
2022-02-16 11:18:19 INFO  PrintSkill:145 - Add to cart Successful
2022-02-16 11:18:19 INFO  PrintSkill:145 - minishoppingcart Element is displayed
2022-02-16 11:18:30 INFO  PrintSkill:145 - click on element minishoppingcart
2022-02-16 11:18:30 INFO  PrintSkill:145 - Clicked on Minishopping cart
2022-02-16 11:18:35 INFO  PrintSkill:145 - PrintPdf element is displayed
2022-02-16 11:18:35 INFO  PrintSkill:145 - PrintPdf option Available
2022-02-16 11:18:35 INFO  PrintSkill:145 - In after test method ::PrintSkill
2022-02-16 11:18:35 DEBUG cache:45 - Couldn't find template in cache for "Extent.ftl"("en_US", UTF-8, parsed); will try to load it.
2022-02-16 11:18:35 DEBUG cache:45 - TemplateLoader.findTemplateSource("Extent_en_US.ftl"): Not found
2022-02-16 11:18:35 DEBUG cache:45 - TemplateLoader.findTemplateSource("Extent_en.ftl"): Not found
2022-02-16 11:18:35 DEBUG cache:45 - TemplateLoader.findTemplateSource("Extent.ftl"): Found
2022-02-16 11:18:35 DEBUG cache:45 - Loading template for "Extent.ftl"("en_US", UTF-8, parsed) from "jar:file:/C:/Users/UXS1KOR/.m2/repository/com/relevantcodes/extentreports/2.41.2/extentreports-2.41.2.jar!/com/relevantcodes/extentreports/view/Extent.ftl"
2022-02-16 11:18:35 INFO  PrintSkill:145 - No child test to execute, flushing report
2022-02-16 11:18:35 INFO  PrintSkill:145 - Terminate driver session in after test method
2022-02-16 11:18:35 INFO  Printflows:145 - Starting before test method ::Printflows
2022-02-16 11:18:35 INFO  Printflows:145 - **** Initializing drivers ****chrome 
2022-02-16 11:18:35 INFO  Printflows:145 - Initializing driver session for local execution
2022-02-16 11:18:37 INFO  Printflows:145 - Driver is initizialied
2022-02-16 11:18:37 INFO  Printflows:145 - **** driver instance in Initializing drivers ****
2022-02-16 11:18:37 INFO  Printflows:145 - Starting before test method ::Printflows
2022-02-16 11:18:46 INFO  Printflows:145 - Navigate to url https://stage.boschtoolservice.com/nz/en/boschprof/spareparts/search
2022-02-16 11:18:47 INFO  Printflows:145 - CloseConsent Element is displayed
2022-02-16 11:18:47 INFO  Printflows:145 - click on element CloseConsent
2022-02-16 11:18:47 INFO  Printflows:145 - Consent Closed
2022-02-16 11:18:49 INFO  Printflows:145 - Input element is displayed
2022-02-16 11:18:49 INFO  Printflows:145 - Input Field found
2022-02-16 11:18:49 INFO  Printflows:145 - Application Opened Successfully and verified https://stage.boschtoolservice.com/nz/en/boschprof/spareparts/search
2022-02-16 11:18:49 INFO  Printflows:145 - AdvancedSearch Element is displayed
2022-02-16 11:18:51 INFO  Printflows:145 - click on element AdvancedSearch
2022-02-16 11:18:51 INFO  Printflows:145 - Clicked on AdvancedSearch
2022-02-16 11:18:52 INFO  Printflows:145 - Country ID Element is displayed
2022-02-16 11:18:52 INFO  Printflows:145 - click on element Country ID
2022-02-16 11:18:54 INFO  Printflows:145 - Country ID clicked
2022-02-16 11:18:54 INFO  Printflows:145 - Country Value Element is displayed
2022-02-16 11:18:54 INFO  Printflows:145 - click on element Country Value
2022-02-16 11:18:55 INFO  Printflows:145 - Value success
2022-02-16 11:18:55 INFO  Printflows:145 - Search Element is displayed
2022-02-16 11:18:57 INFO  Printflows:145 - click on element Search
2022-02-16 11:18:57 INFO  Printflows:145 - Clicked on Search
2022-02-16 11:18:57 INFO  Printflows:145 - Result element is displayed
2022-02-16 11:18:59 INFO  Printflows:145 - Results Displayed
2022-02-16 11:18:59 INFO  Printflows:145 - Search Successful for 
2022-02-16 11:18:59 INFO  Printflows:145 - FilterResult Element is displayed
2022-02-16 11:19:01 INFO  Printflows:145 - click on element FilterResult
2022-02-16 11:19:01 INFO  Printflows:145 - Selected First Row
2022-02-16 11:19:07 INFO  Printflows:145 - ProductInformation element is displayed
2022-02-16 11:19:07 INFO  Printflows:145 - ProductInformation Available
2022-02-16 11:19:08 INFO  Printflows:145 - dremeladdtocart Element is displayed
2022-02-16 11:19:08 INFO  Printflows:145 - click on element dremeladdtocart
2022-02-16 11:19:09 INFO  Printflows:145 - dremeladdtocart Element is displayed
2022-02-16 11:19:09 INFO  Printflows:145 - click on element dremeladdtocart
2022-02-16 11:19:10 INFO  Printflows:145 - dremeladdtocart Element is displayed
2022-02-16 11:19:10 INFO  Printflows:145 - click on element dremeladdtocart
2022-02-16 11:19:12 INFO  Printflows:145 - dremeladdtocart Element is displayed
2022-02-16 11:19:12 INFO  Printflows:145 - click on element dremeladdtocart
2022-02-16 11:19:13 INFO  Printflows:145 - dremeladdtocart Element is displayed
2022-02-16 11:19:13 INFO  Printflows:145 - click on element dremeladdtocart
2022-02-16 11:19:19 INFO  Printflows:145 - Add to cart Successful
2022-02-16 11:19:19 INFO  Printflows:145 - minishoppingcart Element is displayed
2022-02-16 11:19:27 INFO  Printflows:145 - click on element minishoppingcart
2022-02-16 11:19:27 INFO  Printflows:145 - Clicked on Minishopping cart
2022-02-16 11:19:32 INFO  Printflows:145 - PrintPdf element is displayed
2022-02-16 11:19:32 INFO  Printflows:145 - PrintPdf option Available
2022-02-16 11:19:32 INFO  Printflows:145 - In after test method ::Printflows
2022-02-16 11:19:32 DEBUG cache:45 - Couldn't find template in cache for "Extent.ftl"("en_US", UTF-8, parsed); will try to load it.
2022-02-16 11:19:32 DEBUG cache:45 - TemplateLoader.findTemplateSource("Extent_en_US.ftl"): Not found
2022-02-16 11:19:32 DEBUG cache:45 - TemplateLoader.findTemplateSource("Extent_en.ftl"): Not found
2022-02-16 11:19:32 DEBUG cache:45 - TemplateLoader.findTemplateSource("Extent.ftl"): Found
2022-02-16 11:19:32 DEBUG cache:45 - Loading template for "Extent.ftl"("en_US", UTF-8, parsed) from "jar:file:/C:/Users/UXS1KOR/.m2/repository/com/relevantcodes/extentreports/2.41.2/extentreports-2.41.2.jar!/com/relevantcodes/extentreports/view/Extent.ftl"
2022-02-16 11:19:32 INFO  Printflows:145 - No child test to execute, flushing report
2022-02-16 11:19:32 INFO  Printflows:145 - Terminate driver session in after test method
2022-02-16 11:19:32 INFO  Printflows:145 - Starting before test method ::Printflows
2022-02-16 11:19:32 INFO  Printflows:145 - **** Initializing drivers ****chrome 
2022-02-16 11:19:32 INFO  Printflows:145 - Initializing driver session for local execution
2022-02-16 11:19:34 INFO  Printflows:145 - Driver is initizialied
2022-02-16 11:19:34 INFO  Printflows:145 - **** driver instance in Initializing drivers ****
2022-02-16 11:19:34 INFO  Printflows:145 - Starting before test method ::Printflows
2022-02-16 11:19:43 INFO  Printflows:145 - Navigate to url https://stage.boschtoolservice.com/nz/en/bosch-pt/spareparts/search
2022-02-16 11:19:44 INFO  Printflows:145 - CloseConsent Element is displayed
2022-02-16 11:19:44 INFO  Printflows:145 - click on element CloseConsent
2022-02-16 11:19:44 INFO  Printflows:145 - Consent Closed
2022-02-16 11:19:46 INFO  Printflows:145 - Input element is displayed
2022-02-16 11:19:46 INFO  Printflows:145 - Input Field found
2022-02-16 11:19:46 INFO  Printflows:145 - Application Opened Successfully and verified https://stage.boschtoolservice.com/nz/en/bosch-pt/spareparts/search
2022-02-16 11:19:46 INFO  Printflows:145 - AdvancedSearch Element is displayed
2022-02-16 11:19:47 INFO  Printflows:145 - click on element AdvancedSearch
2022-02-16 11:19:47 INFO  Printflows:145 - Clicked on AdvancedSearch
2022-02-16 11:19:48 INFO  Printflows:145 - Country ID Element is displayed
2022-02-16 11:19:48 INFO  Printflows:145 - click on element Country ID
2022-02-16 11:19:50 INFO  Printflows:145 - Country ID clicked
2022-02-16 11:19:50 INFO  Printflows:145 - Country Value Element is displayed
2022-02-16 11:19:50 INFO  Printflows:145 - click on element Country Value
2022-02-16 11:19:51 INFO  Printflows:145 - Value success
2022-02-16 11:19:51 INFO  Printflows:145 - Search Element is displayed
2022-02-16 11:19:53 INFO  Printflows:145 - click on element Search
2022-02-16 11:19:53 INFO  Printflows:145 - Clicked on Search
2022-02-16 11:19:53 INFO  Printflows:145 - Result element is displayed
2022-02-16 11:19:55 INFO  Printflows:145 - Results Displayed
2022-02-16 11:19:55 INFO  Printflows:145 - Search Successful for 
2022-02-16 11:19:55 INFO  Printflows:145 - FilterResult Element is displayed
2022-02-16 11:19:57 INFO  Printflows:145 - click on element FilterResult
2022-02-16 11:19:57 INFO  Printflows:145 - Selected First Row
2022-02-16 11:20:03 INFO  Printflows:145 - ProductInformation element is displayed
2022-02-16 11:20:03 INFO  Printflows:145 - ProductInformation Available
2022-02-16 11:20:04 INFO  Printflows:145 - dremeladdtocart Element is displayed
2022-02-16 11:20:04 INFO  Printflows:145 - click on element dremeladdtocart
2022-02-16 11:20:05 INFO  Printflows:145 - dremeladdtocart Element is displayed
2022-02-16 11:20:05 ERROR Printflows:147 - Exception while clicking element: dremeladdtocart Exception: element not interactable
  (Session info: chrome=98.0.4758.82)
Build info: version: '3.141.59', revision: 'e82be7d358', time: '2018-11-14T08:17:03'
System info: host: 'KOR1122636', ip: '10.195.140.180', os.name: 'Windows 10', os.arch: 'amd64', os.version: '10.0', java.version: '1.8.0_302'
Driver info: org.openqa.selenium.chrome.ChromeDriver
Capabilities {acceptInsecureCerts: false, browserName: chrome, browserVersion: 98.0.4758.82, chrome: {chromedriverVersion: 98.0.4758.48 (d869ab3eda606..., userDataDir: C:\Users\UXS1KOR\AppData\Lo...}, goog:chromeOptions: {debuggerAddress: localhost:61630}, javascriptEnabled: true, networkConnectionEnabled: false, pageLoadStrategy: normal, platform: WINDOWS, platformName: WINDOWS, proxy: Proxy(), setWindowRect: true, strictFileInteractability: false, timeouts: {implicit: 0, pageLoad: 300000, script: 30000}, unhandledPromptBehavior: dismiss and notify, webauthn:extension:credBlob: true, webauthn:extension:largeBlob: true, webauthn:virtualAuthenticators: true}
Session ID: 02ed0ac0d838bf21ee71fa69eaf04ff3
java.lang.Throwable: Exception while clicking element: dremeladdtocart Exception: element not interactable
  (Session info: chrome=98.0.4758.82)
Build info: version: '3.141.59', revision: 'e82be7d358', time: '2018-11-14T08:17:03'
System info: host: 'KOR1122636', ip: '10.195.140.180', os.name: 'Windows 10', os.arch: 'amd64', os.version: '10.0', java.version: '1.8.0_302'
Driver info: org.openqa.selenium.chrome.ChromeDriver
Capabilities {acceptInsecureCerts: false, browserName: chrome, browserVersion: 98.0.4758.82, chrome: {chromedriverVersion: 98.0.4758.48 (d869ab3eda606..., userDataDir: C:\Users\UXS1KOR\AppData\Lo...}, goog:chromeOptions: {debuggerAddress: localhost:61630}, javascriptEnabled: true, networkConnectionEnabled: false, pageLoadStrategy: normal, platform: WINDOWS, platformName: WINDOWS, proxy: Proxy(), setWindowRect: true, strictFileInteractability: false, timeouts: {implicit: 0, pageLoad: 300000, script: 30000}, unhandledPromptBehavior: dismiss and notify, webauthn:extension:credBlob: true, webauthn:extension:largeBlob: true, webauthn:virtualAuthenticators: true}
Session ID: 02ed0ac0d838bf21ee71fa69eaf04ff3
	at reportingLibrary.Logger.log(Logger.java:147)
	at supportLibrary.CommonFunction.clickElement(CommonFunction.java:64)
	at pages.web.AdvancedSearch.addtocartFew(AdvancedSearch.java:318)
	at test.Print_NoPDF.Printflows(Print_NoPDF.java:21)
	at sun.reflect.NativeMethodAccessorImpl.invoke0(Native Method)
	at sun.reflect.NativeMethodAccessorImpl.invoke(NativeMethodAccessorImpl.java:62)
	at sun.reflect.DelegatingMethodAccessorImpl.invoke(DelegatingMethodAccessorImpl.java:43)
	at java.lang.reflect.Method.invoke(Method.java:498)
	at org.testng.internal.MethodInvocationHelper.invokeMethod(MethodInvocationHelper.java:124)
	at org.testng.internal.Invoker.invokeMethod(Invoker.java:583)
	at org.testng.internal.Invoker.invokeTestMethod(Invoker.java:719)
	at org.testng.internal.Invoker.invokeTestMethods(Invoker.java:989)
	at org.testng.internal.TestMethodWorker.invokeTestMethods(TestMethodWorker.java:125)
	at org.testng.internal.TestMethodWorker.run(TestMethodWorker.java:109)
	at org.testng.TestRunner.privateRun(TestRunner.java:648)
	at org.testng.TestRunner.run(TestRunner.java:505)
	at org.testng.SuiteRunner.runTest(SuiteRunner.java:455)
	at org.testng.SuiteRunner.access$000(SuiteRunner.java:40)
	at org.testng.SuiteRunner$SuiteWorker.run(SuiteRunner.java:489)
	at org.testng.internal.thread.ThreadUtil$1.call(ThreadUtil.java:52)
	at java.util.concurrent.FutureTask.run(FutureTask.java:266)
	at java.util.concurrent.ThreadPoolExecutor.runWorker(ThreadPoolExecutor.java:1149)
	at java.util.concurrent.ThreadPoolExecutor$Worker.run(ThreadPoolExecutor.java:624)
	at java.lang.Thread.run(Thread.java:748)
2022-02-16 11:20:06 ERROR Printflows:85 - Add to cart not successful
2022-02-16 11:20:06 INFO  Printflows:145 - In after test method ::Printflows
2022-02-16 11:20:06 DEBUG cache:45 - Couldn't find template in cache for "Extent.ftl"("en_US", UTF-8, parsed); will try to load it.
2022-02-16 11:20:06 DEBUG cache:45 - TemplateLoader.findTemplateSource("Extent_en_US.ftl"): Not found
2022-02-16 11:20:06 DEBUG cache:45 - TemplateLoader.findTemplateSource("Extent_en.ftl"): Not found
2022-02-16 11:20:06 DEBUG cache:45 - TemplateLoader.findTemplateSource("Extent.ftl"): Found
2022-02-16 11:20:06 DEBUG cache:45 - Loading template for "Extent.ftl"("en_US", UTF-8, parsed) from "jar:file:/C:/Users/UXS1KOR/.m2/repository/com/relevantcodes/extentreports/2.41.2/extentreports-2.41.2.jar!/com/relevantcodes/extentreports/view/Extent.ftl"
2022-02-16 11:20:06 INFO  Printflows:145 - No child test to execute, flushing report
2022-02-16 11:20:07 INFO  Printflows:145 - Terminate driver session in after test method
2022-02-16 11:20:07 INFO  Printflows:145 - Starting before test method ::Printflows
2022-02-16 11:20:07 INFO  Printflows:145 - **** Initializing drivers ****chrome 
2022-02-16 11:20:07 INFO  Printflows:145 - Initializing driver session for local execution
2022-02-16 11:20:09 INFO  Printflows:145 - Driver is initizialied
2022-02-16 11:20:09 INFO  Printflows:145 - **** driver instance in Initializing drivers ****
2022-02-16 11:20:09 INFO  Printflows:145 - Starting before test method ::Printflows
2022-02-16 11:20:16 INFO  Printflows:145 - Navigate to url https://stage.boschtoolservice.com/nz/en/boschdiy/spareparts/search
2022-02-16 11:20:17 INFO  Printflows:145 - CloseConsent Element is displayed
2022-02-16 11:20:17 INFO  Printflows:145 - click on element CloseConsent
2022-02-16 11:20:17 INFO  Printflows:145 - Consent Closed
2022-02-16 11:20:19 INFO  Printflows:145 - Input element is displayed
2022-02-16 11:20:19 INFO  Printflows:145 - Input Field found
2022-02-16 11:20:19 INFO  Printflows:145 - Application Opened Successfully and verified https://stage.boschtoolservice.com/nz/en/boschdiy/spareparts/search
2022-02-16 11:20:19 INFO  Printflows:145 - AdvancedSearch Element is displayed
2022-02-16 11:20:20 INFO  Printflows:145 - click on element AdvancedSearch
2022-02-16 11:20:20 INFO  Printflows:145 - Clicked on AdvancedSearch
2022-02-16 11:20:21 INFO  Printflows:145 - Country ID Element is displayed
2022-02-16 11:20:21 INFO  Printflows:145 - click on element Country ID
2022-02-16 11:20:23 INFO  Printflows:145 - Country ID clicked
2022-02-16 11:20:23 INFO  Printflows:145 - Country Value Element is displayed
2022-02-16 11:20:23 INFO  Printflows:145 - click on element Country Value
2022-02-16 11:20:24 INFO  Printflows:145 - Value success
2022-02-16 11:20:25 INFO  Printflows:145 - Search Element is displayed
2022-02-16 11:20:27 INFO  Printflows:145 - click on element Search
2022-02-16 11:20:27 INFO  Printflows:145 - Clicked on Search
2022-02-16 11:20:27 INFO  Printflows:145 - Result element is displayed
2022-02-16 11:20:29 INFO  Printflows:145 - Results Displayed
2022-02-16 11:20:29 INFO  Printflows:145 - Search Successful for 
2022-02-16 11:20:29 INFO  Printflows:145 - FilterResult Element is displayed
2022-02-16 11:20:30 INFO  Printflows:145 - click on element FilterResult
2022-02-16 11:20:30 INFO  Printflows:145 - Selected First Row
2022-02-16 11:20:36 INFO  Printflows:145 - ProductInformation element is displayed
2022-02-16 11:20:36 INFO  Printflows:145 - ProductInformation Available
2022-02-16 11:20:37 INFO  Printflows:145 - dremeladdtocart Element is displayed
2022-02-16 11:20:37 INFO  Printflows:145 - click on element dremeladdtocart
2022-02-16 11:20:39 INFO  Printflows:145 - dremeladdtocart Element is displayed
2022-02-16 11:20:39 INFO  Printflows:145 - click on element dremeladdtocart
2022-02-16 11:20:40 INFO  Printflows:145 - dremeladdtocart Element is displayed
2022-02-16 11:20:40 INFO  Printflows:145 - click on element dremeladdtocart
2022-02-16 11:20:41 INFO  Printflows:145 - dremeladdtocart Element is displayed
2022-02-16 11:20:41 INFO  Printflows:145 - click on element dremeladdtocart
2022-02-16 11:20:42 INFO  Printflows:145 - dremeladdtocart Element is displayed
2022-02-16 11:20:42 INFO  Printflows:145 - click on element dremeladdtocart
2022-02-16 11:20:48 INFO  Printflows:145 - Add to cart Successful
2022-02-16 11:20:48 INFO  Printflows:145 - minishoppingcart Element is displayed
2022-02-16 11:20:57 INFO  Printflows:145 - click on element minishoppingcart
2022-02-16 11:20:57 INFO  Printflows:145 - Clicked on Minishopping cart
2022-02-16 11:21:01 INFO  Printflows:145 - PrintPdf element is displayed
2022-02-16 11:21:01 INFO  Printflows:145 - PrintPdf option Available
2022-02-16 11:21:01 INFO  Printflows:145 - In after test method ::Printflows
2022-02-16 11:21:01 DEBUG cache:45 - Couldn't find template in cache for "Extent.ftl"("en_US", UTF-8, parsed); will try to load it.
2022-02-16 11:21:01 DEBUG cache:45 - TemplateLoader.findTemplateSource("Extent_en_US.ftl"): Not found
2022-02-16 11:21:01 DEBUG cache:45 - TemplateLoader.findTemplateSource("Extent_en.ftl"): Not found
2022-02-16 11:21:01 DEBUG cache:45 - TemplateLoader.findTemplateSource("Extent.ftl"): Found
2022-02-16 11:21:01 DEBUG cache:45 - Loading template for "Extent.ftl"("en_US", UTF-8, parsed) from "jar:file:/C:/Users/UXS1KOR/.m2/repository/com/relevantcodes/extentreports/2.41.2/extentreports-2.41.2.jar!/com/relevantcodes/extentreports/view/Extent.ftl"
2022-02-16 11:21:01 INFO  Printflows:145 - No child test to execute, flushing report
2022-02-16 11:21:02 INFO  Printflows:145 - Terminate driver session in after test method
2022-02-16 11:21:02 INFO  Printflows:145 - Starting before test method ::Printflows
2022-02-16 11:21:02 INFO  Printflows:145 - **** Initializing drivers ****chrome 
2022-02-16 11:21:02 INFO  Printflows:145 - Initializing driver session for local execution
2022-02-16 11:21:04 INFO  Printflows:145 - Driver is initizialied
2022-02-16 11:21:04 INFO  Printflows:145 - **** driver instance in Initializing drivers ****
2022-02-16 11:21:04 INFO  Printflows:145 - Starting before test method ::Printflows
2022-02-16 11:21:10 INFO  Printflows:145 - Navigate to url https://stage.boschtoolservice.com/nz/en/skil/spareparts/search
2022-02-16 11:21:12 INFO  Printflows:145 - CloseConsent Element is displayed
2022-02-16 11:21:12 INFO  Printflows:145 - click on element CloseConsent
2022-02-16 11:21:12 INFO  Printflows:145 - Consent Closed
2022-02-16 11:21:14 INFO  Printflows:145 - Input element is displayed
2022-02-16 11:21:14 INFO  Printflows:145 - Input Field found
2022-02-16 11:21:14 INFO  Printflows:145 - Application Opened Successfully and verified https://stage.boschtoolservice.com/nz/en/skil/spareparts/search
2022-02-16 11:21:14 INFO  Printflows:145 - AdvancedSearch Element is displayed
2022-02-16 11:21:16 INFO  Printflows:145 - click on element AdvancedSearch
2022-02-16 11:21:16 INFO  Printflows:145 - Clicked on AdvancedSearch
2022-02-16 11:21:17 INFO  Printflows:145 - Country ID Element is displayed
2022-02-16 11:21:17 INFO  Printflows:145 - click on element Country ID
2022-02-16 11:21:19 INFO  Printflows:145 - Country ID clicked
2022-02-16 11:21:19 INFO  Printflows:145 - Country Value Element is displayed
2022-02-16 11:21:19 INFO  Printflows:145 - click on element Country Value
2022-02-16 11:21:20 INFO  Printflows:145 - Value success
2022-02-16 11:21:20 INFO  Printflows:145 - Search Element is displayed
2022-02-16 11:21:22 INFO  Printflows:145 - click on element Search
2022-02-16 11:21:22 INFO  Printflows:145 - Clicked on Search
2022-02-16 11:21:22 INFO  Printflows:145 - Result element is displayed
2022-02-16 11:21:24 INFO  Printflows:145 - Results Displayed
2022-02-16 11:21:24 INFO  Printflows:145 - Search Successful for 
2022-02-16 11:21:24 INFO  Printflows:145 - FilterResult Element is displayed
2022-02-16 11:21:26 INFO  Printflows:145 - click on element FilterResult
2022-02-16 11:21:26 INFO  Printflows:145 - Selected First Row
2022-02-16 11:21:32 INFO  Printflows:145 - ProductInformation element is displayed
2022-02-16 11:21:32 INFO  Printflows:145 - ProductInformation Available
2022-02-16 11:21:33 INFO  Printflows:145 - dremeladdtocart Element is displayed
2022-02-16 11:21:33 INFO  Printflows:145 - click on element dremeladdtocart
2022-02-16 11:21:35 INFO  Printflows:145 - dremeladdtocart Element is displayed
2022-02-16 11:21:35 INFO  Printflows:145 - click on element dremeladdtocart
2022-02-16 11:21:36 INFO  Printflows:145 - dremeladdtocart Element is displayed
2022-02-16 11:21:36 INFO  Printflows:145 - click on element dremeladdtocart
2022-02-16 11:21:37 INFO  Printflows:145 - dremeladdtocart Element is displayed
2022-02-16 11:21:37 INFO  Printflows:145 - click on element dremeladdtocart
2022-02-16 11:21:38 INFO  Printflows:145 - dremeladdtocart Element is displayed
2022-02-16 11:21:38 INFO  Printflows:145 - click on element dremeladdtocart
2022-02-16 11:21:44 INFO  Printflows:145 - Add to cart Successful
2022-02-16 11:21:44 INFO  Printflows:145 - minishoppingcart Element is displayed
2022-02-16 11:21:56 INFO  Printflows:145 - click on element minishoppingcart
2022-02-16 11:21:56 INFO  Printflows:145 - Clicked on Minishopping cart
2022-02-16 11:22:00 INFO  Printflows:145 - PrintPdf element is displayed
2022-02-16 11:22:00 INFO  Printflows:145 - PrintPdf option Available
2022-02-16 11:22:00 INFO  Printflows:145 - In after test method ::Printflows
2022-02-16 11:22:00 DEBUG cache:45 - Couldn't find template in cache for "Extent.ftl"("en_US", UTF-8, parsed); will try to load it.
2022-02-16 11:22:00 DEBUG cache:45 - TemplateLoader.findTemplateSource("Extent_en_US.ftl"): Not found
2022-02-16 11:22:00 DEBUG cache:45 - TemplateLoader.findTemplateSource("Extent_en.ftl"): Not found
2022-02-16 11:22:00 DEBUG cache:45 - TemplateLoader.findTemplateSource("Extent.ftl"): Found
2022-02-16 11:22:00 DEBUG cache:45 - Loading template for "Extent.ftl"("en_US", UTF-8, parsed) from "jar:file:/C:/Users/UXS1KOR/.m2/repository/com/relevantcodes/extentreports/2.41.2/extentreports-2.41.2.jar!/com/relevantcodes/extentreports/view/Extent.ftl"
2022-02-16 11:22:00 INFO  Printflows:145 - No child test to execute, flushing report
2022-02-16 11:22:01 INFO  Printflows:145 - Terminate driver session in after test method
2022-02-16 11:22:01 INFO  Printflows:145 - Starting before test method ::Printflows
2022-02-16 11:22:01 INFO  Printflows:145 - **** Initializing drivers ****chrome 
2022-02-16 11:22:01 INFO  Printflows:145 - Initializing driver session for local execution
2022-02-16 11:22:03 INFO  Printflows:145 - Driver is initizialied
2022-02-16 11:22:03 INFO  Printflows:145 - **** driver instance in Initializing drivers ****
2022-02-16 11:22:03 INFO  Printflows:145 - Starting before test method ::Printflows
2022-02-16 11:22:10 INFO  Printflows:145 - Navigate to url https://stage.boschtoolservice.com/nz/en/dremel/spareparts/search
2022-02-16 11:22:11 INFO  Printflows:145 - CloseConsent Element is displayed
2022-02-16 11:22:11 INFO  Printflows:145 - click on element CloseConsent
2022-02-16 11:22:11 INFO  Printflows:145 - Consent Closed
2022-02-16 11:22:13 INFO  Printflows:145 - Input element is displayed
2022-02-16 11:22:13 INFO  Printflows:145 - Input Field found
2022-02-16 11:22:13 INFO  Printflows:145 - Application Opened Successfully and verified https://stage.boschtoolservice.com/nz/en/dremel/spareparts/search
2022-02-16 11:22:13 INFO  Printflows:145 - AdvancedSearch Element is displayed
2022-02-16 11:22:14 INFO  Printflows:145 - click on element AdvancedSearch
2022-02-16 11:22:14 INFO  Printflows:145 - Clicked on AdvancedSearch
2022-02-16 11:22:16 INFO  Printflows:145 - Country ID Element is displayed
2022-02-16 11:22:16 INFO  Printflows:145 - click on element Country ID
2022-02-16 11:22:18 INFO  Printflows:145 - Country ID clicked
2022-02-16 11:22:18 INFO  Printflows:145 - Country Value Element is displayed
2022-02-16 11:22:18 INFO  Printflows:145 - click on element Country Value
2022-02-16 11:22:19 INFO  Printflows:145 - Value success
2022-02-16 11:22:19 INFO  Printflows:145 - Search Element is displayed
2022-02-16 11:22:20 INFO  Printflows:145 - click on element Search
2022-02-16 11:22:20 INFO  Printflows:145 - Clicked on Search
2022-02-16 11:22:20 INFO  Printflows:145 - Result element is displayed
2022-02-16 11:22:22 INFO  Printflows:145 - Results Displayed
2022-02-16 11:22:22 INFO  Printflows:145 - Search Successful for 
2022-02-16 11:22:22 INFO  Printflows:145 - FilterResult Element is displayed
2022-02-16 11:22:27 INFO  Printflows:145 - click on element FilterResult
2022-02-16 11:22:27 INFO  Printflows:145 - Selected First Row
2022-02-16 11:22:33 INFO  Printflows:145 - ProductInformation element is displayed
2022-02-16 11:22:33 INFO  Printflows:145 - ProductInformation Available
2022-02-16 11:22:34 INFO  Printflows:145 - dremeladdtocart Element is displayed
2022-02-16 11:22:34 INFO  Printflows:145 - click on element dremeladdtocart
2022-02-16 11:22:35 INFO  Printflows:145 - dremeladdtocart Element is displayed
2022-02-16 11:22:36 INFO  Printflows:145 - click on element dremeladdtocart
2022-02-16 11:22:37 INFO  Printflows:145 - dremeladdtocart Element is displayed
2022-02-16 11:22:37 INFO  Printflows:145 - click on element dremeladdtocart
2022-02-16 11:22:38 INFO  Printflows:145 - dremeladdtocart Element is displayed
2022-02-16 11:22:38 INFO  Printflows:145 - click on element dremeladdtocart
2022-02-16 11:22:39 INFO  Printflows:145 - dremeladdtocart Element is displayed
2022-02-16 11:22:39 INFO  Printflows:145 - click on element dremeladdtocart
2022-02-16 11:22:45 INFO  Printflows:145 - Add to cart Successful
2022-02-16 11:22:45 INFO  Printflows:145 - minishoppingcart Element is displayed
2022-02-16 11:22:53 INFO  Printflows:145 - click on element minishoppingcart
2022-02-16 11:22:53 INFO  Printflows:145 - Clicked on Minishopping cart
2022-02-16 11:22:57 INFO  Printflows:145 - PrintPdf element is displayed
2022-02-16 11:22:57 INFO  Printflows:145 - PrintPdf option Available
2022-02-16 11:22:57 INFO  Printflows:145 - In after test method ::Printflows
2022-02-16 11:22:57 DEBUG cache:45 - Couldn't find template in cache for "Extent.ftl"("en_US", UTF-8, parsed); will try to load it.
2022-02-16 11:22:57 DEBUG cache:45 - TemplateLoader.findTemplateSource("Extent_en_US.ftl"): Not found
2022-02-16 11:22:57 DEBUG cache:45 - TemplateLoader.findTemplateSource("Extent_en.ftl"): Not found
2022-02-16 11:22:57 DEBUG cache:45 - TemplateLoader.findTemplateSource("Extent.ftl"): Found
2022-02-16 11:22:57 DEBUG cache:45 - Loading template for "Extent.ftl"("en_US", UTF-8, parsed) from "jar:file:/C:/Users/UXS1KOR/.m2/repository/com/relevantcodes/extentreports/2.41.2/extentreports-2.41.2.jar!/com/relevantcodes/extentreports/view/Extent.ftl"
2022-02-16 11:22:58 INFO  Printflows:145 - No child test to execute, flushing report
2022-02-16 11:22:58 INFO  Printflows:145 - Terminate driver session in after test method
