2022-02-24 16:47:57 INFO  Logger:145 - Initializing JSON file and adding to framework
2022-02-24 16:47:57 INFO  Logger:145 - Setting up run configuration
2022-02-24 16:47:58 INFO  Eshopflow:145 - Starting before test method ::Eshopflow
2022-02-24 16:47:58 INFO  Eshopflow:145 - **** Initializing drivers ****chrome 
2022-02-24 16:47:58 INFO  Eshopflow:145 - Initializing driver session for local execution
2022-02-24 16:48:00 INFO  Eshopflow:145 - Driver is initizialied
2022-02-24 16:48:00 INFO  Eshopflow:145 - **** driver instance in Initializing drivers ****
2022-02-24 16:48:00 INFO  Eshopflow:145 - Starting before test method ::Eshopflow
2022-02-24 16:48:14 INFO  Eshopflow:145 - Navigate to url https://stage.boschtoolservice.com/it/it/dremel/spareparts/search
2022-02-24 16:48:15 INFO  Eshopflow:145 - CloseConsent Element is displayed
2022-02-24 16:48:15 INFO  Eshopflow:145 - click on element CloseConsent
2022-02-24 16:48:15 INFO  Eshopflow:145 - Consent Closed
2022-02-24 16:48:17 INFO  Eshopflow:145 - Input element is displayed
2022-02-24 16:48:17 INFO  Eshopflow:145 - Input Field found
2022-02-24 16:48:17 INFO  Eshopflow:145 - Application Opened Successfully and verified https://stage.boschtoolservice.com/it/it/dremel/spareparts/search
2022-02-24 16:48:17 INFO  Eshopflow:145 - AdvancedSearch Element is displayed
2022-02-24 16:48:21 INFO  Eshopflow:145 - click on element AdvancedSearch
2022-02-24 16:48:21 INFO  Eshopflow:145 - Clicked on AdvancedSearch
2022-02-24 16:48:22 INFO  Eshopflow:145 - Country ID Element is displayed
2022-02-24 16:48:22 INFO  Eshopflow:145 - click on element Country ID
2022-02-24 16:48:24 INFO  Eshopflow:145 - Country ID clicked
2022-02-24 16:48:24 INFO  Eshopflow:145 - Country Value Element is displayed
2022-02-24 16:48:24 INFO  Eshopflow:145 - click on element Country Value
2022-02-24 16:48:25 INFO  Eshopflow:145 - Value success
2022-02-24 16:48:25 INFO  Eshopflow:145 - Search Element is displayed
2022-02-24 16:48:29 INFO  Eshopflow:145 - click on element Search
2022-02-24 16:48:29 INFO  Eshopflow:145 - Clicked on Search
2022-02-24 16:48:29 INFO  Eshopflow:145 - Result element is displayed
2022-02-24 16:48:31 INFO  Eshopflow:145 - Results Displayed
2022-02-24 16:48:31 INFO  Eshopflow:145 - Search Successful for 
2022-02-24 16:48:31 INFO  Eshopflow:145 - FilterResult Element is displayed
2022-02-24 16:48:35 INFO  Eshopflow:145 - click on element FilterResult
2022-02-24 16:48:35 INFO  Eshopflow:145 - Selected First Row
2022-02-24 16:48:42 INFO  Eshopflow:145 - ProductInformation element is displayed
2022-02-24 16:48:42 INFO  Eshopflow:145 - ProductInformation Available
2022-02-24 16:48:43 INFO  Eshopflow:145 - addtocart Element is displayed
2022-02-24 16:48:43 INFO  Eshopflow:145 - click on element addtocart
2022-02-24 16:48:45 INFO  Eshopflow:145 - addtocart Element is displayed
2022-02-24 16:48:45 INFO  Eshopflow:145 - click on element addtocart
2022-02-24 16:48:47 INFO  Eshopflow:145 - addtocart Element is displayed
2022-02-24 16:48:47 INFO  Eshopflow:145 - click on element addtocart
2022-02-24 16:48:49 INFO  Eshopflow:145 - addtocart Element is displayed
2022-02-24 16:48:49 INFO  Eshopflow:145 - click on element addtocart
2022-02-24 16:48:52 INFO  Eshopflow:145 - addtocart Element is displayed
2022-02-24 16:48:52 INFO  Eshopflow:145 - click on element addtocart
2022-02-24 16:48:54 INFO  Eshopflow:145 - addtocart Element is displayed
2022-02-24 16:48:54 INFO  Eshopflow:145 - click on element addtocart
2022-02-24 16:48:56 INFO  Eshopflow:145 - addtocart Element is displayed
2022-02-24 16:48:56 INFO  Eshopflow:145 - click on element addtocart
2022-02-24 16:48:58 INFO  Eshopflow:145 - addtocart Element is displayed
2022-02-24 16:48:58 INFO  Eshopflow:145 - click on element addtocart
2022-02-24 16:49:00 INFO  Eshopflow:145 - addtocart Element is displayed
2022-02-24 16:49:00 INFO  Eshopflow:145 - click on element addtocart
2022-02-24 16:49:03 INFO  Eshopflow:145 - addtocart Element is displayed
2022-02-24 16:49:03 INFO  Eshopflow:145 - click on element addtocart
2022-02-24 16:49:10 INFO  Eshopflow:145 - Add to cart Successful
2022-02-24 16:49:10 INFO  Eshopflow:145 - minishoppingcart Element is displayed
2022-02-24 16:49:44 INFO  Eshopflow:145 - click on element minishoppingcart
2022-02-24 16:49:44 INFO  Eshopflow:145 - Clicked on Minishopping cart
2022-02-24 16:49:48 INFO  Eshopflow:145 - continueButton element is displayed
2022-02-24 16:49:48 INFO  Eshopflow:145 - Continue option Available
2022-02-24 16:50:13 INFO  Eshopflow:145 - continueButton Element is displayed
2022-02-24 16:50:23 INFO  Eshopflow:145 - click on element continueButton
2022-02-24 16:50:23 INFO  Eshopflow:145 - Clicked on Continue
2022-02-24 16:50:24 INFO  Eshopflow:145 - save element is displayed
2022-02-24 16:50:24 INFO  Eshopflow:145 - Navigated to Address Page
2022-02-24 16:50:24 INFO  Eshopflow:145 - firstName Element is displayed
2022-02-24 16:50:25 INFO  Eshopflow:145 - Saroj is entered in element firstName
2022-02-24 16:50:25 INFO  Eshopflow:145 - surName Element is displayed
2022-02-24 16:50:25 INFO  Eshopflow:145 - Swain is entered in element surName
2022-02-24 16:50:25 INFO  Eshopflow:145 - street Element is displayed
2022-02-24 16:50:25 INFO  Eshopflow:145 - Testing is entered in element street
2022-02-24 16:50:25 INFO  Eshopflow:145 - houseNo Element is displayed
2022-02-24 16:50:25 INFO  Eshopflow:145 - 27 is entered in element houseNo
2022-02-24 16:50:25 INFO  Eshopflow:145 - postCode Element is displayed
2022-02-24 16:50:25 INFO  Eshopflow:145 - 45678 is entered in element postCode
2022-02-24 16:50:25 INFO  Eshopflow:145 - vatField Element is displayed
2022-02-24 16:50:26 INFO  Eshopflow:145 - 1234567 is entered in element vatField
2022-02-24 16:50:26 INFO  Eshopflow:145 - city Element is displayed
2022-02-24 16:50:26 INFO  Eshopflow:145 - TestCenter is entered in element city
2022-02-24 16:50:26 INFO  Eshopflow:145 - email Element is displayed
2022-02-24 16:50:26 INFO  Eshopflow:145 - external.Saroja.KumarSwain@in.bosch.com is entered in element email
2022-02-24 16:50:26 INFO  Eshopflow:145 - confirmEmail Element is displayed
2022-02-24 16:50:26 INFO  Eshopflow:145 - external.Saroja.KumarSwain@in.bosch.com is entered in element confirmEmail
2022-02-24 16:50:26 INFO  Eshopflow:145 - phoneNo Element is displayed
2022-02-24 16:50:26 INFO  Eshopflow:145 - 1234567899 is entered in element phoneNo
2022-02-24 16:50:26 INFO  Eshopflow:145 - Address Details entered Successfully
2022-02-24 16:50:26 INFO  Eshopflow:145 - save Element is displayed
2022-02-24 16:50:27 INFO  Eshopflow:145 - click on element save
2022-02-24 16:50:28 INFO  Eshopflow:145 - Clicked on Save in Address Page
2022-02-24 16:50:28 WARN  Eshopflow:150 - Unable to locate webelement. Object Name: paymentMethod
2022-02-24 16:50:28 ERROR Eshopflow:147 - paymentMethod element is not displayed Exception: null
java.lang.Throwable: paymentMethod element is not displayed Exception: null
	at reportingLibrary.Logger.log(Logger.java:147)
	at supportLibrary.CommonFunction.elementIsDisplayed(CommonFunction.java:99)
	at pages.web.AddressAndReview.selectPayment(AddressAndReview.java:174)
	at test.Eshop_Italy_TAX.Eshopflow(Eshop_Italy_TAX.java:44)
	at sun.reflect.NativeMethodAccessorImpl.invoke0(Native Method)
	at sun.reflect.NativeMethodAccessorImpl.invoke(NativeMethodAccessorImpl.java:62)
	at sun.reflect.DelegatingMethodAccessorImpl.invoke(DelegatingMethodAccessorImpl.java:43)
	at java.lang.reflect.Method.invoke(Method.java:498)
	at org.testng.internal.MethodInvocationHelper.invokeMethod(MethodInvocationHelper.java:124)
	at org.testng.internal.Invoker.invokeMethod(Invoker.java:583)
	at org.testng.internal.Invoker.invokeTestMethod(Invoker.java:719)
	at org.testng.internal.Invoker.invokeTestMethods(Invoker.java:989)
	at org.testng.internal.TestMethodWorker.invokeTestMethods(TestMethodWorker.java:125)
	at org.testng.internal.TestMethodWorker.run(TestMethodWorker.java:109)
	at org.testng.TestRunner.privateRun(TestRunner.java:648)
	at org.testng.TestRunner.run(TestRunner.java:505)
	at org.testng.SuiteRunner.runTest(SuiteRunner.java:455)
	at org.testng.SuiteRunner.access$000(SuiteRunner.java:40)
	at org.testng.SuiteRunner$SuiteWorker.run(SuiteRunner.java:489)
	at org.testng.internal.thread.ThreadUtil$1.call(ThreadUtil.java:52)
	at java.util.concurrent.FutureTask.run(FutureTask.java:266)
	at java.util.concurrent.ThreadPoolExecutor.runWorker(ThreadPoolExecutor.java:1149)
	at java.util.concurrent.ThreadPoolExecutor$Worker.run(ThreadPoolExecutor.java:624)
	at java.lang.Thread.run(Thread.java:748)
2022-02-24 16:50:28 ERROR Eshopflow:85 - Clicked on Save in Payment Method Page failed
2022-02-24 16:50:28 INFO  Eshopflow:145 - In after test method ::Eshopflow
2022-02-24 16:50:28 DEBUG cache:45 - Couldn't find template in cache for "Extent.ftl"("en_US", UTF-8, parsed); will try to load it.
2022-02-24 16:50:28 DEBUG cache:45 - TemplateLoader.findTemplateSource("Extent_en_US.ftl"): Not found
2022-02-24 16:50:28 DEBUG cache:45 - TemplateLoader.findTemplateSource("Extent_en.ftl"): Not found
2022-02-24 16:50:28 DEBUG cache:45 - TemplateLoader.findTemplateSource("Extent.ftl"): Found
2022-02-24 16:50:28 DEBUG cache:45 - Loading template for "Extent.ftl"("en_US", UTF-8, parsed) from "jar:file:/C:/Users/UXS1KOR/.m2/repository/com/relevantcodes/extentreports/2.41.2/extentreports-2.41.2.jar!/com/relevantcodes/extentreports/view/Extent.ftl"
2022-02-24 16:50:28 INFO  Eshopflow:145 - No child test to execute, flushing report
2022-02-24 16:50:29 INFO  Eshopflow:145 - Terminate driver session in after test method
2022-02-24 16:50:29 INFO  PrintSkill:145 - Starting before test method ::PrintSkill
2022-02-24 16:50:29 INFO  PrintSkill:145 - **** Initializing drivers ****chrome 
2022-02-24 16:50:29 INFO  PrintSkill:145 - Initializing driver session for local execution
2022-02-24 16:50:31 INFO  PrintSkill:145 - Driver is initizialied
2022-02-24 16:50:31 INFO  PrintSkill:145 - **** driver instance in Initializing drivers ****
2022-02-24 16:50:31 INFO  PrintSkill:145 - Starting before test method ::PrintSkill
2022-02-24 16:50:57 INFO  PrintSkill:145 - Navigate to url https://stage.boschtoolservice.com/ph/en/skil/spareparts/search
2022-02-24 16:50:57 INFO  PrintSkill:145 - CloseConsent Element is displayed
2022-02-24 16:50:57 INFO  PrintSkill:145 - click on element CloseConsent
2022-02-24 16:50:57 INFO  PrintSkill:145 - Consent Closed
2022-02-24 16:50:58 INFO  PrintSkill:145 - Input element is displayed
2022-02-24 16:50:58 INFO  PrintSkill:145 - input Element is displayed
2022-02-24 16:50:58 INFO  PrintSkill:145 - 0603270756 is entered in element input
2022-02-24 16:50:58 INFO  PrintSkill:145 - search Element is displayed
2022-02-24 16:50:59 INFO  PrintSkill:145 - click on element search
2022-02-24 16:50:59 INFO  PrintSkill:145 - Input Field found
2022-02-24 16:50:59 INFO  PrintSkill:145 - Application Opened Successfully and Baretool number foundhttps://stage.boschtoolservice.com/ph/en/skil/spareparts/search
2022-02-24 16:50:59 WARN  PrintSkill:150 - Unable to locate webelement. Object Name: SingleFilter
2022-02-24 16:51:04 INFO  PrintSkill:145 - wait for Object SingleFilter. Time:5 seconds
2022-02-24 16:51:04 WARN  PrintSkill:150 - Unable to locate webelement. Object Name: SingleFilter
2022-02-24 16:51:09 INFO  PrintSkill:145 - wait for Object SingleFilter. Time:10 seconds
2022-02-24 16:51:09 WARN  PrintSkill:150 - Unable to locate webelement. Object Name: SingleFilter
2022-02-24 16:51:14 INFO  PrintSkill:145 - wait for Object SingleFilter. Time:15 seconds
2022-02-24 16:51:14 INFO  PrintSkill:145 - SingleFilter Element is not displayed after 15 Seconds
2022-02-24 16:51:14 WARN  PrintSkill:150 - Unable to locate webelement. Object Name: SingleFilter
2022-02-24 16:51:14 ERROR PrintSkill:147 - Exception while clicking element: SingleFilter Exception: null
java.lang.Throwable: Exception while clicking element: SingleFilter Exception: null
	at reportingLibrary.Logger.log(Logger.java:147)
	at supportLibrary.CommonFunction.clickElement(CommonFunction.java:64)
	at pages.web.AdvancedSearch.selectvalue(AdvancedSearch.java:170)
	at test.Print_Skill.PrintSkill(Print_Skill.java:17)
	at sun.reflect.NativeMethodAccessorImpl.invoke0(Native Method)
	at sun.reflect.NativeMethodAccessorImpl.invoke(NativeMethodAccessorImpl.java:62)
	at sun.reflect.DelegatingMethodAccessorImpl.invoke(DelegatingMethodAccessorImpl.java:43)
	at java.lang.reflect.Method.invoke(Method.java:498)
	at org.testng.internal.MethodInvocationHelper.invokeMethod(MethodInvocationHelper.java:124)
	at org.testng.internal.Invoker.invokeMethod(Invoker.java:583)
	at org.testng.internal.Invoker.invokeTestMethod(Invoker.java:719)
	at org.testng.internal.Invoker.invokeTestMethods(Invoker.java:989)
	at org.testng.internal.TestMethodWorker.invokeTestMethods(TestMethodWorker.java:125)
	at org.testng.internal.TestMethodWorker.run(TestMethodWorker.java:109)
	at org.testng.TestRunner.privateRun(TestRunner.java:648)
	at org.testng.TestRunner.run(TestRunner.java:505)
	at org.testng.SuiteRunner.runTest(SuiteRunner.java:455)
	at org.testng.SuiteRunner.access$000(SuiteRunner.java:40)
	at org.testng.SuiteRunner$SuiteWorker.run(SuiteRunner.java:489)
	at org.testng.internal.thread.ThreadUtil$1.call(ThreadUtil.java:52)
	at java.util.concurrent.FutureTask.run(FutureTask.java:266)
	at java.util.concurrent.ThreadPoolExecutor.runWorker(ThreadPoolExecutor.java:1149)
	at java.util.concurrent.ThreadPoolExecutor$Worker.run(ThreadPoolExecutor.java:624)
	at java.lang.Thread.run(Thread.java:748)
2022-02-24 16:51:14 INFO  PrintSkill:145 - In after test method ::PrintSkill
2022-02-24 16:51:14 DEBUG cache:45 - Couldn't find template in cache for "Extent.ftl"("en_US", UTF-8, parsed); will try to load it.
2022-02-24 16:51:14 DEBUG cache:45 - TemplateLoader.findTemplateSource("Extent_en_US.ftl"): Not found
2022-02-24 16:51:14 DEBUG cache:45 - TemplateLoader.findTemplateSource("Extent_en.ftl"): Not found
2022-02-24 16:51:14 DEBUG cache:45 - TemplateLoader.findTemplateSource("Extent.ftl"): Found
2022-02-24 16:51:14 DEBUG cache:45 - Loading template for "Extent.ftl"("en_US", UTF-8, parsed) from "jar:file:/C:/Users/UXS1KOR/.m2/repository/com/relevantcodes/extentreports/2.41.2/extentreports-2.41.2.jar!/com/relevantcodes/extentreports/view/Extent.ftl"
2022-02-24 16:51:14 INFO  PrintSkill:145 - No child test to execute, flushing report
2022-02-24 16:51:15 INFO  PrintSkill:145 - Terminate driver session in after test method
